#
# A fatal error has been detected by the Java Runtime Environment:
#
#  EXCEPTION_ACCESS_VIOLATION (0xc0000005) at pc=0x00007ffd9036db50, pid=10064, tid=5152
#
# JRE version: OpenJDK Runtime Environment (17.0.2+8) (build 17.0.2+8-86)
# Java VM: OpenJDK 64-Bit Server VM (17.0.2+8-86, mixed mode, sharing, tiered, compressed oops, compressed class ptrs, g1 gc, windows-amd64)
# Problematic frame:
# C  [lwjgl_stb.dll+0xdb50]
#
# No core dump will be written. Minidumps are not enabled by default on client versions of Windows
#
# If you would like to submit a bug report, please visit:
#   https://bugreport.java.com/bugreport/crash.jsp
# The crash happened outside the Java Virtual Machine in native code.
# See problematic frame for where to report the bug.
#

---------------  S U M M A R Y ------------

Command Line: -javaagent:C:\Users\Matt\AppData\Local\JetBrains\Toolbox\apps\IDEA-C\ch-0\221.5591.52\lib\idea_rt.jar=1130:C:\Users\Matt\AppData\Local\JetBrains\Toolbox\apps\IDEA-C\ch-0\221.5591.52\bin -Dfile.encoding=UTF-8 main.Main

Host: AMD Ryzen 7 2700X Eight-Core Processor         , 16 cores, 15G,  Windows 10 , 64 bit Build 19041 (10.0.19041.1741)
Time: Fri Jun 17 21:10:15 2022 Eastern Daylight Time elapsed time: 0.665339 seconds (0d 0h 0m 0s)

---------------  T H R E A D  ---------------

Current thread (0x0000021e9a1a7ac0):  JavaThread "game" [_thread_in_native, id=5152, stack(0x0000007611800000,0x0000007611900000)]

Stack: [0x0000007611800000,0x0000007611900000],  sp=0x00000076118feeb0,  free space=1019k
Native frames: (J=compiled Java code, j=interpreted, Vv=VM code, C=native code)
C  [lwjgl_stb.dll+0xdb50]

Java frames: (J=compiled Java code, j=interpreted, Vv=VM code)
j  org.lwjgl.stb.STBImage.nstbi_load_from_memory(JIJJJI)J+0
j  org.lwjgl.stb.STBImage.stbi_load_from_memory(Ljava/nio/ByteBuffer;Ljava/nio/IntBuffer;Ljava/nio/IntBuffer;Ljava/nio/IntBuffer;I)Ljava/nio/ByteBuffer;+43
j  engine.io.ImageParser.loadImage(Ljava/lang/String;)Lengine/io/ImageParser;+112
j  engine.io.Window.setIcon(Ljava/lang/String;)V+9
j  engine.io.Window.init()V+63
j  main.Main.init()V+33
j  main.Main.run()V+1
j  java.lang.Thread.run()V+11 java.base@17.0.2
v  ~StubRoutines::call_stub

siginfo: EXCEPTION_ACCESS_VIOLATION (0xc0000005), reading address 0x0000000000000010


Register to memory mapping:

RIP=0x00007ffd9036db50 lwjgl_stb.dll
RAX=0x0000000000000010 is an unknown value
RBX=0x00000076118ff050 is pointing into the stack for thread: 0x0000021e9a1a7ac0
RCX=0x00000076118ff050 is pointing into the stack for thread: 0x0000021e9a1a7ac0
RDX=0x0000021e9a347928 points into unknown readable memory: 0x0073676e69746e69 | 69 6e 74 69 6e 67 73 00
RSP=0x00000076118feeb0 is pointing into the stack for thread: 0x0000021e9a1a7ac0
RBP=0x0000021e9a34792c points into unknown readable memory: 6e 67 73 00
RSI=0x00007ffd903c7298 lwjgl_stb.dll
RDI=0x0 is NULL
R8 =0x0000021e9a347924 points into unknown readable memory: 6c 20 50 61
R9 =0x0000021e9a34792c points into unknown readable memory: 6e 67 73 00
R10=0x0000021e8000d5f2 is at code_begin+946 in an Interpreter codelet
method entry point (kind = native)  [0x0000021e8000d240, 0x0000021e8000dbc0]  2432 bytes
R11=0x00000076118ff138 is pointing into the stack for thread: 0x0000021e9a1a7ac0
R12=0x0000021e9a347924 points into unknown readable memory: 6c 20 50 61
R13=0x0 is NULL
R14=0x0000000000000004 is an unknown value
R15=0x0000000000000004 is an unknown value


Registers:
RAX=0x0000000000000010, RBX=0x00000076118ff050, RCX=0x00000076118ff050, RDX=0x0000021e9a347928
RSP=0x00000076118feeb0, RBP=0x0000021e9a34792c, RSI=0x00007ffd903c7298, RDI=0x0000000000000000
R8 =0x0000021e9a347924, R9 =0x0000021e9a34792c, R10=0x0000021e8000d5f2, R11=0x00000076118ff138
R12=0x0000021e9a347924, R13=0x0000000000000000, R14=0x0000000000000004, R15=0x0000000000000004
RIP=0x00007ffd9036db50, EFLAGS=0x0000000000010297

Top of Stack: (sp=0x00000076118feeb0)
0x00000076118feeb0:   00007ffd5a643830 0000000000000000
0x00000076118feec0:   0000000000000000 0000000000000000
0x00000076118feed0:   00000076118fefe0 00007ffd90363abb
0x00000076118feee0:   00000076118ff050 0000021e995564e8
0x00000076118feef0:   0000000000000000 0000021e9a000000
0x00000076118fef00:   00000076118feeb0 0000021e80026000
0x00000076118fef10:   0000000000000000 0000021e80026036
0x00000076118fef20:   0000021e80026400 0000000000000000
0x00000076118fef30:   0000000000000000 0000000000000000
0x00000076118fef40:   0000021e80026000 0000000000010000
0x00000076118fef50:   00000076118feeb0 0000021e9a34792c
0x00000076118fef60:   0000000000000004 0000021e9a347928
0x00000076118fef70:   0000021e9a347924 0000000000000120
0x00000076118fef80:   0000021e995564e8 00000076118ff1f8
0x00000076118fef90:   0000021e998f5d88 00007ffd90364d5c
0x00000076118fefa0:   00000076118feeb0 0000021e9a347928 

Instructions: (pc=0x00007ffd9036db50)
0x00007ffd9036da50:   06 00 33 c0 4c 8d 9c 24 20 10 00 00 49 8b 5b 10
0x00007ffd9036da60:   49 8b 6b 18 49 8b 73 20 49 8b e3 5f c3 cc cc cc
0x00007ffd9036da70:   48 89 5c 24 08 48 89 6c 24 10 48 89 74 24 18 57
0x00007ffd9036da80:   b8 20 10 00 00 e8 b6 bb 04 00 48 2b e0 49 63 f0
0x00007ffd9036da90:   48 8b f9 48 8b ce 48 63 ea 49 8b d9 ff 15 be ca
0x00007ffd9036daa0:   06 00 48 85 c0 74 5d 8b 94 24 50 10 00 00 48 8d
0x00007ffd9036dab0:   4c 24 20 48 89 44 24 40 48 03 ef 48 89 44 24 38
0x00007ffd9036dac0:   48 03 c6 48 89 44 24 48 48 89 7c 24 20 48 89 6c
0x00007ffd9036dad0:   24 28 c7 44 24 50 01 00 00 00 e8 a1 fc ff ff 85
0x00007ffd9036dae0:   c0 74 16 48 85 db 74 0a 8b 44 24 38 2b 44 24 40
0x00007ffd9036daf0:   89 03 48 8b 44 24 40 eb 0d 48 8b 4c 24 40 ff 15
0x00007ffd9036db00:   64 ca 06 00 33 c0 4c 8d 9c 24 20 10 00 00 49 8b
0x00007ffd9036db10:   5b 10 49 8b 6b 18 49 8b 73 20 49 8b e3 5f c3 cc
0x00007ffd9036db20:   48 89 5c 24 08 48 89 74 24 10 57 48 83 ec 20 48
0x00007ffd9036db30:   8b d9 48 8d 35 5f 97 05 00 33 ff 0f 1f 44 00 00
0x00007ffd9036db40:   48 8b 83 c0 00 00 00 48 3b 83 c8 00 00 00 73 0f
0x00007ffd9036db50:   0f b6 08 48 ff c0 48 89 83 c0 00 00 00 eb 26 83
0x00007ffd9036db60:   7b 30 00 74 1e 48 8b cb e8 73 83 ff ff 48 8b 83
0x00007ffd9036db70:   c0 00 00 00 0f b6 08 48 ff c0 48 89 83 c0 00 00
0x00007ffd9036db80:   00 eb 02 32 c9 3a 0c 37 75 1e 48 ff c7 48 83 ff
0x00007ffd9036db90:   08 7c ad b8 01 00 00 00 48 8b 5c 24 30 48 8b 74
0x00007ffd9036dba0:   24 38 48 83 c4 20 5f c3 65 48 8b 04 25 58 00 00
0x00007ffd9036dbb0:   00 8b 0d 99 c9 06 00 48 8b 5c 24 30 48 8b 74 24
0x00007ffd9036dbc0:   38 ba 20 00 00 00 48 8b 0c c8 48 8d 05 ef bf 05
0x00007ffd9036dbd0:   00 48 89 04 0a 33 c0 48 83 c4 20 5f c3 cc cc cc
0x00007ffd9036dbe0:   48 89 5c 24 10 44 89 4c 24 20 55 56 57 41 54 41
0x00007ffd9036dbf0:   55 41 56 41 57 48 81 ec c0 00 00 00 44 8b a4 24
0x00007ffd9036dc00:   28 01 00 00 41 8b e8 45 33 c0 45 8b f9 83 bc 24
0x00007ffd9036dc10:   30 01 00 00 10 45 8b d0 48 8b da 4c 89 84 24 90
0x00007ffd9036dc20:   00 00 00 41 0f 94 c2 48 8b f1 41 ff c2 41 8b fa
0x00007ffd9036dc30:   41 0f af f9 44 8b 8c 24 20 01 00 00 44 89 4c 24
0x00007ffd9036dc40:   28 8b c7 41 0f af c1 89 44 24 38 48 8b 01 4c 63 


Stack slot to memory mapping:
stack at sp + 0 slots: 0x00007ffd5a643830 jvm.dll
stack at sp + 1 slots: 0x0 is NULL
stack at sp + 2 slots: 0x0 is NULL
stack at sp + 3 slots: 0x0 is NULL
stack at sp + 4 slots: 0x00000076118fefe0 is pointing into the stack for thread: 0x0000021e9a1a7ac0
stack at sp + 5 slots: 0x00007ffd90363abb lwjgl_stb.dll
stack at sp + 6 slots: 0x00000076118ff050 is pointing into the stack for thread: 0x0000021e9a1a7ac0
stack at sp + 7 slots: 0x0000021e995564e8 is pointing into metadata


---------------  P R O C E S S  ---------------

Threads class SMR info:
_java_thread_list=0x0000021e9919abf0, length=16, elements={
0x0000021e9916ad50, 0x0000021e9916bad0, 0x0000021e9917d050, 0x0000021e9917fa20,
0x0000021e991802e0, 0x0000021e99180fb0, 0x0000021e99181c50, 0x0000021e9918c6a0,
0x0000021e991973d0, 0x0000021e991541b0, 0x0000021e99d61b10, 0x0000021e99d62f50,
0x0000021e9a05ac30, 0x0000021e9a05b510, 0x0000021e9a1a7ac0, 0x0000021ef57bcea0
}

Java Threads: ( => current thread )
  0x0000021e9916ad50 JavaThread "Reference Handler" daemon [_thread_blocked, id=3692, stack(0x0000007610800000,0x0000007610900000)]
  0x0000021e9916bad0 JavaThread "Finalizer" daemon [_thread_blocked, id=12164, stack(0x0000007610900000,0x0000007610a00000)]
  0x0000021e9917d050 JavaThread "Signal Dispatcher" daemon [_thread_blocked, id=15728, stack(0x0000007610a00000,0x0000007610b00000)]
  0x0000021e9917fa20 JavaThread "Attach Listener" daemon [_thread_blocked, id=11624, stack(0x0000007610b00000,0x0000007610c00000)]
  0x0000021e991802e0 JavaThread "Service Thread" daemon [_thread_blocked, id=16048, stack(0x0000007610c00000,0x0000007610d00000)]
  0x0000021e99180fb0 JavaThread "Monitor Deflation Thread" daemon [_thread_blocked, id=4316, stack(0x0000007610d00000,0x0000007610e00000)]
  0x0000021e99181c50 JavaThread "C2 CompilerThread0" daemon [_thread_blocked, id=15832, stack(0x0000007610e00000,0x0000007610f00000)]
  0x0000021e9918c6a0 JavaThread "C1 CompilerThread0" daemon [_thread_blocked, id=12672, stack(0x0000007610f00000,0x0000007611000000)]
  0x0000021e991973d0 JavaThread "Sweeper thread" daemon [_thread_blocked, id=16748, stack(0x0000007611000000,0x0000007611100000)]
  0x0000021e991541b0 JavaThread "Common-Cleaner" daemon [_thread_blocked, id=6376, stack(0x0000007611100000,0x0000007611200000)]
  0x0000021e99d61b10 JavaThread "C1 CompilerThread1" daemon [_thread_blocked, id=7928, stack(0x0000007611200000,0x0000007611300000)]
  0x0000021e99d62f50 JavaThread "C1 CompilerThread2" daemon [_thread_blocked, id=1456, stack(0x0000007611300000,0x0000007611400000)]
  0x0000021e9a05ac30 JavaThread "Monitor Ctrl-Break" daemon [_thread_in_native, id=3484, stack(0x0000007611500000,0x0000007611600000)]
  0x0000021e9a05b510 JavaThread "Notification Thread" daemon [_thread_blocked, id=8788, stack(0x0000007611600000,0x0000007611700000)]
=>0x0000021e9a1a7ac0 JavaThread "game" [_thread_in_native, id=5152, stack(0x0000007611800000,0x0000007611900000)]
  0x0000021ef57bcea0 JavaThread "DestroyJavaVM" [_thread_blocked, id=16160, stack(0x0000007610100000,0x0000007610200000)]

Other Threads:
  0x0000021e99c42010 VMThread "VM Thread" [stack: 0x0000007610700000,0x0000007610800000] [id=5900]
  0x0000021ef57bdc60 WatcherThread [stack: 0x0000007611700000,0x0000007611800000] [id=17716]
  0x0000021ef580e2d0 GCTaskThread "GC Thread#0" [stack: 0x0000007610200000,0x0000007610300000] [id=12984]
  0x0000021ef5820160 ConcurrentGCThread "G1 Main Marker" [stack: 0x0000007610300000,0x0000007610400000] [id=13320]
  0x0000021ef5821b80 ConcurrentGCThread "G1 Conc#0" [stack: 0x0000007610400000,0x0000007610500000] [id=15724]
  0x0000021ef588d710 ConcurrentGCThread "G1 Refine#0" [stack: 0x0000007610500000,0x0000007610600000] [id=9184]
  0x0000021e99024240 ConcurrentGCThread "G1 Service" [stack: 0x0000007610600000,0x0000007610700000] [id=7052]

Threads with active compile tasks:

VM state: not at safepoint (normal execution)

VM Mutex/Monitor currently owned by a thread: None

Heap address: 0x0000000700c00000, size: 4084 MB, Compressed Oops mode: Zero based, Oop shift amount: 3

CDS archive(s) mapped at: [0x0000000800000000-0x0000000800bc0000-0x0000000800bc0000), size 12320768, SharedBaseAddress: 0x0000000800000000, ArchiveRelocationMode: 0.
Compressed class space mapped at: 0x0000000800c00000-0x0000000840c00000, reserved size: 1073741824
Narrow klass base: 0x0000000800000000, Narrow klass shift: 0, Narrow klass range: 0x100000000

GC Precious Log:
 CPUs: 16 total, 16 available
 Memory: 16333M
 Large Page Support: Disabled
 NUMA Support: Disabled
 Compressed Oops: Enabled (Zero based)
 Heap Region Size: 2M
 Heap Min Capacity: 8M
 Heap Initial Capacity: 256M
 Heap Max Capacity: 4084M
 Pre-touch: Disabled
 Parallel Workers: 13
 Concurrent Workers: 3
 Concurrent Refinement Workers: 13
 Periodic GC: Disabled

Heap:
 garbage-first heap   total 262144K, used 10240K [0x0000000700c00000, 0x0000000800000000)
  region size 2048K, 6 young (12288K), 0 survivors (0K)
 Metaspace       used 2626K, committed 2816K, reserved 1056768K
  class space    used 195K, committed 256K, reserved 1048576K

Heap Regions: E=young(eden), S=young(survivor), O=old, HS=humongous(starts), HC=humongous(continues), CS=collection set, F=free, OA=open archive, CA=closed archive, TAMS=top-at-mark-start (previous, next)
|   0|0x0000000700c00000, 0x0000000700c00000, 0x0000000700e00000|  0%| F|  |TAMS 0x0000000700c00000, 0x0000000700c00000| Untracked 
|   1|0x0000000700e00000, 0x0000000700e00000, 0x0000000701000000|  0%| F|  |TAMS 0x0000000700e00000, 0x0000000700e00000| Untracked 
|   2|0x0000000701000000, 0x0000000701000000, 0x0000000701200000|  0%| F|  |TAMS 0x0000000701000000, 0x0000000701000000| Untracked 
|   3|0x0000000701200000, 0x0000000701200000, 0x0000000701400000|  0%| F|  |TAMS 0x0000000701200000, 0x0000000701200000| Untracked 
|   4|0x0000000701400000, 0x0000000701400000, 0x0000000701600000|  0%| F|  |TAMS 0x0000000701400000, 0x0000000701400000| Untracked 
|   5|0x0000000701600000, 0x0000000701600000, 0x0000000701800000|  0%| F|  |TAMS 0x0000000701600000, 0x0000000701600000| Untracked 
|   6|0x0000000701800000, 0x0000000701800000, 0x0000000701a00000|  0%| F|  |TAMS 0x0000000701800000, 0x0000000701800000| Untracked 
|   7|0x0000000701a00000, 0x0000000701a00000, 0x0000000701c00000|  0%| F|  |TAMS 0x0000000701a00000, 0x0000000701a00000| Untracked 
|   8|0x0000000701c00000, 0x0000000701c00000, 0x0000000701e00000|  0%| F|  |TAMS 0x0000000701c00000, 0x0000000701c00000| Untracked 
|   9|0x0000000701e00000, 0x0000000701e00000, 0x0000000702000000|  0%| F|  |TAMS 0x0000000701e00000, 0x0000000701e00000| Untracked 
|  10|0x0000000702000000, 0x0000000702000000, 0x0000000702200000|  0%| F|  |TAMS 0x0000000702000000, 0x0000000702000000| Untracked 
|  11|0x0000000702200000, 0x0000000702200000, 0x0000000702400000|  0%| F|  |TAMS 0x0000000702200000, 0x0000000702200000| Untracked 
|  12|0x0000000702400000, 0x0000000702400000, 0x0000000702600000|  0%| F|  |TAMS 0x0000000702400000, 0x0000000702400000| Untracked 
|  13|0x0000000702600000, 0x0000000702600000, 0x0000000702800000|  0%| F|  |TAMS 0x0000000702600000, 0x0000000702600000| Untracked 
|  14|0x0000000702800000, 0x0000000702800000, 0x0000000702a00000|  0%| F|  |TAMS 0x0000000702800000, 0x0000000702800000| Untracked 
|  15|0x0000000702a00000, 0x0000000702a00000, 0x0000000702c00000|  0%| F|  |TAMS 0x0000000702a00000, 0x0000000702a00000| Untracked 
|  16|0x0000000702c00000, 0x0000000702c00000, 0x0000000702e00000|  0%| F|  |TAMS 0x0000000702c00000, 0x0000000702c00000| Untracked 
|  17|0x0000000702e00000, 0x0000000702e00000, 0x0000000703000000|  0%| F|  |TAMS 0x0000000702e00000, 0x0000000702e00000| Untracked 
|  18|0x0000000703000000, 0x0000000703000000, 0x0000000703200000|  0%| F|  |TAMS 0x0000000703000000, 0x0000000703000000| Untracked 
|  19|0x0000000703200000, 0x0000000703200000, 0x0000000703400000|  0%| F|  |TAMS 0x0000000703200000, 0x0000000703200000| Untracked 
|  20|0x0000000703400000, 0x0000000703400000, 0x0000000703600000|  0%| F|  |TAMS 0x0000000703400000, 0x0000000703400000| Untracked 
|  21|0x0000000703600000, 0x0000000703600000, 0x0000000703800000|  0%| F|  |TAMS 0x0000000703600000, 0x0000000703600000| Untracked 
|  22|0x0000000703800000, 0x0000000703800000, 0x0000000703a00000|  0%| F|  |TAMS 0x0000000703800000, 0x0000000703800000| Untracked 
|  23|0x0000000703a00000, 0x0000000703a00000, 0x0000000703c00000|  0%| F|  |TAMS 0x0000000703a00000, 0x0000000703a00000| Untracked 
|  24|0x0000000703c00000, 0x0000000703c00000, 0x0000000703e00000|  0%| F|  |TAMS 0x0000000703c00000, 0x0000000703c00000| Untracked 
|  25|0x0000000703e00000, 0x0000000703e00000, 0x0000000704000000|  0%| F|  |TAMS 0x0000000703e00000, 0x0000000703e00000| Untracked 
|  26|0x0000000704000000, 0x0000000704000000, 0x0000000704200000|  0%| F|  |TAMS 0x0000000704000000, 0x0000000704000000| Untracked 
|  27|0x0000000704200000, 0x0000000704200000, 0x0000000704400000|  0%| F|  |TAMS 0x0000000704200000, 0x0000000704200000| Untracked 
|  28|0x0000000704400000, 0x0000000704400000, 0x0000000704600000|  0%| F|  |TAMS 0x0000000704400000, 0x0000000704400000| Untracked 
|  29|0x0000000704600000, 0x0000000704600000, 0x0000000704800000|  0%| F|  |TAMS 0x0000000704600000, 0x0000000704600000| Untracked 
|  30|0x0000000704800000, 0x0000000704800000, 0x0000000704a00000|  0%| F|  |TAMS 0x0000000704800000, 0x0000000704800000| Untracked 
|  31|0x0000000704a00000, 0x0000000704a00000, 0x0000000704c00000|  0%| F|  |TAMS 0x0000000704a00000, 0x0000000704a00000| Untracked 
|  32|0x0000000704c00000, 0x0000000704c00000, 0x0000000704e00000|  0%| F|  |TAMS 0x0000000704c00000, 0x0000000704c00000| Untracked 
|  33|0x0000000704e00000, 0x0000000704e00000, 0x0000000705000000|  0%| F|  |TAMS 0x0000000704e00000, 0x0000000704e00000| Untracked 
|  34|0x0000000705000000, 0x0000000705000000, 0x0000000705200000|  0%| F|  |TAMS 0x0000000705000000, 0x0000000705000000| Untracked 
|  35|0x0000000705200000, 0x0000000705200000, 0x0000000705400000|  0%| F|  |TAMS 0x0000000705200000, 0x0000000705200000| Untracked 
|  36|0x0000000705400000, 0x0000000705400000, 0x0000000705600000|  0%| F|  |TAMS 0x0000000705400000, 0x0000000705400000| Untracked 
|  37|0x0000000705600000, 0x0000000705600000, 0x0000000705800000|  0%| F|  |TAMS 0x0000000705600000, 0x0000000705600000| Untracked 
|  38|0x0000000705800000, 0x0000000705800000, 0x0000000705a00000|  0%| F|  |TAMS 0x0000000705800000, 0x0000000705800000| Untracked 
|  39|0x0000000705a00000, 0x0000000705a00000, 0x0000000705c00000|  0%| F|  |TAMS 0x0000000705a00000, 0x0000000705a00000| Untracked 
|  40|0x0000000705c00000, 0x0000000705c00000, 0x0000000705e00000|  0%| F|  |TAMS 0x0000000705c00000, 0x0000000705c00000| Untracked 
|  41|0x0000000705e00000, 0x0000000705e00000, 0x0000000706000000|  0%| F|  |TAMS 0x0000000705e00000, 0x0000000705e00000| Untracked 
|  42|0x0000000706000000, 0x0000000706000000, 0x0000000706200000|  0%| F|  |TAMS 0x0000000706000000, 0x0000000706000000| Untracked 
|  43|0x0000000706200000, 0x0000000706200000, 0x0000000706400000|  0%| F|  |TAMS 0x0000000706200000, 0x0000000706200000| Untracked 
|  44|0x0000000706400000, 0x0000000706400000, 0x0000000706600000|  0%| F|  |TAMS 0x0000000706400000, 0x0000000706400000| Untracked 
|  45|0x0000000706600000, 0x0000000706600000, 0x0000000706800000|  0%| F|  |TAMS 0x0000000706600000, 0x0000000706600000| Untracked 
|  46|0x0000000706800000, 0x0000000706800000, 0x0000000706a00000|  0%| F|  |TAMS 0x0000000706800000, 0x0000000706800000| Untracked 
|  47|0x0000000706a00000, 0x0000000706a00000, 0x0000000706c00000|  0%| F|  |TAMS 0x0000000706a00000, 0x0000000706a00000| Untracked 
|  48|0x0000000706c00000, 0x0000000706c00000, 0x0000000706e00000|  0%| F|  |TAMS 0x0000000706c00000, 0x0000000706c00000| Untracked 
|  49|0x0000000706e00000, 0x0000000706e00000, 0x0000000707000000|  0%| F|  |TAMS 0x0000000706e00000, 0x0000000706e00000| Untracked 
|  50|0x0000000707000000, 0x0000000707000000, 0x0000000707200000|  0%| F|  |TAMS 0x0000000707000000, 0x0000000707000000| Untracked 
|  51|0x0000000707200000, 0x0000000707200000, 0x0000000707400000|  0%| F|  |TAMS 0x0000000707200000, 0x0000000707200000| Untracked 
|  52|0x0000000707400000, 0x0000000707400000, 0x0000000707600000|  0%| F|  |TAMS 0x0000000707400000, 0x0000000707400000| Untracked 
|  53|0x0000000707600000, 0x0000000707600000, 0x0000000707800000|  0%| F|  |TAMS 0x0000000707600000, 0x0000000707600000| Untracked 
|  54|0x0000000707800000, 0x0000000707800000, 0x0000000707a00000|  0%| F|  |TAMS 0x0000000707800000, 0x0000000707800000| Untracked 
|  55|0x0000000707a00000, 0x0000000707a00000, 0x0000000707c00000|  0%| F|  |TAMS 0x0000000707a00000, 0x0000000707a00000| Untracked 
|  56|0x0000000707c00000, 0x0000000707c00000, 0x0000000707e00000|  0%| F|  |TAMS 0x0000000707c00000, 0x0000000707c00000| Untracked 
|  57|0x0000000707e00000, 0x0000000707e00000, 0x0000000708000000|  0%| F|  |TAMS 0x0000000707e00000, 0x0000000707e00000| Untracked 
|  58|0x0000000708000000, 0x0000000708000000, 0x0000000708200000|  0%| F|  |TAMS 0x0000000708000000, 0x0000000708000000| Untracked 
|  59|0x0000000708200000, 0x0000000708200000, 0x0000000708400000|  0%| F|  |TAMS 0x0000000708200000, 0x0000000708200000| Untracked 
|  60|0x0000000708400000, 0x0000000708400000, 0x0000000708600000|  0%| F|  |TAMS 0x0000000708400000, 0x0000000708400000| Untracked 
|  61|0x0000000708600000, 0x0000000708600000, 0x0000000708800000|  0%| F|  |TAMS 0x0000000708600000, 0x0000000708600000| Untracked 
|  62|0x0000000708800000, 0x0000000708800000, 0x0000000708a00000|  0%| F|  |TAMS 0x0000000708800000, 0x0000000708800000| Untracked 
|  63|0x0000000708a00000, 0x0000000708a00000, 0x0000000708c00000|  0%| F|  |TAMS 0x0000000708a00000, 0x0000000708a00000| Untracked 
|  64|0x0000000708c00000, 0x0000000708c00000, 0x0000000708e00000|  0%| F|  |TAMS 0x0000000708c00000, 0x0000000708c00000| Untracked 
|  65|0x0000000708e00000, 0x0000000708e00000, 0x0000000709000000|  0%| F|  |TAMS 0x0000000708e00000, 0x0000000708e00000| Untracked 
|  66|0x0000000709000000, 0x0000000709000000, 0x0000000709200000|  0%| F|  |TAMS 0x0000000709000000, 0x0000000709000000| Untracked 
|  67|0x0000000709200000, 0x0000000709200000, 0x0000000709400000|  0%| F|  |TAMS 0x0000000709200000, 0x0000000709200000| Untracked 
|  68|0x0000000709400000, 0x0000000709400000, 0x0000000709600000|  0%| F|  |TAMS 0x0000000709400000, 0x0000000709400000| Untracked 
|  69|0x0000000709600000, 0x0000000709600000, 0x0000000709800000|  0%| F|  |TAMS 0x0000000709600000, 0x0000000709600000| Untracked 
|  70|0x0000000709800000, 0x0000000709800000, 0x0000000709a00000|  0%| F|  |TAMS 0x0000000709800000, 0x0000000709800000| Untracked 
|  71|0x0000000709a00000, 0x0000000709a00000, 0x0000000709c00000|  0%| F|  |TAMS 0x0000000709a00000, 0x0000000709a00000| Untracked 
|  72|0x0000000709c00000, 0x0000000709c00000, 0x0000000709e00000|  0%| F|  |TAMS 0x0000000709c00000, 0x0000000709c00000| Untracked 
|  73|0x0000000709e00000, 0x0000000709e00000, 0x000000070a000000|  0%| F|  |TAMS 0x0000000709e00000, 0x0000000709e00000| Untracked 
|  74|0x000000070a000000, 0x000000070a000000, 0x000000070a200000|  0%| F|  |TAMS 0x000000070a000000, 0x000000070a000000| Untracked 
|  75|0x000000070a200000, 0x000000070a200000, 0x000000070a400000|  0%| F|  |TAMS 0x000000070a200000, 0x000000070a200000| Untracked 
|  76|0x000000070a400000, 0x000000070a400000, 0x000000070a600000|  0%| F|  |TAMS 0x000000070a400000, 0x000000070a400000| Untracked 
|  77|0x000000070a600000, 0x000000070a600000, 0x000000070a800000|  0%| F|  |TAMS 0x000000070a600000, 0x000000070a600000| Untracked 
|  78|0x000000070a800000, 0x000000070a800000, 0x000000070aa00000|  0%| F|  |TAMS 0x000000070a800000, 0x000000070a800000| Untracked 
|  79|0x000000070aa00000, 0x000000070aa00000, 0x000000070ac00000|  0%| F|  |TAMS 0x000000070aa00000, 0x000000070aa00000| Untracked 
|  80|0x000000070ac00000, 0x000000070ac00000, 0x000000070ae00000|  0%| F|  |TAMS 0x000000070ac00000, 0x000000070ac00000| Untracked 
|  81|0x000000070ae00000, 0x000000070ae00000, 0x000000070b000000|  0%| F|  |TAMS 0x000000070ae00000, 0x000000070ae00000| Untracked 
|  82|0x000000070b000000, 0x000000070b000000, 0x000000070b200000|  0%| F|  |TAMS 0x000000070b000000, 0x000000070b000000| Untracked 
|  83|0x000000070b200000, 0x000000070b200000, 0x000000070b400000|  0%| F|  |TAMS 0x000000070b200000, 0x000000070b200000| Untracked 
|  84|0x000000070b400000, 0x000000070b400000, 0x000000070b600000|  0%| F|  |TAMS 0x000000070b400000, 0x000000070b400000| Untracked 
|  85|0x000000070b600000, 0x000000070b600000, 0x000000070b800000|  0%| F|  |TAMS 0x000000070b600000, 0x000000070b600000| Untracked 
|  86|0x000000070b800000, 0x000000070b800000, 0x000000070ba00000|  0%| F|  |TAMS 0x000000070b800000, 0x000000070b800000| Untracked 
|  87|0x000000070ba00000, 0x000000070ba00000, 0x000000070bc00000|  0%| F|  |TAMS 0x000000070ba00000, 0x000000070ba00000| Untracked 
|  88|0x000000070bc00000, 0x000000070bc00000, 0x000000070be00000|  0%| F|  |TAMS 0x000000070bc00000, 0x000000070bc00000| Untracked 
|  89|0x000000070be00000, 0x000000070be00000, 0x000000070c000000|  0%| F|  |TAMS 0x000000070be00000, 0x000000070be00000| Untracked 
|  90|0x000000070c000000, 0x000000070c000000, 0x000000070c200000|  0%| F|  |TAMS 0x000000070c000000, 0x000000070c000000| Untracked 
|  91|0x000000070c200000, 0x000000070c200000, 0x000000070c400000|  0%| F|  |TAMS 0x000000070c200000, 0x000000070c200000| Untracked 
|  92|0x000000070c400000, 0x000000070c400000, 0x000000070c600000|  0%| F|  |TAMS 0x000000070c400000, 0x000000070c400000| Untracked 
|  93|0x000000070c600000, 0x000000070c600000, 0x000000070c800000|  0%| F|  |TAMS 0x000000070c600000, 0x000000070c600000| Untracked 
|  94|0x000000070c800000, 0x000000070c800000, 0x000000070ca00000|  0%| F|  |TAMS 0x000000070c800000, 0x000000070c800000| Untracked 
|  95|0x000000070ca00000, 0x000000070ca00000, 0x000000070cc00000|  0%| F|  |TAMS 0x000000070ca00000, 0x000000070ca00000| Untracked 
|  96|0x000000070cc00000, 0x000000070cc00000, 0x000000070ce00000|  0%| F|  |TAMS 0x000000070cc00000, 0x000000070cc00000| Untracked 
|  97|0x000000070ce00000, 0x000000070ce00000, 0x000000070d000000|  0%| F|  |TAMS 0x000000070ce00000, 0x000000070ce00000| Untracked 
|  98|0x000000070d000000, 0x000000070d000000, 0x000000070d200000|  0%| F|  |TAMS 0x000000070d000000, 0x000000070d000000| Untracked 
|  99|0x000000070d200000, 0x000000070d200000, 0x000000070d400000|  0%| F|  |TAMS 0x000000070d200000, 0x000000070d200000| Untracked 
| 100|0x000000070d400000, 0x000000070d400000, 0x000000070d600000|  0%| F|  |TAMS 0x000000070d400000, 0x000000070d400000| Untracked 
| 101|0x000000070d600000, 0x000000070d600000, 0x000000070d800000|  0%| F|  |TAMS 0x000000070d600000, 0x000000070d600000| Untracked 
| 102|0x000000070d800000, 0x000000070d800000, 0x000000070da00000|  0%| F|  |TAMS 0x000000070d800000, 0x000000070d800000| Untracked 
| 103|0x000000070da00000, 0x000000070da00000, 0x000000070dc00000|  0%| F|  |TAMS 0x000000070da00000, 0x000000070da00000| Untracked 
| 104|0x000000070dc00000, 0x000000070dc00000, 0x000000070de00000|  0%| F|  |TAMS 0x000000070dc00000, 0x000000070dc00000| Untracked 
| 105|0x000000070de00000, 0x000000070de00000, 0x000000070e000000|  0%| F|  |TAMS 0x000000070de00000, 0x000000070de00000| Untracked 
| 106|0x000000070e000000, 0x000000070e000000, 0x000000070e200000|  0%| F|  |TAMS 0x000000070e000000, 0x000000070e000000| Untracked 
| 107|0x000000070e200000, 0x000000070e200000, 0x000000070e400000|  0%| F|  |TAMS 0x000000070e200000, 0x000000070e200000| Untracked 
| 108|0x000000070e400000, 0x000000070e400000, 0x000000070e600000|  0%| F|  |TAMS 0x000000070e400000, 0x000000070e400000| Untracked 
| 109|0x000000070e600000, 0x000000070e600000, 0x000000070e800000|  0%| F|  |TAMS 0x000000070e600000, 0x000000070e600000| Untracked 
| 110|0x000000070e800000, 0x000000070e800000, 0x000000070ea00000|  0%| F|  |TAMS 0x000000070e800000, 0x000000070e800000| Untracked 
| 111|0x000000070ea00000, 0x000000070ea00000, 0x000000070ec00000|  0%| F|  |TAMS 0x000000070ea00000, 0x000000070ea00000| Untracked 
| 112|0x000000070ec00000, 0x000000070ec00000, 0x000000070ee00000|  0%| F|  |TAMS 0x000000070ec00000, 0x000000070ec00000| Untracked 
| 113|0x000000070ee00000, 0x000000070ee00000, 0x000000070f000000|  0%| F|  |TAMS 0x000000070ee00000, 0x000000070ee00000| Untracked 
| 114|0x000000070f000000, 0x000000070f000000, 0x000000070f200000|  0%| F|  |TAMS 0x000000070f000000, 0x000000070f000000| Untracked 
| 115|0x000000070f200000, 0x000000070f200000, 0x000000070f400000|  0%| F|  |TAMS 0x000000070f200000, 0x000000070f200000| Untracked 
| 116|0x000000070f400000, 0x000000070f400000, 0x000000070f600000|  0%| F|  |TAMS 0x000000070f400000, 0x000000070f400000| Untracked 
| 117|0x000000070f600000, 0x000000070f600000, 0x000000070f800000|  0%| F|  |TAMS 0x000000070f600000, 0x000000070f600000| Untracked 
| 118|0x000000070f800000, 0x000000070f800000, 0x000000070fa00000|  0%| F|  |TAMS 0x000000070f800000, 0x000000070f800000| Untracked 
| 119|0x000000070fa00000, 0x000000070fa00000, 0x000000070fc00000|  0%| F|  |TAMS 0x000000070fa00000, 0x000000070fa00000| Untracked 
| 120|0x000000070fc00000, 0x000000070fc00000, 0x000000070fe00000|  0%| F|  |TAMS 0x000000070fc00000, 0x000000070fc00000| Untracked 
| 121|0x000000070fe00000, 0x000000070fe00000, 0x0000000710000000|  0%| F|  |TAMS 0x000000070fe00000, 0x000000070fe00000| Untracked 
| 122|0x0000000710000000, 0x0000000710154070, 0x0000000710200000| 66%| E|  |TAMS 0x0000000710000000, 0x0000000710000000| Complete 
| 123|0x0000000710200000, 0x0000000710400000, 0x0000000710400000|100%| E|CS|TAMS 0x0000000710200000, 0x0000000710200000| Complete 
| 124|0x0000000710400000, 0x0000000710600000, 0x0000000710600000|100%| E|CS|TAMS 0x0000000710400000, 0x0000000710400000| Complete 
| 125|0x0000000710600000, 0x0000000710800000, 0x0000000710800000|100%| E|CS|TAMS 0x0000000710600000, 0x0000000710600000| Complete 
| 126|0x0000000710800000, 0x0000000710a00000, 0x0000000710a00000|100%| E|CS|TAMS 0x0000000710800000, 0x0000000710800000| Complete 
| 127|0x0000000710a00000, 0x0000000710c00000, 0x0000000710c00000|100%| E|CS|TAMS 0x0000000710a00000, 0x0000000710a00000| Complete 

Card table byte_map: [0x0000021efe080000,0x0000021efe880000] _byte_map_base: 0x0000021efa87a000

Marking Bits (Prev, Next): (CMBitMap*) 0x0000021ef580f8f0, (CMBitMap*) 0x0000021ef580f930
 Prev Bits: [0x0000021e8f000000, 0x0000021e92fd0000)
 Next Bits: [0x0000021e92fd0000, 0x0000021e96fa0000)

Polling page: 0x0000021ef3710000

Metaspace:

Usage:
  Non-class:      2.37 MB used.
      Class:    195.40 KB used.
       Both:      2.57 MB used.

Virtual space:
  Non-class space:        8.00 MB reserved,       2.50 MB ( 31%) committed,  1 nodes.
      Class space:        1.00 GB reserved,     256.00 KB ( <1%) committed,  1 nodes.
             Both:        1.01 GB reserved,       2.75 MB ( <1%) committed. 

Chunk freelists:
   Non-Class:  3.00 MB
       Class:  3.66 MB
        Both:  6.66 MB

MaxMetaspaceSize: unlimited
CompressedClassSpaceSize: 1.00 GB
Initial GC threshold: 21.00 MB
Current GC threshold: 21.00 MB
CDS: on
MetaspaceReclaimPolicy: balanced
 - commit_granule_bytes: 65536.
 - commit_granule_words: 8192.
 - virtual_space_node_default_size: 1048576.
 - enlarge_chunks_in_place: 1.
 - new_chunks_are_fully_committed: 0.
 - uncommit_free_chunks: 1.
 - use_allocation_guard: 0.
 - handle_deallocations: 1.


Internal statistics:

num_allocs_failed_limit: 0.
num_arena_births: 62.
num_arena_deaths: 0.
num_vsnodes_births: 2.
num_vsnodes_deaths: 0.
num_space_committed: 44.
num_space_uncommitted: 0.
num_chunks_returned_to_freelist: 0.
num_chunks_taken_from_freelist: 120.
num_chunk_merges: 0.
num_chunk_splits: 74.
num_chunks_enlarged: 50.
num_purges: 0.
num_inconsistent_stats: 0.

CodeHeap 'non-profiled nmethods': size=119168Kb used=204Kb max_used=204Kb free=118963Kb
 bounds [0x0000021e87ba0000, 0x0000021e87e10000, 0x0000021e8f000000]
CodeHeap 'profiled nmethods': size=119104Kb used=1106Kb max_used=1106Kb free=117997Kb
 bounds [0x0000021e80750000, 0x0000021e809c0000, 0x0000021e87ba0000]
CodeHeap 'non-nmethods': size=7488Kb used=2658Kb max_used=2673Kb free=4829Kb
 bounds [0x0000021e80000000, 0x0000021e802a0000, 0x0000021e80750000]
 total_blobs=1636 nmethods=691 adapters=856
 compilation: enabled
              stopped_count=0, restarted_count=0
 full_count=0

Compilation events (20 events):
Event: 0.652 Thread 0x0000021e99d61b10  682   !   3       java.util.zip.Inflater::needsInput (55 bytes)
Event: 0.652 Thread 0x0000021e99d61b10 nmethod 682 0x0000021e8084fb10 code [0x0000021e8084fcc0, 0x0000021e80850078]
Event: 0.654 Thread 0x0000021e99d61b10  683       3       jdk.internal.misc.Unsafe::checkSize (32 bytes)
Event: 0.654 Thread 0x0000021e99d62f50  684       3       jdk.internal.misc.Unsafe::copyMemory (33 bytes)
Event: 0.654 Thread 0x0000021e99d61b10 nmethod 683 0x0000021e80850190 code [0x0000021e80850340, 0x0000021e808505c8]
Event: 0.654 Thread 0x0000021e99d61b10  685       3       jdk.internal.misc.Unsafe::copyMemoryChecks (21 bytes)
Event: 0.655 Thread 0x0000021e99181c50 nmethod 669 0x0000021e87bd1f90 code [0x0000021e87bd2140, 0x0000021e87bd2628]
Event: 0.655 Thread 0x0000021e99181c50  680   !   4       java.nio.DirectByteBuffer::get (34 bytes)
Event: 0.655 Thread 0x0000021e99d61b10 nmethod 685 0x0000021e80850710 code [0x0000021e808509c0, 0x0000021e80851728]
Event: 0.655 Thread 0x0000021e99d61b10  686       3       jdk.internal.misc.Unsafe::checkOffset (32 bytes)
Event: 0.655 Thread 0x0000021e99d62f50 nmethod 684 0x0000021e80851c90 code [0x0000021e80851f40, 0x0000021e80852c98]
Event: 0.655 Thread 0x0000021e99d61b10 nmethod 686 0x0000021e80853290 code [0x0000021e80853440, 0x0000021e808536c8]
Event: 0.656 Thread 0x0000021e99181c50 nmethod 680 0x0000021e87bd2910 code [0x0000021e87bd2aa0, 0x0000021e87bd2bb8]
Event: 0.659 Thread 0x0000021e99d61b10  688       3       java.lang.ref.SoftReference::get (29 bytes)
Event: 0.659 Thread 0x0000021e99d62f50  689       3       jdk.internal.jimage.ImageLocation::verify (218 bytes)
Event: 0.659 Thread 0x0000021e99d61b10 nmethod 688 0x0000021e80853810 code [0x0000021e808539a0, 0x0000021e80853b78]
Event: 0.659 Thread 0x0000021e99181c50  690   !   4       jdk.internal.misc.ScopedMemoryAccess::getByte (20 bytes)
Event: 0.660 Thread 0x0000021e99181c50 nmethod 690 0x0000021e87bd2d10 code [0x0000021e87bd2e80, 0x0000021e87bd2f38]
Event: 0.660 Thread 0x0000021e99181c50  691       4       java.nio.Buffer::scope (17 bytes)
Event: 0.660 Thread 0x0000021e99d62f50 nmethod 689 0x0000021e80853c10 code [0x0000021e80853ec0, 0x0000021e80854c38]

GC Heap History (0 events):
No events

Deoptimization events (20 events):
Event: 0.160 Thread 0x0000021ef57bcea0 Uncommon trap: trap_request=0xffffff45 fr.pc=0x0000021e87bb6630 relative=0x0000000000000190
Event: 0.160 Thread 0x0000021ef57bcea0 Uncommon trap: reason=unstable_if action=reinterpret pc=0x0000021e87bb6630 method=java.util.zip.ZipFile$Source.isMetaName([BII)Z @ 57 c2
Event: 0.160 Thread 0x0000021ef57bcea0 DEOPT PACKING pc=0x0000021e87bb6630 sp=0x00000076101fe320
Event: 0.160 Thread 0x0000021ef57bcea0 DEOPT UNPACKING pc=0x0000021e800523a3 sp=0x00000076101fe2c8 mode 2
Event: 0.166 Thread 0x0000021ef57bcea0 Uncommon trap: trap_request=0xffffff45 fr.pc=0x0000021e87ba59dc relative=0x000000000000005c
Event: 0.166 Thread 0x0000021ef57bcea0 Uncommon trap: reason=unstable_if action=reinterpret pc=0x0000021e87ba59dc method=java.lang.String.isLatin1()Z @ 10 c2
Event: 0.166 Thread 0x0000021ef57bcea0 DEOPT PACKING pc=0x0000021e87ba59dc sp=0x00000076101fe760
Event: 0.166 Thread 0x0000021ef57bcea0 DEOPT UNPACKING pc=0x0000021e800523a3 sp=0x00000076101fe6f0 mode 2
Event: 0.166 Thread 0x0000021ef57bcea0 Uncommon trap: trap_request=0xffffff45 fr.pc=0x0000021e87ba0ff8 relative=0x0000000000000078
Event: 0.166 Thread 0x0000021ef57bcea0 Uncommon trap: reason=unstable_if action=reinterpret pc=0x0000021e87ba0ff8 method=java.lang.String.isLatin1()Z @ 10 c2
Event: 0.166 Thread 0x0000021ef57bcea0 DEOPT PACKING pc=0x0000021e87ba0ff8 sp=0x00000076101ff150
Event: 0.166 Thread 0x0000021ef57bcea0 DEOPT UNPACKING pc=0x0000021e800523a3 sp=0x00000076101ff090 mode 2
Event: 0.219 Thread 0x0000021e9a1a7ac0 Uncommon trap: trap_request=0xffffff45 fr.pc=0x0000021e87bb3ae4 relative=0x0000000000000064
Event: 0.219 Thread 0x0000021e9a1a7ac0 Uncommon trap: reason=unstable_if action=reinterpret pc=0x0000021e87bb3ae4 method=java.io.WinNTFileSystem.isSlash(C)Z @ 9 c2
Event: 0.219 Thread 0x0000021e9a1a7ac0 DEOPT PACKING pc=0x0000021e87bb3ae4 sp=0x00000076118fd4b0
Event: 0.219 Thread 0x0000021e9a1a7ac0 DEOPT UNPACKING pc=0x0000021e800523a3 sp=0x00000076118fd438 mode 2
Event: 0.225 Thread 0x0000021e9a1a7ac0 Uncommon trap: trap_request=0xffffff45 fr.pc=0x0000021e87bb8740 relative=0x0000000000000040
Event: 0.225 Thread 0x0000021e9a1a7ac0 Uncommon trap: reason=unstable_if action=reinterpret pc=0x0000021e87bb8740 method=sun.nio.fs.WindowsPathParser.isSlash(C)Z @ 9 c2
Event: 0.225 Thread 0x0000021e9a1a7ac0 DEOPT PACKING pc=0x0000021e87bb8740 sp=0x00000076118fd620
Event: 0.225 Thread 0x0000021e9a1a7ac0 DEOPT UNPACKING pc=0x0000021e800523a3 sp=0x00000076118fd5a8 mode 2

Classes unloaded (0 events):
No events

Classes redefined (0 events):
No events

Internal exceptions (20 events):
Event: 0.169 Thread 0x0000021e9a05ac30 Exception <a 'java/lang/NoSuchMethodError'{0x00000007104ef8c8}: 'java.lang.Object java.lang.invoke.DirectMethodHandle$Holder.invokeStaticInit(java.lang.Object)'> (0x00000007104ef8c8) 
thrown [t:\workspace\open\src\hotspot\share\interpreter\linkResolver.cpp, line 766]
Event: 0.176 Thread 0x0000021e9a05ac30 Exception <a 'java/lang/NoSuchMethodError'{0x00000007104fd530}: 'void java.lang.invoke.DirectMethodHandle$Holder.invokeStatic(java.lang.Object, java.lang.Object)'> (0x00000007104fd530) 
thrown [t:\workspace\open\src\hotspot\share\interpreter\linkResolver.cpp, line 766]
Event: 0.190 Thread 0x0000021e9a1a7ac0 Exception <a 'java/lang/NoSuchMethodError'{0x0000000710262350}: 'void java.lang.invoke.DirectMethodHandle$Holder.invokeSpecial(java.lang.Object, java.lang.Object, java.lang.Object)'> (0x0000000710262350) 
thrown [t:\workspace\open\src\hotspot\share\interpreter\linkResolver.cpp, line 766]
Event: 0.194 Thread 0x0000021e9a1a7ac0 Exception <a 'java/lang/NoSuchMethodError'{0x00000007102753d0}: 'java.lang.Object java.lang.invoke.DirectMethodHandle$Holder.invokeStatic(java.lang.Object, java.lang.Object, int)'> (0x00000007102753d0) 
thrown [t:\workspace\open\src\hotspot\share\interpreter\linkResolver.cpp, line 766]
Event: 0.195 Thread 0x0000021e9a1a7ac0 Exception <a 'java/lang/NoSuchMethodError'{0x0000000710281278}: 'void java.lang.invoke.DelegatingMethodHandle$Holder.delegate(java.lang.Object, java.lang.Object, int, java.lang.Object)'> (0x0000000710281278) 
thrown [t:\workspace\open\src\hotspot\share\interpreter\linkResolver.cpp, line 766]
Event: 0.196 Thread 0x0000021e9a1a7ac0 Exception <a 'java/lang/NoSuchMethodError'{0x00000007102852b0}: 'int java.lang.invoke.DirectMethodHandle$Holder.invokeSpecial(java.lang.Object, java.lang.Object, java.lang.Object)'> (0x00000007102852b0) 
thrown [t:\workspace\open\src\hotspot\share\interpreter\linkResolver.cpp, line 766]
Event: 0.226 Thread 0x0000021e9a1a7ac0 Exception <a 'sun/nio/fs/WindowsException'{0x00000007102eb1b8}> (0x00000007102eb1b8) 
thrown [t:\workspace\open\src\hotspot\share\prims\jni.cpp, line 516]
Event: 0.226 Thread 0x0000021e9a1a7ac0 Exception <a 'sun/nio/fs/WindowsException'{0x00000007102eb700}> (0x00000007102eb700) 
thrown [t:\workspace\open\src\hotspot\share\prims\jni.cpp, line 516]
Event: 0.237 Thread 0x0000021e9a1a7ac0 Exception <a 'sun/nio/fs/WindowsException'{0x0000000710307ad8}> (0x0000000710307ad8) 
thrown [t:\workspace\open\src\hotspot\share\prims\jni.cpp, line 516]
Event: 0.238 Thread 0x0000021e9a1a7ac0 Exception <a 'sun/nio/fs/WindowsException'{0x0000000710307e38}> (0x0000000710307e38) 
thrown [t:\workspace\open\src\hotspot\share\prims\jni.cpp, line 516]
Event: 0.248 Thread 0x0000021e9a1a7ac0 Exception <a 'java/lang/NoSuchMethodError'{0x00000007103503e0}: 'int java.lang.invoke.DirectMethodHandle$Holder.invokeStaticInit(java.lang.Object, java.lang.Object, int, long)'> (0x00000007103503e0) 
thrown [t:\workspace\open\src\hotspot\share\interpreter\linkResolver.cpp, line 766]
Event: 0.249 Thread 0x0000021e9a1a7ac0 Exception <a 'java/lang/NoSuchMethodError'{0x0000000710355ca8}: 'java.lang.Object java.lang.invoke.DirectMethodHandle$Holder.newInvokeSpecial(java.lang.Object, java.lang.Object, int)'> (0x0000000710355ca8) 
thrown [t:\workspace\open\src\hotspot\share\interpreter\linkResolver.cpp, line 766]
Event: 0.252 Thread 0x0000021e9a1a7ac0 Exception <a 'java/lang/NoSuchMethodError'{0x0000000710364e80}: 'int java.lang.invoke.DirectMethodHandle$Holder.invokeStaticInit(java.lang.Object, java.lang.Object, long, long)'> (0x0000000710364e80) 
thrown [t:\workspace\open\src\hotspot\share\interpreter\linkResolver.cpp, line 766]
Event: 0.253 Thread 0x0000021e9a1a7ac0 Exception <a 'java/lang/NoSuchMethodError'{0x000000071036af90}: 'java.lang.Object java.lang.invoke.DirectMethodHandle$Holder.newInvokeSpecial(java.lang.Object, java.lang.Object, long)'> (0x000000071036af90) 
thrown [t:\workspace\open\src\hotspot\share\interpreter\linkResolver.cpp, line 766]
Event: 0.253 Thread 0x0000021e9a1a7ac0 Exception <a 'java/lang/NoSuchMethodError'{0x000000071036f280}: 'java.lang.Object java.lang.invoke.Invokers$Holder.linkToTargetMethod(java.lang.Object, long, java.lang.Object)'> (0x000000071036f280) 
thrown [t:\workspace\open\src\hotspot\share\interpreter\linkResolver.cpp, line 766]
Event: 0.255 Thread 0x0000021e9a1a7ac0 Exception <a 'java/lang/NoSuchMethodError'{0x0000000710376998}: 'int java.lang.invoke.DirectMethodHandle$Holder.invokeStaticInit(java.lang.Object, java.lang.Object, java.lang.Object, long)'> (0x0000000710376998) 
thrown [t:\workspace\open\src\hotspot\share\interpreter\linkResolver.cpp, line 766]
Event: 0.310 Thread 0x0000021e9a1a7ac0 Exception <a 'sun/nio/fs/WindowsException'{0x000000071003d380}> (0x000000071003d380) 
thrown [t:\workspace\open\src\hotspot\share\prims\jni.cpp, line 516]
Event: 0.310 Thread 0x0000021e9a1a7ac0 Exception <a 'sun/nio/fs/WindowsException'{0x000000071003d710}> (0x000000071003d710) 
thrown [t:\workspace\open\src\hotspot\share\prims\jni.cpp, line 516]
Event: 0.656 Thread 0x0000021e9a1a7ac0 Exception <a 'sun/nio/fs/WindowsException'{0x0000000710101710}> (0x0000000710101710) 
thrown [t:\workspace\open\src\hotspot\share\prims\jni.cpp, line 516]
Event: 0.656 Thread 0x0000021e9a1a7ac0 Exception <a 'sun/nio/fs/WindowsException'{0x0000000710101a88}> (0x0000000710101a88) 
thrown [t:\workspace\open\src\hotspot\share\prims\jni.cpp, line 516]

VM Operations (8 events):
Event: 0.091 Executing VM operation: HandshakeAllThreads
Event: 0.091 Executing VM operation: HandshakeAllThreads done
Event: 0.168 Executing VM operation: HandshakeAllThreads
Event: 0.168 Executing VM operation: HandshakeAllThreads done
Event: 0.194 Executing VM operation: HandshakeAllThreads
Event: 0.194 Executing VM operation: HandshakeAllThreads done
Event: 0.218 Executing VM operation: HandshakeAllThreads
Event: 0.219 Executing VM operation: HandshakeAllThreads done

Events (20 events):
Event: 0.247 loading class java/util/function/LongPredicate
Event: 0.247 loading class java/util/function/LongPredicate done
Event: 0.249 loading class jdk/internal/access/foreign/MemorySegmentProxy
Event: 0.250 loading class jdk/internal/access/foreign/MemorySegmentProxy done
Event: 0.257 loading class java/nio/InvalidMarkException
Event: 0.257 loading class java/nio/InvalidMarkException done
Event: 0.257 loading class java/nio/BufferUnderflowException
Event: 0.257 loading class java/nio/BufferUnderflowException done
Event: 0.259 loading class java/lang/IndexOutOfBoundsException
Event: 0.259 loading class java/lang/IndexOutOfBoundsException done
Event: 0.635 Thread 0x0000021e99d63e80 Thread exited: 0x0000021e99d63e80
Event: 0.646 loading class sun/net/ProgressMonitor
Event: 0.646 loading class sun/net/ProgressMonitor done
Event: 0.646 loading class sun/net/DefaultProgressMeteringPolicy
Event: 0.646 loading class sun/net/ProgressMeteringPolicy
Event: 0.646 loading class sun/net/ProgressMeteringPolicy done
Event: 0.646 loading class sun/net/DefaultProgressMeteringPolicy done
Event: 0.658 Loaded shared library C:\Users\Matt\AppData\Local\Temp\lwjglMatt\3.3.1-build-7\lwjgl_stb.dll
Event: 0.659 loading class jdk/internal/misc/ScopedMemoryAccess$Scope
Event: 0.659 loading class jdk/internal/misc/ScopedMemoryAccess$Scope done


Dynamic libraries:
0x00007ff713b50000 - 0x00007ff713b5e000 	C:\Java\jdk-17.0.2\bin\java.exe
0x00007ffdceab0000 - 0x00007ffdceca7000 	C:\Windows\SYSTEM32\ntdll.dll
0x00007ffdce040000 - 0x00007ffdce0fd000 	C:\Windows\System32\KERNEL32.DLL
0x00007ffdcc2d0000 - 0x00007ffdcc59d000 	C:\Windows\System32\KERNELBASE.dll
0x00007ffdc78d0000 - 0x00007ffdc78e8000 	C:\Java\jdk-17.0.2\bin\jli.dll
0x00007ffdcc1d0000 - 0x00007ffdcc2d0000 	C:\Windows\System32\ucrtbase.dll
0x00007ffdc78b0000 - 0x00007ffdc78ca000 	C:\Java\jdk-17.0.2\bin\VCRUNTIME140.dll
0x00007ffdcdd40000 - 0x00007ffdcdee0000 	C:\Windows\System32\USER32.dll
0x00007ffdb05f0000 - 0x00007ffdb088a000 	C:\Windows\WinSxS\amd64_microsoft.windows.common-controls_6595b64144ccf1df_6.0.19041.1110_none_60b5254171f9507e\COMCTL32.dll
0x00007ffdcc5a0000 - 0x00007ffdcc5c2000 	C:\Windows\System32\win32u.dll
0x00007ffdcd590000 - 0x00007ffdcd62e000 	C:\Windows\System32\msvcrt.dll
0x00007ffdcd560000 - 0x00007ffdcd58a000 	C:\Windows\System32\GDI32.dll
0x00007ffdcc970000 - 0x00007ffdcca7b000 	C:\Windows\System32\gdi32full.dll
0x00007ffdcc690000 - 0x00007ffdcc72d000 	C:\Windows\System32\msvcp_win.dll
0x00007ffdcd530000 - 0x00007ffdcd560000 	C:\Windows\System32\IMM32.DLL
0x00007ffdc7160000 - 0x00007ffdc716c000 	C:\Java\jdk-17.0.2\bin\vcruntime140_1.dll
0x00007ffdc70c0000 - 0x00007ffdc714d000 	C:\Java\jdk-17.0.2\bin\msvcp140.dll
0x00007ffd59d90000 - 0x00007ffd5a951000 	C:\Java\jdk-17.0.2\bin\server\jvm.dll
0x00007ffdcdb60000 - 0x00007ffdcdc0e000 	C:\Windows\System32\ADVAPI32.dll
0x00007ffdcdfa0000 - 0x00007ffdce03c000 	C:\Windows\System32\sechost.dll
0x00007ffdcdc10000 - 0x00007ffdcdd35000 	C:\Windows\System32\RPCRT4.dll
0x00007ffdcdb50000 - 0x00007ffdcdb58000 	C:\Windows\System32\PSAPI.DLL
0x00007ffdc4160000 - 0x00007ffdc416a000 	C:\Windows\SYSTEM32\VERSION.dll
0x00007ffdc0d90000 - 0x00007ffdc0db7000 	C:\Windows\SYSTEM32\WINMM.dll
0x00007ffdb9400000 - 0x00007ffdb9409000 	C:\Windows\SYSTEM32\WSOCK32.dll
0x00007ffdcd9b0000 - 0x00007ffdcda1b000 	C:\Windows\System32\WS2_32.dll
0x00007ffdca0b0000 - 0x00007ffdca0c2000 	C:\Windows\SYSTEM32\kernel.appcore.dll
0x00007ffdc6de0000 - 0x00007ffdc6dea000 	C:\Java\jdk-17.0.2\bin\jimage.dll
0x00007ffdae060000 - 0x00007ffdae244000 	C:\Windows\SYSTEM32\DBGHELP.DLL
0x00007ffdadf00000 - 0x00007ffdadf2c000 	C:\Windows\SYSTEM32\dbgcore.DLL
0x00007ffdcca80000 - 0x00007ffdccb02000 	C:\Windows\System32\bcryptPrimitives.dll
0x00007ffdc9000000 - 0x00007ffdc900e000 	C:\Java\jdk-17.0.2\bin\instrument.dll
0x00007ffdc5810000 - 0x00007ffdc5835000 	C:\Java\jdk-17.0.2\bin\java.dll
0x00007ffdc5890000 - 0x00007ffdc5966000 	C:\Java\jdk-17.0.2\bin\jsvml.dll
0x00007ffdccde0000 - 0x00007ffdcd524000 	C:\Windows\System32\SHELL32.dll
0x00007ffdca2b0000 - 0x00007ffdcaa44000 	C:\Windows\SYSTEM32\windows.storage.dll
0x00007ffdce620000 - 0x00007ffdce974000 	C:\Windows\System32\combase.dll
0x00007ffdcbb50000 - 0x00007ffdcbb7c000 	C:\Windows\SYSTEM32\Wldp.dll
0x00007ffdce100000 - 0x00007ffdce1ad000 	C:\Windows\System32\SHCORE.dll
0x00007ffdccd80000 - 0x00007ffdccdd5000 	C:\Windows\System32\shlwapi.dll
0x00007ffdcc110000 - 0x00007ffdcc12f000 	C:\Windows\SYSTEM32\profapi.dll
0x00007ffdc7340000 - 0x00007ffdc7358000 	C:\Java\jdk-17.0.2\bin\zip.dll
0x00007ffdc5870000 - 0x00007ffdc5889000 	C:\java\jdk-17.0.2\bin\net.dll
0x00007ffdc4180000 - 0x00007ffdc428a000 	C:\Windows\SYSTEM32\WINHTTP.dll
0x00007ffdcb930000 - 0x00007ffdcb99a000 	C:\Windows\system32\mswsock.dll
0x00007ffdc7360000 - 0x00007ffdc7376000 	C:\java\jdk-17.0.2\bin\nio.dll
0x00007ffdc6ce0000 - 0x00007ffdc6cfa000 	C:\Users\Matt\AppData\Local\JetBrains\Toolbox\apps\IDEA-C\ch-0\221.5591.52\bin\breakgen64.dll
0x00007ffda2cc0000 - 0x00007ffda2d35000 	C:\Users\Matt\AppData\Local\Temp\lwjglMatt\3.3.1-build-7\lwjgl.dll
0x00007ffda2c50000 - 0x00007ffda2cb1000 	C:\Users\Matt\AppData\Local\Temp\lwjglMatt\3.3.1-build-7\glfw.dll
0x00007ffda3df0000 - 0x00007ffda3e35000 	C:\Windows\SYSTEM32\dinput8.dll
0x00007ffda3e40000 - 0x00007ffda3e51000 	C:\Windows\SYSTEM32\xinput1_4.dll
0x00007ffdcc640000 - 0x00007ffdcc68e000 	C:\Windows\System32\cfgmgr32.dll
0x00007ffdcbf80000 - 0x00007ffdcbfac000 	C:\Windows\SYSTEM32\DEVOBJ.dll
0x00007ffdc9ed0000 - 0x00007ffdc9eff000 	C:\Windows\SYSTEM32\dwmapi.dll
0x00007ffda3c80000 - 0x00007ffda3dd2000 	C:\Windows\SYSTEM32\inputhost.dll
0x00007ffdccbd0000 - 0x00007ffdccc9d000 	C:\Windows\System32\OLEAUT32.dll
0x00007ffdc97b0000 - 0x00007ffdc98a2000 	C:\Windows\SYSTEM32\CoreMessaging.dll
0x00007ffdc89f0000 - 0x00007ffdc8b44000 	C:\Windows\SYSTEM32\wintypes.dll
0x00007ffdc76f0000 - 0x00007ffdc77e6000 	C:\Windows\SYSTEM32\PROPSYS.dll
0x00007ffdc9450000 - 0x00007ffdc97ae000 	C:\Windows\SYSTEM32\CoreUIComponents.dll
0x00007ffdcae90000 - 0x00007ffdcaec3000 	C:\Windows\SYSTEM32\ntmarta.dll
0x00007ffdc9b60000 - 0x00007ffdc9bfe000 	C:\Windows\system32\uxtheme.dll
0x00007ffdcd880000 - 0x00007ffdcd995000 	C:\Windows\System32\MSCTF.dll
0x00007ffda29f0000 - 0x00007ffda2c49000 	C:\Users\Matt\AppData\Local\Temp\lwjglMatt\3.3.1-build-7\jemalloc.dll
0x00007ffd77a80000 - 0x00007ffd77ba6000 	C:\Windows\SYSTEM32\opengl32.dll
0x00007ffd94610000 - 0x00007ffd9463c000 	C:\Windows\SYSTEM32\GLU32.dll
0x00007ffdccb10000 - 0x00007ffdccbb9000 	C:\Windows\System32\clbcatq.dll
0x00007ffd7fb80000 - 0x00007ffd82519000 	C:\Windows\System32\DriverStore\FileRepository\nv_dispi.inf_amd64_1c83a5d7cffd7bff\nvoglv64.dll
0x00007ffdce1b0000 - 0x00007ffdce61f000 	C:\Windows\System32\SETUPAPI.dll
0x00007ffdcc890000 - 0x00007ffdcc8b7000 	C:\Windows\System32\bcrypt.dll
0x00007ffdcda20000 - 0x00007ffdcdb4a000 	C:\Windows\System32\ole32.dll
0x00007ffdc7890000 - 0x00007ffdc78a4000 	C:\Windows\SYSTEM32\WTSAPI32.dll
0x00007ffdcbdc0000 - 0x00007ffdcbdd2000 	C:\Windows\SYSTEM32\msasn1.dll
0x00007ffdc3e80000 - 0x00007ffdc3eb1000 	C:\Windows\SYSTEM32\cryptnet.dll
0x00007ffdcc730000 - 0x00007ffdcc886000 	C:\Windows\System32\CRYPT32.dll
0x00007ffdcbac0000 - 0x00007ffdcbacc000 	C:\Windows\SYSTEM32\cryptbase.dll
0x00007ffdcc5d0000 - 0x00007ffdcc637000 	C:\Windows\System32\WINTRUST.dll
0x00007ffdc6490000 - 0x00007ffdc64cb000 	C:\Windows\SYSTEM32\dxcore.dll
0x00007ffdcb760000 - 0x00007ffdcb7ab000 	C:\Windows\SYSTEM32\powrprof.dll
0x00007ffdcb5d0000 - 0x00007ffdcb5e2000 	C:\Windows\SYSTEM32\UMPDC.dll
0x00007ffdcaf00000 - 0x00007ffdcaf5a000 	C:\Windows\SYSTEM32\WINSTA.dll
0x00007ffda8670000 - 0x00007ffda8769000 	C:\Windows\SYSTEM32\textinputframework.dll
0x00007ffd90360000 - 0x00007ffd903e1000 	C:\Users\Matt\AppData\Local\Temp\lwjglMatt\3.3.1-build-7\lwjgl_stb.dll

dbghelp: loaded successfully - version: 4.0.5 - missing functions: none
symbol engine: initialized successfully - sym options: 0x614 - pdb path: .;C:\Java\jdk-17.0.2\bin;C:\Windows\SYSTEM32;C:\Windows\WinSxS\amd64_microsoft.windows.common-controls_6595b64144ccf1df_6.0.19041.1110_none_60b5254171f9507e;C:\Java\jdk-17.0.2\bin\server;C:\Users\Matt\AppData\Local\JetBrains\Toolbox\apps\IDEA-C\ch-0\221.5591.52\bin;C:\Users\Matt\AppData\Local\Temp\lwjglMatt\3.3.1-build-7;C:\Windows\System32\DriverStore\FileRepository\nv_dispi.inf_amd64_1c83a5d7cffd7bff

VM Arguments:
jvm_args: -javaagent:C:\Users\Matt\AppData\Local\JetBrains\Toolbox\apps\IDEA-C\ch-0\221.5591.52\lib\idea_rt.jar=1130:C:\Users\Matt\AppData\Local\JetBrains\Toolbox\apps\IDEA-C\ch-0\221.5591.52\bin -Dfile.encoding=UTF-8 
java_command: main.Main
java_class_path (initial): C:\Users\Matt\IdeaProjects\PVPicross\target\classes;C:\Users\Matt\IdeaProjects\PVPicross\lib\slick-util3.jar;C:\Users\Matt\.m2\repository\org\lwjgl\lwjgl\3.3.1\lwjgl-3.3.1.jar;C:\Users\Matt\.m2\repository\org\lwjgl\lwjgl-assimp\3.3.1\lwjgl-assimp-3.3.1.jar;C:\Users\Matt\.m2\repository\org\lwjgl\lwjgl-bgfx\3.3.1\lwjgl-bgfx-3.3.1.jar;C:\Users\Matt\.m2\repository\org\lwjgl\lwjgl-cuda\3.3.1\lwjgl-cuda-3.3.1.jar;C:\Users\Matt\.m2\repository\org\lwjgl\lwjgl-egl\3.3.1\lwjgl-egl-3.3.1.jar;C:\Users\Matt\.m2\repository\org\lwjgl\lwjgl-glfw\3.3.1\lwjgl-glfw-3.3.1.jar;C:\Users\Matt\.m2\repository\org\lwjgl\lwjgl-jawt\3.3.1\lwjgl-jawt-3.3.1.jar;C:\Users\Matt\.m2\repository\org\lwjgl\lwjgl-jemalloc\3.3.1\lwjgl-jemalloc-3.3.1.jar;C:\Users\Matt\.m2\repository\org\lwjgl\lwjgl-libdivide\3.3.1\lwjgl-libdivide-3.3.1.jar;C:\Users\Matt\.m2\repository\org\lwjgl\lwjgl-llvm\3.3.1\lwjgl-llvm-3.3.1.jar;C:\Users\Matt\.m2\repository\org\lwjgl\lwjgl-lmdb\3.3.1\lwjgl-lmdb-3.3.1.jar;C:\Users\Matt\.m2\repository\org\lwjgl\lwjgl-lz4\3.3.1\lwjgl-lz4-3.3.1.jar;C:\Users\Matt\.m2\repository\org\lwjgl\lwjgl-meow\3.3.1\lwjgl-meow-3.3.1.jar;C:\Users\Matt\.m2\repository\org\lwjgl\lwjgl-meshoptimizer\3.3.1\lwjgl-meshoptimizer-3.3.1.jar;C:\Users\Matt\.m2\repository\org\lwjgl\lwjgl-nanovg\3.3.1\lwjgl-nanovg-3.3.1.jar;C:\Users\Matt\.m2\repository\org\lwjgl\lwjgl-nfd\3.3.1\lwjgl-nfd-3.3.1.jar;C:\Users\Matt\.m2\repository\org\lwjgl\lwjgl-nuklear\3.3.1\lwjgl-nuklear-3.3.1.jar;C:\Users\Matt\.m2\repository\org\lwjgl\lwjgl-odbc\3.3.1\lwjgl-odbc-3.3.1.jar;C:\Users\Matt\.m2\repository\org\lwjgl\lwjgl-openal\3.3.1\lwjgl-openal-3.3.1.jar;C:\Users\Matt\.m2\repository\org\lwjgl\lwjgl-opencl\3.3.1\lwjgl-opencl-3.3.1.jar;C:\Users\Matt\.m2\repository\org\lwjgl\lwjgl-opengl\3.3.1\lwjgl-opengl-3.3.1.jar;C:\Users\Matt\.m2\repository\org\lwjgl\lwjgl-opengles\3.3.1\lwjgl-opengles-3.3.1.jar;C:\Users\Matt\.m2\repository\org\lwjgl\lwjgl-openvr\3.3.1\lwjgl-openvr-3.3.1.jar;C:\Users\Matt\.m2\repository\org\
Launcher Type: SUN_STANDARD

[Global flags]
     intx CICompilerCount                          = 12                                        {product} {ergonomic}
     uint ConcGCThreads                            = 3                                         {product} {ergonomic}
     uint G1ConcRefinementThreads                  = 13                                        {product} {ergonomic}
   size_t G1HeapRegionSize                         = 2097152                                   {product} {ergonomic}
    uintx GCDrainStackTargetSize                   = 64                                        {product} {ergonomic}
   size_t InitialHeapSize                          = 268435456                                 {product} {ergonomic}
   size_t MarkStackSize                            = 4194304                                   {product} {ergonomic}
   size_t MaxHeapSize                              = 4282384384                                {product} {ergonomic}
   size_t MaxNewSize                               = 2569011200                                {product} {ergonomic}
   size_t MinHeapDeltaBytes                        = 2097152                                   {product} {ergonomic}
   size_t MinHeapSize                              = 8388608                                   {product} {ergonomic}
    uintx NonNMethodCodeHeapSize                   = 7602480                                {pd product} {ergonomic}
    uintx NonProfiledCodeHeapSize                  = 122027880                              {pd product} {ergonomic}
    uintx ProfiledCodeHeapSize                     = 122027880                              {pd product} {ergonomic}
    uintx ReservedCodeCacheSize                    = 251658240                              {pd product} {ergonomic}
     bool SegmentedCodeCache                       = true                                      {product} {ergonomic}
   size_t SoftMaxHeapSize                          = 4282384384                             {manageable} {ergonomic}
     bool UseCompressedClassPointers               = true                           {product lp64_product} {ergonomic}
     bool UseCompressedOops                        = true                           {product lp64_product} {ergonomic}
     bool UseG1GC                                  = true                                      {product} {ergonomic}
     bool UseLargePagesIndividualAllocation        = false                                  {pd product} {ergonomic}

Logging:
Log output configuration:
 #0: stdout all=warning uptime,level,tags
 #1: stderr all=off uptime,level,tags

Environment Variables:
JAVA_HOME=C:\java\jdk-17.0.2\bin
PATH=F:\Program Files\Plastic SCM\server;F:\Program Files\Plastic SCM\client;C:\Program Files (x86)\NVIDIA Corporation\PhysX\Common;C:\Program Files\ImageMagick-7.1.0-Q16-HDRI;C:\Program Files\OpenJDK\jdk-8.0.272.10-hotspot\bin;C:\Python39\Scripts\;C:\Python39\;C:\Program Files (x86)\Common Files\Oracle\Java\javapath;C:\Program Files\Oculus\Support\oculus-runtime;C:\Windows\system32;C:\Windows;C:\Windows\System32\Wbem;C:\Windows\System32\WindowsPowerShell\v1.0\;C:\Windows\System32\OpenSSH\;C:\Program Files\nodejs\;C:\ProgramData\chocolatey\bin;C:\Program Files\PuTTY\;C:\Program Files\Microsoft SQL Server\Client SDK\ODBC\110\Tools\Binn\;C:\Program Files (x86)\Microsoft SQL Server\120\Tools\Binn\;C:\Program Files\Microsoft SQL Server\120\Tools\Binn\;C:\Program Files\Microsoft SQL Server\120\DTS\Binn\;C:\Program Files (x86)\Windows Kits\8.1\Windows Performance Toolkit\;C:\Program Files\Git\cmd;C:\Program Files\dotnet\;C:\Python39\Scripts\;C:\Python39\;C:\Program Files (x86)\Microsoft Visual Studio\2017\BuildTools\VC\Tools\MSVC\14.16.27023\bin\HostX86\x86;C:\Program Files (x86)\Microsoft Visual Studio\2017\BuildTools\Common7\IDE\CommonExtensions\Microsoft\TestWindow;C:\Program Files (x86)\Microsoft Visual Studio\2017\BuildTools\MSBuild\15.0\bin\Roslyn;C:\Program Files (x86)\Windows Kits\10\bin\10.0.17763.0\x86;C:\Program Files (x86)\Windows Kits\10\bin\x86;C:\Program Files (x86)\Microsoft Visual Studio\2017\BuildTools\\MSBuild\15.0\bin;C:\Windows\Microsoft.NET\Framework\v4.0.30319;C:\Program Files (x86)\Microsoft Visual Studio\2017\BuildTools\Common7\IDE\;C:\Program Files (x86)\Microsoft Visual Studio\2017\BuildTools\Common7\Tools\;C:\Program Files (x86)\NVIDIA Corporation\PhysX\Common;C:\java\jdk-17.0.2\bin;C:\Program Files\Oculus\Support\oculus-runtime;C:\Windows\system32;C:\Windows;C:\Windows\System32\Wbem;C:\Windows\System32\WindowsPowerShell\v1.0\;C:\Windows\System32\OpenSSH\;C:\Users\;C:\Users\Matt\AppData\Local\Progr
USERNAME=Matt
OS=Windows_NT
PROCESSOR_IDENTIFIER=AMD64 Family 23 Model 8 Stepping 2, AuthenticAMD



---------------  S Y S T E M  ---------------

OS:
 Windows 10 , 64 bit Build 19041 (10.0.19041.1741)
OS uptime: 0 days 0:25 hours
Hyper-V role detected

CPU: total 16 (initial active 16) (16 cores per cpu, 2 threads per core) family 23 model 8 stepping 2 microcode 0x0, cx8, cmov, fxsr, ht, mmx, 3dnowpref, sse, sse2, sse3, ssse3, sse4a, sse4.1, sse4.2, popcnt, lzcnt, tsc, tscinvbit, avx, avx2, aes, clmul, bmi1, bmi2, adx, sha, fma, vzeroupper, clflush, clflushopt, hv

Memory: 4k page, system-wide physical 16333M (9571M free)
TotalPageFile size 19533M (AvailPageFile size 9814M)
current process WorkingSet (physical memory assigned to process): 85M, peak: 85M
current process commit charge ("private bytes"): 413M, peak: 413M

vm_info: OpenJDK 64-Bit Server VM (17.0.2+8-86) for windows-amd64 JRE (17.0.2+8-86), built on Dec  7 2021 21:49:10 by "mach5one" with MS VC++ 16.8 / 16.9 (VS2019)

END.
