#
# A fatal error has been detected by the Java Runtime Environment:
#
#  EXCEPTION_ACCESS_VIOLATION (0xc0000005) at pc=0x00007ffda290db50, pid=18404, tid=6780
#
# JRE version: OpenJDK Runtime Environment (17.0.2+8) (build 17.0.2+8-86)
# Java VM: OpenJDK 64-Bit Server VM (17.0.2+8-86, mixed mode, sharing, tiered, compressed oops, compressed class ptrs, g1 gc, windows-amd64)
# Problematic frame:
# C  [lwjgl_stb.dll+0xdb50]
#
# No core dump will be written. Minidumps are not enabled by default on client versions of Windows
#
# If you would like to submit a bug report, please visit:
#   https://bugreport.java.com/bugreport/crash.jsp
# The crash happened outside the Java Virtual Machine in native code.
# See problematic frame for where to report the bug.
#

---------------  S U M M A R Y ------------

Command Line: -javaagent:C:\Users\Matt\AppData\Local\JetBrains\Toolbox\apps\IDEA-C\ch-0\221.5591.52\lib\idea_rt.jar=1073:C:\Users\Matt\AppData\Local\JetBrains\Toolbox\apps\IDEA-C\ch-0\221.5591.52\bin -Dfile.encoding=UTF-8 main.Main

Host: AMD Ryzen 7 2700X Eight-Core Processor         , 16 cores, 15G,  Windows 10 , 64 bit Build 19041 (10.0.19041.1741)
Time: Fri Jun 17 21:08:08 2022 Eastern Daylight Time elapsed time: 0.597336 seconds (0d 0h 0m 0s)

---------------  T H R E A D  ---------------

Current thread (0x000001a15f121b50):  JavaThread "game" [_thread_in_native, id=6780, stack(0x0000003066d00000,0x0000003066e00000)]

Stack: [0x0000003066d00000,0x0000003066e00000],  sp=0x0000003066dfeee0,  free space=1019k
Native frames: (J=compiled Java code, j=interpreted, Vv=VM code, C=native code)
C  [lwjgl_stb.dll+0xdb50]

Java frames: (J=compiled Java code, j=interpreted, Vv=VM code)
j  org.lwjgl.stb.STBImage.nstbi_load_from_memory(JIJJJI)J+0
j  org.lwjgl.stb.STBImage.stbi_load_from_memory(Ljava/nio/ByteBuffer;Ljava/nio/IntBuffer;Ljava/nio/IntBuffer;Ljava/nio/IntBuffer;I)Ljava/nio/ByteBuffer;+43
j  engine.io.ImageParser.loadImage(Ljava/lang/String;)Lengine/io/ImageParser;+100
j  engine.io.Window.setIcon(Ljava/lang/String;)V+9
j  engine.io.Window.init()V+63
j  main.Main.init()V+33
j  main.Main.run()V+1
j  java.lang.Thread.run()V+11 java.base@17.0.2
v  ~StubRoutines::call_stub

siginfo: EXCEPTION_ACCESS_VIOLATION (0xc0000005), reading address 0x0000000000000010


Register to memory mapping:

RIP=0x00007ffda290db50 lwjgl_stb.dll
RAX=0x0000000000000010 is an unknown value
RBX=0x0000003066dff080 is pointing into the stack for thread: 0x000001a15f121b50
RCX=0x0000003066dff080 is pointing into the stack for thread: 0x000001a15f121b50
RDX=0x000001a15f326f88 points into unknown readable memory: 0x0073676e69746e69 | 69 6e 74 69 6e 67 73 00
RSP=0x0000003066dfeee0 is pointing into the stack for thread: 0x000001a15f121b50
RBP=0x000001a15f326f8c points into unknown readable memory: 6e 67 73 00
RSI=0x00007ffda2967298 lwjgl_stb.dll
RDI=0x0 is NULL
R8 =0x000001a15f326f84 points into unknown readable memory: 6c 20 50 61
R9 =0x000001a15f326f8c points into unknown readable memory: 6e 67 73 00
R10=0x000001a1418dd5f2 is at code_begin+946 in an Interpreter codelet
method entry point (kind = native)  [0x000001a1418dd240, 0x000001a1418ddbc0]  2432 bytes
R11=0x0000003066dff168 is pointing into the stack for thread: 0x000001a15f121b50
R12=0x000001a15f326f84 points into unknown readable memory: 6c 20 50 61
R13=0x0 is NULL
R14=0x0000000000000004 is an unknown value
R15=0x0000000000000004 is an unknown value


Registers:
RAX=0x0000000000000010, RBX=0x0000003066dff080, RCX=0x0000003066dff080, RDX=0x000001a15f326f88
RSP=0x0000003066dfeee0, RBP=0x000001a15f326f8c, RSI=0x00007ffda2967298, RDI=0x0000000000000000
R8 =0x000001a15f326f84, R9 =0x000001a15f326f8c, R10=0x000001a1418dd5f2, R11=0x0000003066dff168
R12=0x000001a15f326f84, R13=0x0000000000000000, R14=0x0000000000000004, R15=0x0000000000000004
RIP=0x00007ffda290db50, EFLAGS=0x0000000000010297

Top of Stack: (sp=0x0000003066dfeee0)
0x0000003066dfeee0:   00007ffd5a643830 0000000000000000
0x0000003066dfeef0:   0000000000000000 0000000000000000
0x0000003066dfef00:   0000003066dff010 00007ffda2903abb
0x0000003066dfef10:   0000003066dff080 000001a15e5564e8
0x0000003066dfef20:   0000000000000000 000001a15f000000
0x0000003066dfef30:   0000003066dfeee0 000001a1418f6000
0x0000003066dfef40:   0000000000000000 000001a1418f6036
0x0000003066dfef50:   000001a1418f6400 0000000000000000
0x0000003066dfef60:   0000000000000000 0000000000000000
0x0000003066dfef70:   000001a1418f6000 0000000000010000
0x0000003066dfef80:   0000003066dfeee0 000001a15f326f8c
0x0000003066dfef90:   0000000000000004 000001a15f326f88
0x0000003066dfefa0:   000001a15f326f84 0000000000000120
0x0000003066dfefb0:   000001a15e5564e8 0000003066dff228
0x0000003066dfefc0:   000001a15e8f5d30 00007ffda2904d5c
0x0000003066dfefd0:   0000003066dfeee0 000001a15f326f88 

Instructions: (pc=0x00007ffda290db50)
0x00007ffda290da50:   06 00 33 c0 4c 8d 9c 24 20 10 00 00 49 8b 5b 10
0x00007ffda290da60:   49 8b 6b 18 49 8b 73 20 49 8b e3 5f c3 cc cc cc
0x00007ffda290da70:   48 89 5c 24 08 48 89 6c 24 10 48 89 74 24 18 57
0x00007ffda290da80:   b8 20 10 00 00 e8 b6 bb 04 00 48 2b e0 49 63 f0
0x00007ffda290da90:   48 8b f9 48 8b ce 48 63 ea 49 8b d9 ff 15 be ca
0x00007ffda290daa0:   06 00 48 85 c0 74 5d 8b 94 24 50 10 00 00 48 8d
0x00007ffda290dab0:   4c 24 20 48 89 44 24 40 48 03 ef 48 89 44 24 38
0x00007ffda290dac0:   48 03 c6 48 89 44 24 48 48 89 7c 24 20 48 89 6c
0x00007ffda290dad0:   24 28 c7 44 24 50 01 00 00 00 e8 a1 fc ff ff 85
0x00007ffda290dae0:   c0 74 16 48 85 db 74 0a 8b 44 24 38 2b 44 24 40
0x00007ffda290daf0:   89 03 48 8b 44 24 40 eb 0d 48 8b 4c 24 40 ff 15
0x00007ffda290db00:   64 ca 06 00 33 c0 4c 8d 9c 24 20 10 00 00 49 8b
0x00007ffda290db10:   5b 10 49 8b 6b 18 49 8b 73 20 49 8b e3 5f c3 cc
0x00007ffda290db20:   48 89 5c 24 08 48 89 74 24 10 57 48 83 ec 20 48
0x00007ffda290db30:   8b d9 48 8d 35 5f 97 05 00 33 ff 0f 1f 44 00 00
0x00007ffda290db40:   48 8b 83 c0 00 00 00 48 3b 83 c8 00 00 00 73 0f
0x00007ffda290db50:   0f b6 08 48 ff c0 48 89 83 c0 00 00 00 eb 26 83
0x00007ffda290db60:   7b 30 00 74 1e 48 8b cb e8 73 83 ff ff 48 8b 83
0x00007ffda290db70:   c0 00 00 00 0f b6 08 48 ff c0 48 89 83 c0 00 00
0x00007ffda290db80:   00 eb 02 32 c9 3a 0c 37 75 1e 48 ff c7 48 83 ff
0x00007ffda290db90:   08 7c ad b8 01 00 00 00 48 8b 5c 24 30 48 8b 74
0x00007ffda290dba0:   24 38 48 83 c4 20 5f c3 65 48 8b 04 25 58 00 00
0x00007ffda290dbb0:   00 8b 0d 99 c9 06 00 48 8b 5c 24 30 48 8b 74 24
0x00007ffda290dbc0:   38 ba 20 00 00 00 48 8b 0c c8 48 8d 05 ef bf 05
0x00007ffda290dbd0:   00 48 89 04 0a 33 c0 48 83 c4 20 5f c3 cc cc cc
0x00007ffda290dbe0:   48 89 5c 24 10 44 89 4c 24 20 55 56 57 41 54 41
0x00007ffda290dbf0:   55 41 56 41 57 48 81 ec c0 00 00 00 44 8b a4 24
0x00007ffda290dc00:   28 01 00 00 41 8b e8 45 33 c0 45 8b f9 83 bc 24
0x00007ffda290dc10:   30 01 00 00 10 45 8b d0 48 8b da 4c 89 84 24 90
0x00007ffda290dc20:   00 00 00 41 0f 94 c2 48 8b f1 41 ff c2 41 8b fa
0x00007ffda290dc30:   41 0f af f9 44 8b 8c 24 20 01 00 00 44 89 4c 24
0x00007ffda290dc40:   28 8b c7 41 0f af c1 89 44 24 38 48 8b 01 4c 63 


Stack slot to memory mapping:
stack at sp + 0 slots: 0x00007ffd5a643830 jvm.dll
stack at sp + 1 slots: 0x0 is NULL
stack at sp + 2 slots: 0x0 is NULL
stack at sp + 3 slots: 0x0 is NULL
stack at sp + 4 slots: 0x0000003066dff010 is pointing into the stack for thread: 0x000001a15f121b50
stack at sp + 5 slots: 0x00007ffda2903abb lwjgl_stb.dll
stack at sp + 6 slots: 0x0000003066dff080 is pointing into the stack for thread: 0x000001a15f121b50
stack at sp + 7 slots: 0x000001a15e5564e8 is pointing into metadata


---------------  P R O C E S S  ---------------

Threads class SMR info:
_java_thread_list=0x000001a15f1f2ed0, length=17, elements={
0x000001a15e0996c0, 0x000001a15e09a140, 0x000001a15e0b1050, 0x000001a15e0b1720,
0x000001a15e0b40f0, 0x000001a15e0b4e50, 0x000001a15e0b6eb0, 0x000001a15e0bb110,
0x000001a15e0c1640, 0x000001a15e0836d0, 0x000001a15ed06790, 0x000001a15ed07160,
0x000001a15ed17a00, 0x000001a15f0fa060, 0x000001a15f0fa940, 0x000001a15f121b50,
0x000001a13889bc30
}

Java Threads: ( => current thread )
  0x000001a15e0996c0 JavaThread "Reference Handler" daemon [_thread_blocked, id=6800, stack(0x0000003065c00000,0x0000003065d00000)]
  0x000001a15e09a140 JavaThread "Finalizer" daemon [_thread_blocked, id=4828, stack(0x0000003065d00000,0x0000003065e00000)]
  0x000001a15e0b1050 JavaThread "Signal Dispatcher" daemon [_thread_blocked, id=3536, stack(0x0000003065e00000,0x0000003065f00000)]
  0x000001a15e0b1720 JavaThread "Attach Listener" daemon [_thread_blocked, id=2024, stack(0x0000003065f00000,0x0000003066000000)]
  0x000001a15e0b40f0 JavaThread "Service Thread" daemon [_thread_blocked, id=11340, stack(0x0000003066000000,0x0000003066100000)]
  0x000001a15e0b4e50 JavaThread "Monitor Deflation Thread" daemon [_thread_blocked, id=11508, stack(0x0000003066100000,0x0000003066200000)]
  0x000001a15e0b6eb0 JavaThread "C2 CompilerThread0" daemon [_thread_blocked, id=11320, stack(0x0000003066200000,0x0000003066300000)]
  0x000001a15e0bb110 JavaThread "C1 CompilerThread0" daemon [_thread_blocked, id=11436, stack(0x0000003066300000,0x0000003066400000)]
  0x000001a15e0c1640 JavaThread "Sweeper thread" daemon [_thread_blocked, id=10500, stack(0x0000003066400000,0x0000003066500000)]
  0x000001a15e0836d0 JavaThread "Common-Cleaner" daemon [_thread_blocked, id=11408, stack(0x0000003066500000,0x0000003066600000)]
  0x000001a15ed06790 JavaThread "C1 CompilerThread1" daemon [_thread_blocked, id=11324, stack(0x0000003066600000,0x0000003066700000)]
  0x000001a15ed07160 JavaThread "C1 CompilerThread2" daemon [_thread_blocked, id=6744, stack(0x0000003066700000,0x0000003066800000)]
  0x000001a15ed17a00 JavaThread "C1 CompilerThread3" daemon [_thread_blocked, id=12380, stack(0x0000003066800000,0x0000003066900000)]
  0x000001a15f0fa060 JavaThread "Monitor Ctrl-Break" daemon [_thread_in_native, id=12668, stack(0x0000003066a00000,0x0000003066b00000)]
  0x000001a15f0fa940 JavaThread "Notification Thread" daemon [_thread_blocked, id=4192, stack(0x0000003066b00000,0x0000003066c00000)]
=>0x000001a15f121b50 JavaThread "game" [_thread_in_native, id=6780, stack(0x0000003066d00000,0x0000003066e00000)]
  0x000001a13889bc30 JavaThread "DestroyJavaVM" [_thread_blocked, id=11192, stack(0x0000003065500000,0x0000003065600000)]

Other Threads:
  0x000001a15e093310 VMThread "VM Thread" [stack: 0x0000003065b00000,0x0000003065c00000] [id=16844]
  0x000001a15f105a40 WatcherThread [stack: 0x0000003066c00000,0x0000003066d00000] [id=18248]
  0x000001a1388ea3c0 GCTaskThread "GC Thread#0" [stack: 0x0000003065600000,0x0000003065700000] [id=11260]
  0x000001a1388fd260 ConcurrentGCThread "G1 Main Marker" [stack: 0x0000003065700000,0x0000003065800000] [id=10316]
  0x000001a1388fec80 ConcurrentGCThread "G1 Conc#0" [stack: 0x0000003065800000,0x0000003065900000] [id=13376]
  0x000001a1389685e0 ConcurrentGCThread "G1 Refine#0" [stack: 0x0000003065900000,0x0000003065a00000] [id=2036]
  0x000001a15df53430 ConcurrentGCThread "G1 Service" [stack: 0x0000003065a00000,0x0000003065b00000] [id=14188]

Threads with active compile tasks:

VM state: not at safepoint (normal execution)

VM Mutex/Monitor currently owned by a thread: None

Heap address: 0x0000000700c00000, size: 4084 MB, Compressed Oops mode: Zero based, Oop shift amount: 3

CDS archive(s) mapped at: [0x0000000800000000-0x0000000800bc0000-0x0000000800bc0000), size 12320768, SharedBaseAddress: 0x0000000800000000, ArchiveRelocationMode: 0.
Compressed class space mapped at: 0x0000000800c00000-0x0000000840c00000, reserved size: 1073741824
Narrow klass base: 0x0000000800000000, Narrow klass shift: 0, Narrow klass range: 0x100000000

GC Precious Log:
 CPUs: 16 total, 16 available
 Memory: 16333M
 Large Page Support: Disabled
 NUMA Support: Disabled
 Compressed Oops: Enabled (Zero based)
 Heap Region Size: 2M
 Heap Min Capacity: 8M
 Heap Initial Capacity: 256M
 Heap Max Capacity: 4084M
 Pre-touch: Disabled
 Parallel Workers: 13
 Concurrent Workers: 3
 Concurrent Refinement Workers: 13
 Periodic GC: Disabled

Heap:
 garbage-first heap   total 262144K, used 10240K [0x0000000700c00000, 0x0000000800000000)
  region size 2048K, 6 young (12288K), 0 survivors (0K)
 Metaspace       used 2628K, committed 2816K, reserved 1056768K
  class space    used 197K, committed 256K, reserved 1048576K

Heap Regions: E=young(eden), S=young(survivor), O=old, HS=humongous(starts), HC=humongous(continues), CS=collection set, F=free, OA=open archive, CA=closed archive, TAMS=top-at-mark-start (previous, next)
|   0|0x0000000700c00000, 0x0000000700c00000, 0x0000000700e00000|  0%| F|  |TAMS 0x0000000700c00000, 0x0000000700c00000| Untracked 
|   1|0x0000000700e00000, 0x0000000700e00000, 0x0000000701000000|  0%| F|  |TAMS 0x0000000700e00000, 0x0000000700e00000| Untracked 
|   2|0x0000000701000000, 0x0000000701000000, 0x0000000701200000|  0%| F|  |TAMS 0x0000000701000000, 0x0000000701000000| Untracked 
|   3|0x0000000701200000, 0x0000000701200000, 0x0000000701400000|  0%| F|  |TAMS 0x0000000701200000, 0x0000000701200000| Untracked 
|   4|0x0000000701400000, 0x0000000701400000, 0x0000000701600000|  0%| F|  |TAMS 0x0000000701400000, 0x0000000701400000| Untracked 
|   5|0x0000000701600000, 0x0000000701600000, 0x0000000701800000|  0%| F|  |TAMS 0x0000000701600000, 0x0000000701600000| Untracked 
|   6|0x0000000701800000, 0x0000000701800000, 0x0000000701a00000|  0%| F|  |TAMS 0x0000000701800000, 0x0000000701800000| Untracked 
|   7|0x0000000701a00000, 0x0000000701a00000, 0x0000000701c00000|  0%| F|  |TAMS 0x0000000701a00000, 0x0000000701a00000| Untracked 
|   8|0x0000000701c00000, 0x0000000701c00000, 0x0000000701e00000|  0%| F|  |TAMS 0x0000000701c00000, 0x0000000701c00000| Untracked 
|   9|0x0000000701e00000, 0x0000000701e00000, 0x0000000702000000|  0%| F|  |TAMS 0x0000000701e00000, 0x0000000701e00000| Untracked 
|  10|0x0000000702000000, 0x0000000702000000, 0x0000000702200000|  0%| F|  |TAMS 0x0000000702000000, 0x0000000702000000| Untracked 
|  11|0x0000000702200000, 0x0000000702200000, 0x0000000702400000|  0%| F|  |TAMS 0x0000000702200000, 0x0000000702200000| Untracked 
|  12|0x0000000702400000, 0x0000000702400000, 0x0000000702600000|  0%| F|  |TAMS 0x0000000702400000, 0x0000000702400000| Untracked 
|  13|0x0000000702600000, 0x0000000702600000, 0x0000000702800000|  0%| F|  |TAMS 0x0000000702600000, 0x0000000702600000| Untracked 
|  14|0x0000000702800000, 0x0000000702800000, 0x0000000702a00000|  0%| F|  |TAMS 0x0000000702800000, 0x0000000702800000| Untracked 
|  15|0x0000000702a00000, 0x0000000702a00000, 0x0000000702c00000|  0%| F|  |TAMS 0x0000000702a00000, 0x0000000702a00000| Untracked 
|  16|0x0000000702c00000, 0x0000000702c00000, 0x0000000702e00000|  0%| F|  |TAMS 0x0000000702c00000, 0x0000000702c00000| Untracked 
|  17|0x0000000702e00000, 0x0000000702e00000, 0x0000000703000000|  0%| F|  |TAMS 0x0000000702e00000, 0x0000000702e00000| Untracked 
|  18|0x0000000703000000, 0x0000000703000000, 0x0000000703200000|  0%| F|  |TAMS 0x0000000703000000, 0x0000000703000000| Untracked 
|  19|0x0000000703200000, 0x0000000703200000, 0x0000000703400000|  0%| F|  |TAMS 0x0000000703200000, 0x0000000703200000| Untracked 
|  20|0x0000000703400000, 0x0000000703400000, 0x0000000703600000|  0%| F|  |TAMS 0x0000000703400000, 0x0000000703400000| Untracked 
|  21|0x0000000703600000, 0x0000000703600000, 0x0000000703800000|  0%| F|  |TAMS 0x0000000703600000, 0x0000000703600000| Untracked 
|  22|0x0000000703800000, 0x0000000703800000, 0x0000000703a00000|  0%| F|  |TAMS 0x0000000703800000, 0x0000000703800000| Untracked 
|  23|0x0000000703a00000, 0x0000000703a00000, 0x0000000703c00000|  0%| F|  |TAMS 0x0000000703a00000, 0x0000000703a00000| Untracked 
|  24|0x0000000703c00000, 0x0000000703c00000, 0x0000000703e00000|  0%| F|  |TAMS 0x0000000703c00000, 0x0000000703c00000| Untracked 
|  25|0x0000000703e00000, 0x0000000703e00000, 0x0000000704000000|  0%| F|  |TAMS 0x0000000703e00000, 0x0000000703e00000| Untracked 
|  26|0x0000000704000000, 0x0000000704000000, 0x0000000704200000|  0%| F|  |TAMS 0x0000000704000000, 0x0000000704000000| Untracked 
|  27|0x0000000704200000, 0x0000000704200000, 0x0000000704400000|  0%| F|  |TAMS 0x0000000704200000, 0x0000000704200000| Untracked 
|  28|0x0000000704400000, 0x0000000704400000, 0x0000000704600000|  0%| F|  |TAMS 0x0000000704400000, 0x0000000704400000| Untracked 
|  29|0x0000000704600000, 0x0000000704600000, 0x0000000704800000|  0%| F|  |TAMS 0x0000000704600000, 0x0000000704600000| Untracked 
|  30|0x0000000704800000, 0x0000000704800000, 0x0000000704a00000|  0%| F|  |TAMS 0x0000000704800000, 0x0000000704800000| Untracked 
|  31|0x0000000704a00000, 0x0000000704a00000, 0x0000000704c00000|  0%| F|  |TAMS 0x0000000704a00000, 0x0000000704a00000| Untracked 
|  32|0x0000000704c00000, 0x0000000704c00000, 0x0000000704e00000|  0%| F|  |TAMS 0x0000000704c00000, 0x0000000704c00000| Untracked 
|  33|0x0000000704e00000, 0x0000000704e00000, 0x0000000705000000|  0%| F|  |TAMS 0x0000000704e00000, 0x0000000704e00000| Untracked 
|  34|0x0000000705000000, 0x0000000705000000, 0x0000000705200000|  0%| F|  |TAMS 0x0000000705000000, 0x0000000705000000| Untracked 
|  35|0x0000000705200000, 0x0000000705200000, 0x0000000705400000|  0%| F|  |TAMS 0x0000000705200000, 0x0000000705200000| Untracked 
|  36|0x0000000705400000, 0x0000000705400000, 0x0000000705600000|  0%| F|  |TAMS 0x0000000705400000, 0x0000000705400000| Untracked 
|  37|0x0000000705600000, 0x0000000705600000, 0x0000000705800000|  0%| F|  |TAMS 0x0000000705600000, 0x0000000705600000| Untracked 
|  38|0x0000000705800000, 0x0000000705800000, 0x0000000705a00000|  0%| F|  |TAMS 0x0000000705800000, 0x0000000705800000| Untracked 
|  39|0x0000000705a00000, 0x0000000705a00000, 0x0000000705c00000|  0%| F|  |TAMS 0x0000000705a00000, 0x0000000705a00000| Untracked 
|  40|0x0000000705c00000, 0x0000000705c00000, 0x0000000705e00000|  0%| F|  |TAMS 0x0000000705c00000, 0x0000000705c00000| Untracked 
|  41|0x0000000705e00000, 0x0000000705e00000, 0x0000000706000000|  0%| F|  |TAMS 0x0000000705e00000, 0x0000000705e00000| Untracked 
|  42|0x0000000706000000, 0x0000000706000000, 0x0000000706200000|  0%| F|  |TAMS 0x0000000706000000, 0x0000000706000000| Untracked 
|  43|0x0000000706200000, 0x0000000706200000, 0x0000000706400000|  0%| F|  |TAMS 0x0000000706200000, 0x0000000706200000| Untracked 
|  44|0x0000000706400000, 0x0000000706400000, 0x0000000706600000|  0%| F|  |TAMS 0x0000000706400000, 0x0000000706400000| Untracked 
|  45|0x0000000706600000, 0x0000000706600000, 0x0000000706800000|  0%| F|  |TAMS 0x0000000706600000, 0x0000000706600000| Untracked 
|  46|0x0000000706800000, 0x0000000706800000, 0x0000000706a00000|  0%| F|  |TAMS 0x0000000706800000, 0x0000000706800000| Untracked 
|  47|0x0000000706a00000, 0x0000000706a00000, 0x0000000706c00000|  0%| F|  |TAMS 0x0000000706a00000, 0x0000000706a00000| Untracked 
|  48|0x0000000706c00000, 0x0000000706c00000, 0x0000000706e00000|  0%| F|  |TAMS 0x0000000706c00000, 0x0000000706c00000| Untracked 
|  49|0x0000000706e00000, 0x0000000706e00000, 0x0000000707000000|  0%| F|  |TAMS 0x0000000706e00000, 0x0000000706e00000| Untracked 
|  50|0x0000000707000000, 0x0000000707000000, 0x0000000707200000|  0%| F|  |TAMS 0x0000000707000000, 0x0000000707000000| Untracked 
|  51|0x0000000707200000, 0x0000000707200000, 0x0000000707400000|  0%| F|  |TAMS 0x0000000707200000, 0x0000000707200000| Untracked 
|  52|0x0000000707400000, 0x0000000707400000, 0x0000000707600000|  0%| F|  |TAMS 0x0000000707400000, 0x0000000707400000| Untracked 
|  53|0x0000000707600000, 0x0000000707600000, 0x0000000707800000|  0%| F|  |TAMS 0x0000000707600000, 0x0000000707600000| Untracked 
|  54|0x0000000707800000, 0x0000000707800000, 0x0000000707a00000|  0%| F|  |TAMS 0x0000000707800000, 0x0000000707800000| Untracked 
|  55|0x0000000707a00000, 0x0000000707a00000, 0x0000000707c00000|  0%| F|  |TAMS 0x0000000707a00000, 0x0000000707a00000| Untracked 
|  56|0x0000000707c00000, 0x0000000707c00000, 0x0000000707e00000|  0%| F|  |TAMS 0x0000000707c00000, 0x0000000707c00000| Untracked 
|  57|0x0000000707e00000, 0x0000000707e00000, 0x0000000708000000|  0%| F|  |TAMS 0x0000000707e00000, 0x0000000707e00000| Untracked 
|  58|0x0000000708000000, 0x0000000708000000, 0x0000000708200000|  0%| F|  |TAMS 0x0000000708000000, 0x0000000708000000| Untracked 
|  59|0x0000000708200000, 0x0000000708200000, 0x0000000708400000|  0%| F|  |TAMS 0x0000000708200000, 0x0000000708200000| Untracked 
|  60|0x0000000708400000, 0x0000000708400000, 0x0000000708600000|  0%| F|  |TAMS 0x0000000708400000, 0x0000000708400000| Untracked 
|  61|0x0000000708600000, 0x0000000708600000, 0x0000000708800000|  0%| F|  |TAMS 0x0000000708600000, 0x0000000708600000| Untracked 
|  62|0x0000000708800000, 0x0000000708800000, 0x0000000708a00000|  0%| F|  |TAMS 0x0000000708800000, 0x0000000708800000| Untracked 
|  63|0x0000000708a00000, 0x0000000708a00000, 0x0000000708c00000|  0%| F|  |TAMS 0x0000000708a00000, 0x0000000708a00000| Untracked 
|  64|0x0000000708c00000, 0x0000000708c00000, 0x0000000708e00000|  0%| F|  |TAMS 0x0000000708c00000, 0x0000000708c00000| Untracked 
|  65|0x0000000708e00000, 0x0000000708e00000, 0x0000000709000000|  0%| F|  |TAMS 0x0000000708e00000, 0x0000000708e00000| Untracked 
|  66|0x0000000709000000, 0x0000000709000000, 0x0000000709200000|  0%| F|  |TAMS 0x0000000709000000, 0x0000000709000000| Untracked 
|  67|0x0000000709200000, 0x0000000709200000, 0x0000000709400000|  0%| F|  |TAMS 0x0000000709200000, 0x0000000709200000| Untracked 
|  68|0x0000000709400000, 0x0000000709400000, 0x0000000709600000|  0%| F|  |TAMS 0x0000000709400000, 0x0000000709400000| Untracked 
|  69|0x0000000709600000, 0x0000000709600000, 0x0000000709800000|  0%| F|  |TAMS 0x0000000709600000, 0x0000000709600000| Untracked 
|  70|0x0000000709800000, 0x0000000709800000, 0x0000000709a00000|  0%| F|  |TAMS 0x0000000709800000, 0x0000000709800000| Untracked 
|  71|0x0000000709a00000, 0x0000000709a00000, 0x0000000709c00000|  0%| F|  |TAMS 0x0000000709a00000, 0x0000000709a00000| Untracked 
|  72|0x0000000709c00000, 0x0000000709c00000, 0x0000000709e00000|  0%| F|  |TAMS 0x0000000709c00000, 0x0000000709c00000| Untracked 
|  73|0x0000000709e00000, 0x0000000709e00000, 0x000000070a000000|  0%| F|  |TAMS 0x0000000709e00000, 0x0000000709e00000| Untracked 
|  74|0x000000070a000000, 0x000000070a000000, 0x000000070a200000|  0%| F|  |TAMS 0x000000070a000000, 0x000000070a000000| Untracked 
|  75|0x000000070a200000, 0x000000070a200000, 0x000000070a400000|  0%| F|  |TAMS 0x000000070a200000, 0x000000070a200000| Untracked 
|  76|0x000000070a400000, 0x000000070a400000, 0x000000070a600000|  0%| F|  |TAMS 0x000000070a400000, 0x000000070a400000| Untracked 
|  77|0x000000070a600000, 0x000000070a600000, 0x000000070a800000|  0%| F|  |TAMS 0x000000070a600000, 0x000000070a600000| Untracked 
|  78|0x000000070a800000, 0x000000070a800000, 0x000000070aa00000|  0%| F|  |TAMS 0x000000070a800000, 0x000000070a800000| Untracked 
|  79|0x000000070aa00000, 0x000000070aa00000, 0x000000070ac00000|  0%| F|  |TAMS 0x000000070aa00000, 0x000000070aa00000| Untracked 
|  80|0x000000070ac00000, 0x000000070ac00000, 0x000000070ae00000|  0%| F|  |TAMS 0x000000070ac00000, 0x000000070ac00000| Untracked 
|  81|0x000000070ae00000, 0x000000070ae00000, 0x000000070b000000|  0%| F|  |TAMS 0x000000070ae00000, 0x000000070ae00000| Untracked 
|  82|0x000000070b000000, 0x000000070b000000, 0x000000070b200000|  0%| F|  |TAMS 0x000000070b000000, 0x000000070b000000| Untracked 
|  83|0x000000070b200000, 0x000000070b200000, 0x000000070b400000|  0%| F|  |TAMS 0x000000070b200000, 0x000000070b200000| Untracked 
|  84|0x000000070b400000, 0x000000070b400000, 0x000000070b600000|  0%| F|  |TAMS 0x000000070b400000, 0x000000070b400000| Untracked 
|  85|0x000000070b600000, 0x000000070b600000, 0x000000070b800000|  0%| F|  |TAMS 0x000000070b600000, 0x000000070b600000| Untracked 
|  86|0x000000070b800000, 0x000000070b800000, 0x000000070ba00000|  0%| F|  |TAMS 0x000000070b800000, 0x000000070b800000| Untracked 
|  87|0x000000070ba00000, 0x000000070ba00000, 0x000000070bc00000|  0%| F|  |TAMS 0x000000070ba00000, 0x000000070ba00000| Untracked 
|  88|0x000000070bc00000, 0x000000070bc00000, 0x000000070be00000|  0%| F|  |TAMS 0x000000070bc00000, 0x000000070bc00000| Untracked 
|  89|0x000000070be00000, 0x000000070be00000, 0x000000070c000000|  0%| F|  |TAMS 0x000000070be00000, 0x000000070be00000| Untracked 
|  90|0x000000070c000000, 0x000000070c000000, 0x000000070c200000|  0%| F|  |TAMS 0x000000070c000000, 0x000000070c000000| Untracked 
|  91|0x000000070c200000, 0x000000070c200000, 0x000000070c400000|  0%| F|  |TAMS 0x000000070c200000, 0x000000070c200000| Untracked 
|  92|0x000000070c400000, 0x000000070c400000, 0x000000070c600000|  0%| F|  |TAMS 0x000000070c400000, 0x000000070c400000| Untracked 
|  93|0x000000070c600000, 0x000000070c600000, 0x000000070c800000|  0%| F|  |TAMS 0x000000070c600000, 0x000000070c600000| Untracked 
|  94|0x000000070c800000, 0x000000070c800000, 0x000000070ca00000|  0%| F|  |TAMS 0x000000070c800000, 0x000000070c800000| Untracked 
|  95|0x000000070ca00000, 0x000000070ca00000, 0x000000070cc00000|  0%| F|  |TAMS 0x000000070ca00000, 0x000000070ca00000| Untracked 
|  96|0x000000070cc00000, 0x000000070cc00000, 0x000000070ce00000|  0%| F|  |TAMS 0x000000070cc00000, 0x000000070cc00000| Untracked 
|  97|0x000000070ce00000, 0x000000070ce00000, 0x000000070d000000|  0%| F|  |TAMS 0x000000070ce00000, 0x000000070ce00000| Untracked 
|  98|0x000000070d000000, 0x000000070d000000, 0x000000070d200000|  0%| F|  |TAMS 0x000000070d000000, 0x000000070d000000| Untracked 
|  99|0x000000070d200000, 0x000000070d200000, 0x000000070d400000|  0%| F|  |TAMS 0x000000070d200000, 0x000000070d200000| Untracked 
| 100|0x000000070d400000, 0x000000070d400000, 0x000000070d600000|  0%| F|  |TAMS 0x000000070d400000, 0x000000070d400000| Untracked 
| 101|0x000000070d600000, 0x000000070d600000, 0x000000070d800000|  0%| F|  |TAMS 0x000000070d600000, 0x000000070d600000| Untracked 
| 102|0x000000070d800000, 0x000000070d800000, 0x000000070da00000|  0%| F|  |TAMS 0x000000070d800000, 0x000000070d800000| Untracked 
| 103|0x000000070da00000, 0x000000070da00000, 0x000000070dc00000|  0%| F|  |TAMS 0x000000070da00000, 0x000000070da00000| Untracked 
| 104|0x000000070dc00000, 0x000000070dc00000, 0x000000070de00000|  0%| F|  |TAMS 0x000000070dc00000, 0x000000070dc00000| Untracked 
| 105|0x000000070de00000, 0x000000070de00000, 0x000000070e000000|  0%| F|  |TAMS 0x000000070de00000, 0x000000070de00000| Untracked 
| 106|0x000000070e000000, 0x000000070e000000, 0x000000070e200000|  0%| F|  |TAMS 0x000000070e000000, 0x000000070e000000| Untracked 
| 107|0x000000070e200000, 0x000000070e200000, 0x000000070e400000|  0%| F|  |TAMS 0x000000070e200000, 0x000000070e200000| Untracked 
| 108|0x000000070e400000, 0x000000070e400000, 0x000000070e600000|  0%| F|  |TAMS 0x000000070e400000, 0x000000070e400000| Untracked 
| 109|0x000000070e600000, 0x000000070e600000, 0x000000070e800000|  0%| F|  |TAMS 0x000000070e600000, 0x000000070e600000| Untracked 
| 110|0x000000070e800000, 0x000000070e800000, 0x000000070ea00000|  0%| F|  |TAMS 0x000000070e800000, 0x000000070e800000| Untracked 
| 111|0x000000070ea00000, 0x000000070ea00000, 0x000000070ec00000|  0%| F|  |TAMS 0x000000070ea00000, 0x000000070ea00000| Untracked 
| 112|0x000000070ec00000, 0x000000070ec00000, 0x000000070ee00000|  0%| F|  |TAMS 0x000000070ec00000, 0x000000070ec00000| Untracked 
| 113|0x000000070ee00000, 0x000000070ee00000, 0x000000070f000000|  0%| F|  |TAMS 0x000000070ee00000, 0x000000070ee00000| Untracked 
| 114|0x000000070f000000, 0x000000070f000000, 0x000000070f200000|  0%| F|  |TAMS 0x000000070f000000, 0x000000070f000000| Untracked 
| 115|0x000000070f200000, 0x000000070f200000, 0x000000070f400000|  0%| F|  |TAMS 0x000000070f200000, 0x000000070f200000| Untracked 
| 116|0x000000070f400000, 0x000000070f400000, 0x000000070f600000|  0%| F|  |TAMS 0x000000070f400000, 0x000000070f400000| Untracked 
| 117|0x000000070f600000, 0x000000070f600000, 0x000000070f800000|  0%| F|  |TAMS 0x000000070f600000, 0x000000070f600000| Untracked 
| 118|0x000000070f800000, 0x000000070f800000, 0x000000070fa00000|  0%| F|  |TAMS 0x000000070f800000, 0x000000070f800000| Untracked 
| 119|0x000000070fa00000, 0x000000070fa00000, 0x000000070fc00000|  0%| F|  |TAMS 0x000000070fa00000, 0x000000070fa00000| Untracked 
| 120|0x000000070fc00000, 0x000000070fc00000, 0x000000070fe00000|  0%| F|  |TAMS 0x000000070fc00000, 0x000000070fc00000| Untracked 
| 121|0x000000070fe00000, 0x000000070fe00000, 0x0000000710000000|  0%| F|  |TAMS 0x000000070fe00000, 0x000000070fe00000| Untracked 
| 122|0x0000000710000000, 0x0000000710102230, 0x0000000710200000| 50%| E|  |TAMS 0x0000000710000000, 0x0000000710000000| Complete 
| 123|0x0000000710200000, 0x0000000710400000, 0x0000000710400000|100%| E|CS|TAMS 0x0000000710200000, 0x0000000710200000| Complete 
| 124|0x0000000710400000, 0x0000000710600000, 0x0000000710600000|100%| E|CS|TAMS 0x0000000710400000, 0x0000000710400000| Complete 
| 125|0x0000000710600000, 0x0000000710800000, 0x0000000710800000|100%| E|CS|TAMS 0x0000000710600000, 0x0000000710600000| Complete 
| 126|0x0000000710800000, 0x0000000710a00000, 0x0000000710a00000|100%| E|CS|TAMS 0x0000000710800000, 0x0000000710800000| Complete 
| 127|0x0000000710a00000, 0x0000000710c00000, 0x0000000710c00000|100%| E|CS|TAMS 0x0000000710a00000, 0x0000000710a00000| Complete 

Card table byte_map: [0x000001a152080000,0x000001a152880000] _byte_map_base: 0x000001a14e87a000

Marking Bits (Prev, Next): (CMBitMap*) 0x000001a1388ec9f0, (CMBitMap*) 0x000001a1388eca30
 Prev Bits: [0x000001a153080000, 0x000001a157050000)
 Next Bits: [0x000001a157050000, 0x000001a15b020000)

Polling page: 0x000001a1386f0000

Metaspace:

Usage:
  Non-class:      2.37 MB used.
      Class:    197.36 KB used.
       Both:      2.57 MB used.

Virtual space:
  Non-class space:        8.00 MB reserved,       2.50 MB ( 31%) committed,  1 nodes.
      Class space:        1.00 GB reserved,     256.00 KB ( <1%) committed,  1 nodes.
             Both:        1.01 GB reserved,       2.75 MB ( <1%) committed. 

Chunk freelists:
   Non-Class:  3.00 MB
       Class:  3.64 MB
        Both:  6.64 MB

MaxMetaspaceSize: unlimited
CompressedClassSpaceSize: 1.00 GB
Initial GC threshold: 21.00 MB
Current GC threshold: 21.00 MB
CDS: on
MetaspaceReclaimPolicy: balanced
 - commit_granule_bytes: 65536.
 - commit_granule_words: 8192.
 - virtual_space_node_default_size: 1048576.
 - enlarge_chunks_in_place: 1.
 - new_chunks_are_fully_committed: 0.
 - uncommit_free_chunks: 1.
 - use_allocation_guard: 0.
 - handle_deallocations: 1.


Internal statistics:

num_allocs_failed_limit: 0.
num_arena_births: 62.
num_arena_deaths: 0.
num_vsnodes_births: 2.
num_vsnodes_deaths: 0.
num_space_committed: 44.
num_space_uncommitted: 0.
num_chunks_returned_to_freelist: 0.
num_chunks_taken_from_freelist: 122.
num_chunk_merges: 0.
num_chunk_splits: 75.
num_chunks_enlarged: 49.
num_purges: 0.
num_inconsistent_stats: 0.

CodeHeap 'non-profiled nmethods': size=119168Kb used=206Kb max_used=206Kb free=118961Kb
 bounds [0x000001a149470000, 0x000001a1496e0000, 0x000001a1508d0000]
CodeHeap 'profiled nmethods': size=119104Kb used=1105Kb max_used=1105Kb free=117998Kb
 bounds [0x000001a142020000, 0x000001a142290000, 0x000001a149470000]
CodeHeap 'non-nmethods': size=7488Kb used=3222Kb max_used=3237Kb free=4265Kb
 bounds [0x000001a1418d0000, 0x000001a141c00000, 0x000001a142020000]
 total_blobs=1639 nmethods=693 adapters=856
 compilation: enabled
              stopped_count=0, restarted_count=0
 full_count=0

Compilation events (20 events):
Event: 0.583 Thread 0x000001a15e0bb110  684   !   3       java.util.zip.Inflater::needsInput (55 bytes)
Event: 0.584 Thread 0x000001a15e0bb110 nmethod 684 0x000001a14211f810 code [0x000001a14211f9c0, 0x000001a14211fd78]
Event: 0.586 Thread 0x000001a15e0bb110  685       3       jdk.internal.misc.Unsafe::checkSize (32 bytes)
Event: 0.586 Thread 0x000001a15ed07160  686       3       jdk.internal.misc.Unsafe::checkOffset (32 bytes)
Event: 0.586 Thread 0x000001a15e0bb110 nmethod 685 0x000001a14211fe90 code [0x000001a142120040, 0x000001a1421202c8]
Event: 0.586 Thread 0x000001a15ed06790  687       3       jdk.internal.misc.Unsafe::copyMemory (33 bytes)
Event: 0.586 Thread 0x000001a15e0bb110  688       3       jdk.internal.misc.Unsafe::copyMemoryChecks (21 bytes)
Event: 0.586 Thread 0x000001a15ed07160 nmethod 686 0x000001a142120410 code [0x000001a1421205c0, 0x000001a142120848]
Event: 0.587 Thread 0x000001a15ed06790 nmethod 687 0x000001a142120990 code [0x000001a142120c40, 0x000001a142121998]
Event: 0.587 Thread 0x000001a15e0bb110 nmethod 688 0x000001a142121f90 code [0x000001a142122240, 0x000001a142122fa8]
Event: 0.587 Thread 0x000001a15e0b6eb0 nmethod 671 0x000001a1494a2510 code [0x000001a1494a26c0, 0x000001a1494a2ba8]
Event: 0.587 Thread 0x000001a15e0b6eb0  682   !   4       java.nio.DirectByteBuffer::get (34 bytes)
Event: 0.588 Thread 0x000001a15e0b6eb0 nmethod 682 0x000001a1494a2e90 code [0x000001a1494a3020, 0x000001a1494a3138]
Event: 0.590 Thread 0x000001a15e0bb110  690       3       java.lang.ref.SoftReference::get (29 bytes)
Event: 0.591 Thread 0x000001a15ed07160  691       3       jdk.internal.jimage.ImageLocation::verify (218 bytes)
Event: 0.591 Thread 0x000001a15e0bb110 nmethod 690 0x000001a142123510 code [0x000001a1421236a0, 0x000001a142123878]
Event: 0.591 Thread 0x000001a15e0b6eb0  692   !   4       jdk.internal.misc.ScopedMemoryAccess::getByte (20 bytes)
Event: 0.591 Thread 0x000001a15ed07160 nmethod 691 0x000001a142123910 code [0x000001a142123bc0, 0x000001a142124938]
Event: 0.591 Thread 0x000001a15e0b6eb0 nmethod 692 0x000001a1494a3290 code [0x000001a1494a3400, 0x000001a1494a34b8]
Event: 0.591 Thread 0x000001a15e0b6eb0  693       4       java.nio.Buffer::scope (17 bytes)

GC Heap History (0 events):
No events

Deoptimization events (20 events):
Event: 0.177 Thread 0x000001a13889bc30 Uncommon trap: trap_request=0xffffff45 fr.pc=0x000001a149486fb0 relative=0x0000000000000190
Event: 0.177 Thread 0x000001a13889bc30 Uncommon trap: reason=unstable_if action=reinterpret pc=0x000001a149486fb0 method=java.util.zip.ZipFile$Source.isMetaName([BII)Z @ 57 c2
Event: 0.177 Thread 0x000001a13889bc30 DEOPT PACKING pc=0x000001a149486fb0 sp=0x00000030655fe3c0
Event: 0.177 Thread 0x000001a13889bc30 DEOPT UNPACKING pc=0x000001a1419223a3 sp=0x00000030655fe368 mode 2
Event: 0.185 Thread 0x000001a13889bc30 Uncommon trap: trap_request=0xffffff45 fr.pc=0x000001a14947fcdc relative=0x000000000000005c
Event: 0.185 Thread 0x000001a13889bc30 Uncommon trap: reason=unstable_if action=reinterpret pc=0x000001a14947fcdc method=java.lang.String.isLatin1()Z @ 10 c2
Event: 0.185 Thread 0x000001a13889bc30 DEOPT PACKING pc=0x000001a14947fcdc sp=0x00000030655fe800
Event: 0.185 Thread 0x000001a13889bc30 DEOPT UNPACKING pc=0x000001a1419223a3 sp=0x00000030655fe790 mode 2
Event: 0.185 Thread 0x000001a13889bc30 Uncommon trap: trap_request=0xffffff45 fr.pc=0x000001a149470ff8 relative=0x0000000000000078
Event: 0.185 Thread 0x000001a13889bc30 Uncommon trap: reason=unstable_if action=reinterpret pc=0x000001a149470ff8 method=java.lang.String.isLatin1()Z @ 10 c2
Event: 0.185 Thread 0x000001a13889bc30 DEOPT PACKING pc=0x000001a149470ff8 sp=0x00000030655ff1f0
Event: 0.185 Thread 0x000001a13889bc30 DEOPT UNPACKING pc=0x000001a1419223a3 sp=0x00000030655ff130 mode 2
Event: 0.231 Thread 0x000001a15f121b50 Uncommon trap: trap_request=0xffffff45 fr.pc=0x000001a149483ae4 relative=0x0000000000000064
Event: 0.231 Thread 0x000001a15f121b50 Uncommon trap: reason=unstable_if action=reinterpret pc=0x000001a149483ae4 method=java.io.WinNTFileSystem.isSlash(C)Z @ 9 c2
Event: 0.231 Thread 0x000001a15f121b50 DEOPT PACKING pc=0x000001a149483ae4 sp=0x0000003066dfd4e0
Event: 0.231 Thread 0x000001a15f121b50 DEOPT UNPACKING pc=0x000001a1419223a3 sp=0x0000003066dfd468 mode 2
Event: 0.235 Thread 0x000001a15f121b50 Uncommon trap: trap_request=0xffffff45 fr.pc=0x000001a14948a740 relative=0x0000000000000040
Event: 0.235 Thread 0x000001a15f121b50 Uncommon trap: reason=unstable_if action=reinterpret pc=0x000001a14948a740 method=sun.nio.fs.WindowsPathParser.isSlash(C)Z @ 9 c2
Event: 0.235 Thread 0x000001a15f121b50 DEOPT PACKING pc=0x000001a14948a740 sp=0x0000003066dfd650
Event: 0.235 Thread 0x000001a15f121b50 DEOPT UNPACKING pc=0x000001a1419223a3 sp=0x0000003066dfd5d8 mode 2

Classes unloaded (0 events):
No events

Classes redefined (0 events):
No events

Internal exceptions (20 events):
Event: 0.188 Thread 0x000001a15f0fa060 Exception <a 'java/lang/NoSuchMethodError'{0x00000007105602e0}: 'java.lang.Object java.lang.invoke.DirectMethodHandle$Holder.invokeStaticInit(java.lang.Object)'> (0x00000007105602e0) 
thrown [t:\workspace\open\src\hotspot\share\interpreter\linkResolver.cpp, line 766]
Event: 0.193 Thread 0x000001a15f0fa060 Exception <a 'java/lang/NoSuchMethodError'{0x000000071056df48}: 'void java.lang.invoke.DirectMethodHandle$Holder.invokeStatic(java.lang.Object, java.lang.Object)'> (0x000000071056df48) 
thrown [t:\workspace\open\src\hotspot\share\interpreter\linkResolver.cpp, line 766]
Event: 0.209 Thread 0x000001a15f121b50 Exception <a 'java/lang/NoSuchMethodError'{0x000000071029fed0}: 'void java.lang.invoke.DirectMethodHandle$Holder.invokeSpecial(java.lang.Object, java.lang.Object, java.lang.Object)'> (0x000000071029fed0) 
thrown [t:\workspace\open\src\hotspot\share\interpreter\linkResolver.cpp, line 766]
Event: 0.211 Thread 0x000001a15f121b50 Exception <a 'java/lang/NoSuchMethodError'{0x00000007102b2c68}: 'java.lang.Object java.lang.invoke.DirectMethodHandle$Holder.invokeStatic(java.lang.Object, java.lang.Object, int)'> (0x00000007102b2c68) 
thrown [t:\workspace\open\src\hotspot\share\interpreter\linkResolver.cpp, line 766]
Event: 0.213 Thread 0x000001a15f121b50 Exception <a 'java/lang/NoSuchMethodError'{0x00000007102beb10}: 'void java.lang.invoke.DelegatingMethodHandle$Holder.delegate(java.lang.Object, java.lang.Object, int, java.lang.Object)'> (0x00000007102beb10) 
thrown [t:\workspace\open\src\hotspot\share\interpreter\linkResolver.cpp, line 766]
Event: 0.213 Thread 0x000001a15f121b50 Exception <a 'java/lang/NoSuchMethodError'{0x00000007102c2b48}: 'int java.lang.invoke.DirectMethodHandle$Holder.invokeSpecial(java.lang.Object, java.lang.Object, java.lang.Object)'> (0x00000007102c2b48) 
thrown [t:\workspace\open\src\hotspot\share\interpreter\linkResolver.cpp, line 766]
Event: 0.235 Thread 0x000001a15f121b50 Exception <a 'sun/nio/fs/WindowsException'{0x0000000710327bd8}> (0x0000000710327bd8) 
thrown [t:\workspace\open\src\hotspot\share\prims\jni.cpp, line 516]
Event: 0.236 Thread 0x000001a15f121b50 Exception <a 'sun/nio/fs/WindowsException'{0x0000000710328120}> (0x0000000710328120) 
thrown [t:\workspace\open\src\hotspot\share\prims\jni.cpp, line 516]
Event: 0.244 Thread 0x000001a15f121b50 Exception <a 'sun/nio/fs/WindowsException'{0x00000007103444f8}> (0x00000007103444f8) 
thrown [t:\workspace\open\src\hotspot\share\prims\jni.cpp, line 516]
Event: 0.244 Thread 0x000001a15f121b50 Exception <a 'sun/nio/fs/WindowsException'{0x0000000710344858}> (0x0000000710344858) 
thrown [t:\workspace\open\src\hotspot\share\prims\jni.cpp, line 516]
Event: 0.252 Thread 0x000001a15f121b50 Exception <a 'java/lang/NoSuchMethodError'{0x000000071038d050}: 'int java.lang.invoke.DirectMethodHandle$Holder.invokeStaticInit(java.lang.Object, java.lang.Object, int, long)'> (0x000000071038d050) 
thrown [t:\workspace\open\src\hotspot\share\interpreter\linkResolver.cpp, line 766]
Event: 0.252 Thread 0x000001a15f121b50 Exception <a 'java/lang/NoSuchMethodError'{0x0000000710392918}: 'java.lang.Object java.lang.invoke.DirectMethodHandle$Holder.newInvokeSpecial(java.lang.Object, java.lang.Object, int)'> (0x0000000710392918) 
thrown [t:\workspace\open\src\hotspot\share\interpreter\linkResolver.cpp, line 766]
Event: 0.254 Thread 0x000001a15f121b50 Exception <a 'java/lang/NoSuchMethodError'{0x00000007103a1870}: 'int java.lang.invoke.DirectMethodHandle$Holder.invokeStaticInit(java.lang.Object, java.lang.Object, long, long)'> (0x00000007103a1870) 
thrown [t:\workspace\open\src\hotspot\share\interpreter\linkResolver.cpp, line 766]
Event: 0.255 Thread 0x000001a15f121b50 Exception <a 'java/lang/NoSuchMethodError'{0x00000007103a7980}: 'java.lang.Object java.lang.invoke.DirectMethodHandle$Holder.newInvokeSpecial(java.lang.Object, java.lang.Object, long)'> (0x00000007103a7980) 
thrown [t:\workspace\open\src\hotspot\share\interpreter\linkResolver.cpp, line 766]
Event: 0.255 Thread 0x000001a15f121b50 Exception <a 'java/lang/NoSuchMethodError'{0x00000007103abc70}: 'java.lang.Object java.lang.invoke.Invokers$Holder.linkToTargetMethod(java.lang.Object, long, java.lang.Object)'> (0x00000007103abc70) 
thrown [t:\workspace\open\src\hotspot\share\interpreter\linkResolver.cpp, line 766]
Event: 0.256 Thread 0x000001a15f121b50 Exception <a 'java/lang/NoSuchMethodError'{0x00000007103b3388}: 'int java.lang.invoke.DirectMethodHandle$Holder.invokeStaticInit(java.lang.Object, java.lang.Object, java.lang.Object, long)'> (0x00000007103b3388) 
thrown [t:\workspace\open\src\hotspot\share\interpreter\linkResolver.cpp, line 766]
Event: 0.309 Thread 0x000001a15f121b50 Exception <a 'sun/nio/fs/WindowsException'{0x0000000710079ac8}> (0x0000000710079ac8) 
thrown [t:\workspace\open\src\hotspot\share\prims\jni.cpp, line 516]
Event: 0.309 Thread 0x000001a15f121b50 Exception <a 'sun/nio/fs/WindowsException'{0x0000000710079e58}> (0x0000000710079e58) 
thrown [t:\workspace\open\src\hotspot\share\prims\jni.cpp, line 516]
Event: 0.588 Thread 0x000001a15f121b50 Exception <a 'sun/nio/fs/WindowsException'{0x00000007100ceca0}> (0x00000007100ceca0) 
thrown [t:\workspace\open\src\hotspot\share\prims\jni.cpp, line 516]
Event: 0.588 Thread 0x000001a15f121b50 Exception <a 'sun/nio/fs/WindowsException'{0x00000007100cf018}> (0x00000007100cf018) 
thrown [t:\workspace\open\src\hotspot\share\prims\jni.cpp, line 516]

VM Operations (8 events):
Event: 0.099 Executing VM operation: HandshakeAllThreads
Event: 0.099 Executing VM operation: HandshakeAllThreads done
Event: 0.186 Executing VM operation: HandshakeAllThreads
Event: 0.186 Executing VM operation: HandshakeAllThreads done
Event: 0.211 Executing VM operation: HandshakeAllThreads
Event: 0.211 Executing VM operation: HandshakeAllThreads done
Event: 0.231 Executing VM operation: HandshakeAllThreads
Event: 0.231 Executing VM operation: HandshakeAllThreads done

Events (20 events):
Event: 0.251 loading class java/util/function/LongPredicate
Event: 0.251 loading class java/util/function/LongPredicate done
Event: 0.253 loading class jdk/internal/access/foreign/MemorySegmentProxy
Event: 0.253 loading class jdk/internal/access/foreign/MemorySegmentProxy done
Event: 0.257 loading class java/nio/InvalidMarkException
Event: 0.257 loading class java/nio/InvalidMarkException done
Event: 0.257 loading class java/nio/BufferUnderflowException
Event: 0.257 loading class java/nio/BufferUnderflowException done
Event: 0.259 loading class java/lang/IndexOutOfBoundsException
Event: 0.259 loading class java/lang/IndexOutOfBoundsException done
Event: 0.571 Thread 0x000001a15efa7de0 Thread exited: 0x000001a15efa7de0
Event: 0.574 loading class sun/net/ProgressMonitor
Event: 0.574 loading class sun/net/ProgressMonitor done
Event: 0.574 loading class sun/net/DefaultProgressMeteringPolicy
Event: 0.574 loading class sun/net/ProgressMeteringPolicy
Event: 0.574 loading class sun/net/ProgressMeteringPolicy done
Event: 0.574 loading class sun/net/DefaultProgressMeteringPolicy done
Event: 0.590 Loaded shared library C:\Users\Matt\AppData\Local\Temp\lwjglMatt\3.3.1-build-7\lwjgl_stb.dll
Event: 0.591 loading class jdk/internal/misc/ScopedMemoryAccess$Scope
Event: 0.591 loading class jdk/internal/misc/ScopedMemoryAccess$Scope done


Dynamic libraries:
0x00007ff713b50000 - 0x00007ff713b5e000 	C:\Java\jdk-17.0.2\bin\java.exe
0x00007ffdceab0000 - 0x00007ffdceca7000 	C:\Windows\SYSTEM32\ntdll.dll
0x00007ffdce040000 - 0x00007ffdce0fd000 	C:\Windows\System32\KERNEL32.DLL
0x00007ffdcc2d0000 - 0x00007ffdcc59d000 	C:\Windows\System32\KERNELBASE.dll
0x00007ffdcc1d0000 - 0x00007ffdcc2d0000 	C:\Windows\System32\ucrtbase.dll
0x00007ffdc78d0000 - 0x00007ffdc78e8000 	C:\Java\jdk-17.0.2\bin\jli.dll
0x00007ffdc78b0000 - 0x00007ffdc78ca000 	C:\Java\jdk-17.0.2\bin\VCRUNTIME140.dll
0x00007ffdcdd40000 - 0x00007ffdcdee0000 	C:\Windows\System32\USER32.dll
0x00007ffdb05f0000 - 0x00007ffdb088a000 	C:\Windows\WinSxS\amd64_microsoft.windows.common-controls_6595b64144ccf1df_6.0.19041.1110_none_60b5254171f9507e\COMCTL32.dll
0x00007ffdcc5a0000 - 0x00007ffdcc5c2000 	C:\Windows\System32\win32u.dll
0x00007ffdcd590000 - 0x00007ffdcd62e000 	C:\Windows\System32\msvcrt.dll
0x00007ffdcd560000 - 0x00007ffdcd58a000 	C:\Windows\System32\GDI32.dll
0x00007ffdcc970000 - 0x00007ffdcca7b000 	C:\Windows\System32\gdi32full.dll
0x00007ffdcc690000 - 0x00007ffdcc72d000 	C:\Windows\System32\msvcp_win.dll
0x00007ffdcd530000 - 0x00007ffdcd560000 	C:\Windows\System32\IMM32.DLL
0x00007ffdc7160000 - 0x00007ffdc716c000 	C:\Java\jdk-17.0.2\bin\vcruntime140_1.dll
0x00007ffdc70c0000 - 0x00007ffdc714d000 	C:\Java\jdk-17.0.2\bin\msvcp140.dll
0x00007ffd59d90000 - 0x00007ffd5a951000 	C:\Java\jdk-17.0.2\bin\server\jvm.dll
0x00007ffdcdb60000 - 0x00007ffdcdc0e000 	C:\Windows\System32\ADVAPI32.dll
0x00007ffdcdfa0000 - 0x00007ffdce03c000 	C:\Windows\System32\sechost.dll
0x00007ffdcdc10000 - 0x00007ffdcdd35000 	C:\Windows\System32\RPCRT4.dll
0x00007ffdcdb50000 - 0x00007ffdcdb58000 	C:\Windows\System32\PSAPI.DLL
0x00007ffdb9400000 - 0x00007ffdb9409000 	C:\Windows\SYSTEM32\WSOCK32.dll
0x00007ffdc0d90000 - 0x00007ffdc0db7000 	C:\Windows\SYSTEM32\WINMM.dll
0x00007ffdcd9b0000 - 0x00007ffdcda1b000 	C:\Windows\System32\WS2_32.dll
0x00007ffdc4160000 - 0x00007ffdc416a000 	C:\Windows\SYSTEM32\VERSION.dll
0x00007ffdca0b0000 - 0x00007ffdca0c2000 	C:\Windows\SYSTEM32\kernel.appcore.dll
0x00007ffdc6de0000 - 0x00007ffdc6dea000 	C:\Java\jdk-17.0.2\bin\jimage.dll
0x00007ffdae060000 - 0x00007ffdae244000 	C:\Windows\SYSTEM32\DBGHELP.DLL
0x00007ffdadf00000 - 0x00007ffdadf2c000 	C:\Windows\SYSTEM32\dbgcore.DLL
0x00007ffdcca80000 - 0x00007ffdccb02000 	C:\Windows\System32\bcryptPrimitives.dll
0x00007ffdc9010000 - 0x00007ffdc901e000 	C:\Java\jdk-17.0.2\bin\instrument.dll
0x00007ffdc5810000 - 0x00007ffdc5835000 	C:\Java\jdk-17.0.2\bin\java.dll
0x00007ffdc5890000 - 0x00007ffdc5966000 	C:\Java\jdk-17.0.2\bin\jsvml.dll
0x00007ffdccde0000 - 0x00007ffdcd524000 	C:\Windows\System32\SHELL32.dll
0x00007ffdca2b0000 - 0x00007ffdcaa44000 	C:\Windows\SYSTEM32\windows.storage.dll
0x00007ffdce620000 - 0x00007ffdce974000 	C:\Windows\System32\combase.dll
0x00007ffdcbb50000 - 0x00007ffdcbb7c000 	C:\Windows\SYSTEM32\Wldp.dll
0x00007ffdce100000 - 0x00007ffdce1ad000 	C:\Windows\System32\SHCORE.dll
0x00007ffdccd80000 - 0x00007ffdccdd5000 	C:\Windows\System32\shlwapi.dll
0x00007ffdcc110000 - 0x00007ffdcc12f000 	C:\Windows\SYSTEM32\profapi.dll
0x00007ffdc7340000 - 0x00007ffdc7358000 	C:\Java\jdk-17.0.2\bin\zip.dll
0x00007ffdc5870000 - 0x00007ffdc5889000 	C:\java\jdk-17.0.2\bin\net.dll
0x00007ffdc4180000 - 0x00007ffdc428a000 	C:\Windows\SYSTEM32\WINHTTP.dll
0x00007ffdcb930000 - 0x00007ffdcb99a000 	C:\Windows\system32\mswsock.dll
0x00007ffdc7360000 - 0x00007ffdc7376000 	C:\java\jdk-17.0.2\bin\nio.dll
0x00007ffdbff40000 - 0x00007ffdbff5a000 	C:\Users\Matt\AppData\Local\JetBrains\Toolbox\apps\IDEA-C\ch-0\221.5591.52\bin\breakgen64.dll
0x00007ffdbe5b0000 - 0x00007ffdbe625000 	C:\Users\Matt\AppData\Local\Temp\lwjglMatt\3.3.1-build-7\lwjgl.dll
0x00007ffdbe540000 - 0x00007ffdbe5a1000 	C:\Users\Matt\AppData\Local\Temp\lwjglMatt\3.3.1-build-7\glfw.dll
0x00007ffda2990000 - 0x00007ffda29d5000 	C:\Windows\SYSTEM32\dinput8.dll
0x00007ffda3e40000 - 0x00007ffda3e51000 	C:\Windows\SYSTEM32\xinput1_4.dll
0x00007ffdcc640000 - 0x00007ffdcc68e000 	C:\Windows\System32\cfgmgr32.dll
0x00007ffdcbf80000 - 0x00007ffdcbfac000 	C:\Windows\SYSTEM32\DEVOBJ.dll
0x00007ffdc9ed0000 - 0x00007ffdc9eff000 	C:\Windows\SYSTEM32\dwmapi.dll
0x00007ffda3c80000 - 0x00007ffda3dd2000 	C:\Windows\SYSTEM32\inputhost.dll
0x00007ffdccbd0000 - 0x00007ffdccc9d000 	C:\Windows\System32\OLEAUT32.dll
0x00007ffdc97b0000 - 0x00007ffdc98a2000 	C:\Windows\SYSTEM32\CoreMessaging.dll
0x00007ffdc89f0000 - 0x00007ffdc8b44000 	C:\Windows\SYSTEM32\wintypes.dll
0x00007ffdc76f0000 - 0x00007ffdc77e6000 	C:\Windows\SYSTEM32\PROPSYS.dll
0x00007ffdc9450000 - 0x00007ffdc97ae000 	C:\Windows\SYSTEM32\CoreUIComponents.dll
0x00007ffdcae90000 - 0x00007ffdcaec3000 	C:\Windows\SYSTEM32\ntmarta.dll
0x00007ffdc9b60000 - 0x00007ffdc9bfe000 	C:\Windows\system32\uxtheme.dll
0x00007ffdcd880000 - 0x00007ffdcd995000 	C:\Windows\System32\MSCTF.dll
0x00007ffd826b0000 - 0x00007ffd82909000 	C:\Users\Matt\AppData\Local\Temp\lwjglMatt\3.3.1-build-7\jemalloc.dll
0x00007ffd77a80000 - 0x00007ffd77ba6000 	C:\Windows\SYSTEM32\opengl32.dll
0x00007ffd94610000 - 0x00007ffd9463c000 	C:\Windows\SYSTEM32\GLU32.dll
0x00007ffdccb10000 - 0x00007ffdccbb9000 	C:\Windows\System32\clbcatq.dll
0x00007ffd7fd10000 - 0x00007ffd826a9000 	C:\Windows\System32\DriverStore\FileRepository\nv_dispi.inf_amd64_1c83a5d7cffd7bff\nvoglv64.dll
0x00007ffdce1b0000 - 0x00007ffdce61f000 	C:\Windows\System32\SETUPAPI.dll
0x00007ffdcc890000 - 0x00007ffdcc8b7000 	C:\Windows\System32\bcrypt.dll
0x00007ffdcda20000 - 0x00007ffdcdb4a000 	C:\Windows\System32\ole32.dll
0x00007ffdc7890000 - 0x00007ffdc78a4000 	C:\Windows\SYSTEM32\WTSAPI32.dll
0x00007ffdcbdc0000 - 0x00007ffdcbdd2000 	C:\Windows\SYSTEM32\msasn1.dll
0x00007ffdc3e80000 - 0x00007ffdc3eb1000 	C:\Windows\SYSTEM32\cryptnet.dll
0x00007ffdcc730000 - 0x00007ffdcc886000 	C:\Windows\System32\CRYPT32.dll
0x00007ffdcbac0000 - 0x00007ffdcbacc000 	C:\Windows\SYSTEM32\cryptbase.dll
0x00007ffdcc5d0000 - 0x00007ffdcc637000 	C:\Windows\System32\WINTRUST.dll
0x00007ffdc6490000 - 0x00007ffdc64cb000 	C:\Windows\SYSTEM32\dxcore.dll
0x00007ffdcb760000 - 0x00007ffdcb7ab000 	C:\Windows\SYSTEM32\powrprof.dll
0x00007ffdcb5d0000 - 0x00007ffdcb5e2000 	C:\Windows\SYSTEM32\UMPDC.dll
0x00007ffdcaf00000 - 0x00007ffdcaf5a000 	C:\Windows\SYSTEM32\WINSTA.dll
0x00007ffda8670000 - 0x00007ffda8769000 	C:\Windows\SYSTEM32\textinputframework.dll
0x00007ffda2900000 - 0x00007ffda2981000 	C:\Users\Matt\AppData\Local\Temp\lwjglMatt\3.3.1-build-7\lwjgl_stb.dll

dbghelp: loaded successfully - version: 4.0.5 - missing functions: none
symbol engine: initialized successfully - sym options: 0x614 - pdb path: .;C:\Java\jdk-17.0.2\bin;C:\Windows\SYSTEM32;C:\Windows\WinSxS\amd64_microsoft.windows.common-controls_6595b64144ccf1df_6.0.19041.1110_none_60b5254171f9507e;C:\Java\jdk-17.0.2\bin\server;C:\Users\Matt\AppData\Local\JetBrains\Toolbox\apps\IDEA-C\ch-0\221.5591.52\bin;C:\Users\Matt\AppData\Local\Temp\lwjglMatt\3.3.1-build-7;C:\Windows\System32\DriverStore\FileRepository\nv_dispi.inf_amd64_1c83a5d7cffd7bff

VM Arguments:
jvm_args: -javaagent:C:\Users\Matt\AppData\Local\JetBrains\Toolbox\apps\IDEA-C\ch-0\221.5591.52\lib\idea_rt.jar=1073:C:\Users\Matt\AppData\Local\JetBrains\Toolbox\apps\IDEA-C\ch-0\221.5591.52\bin -Dfile.encoding=UTF-8 
java_command: main.Main
java_class_path (initial): C:\Users\Matt\IdeaProjects\PVPicross\target\classes;C:\Users\Matt\IdeaProjects\PVPicross\lib\slick-util3.jar;C:\Users\Matt\.m2\repository\org\lwjgl\lwjgl\3.3.1\lwjgl-3.3.1.jar;C:\Users\Matt\.m2\repository\org\lwjgl\lwjgl-assimp\3.3.1\lwjgl-assimp-3.3.1.jar;C:\Users\Matt\.m2\repository\org\lwjgl\lwjgl-bgfx\3.3.1\lwjgl-bgfx-3.3.1.jar;C:\Users\Matt\.m2\repository\org\lwjgl\lwjgl-cuda\3.3.1\lwjgl-cuda-3.3.1.jar;C:\Users\Matt\.m2\repository\org\lwjgl\lwjgl-egl\3.3.1\lwjgl-egl-3.3.1.jar;C:\Users\Matt\.m2\repository\org\lwjgl\lwjgl-glfw\3.3.1\lwjgl-glfw-3.3.1.jar;C:\Users\Matt\.m2\repository\org\lwjgl\lwjgl-jawt\3.3.1\lwjgl-jawt-3.3.1.jar;C:\Users\Matt\.m2\repository\org\lwjgl\lwjgl-jemalloc\3.3.1\lwjgl-jemalloc-3.3.1.jar;C:\Users\Matt\.m2\repository\org\lwjgl\lwjgl-libdivide\3.3.1\lwjgl-libdivide-3.3.1.jar;C:\Users\Matt\.m2\repository\org\lwjgl\lwjgl-llvm\3.3.1\lwjgl-llvm-3.3.1.jar;C:\Users\Matt\.m2\repository\org\lwjgl\lwjgl-lmdb\3.3.1\lwjgl-lmdb-3.3.1.jar;C:\Users\Matt\.m2\repository\org\lwjgl\lwjgl-lz4\3.3.1\lwjgl-lz4-3.3.1.jar;C:\Users\Matt\.m2\repository\org\lwjgl\lwjgl-meow\3.3.1\lwjgl-meow-3.3.1.jar;C:\Users\Matt\.m2\repository\org\lwjgl\lwjgl-meshoptimizer\3.3.1\lwjgl-meshoptimizer-3.3.1.jar;C:\Users\Matt\.m2\repository\org\lwjgl\lwjgl-nanovg\3.3.1\lwjgl-nanovg-3.3.1.jar;C:\Users\Matt\.m2\repository\org\lwjgl\lwjgl-nfd\3.3.1\lwjgl-nfd-3.3.1.jar;C:\Users\Matt\.m2\repository\org\lwjgl\lwjgl-nuklear\3.3.1\lwjgl-nuklear-3.3.1.jar;C:\Users\Matt\.m2\repository\org\lwjgl\lwjgl-odbc\3.3.1\lwjgl-odbc-3.3.1.jar;C:\Users\Matt\.m2\repository\org\lwjgl\lwjgl-openal\3.3.1\lwjgl-openal-3.3.1.jar;C:\Users\Matt\.m2\repository\org\lwjgl\lwjgl-opencl\3.3.1\lwjgl-opencl-3.3.1.jar;C:\Users\Matt\.m2\repository\org\lwjgl\lwjgl-opengl\3.3.1\lwjgl-opengl-3.3.1.jar;C:\Users\Matt\.m2\repository\org\lwjgl\lwjgl-opengles\3.3.1\lwjgl-opengles-3.3.1.jar;C:\Users\Matt\.m2\repository\org\lwjgl\lwjgl-openvr\3.3.1\lwjgl-openvr-3.3.1.jar;C:\Users\Matt\.m2\repository\org\
Launcher Type: SUN_STANDARD

[Global flags]
     intx CICompilerCount                          = 12                                        {product} {ergonomic}
     uint ConcGCThreads                            = 3                                         {product} {ergonomic}
     uint G1ConcRefinementThreads                  = 13                                        {product} {ergonomic}
   size_t G1HeapRegionSize                         = 2097152                                   {product} {ergonomic}
    uintx GCDrainStackTargetSize                   = 64                                        {product} {ergonomic}
   size_t InitialHeapSize                          = 268435456                                 {product} {ergonomic}
   size_t MarkStackSize                            = 4194304                                   {product} {ergonomic}
   size_t MaxHeapSize                              = 4282384384                                {product} {ergonomic}
   size_t MaxNewSize                               = 2569011200                                {product} {ergonomic}
   size_t MinHeapDeltaBytes                        = 2097152                                   {product} {ergonomic}
   size_t MinHeapSize                              = 8388608                                   {product} {ergonomic}
    uintx NonNMethodCodeHeapSize                   = 7602480                                {pd product} {ergonomic}
    uintx NonProfiledCodeHeapSize                  = 122027880                              {pd product} {ergonomic}
    uintx ProfiledCodeHeapSize                     = 122027880                              {pd product} {ergonomic}
    uintx ReservedCodeCacheSize                    = 251658240                              {pd product} {ergonomic}
     bool SegmentedCodeCache                       = true                                      {product} {ergonomic}
   size_t SoftMaxHeapSize                          = 4282384384                             {manageable} {ergonomic}
     bool UseCompressedClassPointers               = true                           {product lp64_product} {ergonomic}
     bool UseCompressedOops                        = true                           {product lp64_product} {ergonomic}
     bool UseG1GC                                  = true                                      {product} {ergonomic}
     bool UseLargePagesIndividualAllocation        = false                                  {pd product} {ergonomic}

Logging:
Log output configuration:
 #0: stdout all=warning uptime,level,tags
 #1: stderr all=off uptime,level,tags

Environment Variables:
JAVA_HOME=C:\java\jdk-17.0.2\bin
PATH=F:\Program Files\Plastic SCM\server;F:\Program Files\Plastic SCM\client;C:\Program Files (x86)\NVIDIA Corporation\PhysX\Common;C:\Program Files\ImageMagick-7.1.0-Q16-HDRI;C:\Program Files\OpenJDK\jdk-8.0.272.10-hotspot\bin;C:\Python39\Scripts\;C:\Python39\;C:\Program Files (x86)\Common Files\Oracle\Java\javapath;C:\Program Files\Oculus\Support\oculus-runtime;C:\Windows\system32;C:\Windows;C:\Windows\System32\Wbem;C:\Windows\System32\WindowsPowerShell\v1.0\;C:\Windows\System32\OpenSSH\;C:\Program Files\nodejs\;C:\ProgramData\chocolatey\bin;C:\Program Files\PuTTY\;C:\Program Files\Microsoft SQL Server\Client SDK\ODBC\110\Tools\Binn\;C:\Program Files (x86)\Microsoft SQL Server\120\Tools\Binn\;C:\Program Files\Microsoft SQL Server\120\Tools\Binn\;C:\Program Files\Microsoft SQL Server\120\DTS\Binn\;C:\Program Files (x86)\Windows Kits\8.1\Windows Performance Toolkit\;C:\Program Files\Git\cmd;C:\Program Files\dotnet\;C:\Python39\Scripts\;C:\Python39\;C:\Program Files (x86)\Microsoft Visual Studio\2017\BuildTools\VC\Tools\MSVC\14.16.27023\bin\HostX86\x86;C:\Program Files (x86)\Microsoft Visual Studio\2017\BuildTools\Common7\IDE\CommonExtensions\Microsoft\TestWindow;C:\Program Files (x86)\Microsoft Visual Studio\2017\BuildTools\MSBuild\15.0\bin\Roslyn;C:\Program Files (x86)\Windows Kits\10\bin\10.0.17763.0\x86;C:\Program Files (x86)\Windows Kits\10\bin\x86;C:\Program Files (x86)\Microsoft Visual Studio\2017\BuildTools\\MSBuild\15.0\bin;C:\Windows\Microsoft.NET\Framework\v4.0.30319;C:\Program Files (x86)\Microsoft Visual Studio\2017\BuildTools\Common7\IDE\;C:\Program Files (x86)\Microsoft Visual Studio\2017\BuildTools\Common7\Tools\;C:\Program Files (x86)\NVIDIA Corporation\PhysX\Common;C:\java\jdk-17.0.2\bin;C:\Program Files\Oculus\Support\oculus-runtime;C:\Windows\system32;C:\Windows;C:\Windows\System32\Wbem;C:\Windows\System32\WindowsPowerShell\v1.0\;C:\Windows\System32\OpenSSH\;C:\Users\;C:\Users\Matt\AppData\Local\Progr
USERNAME=Matt
OS=Windows_NT
PROCESSOR_IDENTIFIER=AMD64 Family 23 Model 8 Stepping 2, AuthenticAMD



---------------  S Y S T E M  ---------------

OS:
 Windows 10 , 64 bit Build 19041 (10.0.19041.1741)
OS uptime: 0 days 0:23 hours
Hyper-V role detected

CPU: total 16 (initial active 16) (16 cores per cpu, 2 threads per core) family 23 model 8 stepping 2 microcode 0x0, cx8, cmov, fxsr, ht, mmx, 3dnowpref, sse, sse2, sse3, ssse3, sse4a, sse4.1, sse4.2, popcnt, lzcnt, tsc, tscinvbit, avx, avx2, aes, clmul, bmi1, bmi2, adx, sha, fma, vzeroupper, clflush, clflushopt, hv

Memory: 4k page, system-wide physical 16333M (9936M free)
TotalPageFile size 19533M (AvailPageFile size 10168M)
current process WorkingSet (physical memory assigned to process): 85M, peak: 85M
current process commit charge ("private bytes"): 414M, peak: 414M

vm_info: OpenJDK 64-Bit Server VM (17.0.2+8-86) for windows-amd64 JRE (17.0.2+8-86), built on Dec  7 2021 21:49:10 by "mach5one" with MS VC++ 16.8 / 16.9 (VS2019)

END.
