#
# A fatal error has been detected by the Java Runtime Environment:
#
#  EXCEPTION_ACCESS_VIOLATION (0xc0000005) at pc=0x00007ffcdc25db50, pid=9964, tid=18584
#
# JRE version: OpenJDK Runtime Environment (17.0.2+8) (build 17.0.2+8-86)
# Java VM: OpenJDK 64-Bit Server VM (17.0.2+8-86, mixed mode, sharing, tiered, compressed oops, compressed class ptrs, g1 gc, windows-amd64)
# Problematic frame:
# C  [lwjgl_stb.dll+0xdb50]
#
# No core dump will be written. Minidumps are not enabled by default on client versions of Windows
#
# If you would like to submit a bug report, please visit:
#   https://bugreport.java.com/bugreport/crash.jsp
# The crash happened outside the Java Virtual Machine in native code.
# See problematic frame for where to report the bug.
#

---------------  S U M M A R Y ------------

Command Line: -javaagent:C:\Users\Matt\AppData\Local\JetBrains\Toolbox\apps\IDEA-C\ch-0\221.5921.22\lib\idea_rt.jar=15799:C:\Users\Matt\AppData\Local\JetBrains\Toolbox\apps\IDEA-C\ch-0\221.5921.22\bin -Dfile.encoding=UTF-8 main.Main

Host: AMD Ryzen 7 2700X Eight-Core Processor         , 16 cores, 15G,  Windows 10 , 64 bit Build 19041 (10.0.19041.1741)
Time: Sun Jul  3 11:01:01 2022 Eastern Daylight Time elapsed time: 1.253042 seconds (0d 0h 0m 1s)

---------------  T H R E A D  ---------------

Current thread (0x0000017963648750):  JavaThread "game" [_thread_in_native, id=18584, stack(0x0000005e7a200000,0x0000005e7a300000)]

Stack: [0x0000005e7a200000,0x0000005e7a300000],  sp=0x0000005e7a2fed80,  free space=1019k
Native frames: (J=compiled Java code, j=interpreted, Vv=VM code, C=native code)
C  [lwjgl_stb.dll+0xdb50]

Java frames: (J=compiled Java code, j=interpreted, Vv=VM code)
j  org.lwjgl.stb.STBImage.nstbi_load_from_memory(JIJJJI)J+0
j  org.lwjgl.stb.STBImage.stbi_load_from_memory(Ljava/nio/ByteBuffer;Ljava/nio/IntBuffer;Ljava/nio/IntBuffer;Ljava/nio/IntBuffer;I)Ljava/nio/ByteBuffer;+43
j  engine.io.ImageParser.loadImage(Ljava/lang/String;)Lengine/io/ImageParser;+100
j  engine.io.Window.setIcon(Ljava/lang/String;)V+9
j  engine.io.Window.init()V+63
j  main.Main.init()V+33
j  main.Main.run()V+1
j  java.lang.Thread.run()V+11 java.base@17.0.2
v  ~StubRoutines::call_stub

siginfo: EXCEPTION_ACCESS_VIOLATION (0xc0000005), reading address 0x0000000000000010


Register to memory mapping:

RIP=0x00007ffcdc25db50 lwjgl_stb.dll
RAX=0x0000000000000010 is an unknown value
RBX=0x0000005e7a2fef20 is pointing into the stack for thread: 0x0000017963648750
RCX=0x0000005e7a2fef20 is pointing into the stack for thread: 0x0000017963648750
RDX=0x0000017963921098 points into unknown readable memory: 0x0073676e69746e69 | 69 6e 74 69 6e 67 73 00
RSP=0x0000005e7a2fed80 is pointing into the stack for thread: 0x0000017963648750
RBP=0x000001796392109c points into unknown readable memory: 6e 67 73 00
RSI=0x00007ffcdc2b7298 lwjgl_stb.dll
RDI=0x0 is NULL
R8 =0x0000017963921094 points into unknown readable memory: 6c 20 50 61
R9 =0x000001796392109c points into unknown readable memory: 6e 67 73 00
R10=0x000001794603d5f2 is at code_begin+946 in an Interpreter codelet
method entry point (kind = native)  [0x000001794603d240, 0x000001794603dbc0]  2432 bytes
R11=0x0000005e7a2ff008 is pointing into the stack for thread: 0x0000017963648750
R12=0x0000017963921094 points into unknown readable memory: 6c 20 50 61
R13=0x0 is NULL
R14=0x0000000000000004 is an unknown value
R15=0x0000000000000004 is an unknown value


Registers:
RAX=0x0000000000000010, RBX=0x0000005e7a2fef20, RCX=0x0000005e7a2fef20, RDX=0x0000017963921098
RSP=0x0000005e7a2fed80, RBP=0x000001796392109c, RSI=0x00007ffcdc2b7298, RDI=0x0000000000000000
R8 =0x0000017963921094, R9 =0x000001796392109c, R10=0x000001794603d5f2, R11=0x0000005e7a2ff008
R12=0x0000017963921094, R13=0x0000000000000000, R14=0x0000000000000004, R15=0x0000000000000004
RIP=0x00007ffcdc25db50, EFLAGS=0x0000000000010297

Top of Stack: (sp=0x0000005e7a2fed80)
0x0000005e7a2fed80:   00007ffcd0d63830 0000000000000000
0x0000005e7a2fed90:   0000000000000000 0000000000000000
0x0000005e7a2feda0:   0000005e7a2feeb0 00007ffcdc253abb
0x0000005e7a2fedb0:   0000005e7a2fef20 0000017962495a50
0x0000005e7a2fedc0:   0000000000000000 0000017963000000
0x0000005e7a2fedd0:   0000005e7a2fed80 0000017946056000
0x0000005e7a2fede0:   0000000000000000 0000017946056036
0x0000005e7a2fedf0:   0000017946056400 0000000000000000
0x0000005e7a2fee00:   0000000000000000 0000000000000000
0x0000005e7a2fee10:   0000017946056000 0000000000010000
0x0000005e7a2fee20:   0000005e7a2fed80 000001796392109c
0x0000005e7a2fee30:   0000000000000004 0000017963921098
0x0000005e7a2fee40:   0000017963921094 0000000000000120
0x0000005e7a2fee50:   0000017962495a50 0000005e7a2ff0c8
0x0000005e7a2fee60:   00000179628f7d30 00007ffcdc254d5c
0x0000005e7a2fee70:   0000005e7a2fed80 0000017963921098 

Instructions: (pc=0x00007ffcdc25db50)
0x00007ffcdc25da50:   06 00 33 c0 4c 8d 9c 24 20 10 00 00 49 8b 5b 10
0x00007ffcdc25da60:   49 8b 6b 18 49 8b 73 20 49 8b e3 5f c3 cc cc cc
0x00007ffcdc25da70:   48 89 5c 24 08 48 89 6c 24 10 48 89 74 24 18 57
0x00007ffcdc25da80:   b8 20 10 00 00 e8 b6 bb 04 00 48 2b e0 49 63 f0
0x00007ffcdc25da90:   48 8b f9 48 8b ce 48 63 ea 49 8b d9 ff 15 be ca
0x00007ffcdc25daa0:   06 00 48 85 c0 74 5d 8b 94 24 50 10 00 00 48 8d
0x00007ffcdc25dab0:   4c 24 20 48 89 44 24 40 48 03 ef 48 89 44 24 38
0x00007ffcdc25dac0:   48 03 c6 48 89 44 24 48 48 89 7c 24 20 48 89 6c
0x00007ffcdc25dad0:   24 28 c7 44 24 50 01 00 00 00 e8 a1 fc ff ff 85
0x00007ffcdc25dae0:   c0 74 16 48 85 db 74 0a 8b 44 24 38 2b 44 24 40
0x00007ffcdc25daf0:   89 03 48 8b 44 24 40 eb 0d 48 8b 4c 24 40 ff 15
0x00007ffcdc25db00:   64 ca 06 00 33 c0 4c 8d 9c 24 20 10 00 00 49 8b
0x00007ffcdc25db10:   5b 10 49 8b 6b 18 49 8b 73 20 49 8b e3 5f c3 cc
0x00007ffcdc25db20:   48 89 5c 24 08 48 89 74 24 10 57 48 83 ec 20 48
0x00007ffcdc25db30:   8b d9 48 8d 35 5f 97 05 00 33 ff 0f 1f 44 00 00
0x00007ffcdc25db40:   48 8b 83 c0 00 00 00 48 3b 83 c8 00 00 00 73 0f
0x00007ffcdc25db50:   0f b6 08 48 ff c0 48 89 83 c0 00 00 00 eb 26 83
0x00007ffcdc25db60:   7b 30 00 74 1e 48 8b cb e8 73 83 ff ff 48 8b 83
0x00007ffcdc25db70:   c0 00 00 00 0f b6 08 48 ff c0 48 89 83 c0 00 00
0x00007ffcdc25db80:   00 eb 02 32 c9 3a 0c 37 75 1e 48 ff c7 48 83 ff
0x00007ffcdc25db90:   08 7c ad b8 01 00 00 00 48 8b 5c 24 30 48 8b 74
0x00007ffcdc25dba0:   24 38 48 83 c4 20 5f c3 65 48 8b 04 25 58 00 00
0x00007ffcdc25dbb0:   00 8b 0d 99 c9 06 00 48 8b 5c 24 30 48 8b 74 24
0x00007ffcdc25dbc0:   38 ba 20 00 00 00 48 8b 0c c8 48 8d 05 ef bf 05
0x00007ffcdc25dbd0:   00 48 89 04 0a 33 c0 48 83 c4 20 5f c3 cc cc cc
0x00007ffcdc25dbe0:   48 89 5c 24 10 44 89 4c 24 20 55 56 57 41 54 41
0x00007ffcdc25dbf0:   55 41 56 41 57 48 81 ec c0 00 00 00 44 8b a4 24
0x00007ffcdc25dc00:   28 01 00 00 41 8b e8 45 33 c0 45 8b f9 83 bc 24
0x00007ffcdc25dc10:   30 01 00 00 10 45 8b d0 48 8b da 4c 89 84 24 90
0x00007ffcdc25dc20:   00 00 00 41 0f 94 c2 48 8b f1 41 ff c2 41 8b fa
0x00007ffcdc25dc30:   41 0f af f9 44 8b 8c 24 20 01 00 00 44 89 4c 24
0x00007ffcdc25dc40:   28 8b c7 41 0f af c1 89 44 24 38 48 8b 01 4c 63 


Stack slot to memory mapping:
stack at sp + 0 slots: 0x00007ffcd0d63830 jvm.dll
stack at sp + 1 slots: 0x0 is NULL
stack at sp + 2 slots: 0x0 is NULL
stack at sp + 3 slots: 0x0 is NULL
stack at sp + 4 slots: 0x0000005e7a2feeb0 is pointing into the stack for thread: 0x0000017963648750
stack at sp + 5 slots: 0x00007ffcdc253abb lwjgl_stb.dll
stack at sp + 6 slots: 0x0000005e7a2fef20 is pointing into the stack for thread: 0x0000017963648750
stack at sp + 7 slots: 0x0000017962495a50 is pointing into metadata


---------------  P R O C E S S  ---------------

Threads class SMR info:
_java_thread_list=0x00000179637fe480, length=17, elements={
0x0000017962c020a0, 0x0000017962c02b20, 0x0000017962c19e60, 0x0000017962c1a530,
0x0000017962c1cb00, 0x0000017962c1d6d0, 0x0000017962c22490, 0x0000017962c23480,
0x0000017962c35980, 0x0000017962e5e5a0, 0x0000017962e63620, 0x0000017962e63fa0,
0x0000017963502130, 0x000001796392a380, 0x000001796392b980, 0x0000017963648750,
0x000001793e7fda10
}

Java Threads: ( => current thread )
  0x0000017962c020a0 JavaThread "Reference Handler" daemon [_thread_blocked, id=7160, stack(0x0000005e79100000,0x0000005e79200000)]
  0x0000017962c02b20 JavaThread "Finalizer" daemon [_thread_blocked, id=4636, stack(0x0000005e79200000,0x0000005e79300000)]
  0x0000017962c19e60 JavaThread "Signal Dispatcher" daemon [_thread_blocked, id=11688, stack(0x0000005e79300000,0x0000005e79400000)]
  0x0000017962c1a530 JavaThread "Attach Listener" daemon [_thread_blocked, id=9820, stack(0x0000005e79400000,0x0000005e79500000)]
  0x0000017962c1cb00 JavaThread "Service Thread" daemon [_thread_blocked, id=18684, stack(0x0000005e79500000,0x0000005e79600000)]
  0x0000017962c1d6d0 JavaThread "Monitor Deflation Thread" daemon [_thread_blocked, id=18656, stack(0x0000005e79600000,0x0000005e79700000)]
  0x0000017962c22490 JavaThread "C2 CompilerThread0" daemon [_thread_blocked, id=6520, stack(0x0000005e79700000,0x0000005e79800000)]
  0x0000017962c23480 JavaThread "C1 CompilerThread0" daemon [_thread_blocked, id=10076, stack(0x0000005e79800000,0x0000005e79900000)]
  0x0000017962c35980 JavaThread "Sweeper thread" daemon [_thread_blocked, id=15040, stack(0x0000005e79900000,0x0000005e79a00000)]
  0x0000017962e5e5a0 JavaThread "Common-Cleaner" daemon [_thread_blocked, id=13036, stack(0x0000005e79a00000,0x0000005e79b00000)]
  0x0000017962e63620 JavaThread "C1 CompilerThread1" daemon [_thread_blocked, id=8740, stack(0x0000005e79b00000,0x0000005e79c00000)]
  0x0000017962e63fa0 JavaThread "C1 CompilerThread2" daemon [_thread_blocked, id=10472, stack(0x0000005e79c00000,0x0000005e79d00000)]
  0x0000017963502130 JavaThread "C1 CompilerThread3" daemon [_thread_blocked, id=18552, stack(0x0000005e79e00000,0x0000005e79f00000)]
  0x000001796392a380 JavaThread "Monitor Ctrl-Break" daemon [_thread_in_native, id=7920, stack(0x0000005e79f00000,0x0000005e7a000000)]
  0x000001796392b980 JavaThread "Notification Thread" daemon [_thread_blocked, id=4844, stack(0x0000005e7a000000,0x0000005e7a100000)]
=>0x0000017963648750 JavaThread "game" [_thread_in_native, id=18584, stack(0x0000005e7a200000,0x0000005e7a300000)]
  0x000001793e7fda10 JavaThread "DestroyJavaVM" [_thread_blocked, id=13392, stack(0x0000005e78a00000,0x0000005e78b00000)]

Other Threads:
  0x00000179618d8340 VMThread "VM Thread" [stack: 0x0000005e79000000,0x0000005e79100000] [id=11916]
  0x00000179637c1160 WatcherThread [stack: 0x0000005e7a100000,0x0000005e7a200000] [id=2624]
  0x000001793e84e3a0 GCTaskThread "GC Thread#0" [stack: 0x0000005e78b00000,0x0000005e78c00000] [id=13076]
  0x000001793e860230 ConcurrentGCThread "G1 Main Marker" [stack: 0x0000005e78c00000,0x0000005e78d00000] [id=19252]
  0x000001793e862c60 ConcurrentGCThread "G1 Conc#0" [stack: 0x0000005e78d00000,0x0000005e78e00000] [id=11864]
  0x00000179617a6800 ConcurrentGCThread "G1 Refine#0" [stack: 0x0000005e78e00000,0x0000005e78f00000] [id=14992]
  0x00000179617a6ae0 ConcurrentGCThread "G1 Service" [stack: 0x0000005e78f00000,0x0000005e79000000] [id=5976]

Threads with active compile tasks:

VM state: not at safepoint (normal execution)

VM Mutex/Monitor currently owned by a thread: None

Heap address: 0x0000000700c00000, size: 4084 MB, Compressed Oops mode: Zero based, Oop shift amount: 3

CDS archive(s) mapped at: [0x0000000800000000-0x0000000800bc0000-0x0000000800bc0000), size 12320768, SharedBaseAddress: 0x0000000800000000, ArchiveRelocationMode: 0.
Compressed class space mapped at: 0x0000000800c00000-0x0000000840c00000, reserved size: 1073741824
Narrow klass base: 0x0000000800000000, Narrow klass shift: 0, Narrow klass range: 0x100000000

GC Precious Log:
 CPUs: 16 total, 16 available
 Memory: 16333M
 Large Page Support: Disabled
 NUMA Support: Disabled
 Compressed Oops: Enabled (Zero based)
 Heap Region Size: 2M
 Heap Min Capacity: 8M
 Heap Initial Capacity: 256M
 Heap Max Capacity: 4084M
 Pre-touch: Disabled
 Parallel Workers: 13
 Concurrent Workers: 3
 Concurrent Refinement Workers: 13
 Periodic GC: Disabled

Heap:
 garbage-first heap   total 262144K, used 18432K [0x0000000700c00000, 0x0000000800000000)
  region size 2048K, 10 young (20480K), 0 survivors (0K)
 Metaspace       used 2947K, committed 3200K, reserved 1056768K
  class space    used 211K, committed 320K, reserved 1048576K

Heap Regions: E=young(eden), S=young(survivor), O=old, HS=humongous(starts), HC=humongous(continues), CS=collection set, F=free, OA=open archive, CA=closed archive, TAMS=top-at-mark-start (previous, next)
|   0|0x0000000700c00000, 0x0000000700c00000, 0x0000000700e00000|  0%| F|  |TAMS 0x0000000700c00000, 0x0000000700c00000| Untracked 
|   1|0x0000000700e00000, 0x0000000700e00000, 0x0000000701000000|  0%| F|  |TAMS 0x0000000700e00000, 0x0000000700e00000| Untracked 
|   2|0x0000000701000000, 0x0000000701000000, 0x0000000701200000|  0%| F|  |TAMS 0x0000000701000000, 0x0000000701000000| Untracked 
|   3|0x0000000701200000, 0x0000000701200000, 0x0000000701400000|  0%| F|  |TAMS 0x0000000701200000, 0x0000000701200000| Untracked 
|   4|0x0000000701400000, 0x0000000701400000, 0x0000000701600000|  0%| F|  |TAMS 0x0000000701400000, 0x0000000701400000| Untracked 
|   5|0x0000000701600000, 0x0000000701600000, 0x0000000701800000|  0%| F|  |TAMS 0x0000000701600000, 0x0000000701600000| Untracked 
|   6|0x0000000701800000, 0x0000000701800000, 0x0000000701a00000|  0%| F|  |TAMS 0x0000000701800000, 0x0000000701800000| Untracked 
|   7|0x0000000701a00000, 0x0000000701a00000, 0x0000000701c00000|  0%| F|  |TAMS 0x0000000701a00000, 0x0000000701a00000| Untracked 
|   8|0x0000000701c00000, 0x0000000701c00000, 0x0000000701e00000|  0%| F|  |TAMS 0x0000000701c00000, 0x0000000701c00000| Untracked 
|   9|0x0000000701e00000, 0x0000000701e00000, 0x0000000702000000|  0%| F|  |TAMS 0x0000000701e00000, 0x0000000701e00000| Untracked 
|  10|0x0000000702000000, 0x0000000702000000, 0x0000000702200000|  0%| F|  |TAMS 0x0000000702000000, 0x0000000702000000| Untracked 
|  11|0x0000000702200000, 0x0000000702200000, 0x0000000702400000|  0%| F|  |TAMS 0x0000000702200000, 0x0000000702200000| Untracked 
|  12|0x0000000702400000, 0x0000000702400000, 0x0000000702600000|  0%| F|  |TAMS 0x0000000702400000, 0x0000000702400000| Untracked 
|  13|0x0000000702600000, 0x0000000702600000, 0x0000000702800000|  0%| F|  |TAMS 0x0000000702600000, 0x0000000702600000| Untracked 
|  14|0x0000000702800000, 0x0000000702800000, 0x0000000702a00000|  0%| F|  |TAMS 0x0000000702800000, 0x0000000702800000| Untracked 
|  15|0x0000000702a00000, 0x0000000702a00000, 0x0000000702c00000|  0%| F|  |TAMS 0x0000000702a00000, 0x0000000702a00000| Untracked 
|  16|0x0000000702c00000, 0x0000000702c00000, 0x0000000702e00000|  0%| F|  |TAMS 0x0000000702c00000, 0x0000000702c00000| Untracked 
|  17|0x0000000702e00000, 0x0000000702e00000, 0x0000000703000000|  0%| F|  |TAMS 0x0000000702e00000, 0x0000000702e00000| Untracked 
|  18|0x0000000703000000, 0x0000000703000000, 0x0000000703200000|  0%| F|  |TAMS 0x0000000703000000, 0x0000000703000000| Untracked 
|  19|0x0000000703200000, 0x0000000703200000, 0x0000000703400000|  0%| F|  |TAMS 0x0000000703200000, 0x0000000703200000| Untracked 
|  20|0x0000000703400000, 0x0000000703400000, 0x0000000703600000|  0%| F|  |TAMS 0x0000000703400000, 0x0000000703400000| Untracked 
|  21|0x0000000703600000, 0x0000000703600000, 0x0000000703800000|  0%| F|  |TAMS 0x0000000703600000, 0x0000000703600000| Untracked 
|  22|0x0000000703800000, 0x0000000703800000, 0x0000000703a00000|  0%| F|  |TAMS 0x0000000703800000, 0x0000000703800000| Untracked 
|  23|0x0000000703a00000, 0x0000000703a00000, 0x0000000703c00000|  0%| F|  |TAMS 0x0000000703a00000, 0x0000000703a00000| Untracked 
|  24|0x0000000703c00000, 0x0000000703c00000, 0x0000000703e00000|  0%| F|  |TAMS 0x0000000703c00000, 0x0000000703c00000| Untracked 
|  25|0x0000000703e00000, 0x0000000703e00000, 0x0000000704000000|  0%| F|  |TAMS 0x0000000703e00000, 0x0000000703e00000| Untracked 
|  26|0x0000000704000000, 0x0000000704000000, 0x0000000704200000|  0%| F|  |TAMS 0x0000000704000000, 0x0000000704000000| Untracked 
|  27|0x0000000704200000, 0x0000000704200000, 0x0000000704400000|  0%| F|  |TAMS 0x0000000704200000, 0x0000000704200000| Untracked 
|  28|0x0000000704400000, 0x0000000704400000, 0x0000000704600000|  0%| F|  |TAMS 0x0000000704400000, 0x0000000704400000| Untracked 
|  29|0x0000000704600000, 0x0000000704600000, 0x0000000704800000|  0%| F|  |TAMS 0x0000000704600000, 0x0000000704600000| Untracked 
|  30|0x0000000704800000, 0x0000000704800000, 0x0000000704a00000|  0%| F|  |TAMS 0x0000000704800000, 0x0000000704800000| Untracked 
|  31|0x0000000704a00000, 0x0000000704a00000, 0x0000000704c00000|  0%| F|  |TAMS 0x0000000704a00000, 0x0000000704a00000| Untracked 
|  32|0x0000000704c00000, 0x0000000704c00000, 0x0000000704e00000|  0%| F|  |TAMS 0x0000000704c00000, 0x0000000704c00000| Untracked 
|  33|0x0000000704e00000, 0x0000000704e00000, 0x0000000705000000|  0%| F|  |TAMS 0x0000000704e00000, 0x0000000704e00000| Untracked 
|  34|0x0000000705000000, 0x0000000705000000, 0x0000000705200000|  0%| F|  |TAMS 0x0000000705000000, 0x0000000705000000| Untracked 
|  35|0x0000000705200000, 0x0000000705200000, 0x0000000705400000|  0%| F|  |TAMS 0x0000000705200000, 0x0000000705200000| Untracked 
|  36|0x0000000705400000, 0x0000000705400000, 0x0000000705600000|  0%| F|  |TAMS 0x0000000705400000, 0x0000000705400000| Untracked 
|  37|0x0000000705600000, 0x0000000705600000, 0x0000000705800000|  0%| F|  |TAMS 0x0000000705600000, 0x0000000705600000| Untracked 
|  38|0x0000000705800000, 0x0000000705800000, 0x0000000705a00000|  0%| F|  |TAMS 0x0000000705800000, 0x0000000705800000| Untracked 
|  39|0x0000000705a00000, 0x0000000705a00000, 0x0000000705c00000|  0%| F|  |TAMS 0x0000000705a00000, 0x0000000705a00000| Untracked 
|  40|0x0000000705c00000, 0x0000000705c00000, 0x0000000705e00000|  0%| F|  |TAMS 0x0000000705c00000, 0x0000000705c00000| Untracked 
|  41|0x0000000705e00000, 0x0000000705e00000, 0x0000000706000000|  0%| F|  |TAMS 0x0000000705e00000, 0x0000000705e00000| Untracked 
|  42|0x0000000706000000, 0x0000000706000000, 0x0000000706200000|  0%| F|  |TAMS 0x0000000706000000, 0x0000000706000000| Untracked 
|  43|0x0000000706200000, 0x0000000706200000, 0x0000000706400000|  0%| F|  |TAMS 0x0000000706200000, 0x0000000706200000| Untracked 
|  44|0x0000000706400000, 0x0000000706400000, 0x0000000706600000|  0%| F|  |TAMS 0x0000000706400000, 0x0000000706400000| Untracked 
|  45|0x0000000706600000, 0x0000000706600000, 0x0000000706800000|  0%| F|  |TAMS 0x0000000706600000, 0x0000000706600000| Untracked 
|  46|0x0000000706800000, 0x0000000706800000, 0x0000000706a00000|  0%| F|  |TAMS 0x0000000706800000, 0x0000000706800000| Untracked 
|  47|0x0000000706a00000, 0x0000000706a00000, 0x0000000706c00000|  0%| F|  |TAMS 0x0000000706a00000, 0x0000000706a00000| Untracked 
|  48|0x0000000706c00000, 0x0000000706c00000, 0x0000000706e00000|  0%| F|  |TAMS 0x0000000706c00000, 0x0000000706c00000| Untracked 
|  49|0x0000000706e00000, 0x0000000706e00000, 0x0000000707000000|  0%| F|  |TAMS 0x0000000706e00000, 0x0000000706e00000| Untracked 
|  50|0x0000000707000000, 0x0000000707000000, 0x0000000707200000|  0%| F|  |TAMS 0x0000000707000000, 0x0000000707000000| Untracked 
|  51|0x0000000707200000, 0x0000000707200000, 0x0000000707400000|  0%| F|  |TAMS 0x0000000707200000, 0x0000000707200000| Untracked 
|  52|0x0000000707400000, 0x0000000707400000, 0x0000000707600000|  0%| F|  |TAMS 0x0000000707400000, 0x0000000707400000| Untracked 
|  53|0x0000000707600000, 0x0000000707600000, 0x0000000707800000|  0%| F|  |TAMS 0x0000000707600000, 0x0000000707600000| Untracked 
|  54|0x0000000707800000, 0x0000000707800000, 0x0000000707a00000|  0%| F|  |TAMS 0x0000000707800000, 0x0000000707800000| Untracked 
|  55|0x0000000707a00000, 0x0000000707a00000, 0x0000000707c00000|  0%| F|  |TAMS 0x0000000707a00000, 0x0000000707a00000| Untracked 
|  56|0x0000000707c00000, 0x0000000707c00000, 0x0000000707e00000|  0%| F|  |TAMS 0x0000000707c00000, 0x0000000707c00000| Untracked 
|  57|0x0000000707e00000, 0x0000000707e00000, 0x0000000708000000|  0%| F|  |TAMS 0x0000000707e00000, 0x0000000707e00000| Untracked 
|  58|0x0000000708000000, 0x0000000708000000, 0x0000000708200000|  0%| F|  |TAMS 0x0000000708000000, 0x0000000708000000| Untracked 
|  59|0x0000000708200000, 0x0000000708200000, 0x0000000708400000|  0%| F|  |TAMS 0x0000000708200000, 0x0000000708200000| Untracked 
|  60|0x0000000708400000, 0x0000000708400000, 0x0000000708600000|  0%| F|  |TAMS 0x0000000708400000, 0x0000000708400000| Untracked 
|  61|0x0000000708600000, 0x0000000708600000, 0x0000000708800000|  0%| F|  |TAMS 0x0000000708600000, 0x0000000708600000| Untracked 
|  62|0x0000000708800000, 0x0000000708800000, 0x0000000708a00000|  0%| F|  |TAMS 0x0000000708800000, 0x0000000708800000| Untracked 
|  63|0x0000000708a00000, 0x0000000708a00000, 0x0000000708c00000|  0%| F|  |TAMS 0x0000000708a00000, 0x0000000708a00000| Untracked 
|  64|0x0000000708c00000, 0x0000000708c00000, 0x0000000708e00000|  0%| F|  |TAMS 0x0000000708c00000, 0x0000000708c00000| Untracked 
|  65|0x0000000708e00000, 0x0000000708e00000, 0x0000000709000000|  0%| F|  |TAMS 0x0000000708e00000, 0x0000000708e00000| Untracked 
|  66|0x0000000709000000, 0x0000000709000000, 0x0000000709200000|  0%| F|  |TAMS 0x0000000709000000, 0x0000000709000000| Untracked 
|  67|0x0000000709200000, 0x0000000709200000, 0x0000000709400000|  0%| F|  |TAMS 0x0000000709200000, 0x0000000709200000| Untracked 
|  68|0x0000000709400000, 0x0000000709400000, 0x0000000709600000|  0%| F|  |TAMS 0x0000000709400000, 0x0000000709400000| Untracked 
|  69|0x0000000709600000, 0x0000000709600000, 0x0000000709800000|  0%| F|  |TAMS 0x0000000709600000, 0x0000000709600000| Untracked 
|  70|0x0000000709800000, 0x0000000709800000, 0x0000000709a00000|  0%| F|  |TAMS 0x0000000709800000, 0x0000000709800000| Untracked 
|  71|0x0000000709a00000, 0x0000000709a00000, 0x0000000709c00000|  0%| F|  |TAMS 0x0000000709a00000, 0x0000000709a00000| Untracked 
|  72|0x0000000709c00000, 0x0000000709c00000, 0x0000000709e00000|  0%| F|  |TAMS 0x0000000709c00000, 0x0000000709c00000| Untracked 
|  73|0x0000000709e00000, 0x0000000709e00000, 0x000000070a000000|  0%| F|  |TAMS 0x0000000709e00000, 0x0000000709e00000| Untracked 
|  74|0x000000070a000000, 0x000000070a000000, 0x000000070a200000|  0%| F|  |TAMS 0x000000070a000000, 0x000000070a000000| Untracked 
|  75|0x000000070a200000, 0x000000070a200000, 0x000000070a400000|  0%| F|  |TAMS 0x000000070a200000, 0x000000070a200000| Untracked 
|  76|0x000000070a400000, 0x000000070a400000, 0x000000070a600000|  0%| F|  |TAMS 0x000000070a400000, 0x000000070a400000| Untracked 
|  77|0x000000070a600000, 0x000000070a600000, 0x000000070a800000|  0%| F|  |TAMS 0x000000070a600000, 0x000000070a600000| Untracked 
|  78|0x000000070a800000, 0x000000070a800000, 0x000000070aa00000|  0%| F|  |TAMS 0x000000070a800000, 0x000000070a800000| Untracked 
|  79|0x000000070aa00000, 0x000000070aa00000, 0x000000070ac00000|  0%| F|  |TAMS 0x000000070aa00000, 0x000000070aa00000| Untracked 
|  80|0x000000070ac00000, 0x000000070ac00000, 0x000000070ae00000|  0%| F|  |TAMS 0x000000070ac00000, 0x000000070ac00000| Untracked 
|  81|0x000000070ae00000, 0x000000070ae00000, 0x000000070b000000|  0%| F|  |TAMS 0x000000070ae00000, 0x000000070ae00000| Untracked 
|  82|0x000000070b000000, 0x000000070b000000, 0x000000070b200000|  0%| F|  |TAMS 0x000000070b000000, 0x000000070b000000| Untracked 
|  83|0x000000070b200000, 0x000000070b200000, 0x000000070b400000|  0%| F|  |TAMS 0x000000070b200000, 0x000000070b200000| Untracked 
|  84|0x000000070b400000, 0x000000070b400000, 0x000000070b600000|  0%| F|  |TAMS 0x000000070b400000, 0x000000070b400000| Untracked 
|  85|0x000000070b600000, 0x000000070b600000, 0x000000070b800000|  0%| F|  |TAMS 0x000000070b600000, 0x000000070b600000| Untracked 
|  86|0x000000070b800000, 0x000000070b800000, 0x000000070ba00000|  0%| F|  |TAMS 0x000000070b800000, 0x000000070b800000| Untracked 
|  87|0x000000070ba00000, 0x000000070ba00000, 0x000000070bc00000|  0%| F|  |TAMS 0x000000070ba00000, 0x000000070ba00000| Untracked 
|  88|0x000000070bc00000, 0x000000070bc00000, 0x000000070be00000|  0%| F|  |TAMS 0x000000070bc00000, 0x000000070bc00000| Untracked 
|  89|0x000000070be00000, 0x000000070be00000, 0x000000070c000000|  0%| F|  |TAMS 0x000000070be00000, 0x000000070be00000| Untracked 
|  90|0x000000070c000000, 0x000000070c000000, 0x000000070c200000|  0%| F|  |TAMS 0x000000070c000000, 0x000000070c000000| Untracked 
|  91|0x000000070c200000, 0x000000070c200000, 0x000000070c400000|  0%| F|  |TAMS 0x000000070c200000, 0x000000070c200000| Untracked 
|  92|0x000000070c400000, 0x000000070c400000, 0x000000070c600000|  0%| F|  |TAMS 0x000000070c400000, 0x000000070c400000| Untracked 
|  93|0x000000070c600000, 0x000000070c600000, 0x000000070c800000|  0%| F|  |TAMS 0x000000070c600000, 0x000000070c600000| Untracked 
|  94|0x000000070c800000, 0x000000070c800000, 0x000000070ca00000|  0%| F|  |TAMS 0x000000070c800000, 0x000000070c800000| Untracked 
|  95|0x000000070ca00000, 0x000000070ca00000, 0x000000070cc00000|  0%| F|  |TAMS 0x000000070ca00000, 0x000000070ca00000| Untracked 
|  96|0x000000070cc00000, 0x000000070cc00000, 0x000000070ce00000|  0%| F|  |TAMS 0x000000070cc00000, 0x000000070cc00000| Untracked 
|  97|0x000000070ce00000, 0x000000070ce00000, 0x000000070d000000|  0%| F|  |TAMS 0x000000070ce00000, 0x000000070ce00000| Untracked 
|  98|0x000000070d000000, 0x000000070d000000, 0x000000070d200000|  0%| F|  |TAMS 0x000000070d000000, 0x000000070d000000| Untracked 
|  99|0x000000070d200000, 0x000000070d200000, 0x000000070d400000|  0%| F|  |TAMS 0x000000070d200000, 0x000000070d200000| Untracked 
| 100|0x000000070d400000, 0x000000070d400000, 0x000000070d600000|  0%| F|  |TAMS 0x000000070d400000, 0x000000070d400000| Untracked 
| 101|0x000000070d600000, 0x000000070d600000, 0x000000070d800000|  0%| F|  |TAMS 0x000000070d600000, 0x000000070d600000| Untracked 
| 102|0x000000070d800000, 0x000000070d800000, 0x000000070da00000|  0%| F|  |TAMS 0x000000070d800000, 0x000000070d800000| Untracked 
| 103|0x000000070da00000, 0x000000070da00000, 0x000000070dc00000|  0%| F|  |TAMS 0x000000070da00000, 0x000000070da00000| Untracked 
| 104|0x000000070dc00000, 0x000000070dc00000, 0x000000070de00000|  0%| F|  |TAMS 0x000000070dc00000, 0x000000070dc00000| Untracked 
| 105|0x000000070de00000, 0x000000070de00000, 0x000000070e000000|  0%| F|  |TAMS 0x000000070de00000, 0x000000070de00000| Untracked 
| 106|0x000000070e000000, 0x000000070e000000, 0x000000070e200000|  0%| F|  |TAMS 0x000000070e000000, 0x000000070e000000| Untracked 
| 107|0x000000070e200000, 0x000000070e200000, 0x000000070e400000|  0%| F|  |TAMS 0x000000070e200000, 0x000000070e200000| Untracked 
| 108|0x000000070e400000, 0x000000070e400000, 0x000000070e600000|  0%| F|  |TAMS 0x000000070e400000, 0x000000070e400000| Untracked 
| 109|0x000000070e600000, 0x000000070e600000, 0x000000070e800000|  0%| F|  |TAMS 0x000000070e600000, 0x000000070e600000| Untracked 
| 110|0x000000070e800000, 0x000000070e800000, 0x000000070ea00000|  0%| F|  |TAMS 0x000000070e800000, 0x000000070e800000| Untracked 
| 111|0x000000070ea00000, 0x000000070ea00000, 0x000000070ec00000|  0%| F|  |TAMS 0x000000070ea00000, 0x000000070ea00000| Untracked 
| 112|0x000000070ec00000, 0x000000070ec00000, 0x000000070ee00000|  0%| F|  |TAMS 0x000000070ec00000, 0x000000070ec00000| Untracked 
| 113|0x000000070ee00000, 0x000000070ee00000, 0x000000070f000000|  0%| F|  |TAMS 0x000000070ee00000, 0x000000070ee00000| Untracked 
| 114|0x000000070f000000, 0x000000070f000000, 0x000000070f200000|  0%| F|  |TAMS 0x000000070f000000, 0x000000070f000000| Untracked 
| 115|0x000000070f200000, 0x000000070f200000, 0x000000070f400000|  0%| F|  |TAMS 0x000000070f200000, 0x000000070f200000| Untracked 
| 116|0x000000070f400000, 0x000000070f400000, 0x000000070f600000|  0%| F|  |TAMS 0x000000070f400000, 0x000000070f400000| Untracked 
| 117|0x000000070f600000, 0x000000070f600000, 0x000000070f800000|  0%| F|  |TAMS 0x000000070f600000, 0x000000070f600000| Untracked 
| 118|0x000000070f800000, 0x000000070f8e24f0, 0x000000070fa00000| 44%| E|  |TAMS 0x000000070f800000, 0x000000070f800000| Complete 
| 119|0x000000070fa00000, 0x000000070fc00000, 0x000000070fc00000|100%| E|CS|TAMS 0x000000070fa00000, 0x000000070fa00000| Complete 
| 120|0x000000070fc00000, 0x000000070fe00000, 0x000000070fe00000|100%| E|CS|TAMS 0x000000070fc00000, 0x000000070fc00000| Complete 
| 121|0x000000070fe00000, 0x0000000710000000, 0x0000000710000000|100%| E|CS|TAMS 0x000000070fe00000, 0x000000070fe00000| Complete 
| 122|0x0000000710000000, 0x0000000710200000, 0x0000000710200000|100%| E|CS|TAMS 0x0000000710000000, 0x0000000710000000| Complete 
| 123|0x0000000710200000, 0x0000000710400000, 0x0000000710400000|100%| E|CS|TAMS 0x0000000710200000, 0x0000000710200000| Complete 
| 124|0x0000000710400000, 0x0000000710600000, 0x0000000710600000|100%| E|CS|TAMS 0x0000000710400000, 0x0000000710400000| Complete 
| 125|0x0000000710600000, 0x0000000710800000, 0x0000000710800000|100%| E|CS|TAMS 0x0000000710600000, 0x0000000710600000| Complete 
| 126|0x0000000710800000, 0x0000000710a00000, 0x0000000710a00000|100%| E|CS|TAMS 0x0000000710800000, 0x0000000710800000| Complete 
| 127|0x0000000710a00000, 0x0000000710c00000, 0x0000000710c00000|100%| E|CS|TAMS 0x0000000710a00000, 0x0000000710a00000| Complete 

Card table byte_map: [0x00000179560e0000,0x00000179568e0000] _byte_map_base: 0x00000179528da000

Marking Bits (Prev, Next): (CMBitMap*) 0x000001793e84f9c0, (CMBitMap*) 0x000001793e84fa00
 Prev Bits: [0x00000179570e0000, 0x000001795b0b0000)
 Next Bits: [0x000001795b0b0000, 0x000001795f080000)

Polling page: 0x000001793c770000

Metaspace:

Usage:
  Non-class:      2.67 MB used.
      Class:    211.74 KB used.
       Both:      2.88 MB used.

Virtual space:
  Non-class space:        8.00 MB reserved,       2.81 MB ( 35%) committed,  1 nodes.
      Class space:        1.00 GB reserved,     320.00 KB ( <1%) committed,  1 nodes.
             Both:        1.01 GB reserved,       3.12 MB ( <1%) committed. 

Chunk freelists:
   Non-Class:  2.98 MB
       Class:  3.64 MB
        Both:  6.62 MB

MaxMetaspaceSize: unlimited
CompressedClassSpaceSize: 1.00 GB
Initial GC threshold: 21.00 MB
Current GC threshold: 21.00 MB
CDS: on
MetaspaceReclaimPolicy: balanced
 - commit_granule_bytes: 65536.
 - commit_granule_words: 8192.
 - virtual_space_node_default_size: 1048576.
 - enlarge_chunks_in_place: 1.
 - new_chunks_are_fully_committed: 0.
 - uncommit_free_chunks: 1.
 - use_allocation_guard: 0.
 - handle_deallocations: 1.


Internal statistics:

num_allocs_failed_limit: 0.
num_arena_births: 64.
num_arena_deaths: 0.
num_vsnodes_births: 2.
num_vsnodes_deaths: 0.
num_space_committed: 50.
num_space_uncommitted: 0.
num_chunks_returned_to_freelist: 0.
num_chunks_taken_from_freelist: 122.
num_chunk_merges: 0.
num_chunk_splits: 78.
num_chunks_enlarged: 50.
num_purges: 0.
num_inconsistent_stats: 0.

CodeHeap 'non-profiled nmethods': size=119168Kb used=277Kb max_used=277Kb free=118890Kb
 bounds [0x000001794dbd0000, 0x000001794de40000, 0x0000017955030000]
CodeHeap 'profiled nmethods': size=119104Kb used=1733Kb max_used=1733Kb free=117370Kb
 bounds [0x0000017946780000, 0x00000179469f0000, 0x000001794dbd0000]
CodeHeap 'non-nmethods': size=7488Kb used=3226Kb max_used=3241Kb free=4261Kb
 bounds [0x0000017946030000, 0x0000017946360000, 0x0000017946780000]
 total_blobs=1851 nmethods=902 adapters=859
 compilation: enabled
              stopped_count=0, restarted_count=0
 full_count=0

Compilation events (20 events):
Event: 1.236 Thread 0x0000017962e63620  894       3       sun.nio.fs.WindowsPathParser::parse (6 bytes)
Event: 1.236 Thread 0x0000017963502130  895       3       sun.nio.fs.WindowsPathParser::parse (384 bytes)
Event: 1.236 Thread 0x0000017962c23480  896       3       sun.nio.fs.WindowsPathParser::isLetter (30 bytes)
Event: 1.236 Thread 0x0000017962e63620 nmethod 894 0x0000017946927210 code [0x00000179469273a0, 0x00000179469274c8]
Event: 1.236 Thread 0x0000017962c23480 nmethod 896 0x0000017946927590 code [0x0000017946927720, 0x0000017946927918]
Event: 1.236 Thread 0x0000017962e63620  897       3       sun.nio.fs.WindowsPathParser$Result::<init> (20 bytes)
Event: 1.236 Thread 0x0000017962c23480  898       3       sun.nio.fs.WindowsFileSystem::getPath (106 bytes)
Event: 1.236 Thread 0x0000017962e63620 nmethod 897 0x0000017946928f10 code [0x00000179469290c0, 0x0000017946929358]
Event: 1.236 Thread 0x0000017962e63fa0 nmethod 892 0x0000017946927990 code [0x0000017946927c40, 0x00000179469289b8]
Event: 1.236 Thread 0x0000017962e63620  899       3       sun.nio.fs.WindowsPath::parse (26 bytes)
Event: 1.236 Thread 0x0000017962e63620 nmethod 899 0x0000017946929410 code [0x00000179469295e0, 0x0000017946929aa8]
Event: 1.237 Thread 0x0000017962e63fa0  900       3       java.util.HashMap::tableSizeFor (32 bytes)
Event: 1.237 Thread 0x0000017962e63fa0 nmethod 900 0x0000017946929c10 code [0x0000017946929dc0, 0x0000017946929fe8]
Event: 1.237 Thread 0x0000017962c23480 nmethod 898 0x000001794692a090 code [0x000001794692a320, 0x000001794692adb8]
Event: 1.239 Thread 0x0000017963502130 nmethod 895 0x000001794692b210 code [0x000001794692b920, 0x000001794692f728]
Event: 1.239 Thread 0x0000017963502130  901   !   3       java.util.zip.ZipFile$Source::readAt (39 bytes)
Event: 1.240 Thread 0x0000017963502130 nmethod 901 0x0000017946930d90 code [0x0000017946930f80, 0x0000017946931408]
Event: 1.241 Thread 0x0000017962c22490 nmethod 893 0x000001794dc14910 code [0x000001794dc14aa0, 0x000001794dc14f98]
Event: 1.247 Thread 0x0000017962c22490  902   !   4       jdk.internal.misc.ScopedMemoryAccess::getByte (20 bytes)
Event: 1.247 Thread 0x0000017962c22490 nmethod 902 0x000001794dc15210 code [0x000001794dc15380, 0x000001794dc15438]

GC Heap History (0 events):
No events

Deoptimization events (20 events):
Event: 0.605 Thread 0x0000017963648750 DEOPT PACKING pc=0x000001794678b92d sp=0x0000005e7a2fc580
Event: 0.605 Thread 0x0000017963648750 DEOPT UNPACKING pc=0x0000017946082b43 sp=0x0000005e7a2fba18 mode 0
Event: 0.622 Thread 0x0000017963648750 Uncommon trap: trap_request=0xffffff45 fr.pc=0x000001794dbfdf48 relative=0x0000000000000228
Event: 0.622 Thread 0x0000017963648750 Uncommon trap: reason=unstable_if action=reinterpret pc=0x000001794dbfdf48 method=java.lang.String.startsWith(Ljava/lang/String;I)Z @ 14 c2
Event: 0.622 Thread 0x0000017963648750 DEOPT PACKING pc=0x000001794dbfdf48 sp=0x0000005e7a2fcc40
Event: 0.622 Thread 0x0000017963648750 DEOPT UNPACKING pc=0x00000179460823a3 sp=0x0000005e7a2fcba0 mode 2
Event: 0.635 Thread 0x0000017963648750 Uncommon trap: trap_request=0xffffff45 fr.pc=0x000001794dbf5120 relative=0x0000000000000c80
Event: 0.635 Thread 0x0000017963648750 Uncommon trap: reason=unstable_if action=reinterpret pc=0x000001794dbf5120 method=java.io.WinNTFileSystem.normalize(Ljava/lang/String;)Ljava/lang/String; @ 40 c2
Event: 0.635 Thread 0x0000017963648750 DEOPT PACKING pc=0x000001794dbf5120 sp=0x0000005e7a2fd570
Event: 0.635 Thread 0x0000017963648750 DEOPT UNPACKING pc=0x00000179460823a3 sp=0x0000005e7a2fd558 mode 2
Event: 0.635 Thread 0x0000017963648750 Uncommon trap: trap_request=0xffffffde fr.pc=0x000001794dbfecc4 relative=0x0000000000000384
Event: 0.635 Thread 0x0000017963648750 Uncommon trap: reason=class_check action=maybe_recompile pc=0x000001794dbfecc4 method=java.util.HashMap.getNode(Ljava/lang/Object;)Ljava/util/HashMap$Node; @ 63 c2
Event: 0.635 Thread 0x0000017963648750 DEOPT PACKING pc=0x000001794dbfecc4 sp=0x0000005e7a2fd350
Event: 0.635 Thread 0x0000017963648750 DEOPT UNPACKING pc=0x00000179460823a3 sp=0x0000005e7a2fd2c8 mode 2
Event: 0.650 Thread 0x0000017963648750 Uncommon trap: trap_request=0xffffffde fr.pc=0x000001794dbfed04 relative=0x00000000000003c4
Event: 0.650 Thread 0x0000017963648750 Uncommon trap: reason=class_check action=maybe_recompile pc=0x000001794dbfed04 method=java.util.HashMap.getNode(Ljava/lang/Object;)Ljava/util/HashMap$Node; @ 128 c2
Event: 0.650 Thread 0x0000017963648750 DEOPT PACKING pc=0x000001794dbfed04 sp=0x0000005e7a2fdeb0
Event: 0.650 Thread 0x0000017963648750 DEOPT UNPACKING pc=0x00000179460823a3 sp=0x0000005e7a2fde28 mode 2
Event: 1.235 Thread 0x0000017963648750 DEOPT PACKING pc=0x000001794678d965 sp=0x0000005e7a2fd040
Event: 1.235 Thread 0x0000017963648750 DEOPT UNPACKING pc=0x0000017946082b43 sp=0x0000005e7a2fc490 mode 0

Classes unloaded (0 events):
No events

Classes redefined (0 events):
No events

Internal exceptions (20 events):
Event: 0.587 Thread 0x000001796392a380 Exception <a 'java/lang/NoSuchMethodError'{0x000000070ff602d0}: 'java.lang.Object java.lang.invoke.DirectMethodHandle$Holder.invokeStaticInit(java.lang.Object)'> (0x000000070ff602d0) 
thrown [t:\workspace\open\src\hotspot\share\interpreter\linkResolver.cpp, line 766]
Event: 0.593 Thread 0x000001796392a380 Exception <a 'java/lang/NoSuchMethodError'{0x000000070ff6df38}: 'void java.lang.invoke.DirectMethodHandle$Holder.invokeStatic(java.lang.Object, java.lang.Object)'> (0x000000070ff6df38) 
thrown [t:\workspace\open\src\hotspot\share\interpreter\linkResolver.cpp, line 766]
Event: 0.611 Thread 0x0000017963648750 Exception <a 'java/lang/NoSuchMethodError'{0x000000070fd436c0}: 'void java.lang.invoke.DirectMethodHandle$Holder.invokeSpecial(java.lang.Object, java.lang.Object, java.lang.Object)'> (0x000000070fd436c0) 
thrown [t:\workspace\open\src\hotspot\share\interpreter\linkResolver.cpp, line 766]
Event: 0.613 Thread 0x0000017963648750 Exception <a 'java/lang/NoSuchMethodError'{0x000000070fd566e8}: 'java.lang.Object java.lang.invoke.DirectMethodHandle$Holder.invokeStatic(java.lang.Object, java.lang.Object, int)'> (0x000000070fd566e8) 
thrown [t:\workspace\open\src\hotspot\share\interpreter\linkResolver.cpp, line 766]
Event: 0.614 Thread 0x0000017963648750 Exception <a 'java/lang/NoSuchMethodError'{0x000000070fd62458}: 'void java.lang.invoke.DelegatingMethodHandle$Holder.delegate(java.lang.Object, java.lang.Object, int, java.lang.Object)'> (0x000000070fd62458) 
thrown [t:\workspace\open\src\hotspot\share\interpreter\linkResolver.cpp, line 766]
Event: 0.615 Thread 0x0000017963648750 Exception <a 'java/lang/NoSuchMethodError'{0x000000070fd66490}: 'int java.lang.invoke.DirectMethodHandle$Holder.invokeSpecial(java.lang.Object, java.lang.Object, java.lang.Object)'> (0x000000070fd66490) 
thrown [t:\workspace\open\src\hotspot\share\interpreter\linkResolver.cpp, line 766]
Event: 0.643 Thread 0x0000017963648750 Exception <a 'sun/nio/fs/WindowsException'{0x000000070fdcc170}> (0x000000070fdcc170) 
thrown [t:\workspace\open\src\hotspot\share\prims\jni.cpp, line 516]
Event: 0.643 Thread 0x0000017963648750 Exception <a 'sun/nio/fs/WindowsException'{0x000000070fdcc6b8}> (0x000000070fdcc6b8) 
thrown [t:\workspace\open\src\hotspot\share\prims\jni.cpp, line 516]
Event: 0.656 Thread 0x0000017963648750 Exception <a 'sun/nio/fs/WindowsException'{0x000000070fded7a8}> (0x000000070fded7a8) 
thrown [t:\workspace\open\src\hotspot\share\prims\jni.cpp, line 516]
Event: 0.656 Thread 0x0000017963648750 Exception <a 'sun/nio/fs/WindowsException'{0x000000070fdedb08}> (0x000000070fdedb08) 
thrown [t:\workspace\open\src\hotspot\share\prims\jni.cpp, line 516]
Event: 0.666 Thread 0x0000017963648750 Exception <a 'java/lang/NoSuchMethodError'{0x000000070fa362c0}: 'int java.lang.invoke.DirectMethodHandle$Holder.invokeStaticInit(java.lang.Object, java.lang.Object, int, long)'> (0x000000070fa362c0) 
thrown [t:\workspace\open\src\hotspot\share\interpreter\linkResolver.cpp, line 766]
Event: 0.667 Thread 0x0000017963648750 Exception <a 'java/lang/NoSuchMethodError'{0x000000070fa3bb88}: 'java.lang.Object java.lang.invoke.DirectMethodHandle$Holder.newInvokeSpecial(java.lang.Object, java.lang.Object, int)'> (0x000000070fa3bb88) 
thrown [t:\workspace\open\src\hotspot\share\interpreter\linkResolver.cpp, line 766]
Event: 0.669 Thread 0x0000017963648750 Exception <a 'java/lang/NoSuchMethodError'{0x000000070fa4a9e0}: 'int java.lang.invoke.DirectMethodHandle$Holder.invokeStaticInit(java.lang.Object, java.lang.Object, long, long)'> (0x000000070fa4a9e0) 
thrown [t:\workspace\open\src\hotspot\share\interpreter\linkResolver.cpp, line 766]
Event: 0.670 Thread 0x0000017963648750 Exception <a 'java/lang/NoSuchMethodError'{0x000000070fa50af0}: 'java.lang.Object java.lang.invoke.DirectMethodHandle$Holder.newInvokeSpecial(java.lang.Object, java.lang.Object, long)'> (0x000000070fa50af0) 
thrown [t:\workspace\open\src\hotspot\share\interpreter\linkResolver.cpp, line 766]
Event: 0.670 Thread 0x0000017963648750 Exception <a 'java/lang/NoSuchMethodError'{0x000000070fa54de0}: 'java.lang.Object java.lang.invoke.Invokers$Holder.linkToTargetMethod(java.lang.Object, long, java.lang.Object)'> (0x000000070fa54de0) 
thrown [t:\workspace\open\src\hotspot\share\interpreter\linkResolver.cpp, line 766]
Event: 0.671 Thread 0x0000017963648750 Exception <a 'java/lang/NoSuchMethodError'{0x000000070fa5c4f8}: 'int java.lang.invoke.DirectMethodHandle$Holder.invokeStaticInit(java.lang.Object, java.lang.Object, java.lang.Object, long)'> (0x000000070fa5c4f8) 
thrown [t:\workspace\open\src\hotspot\share\interpreter\linkResolver.cpp, line 766]
Event: 0.724 Thread 0x0000017963648750 Exception <a 'sun/nio/fs/WindowsException'{0x000000070fb277b0}> (0x000000070fb277b0) 
thrown [t:\workspace\open\src\hotspot\share\prims\jni.cpp, line 516]
Event: 0.724 Thread 0x0000017963648750 Exception <a 'sun/nio/fs/WindowsException'{0x000000070fb27b40}> (0x000000070fb27b40) 
thrown [t:\workspace\open\src\hotspot\share\prims\jni.cpp, line 516]
Event: 1.245 Thread 0x0000017963648750 Exception <a 'sun/nio/fs/WindowsException'{0x000000070f8818c8}> (0x000000070f8818c8) 
thrown [t:\workspace\open\src\hotspot\share\prims\jni.cpp, line 516]
Event: 1.245 Thread 0x0000017963648750 Exception <a 'sun/nio/fs/WindowsException'{0x000000070f881c40}> (0x000000070f881c40) 
thrown [t:\workspace\open\src\hotspot\share\prims\jni.cpp, line 516]

VM Operations (12 events):
Event: 0.160 Executing VM operation: HandshakeAllThreads
Event: 0.161 Executing VM operation: HandshakeAllThreads done
Event: 0.584 Executing VM operation: HandshakeAllThreads
Event: 0.584 Executing VM operation: HandshakeAllThreads done
Event: 0.586 Executing VM operation: HandshakeAllThreads
Event: 0.586 Executing VM operation: HandshakeAllThreads done
Event: 0.613 Executing VM operation: HandshakeAllThreads
Event: 0.613 Executing VM operation: HandshakeAllThreads done
Event: 0.635 Executing VM operation: HandshakeAllThreads
Event: 0.635 Executing VM operation: HandshakeAllThreads done
Event: 0.663 Executing VM operation: HandshakeAllThreads
Event: 0.663 Executing VM operation: HandshakeAllThreads done

Events (20 events):
Event: 1.104 loading class sun/util/resources/TimeZoneNamesBundle
Event: 1.104 loading class sun/util/resources/OpenListResourceBundle
Event: 1.104 loading class sun/util/resources/OpenListResourceBundle done
Event: 1.104 loading class sun/util/resources/TimeZoneNamesBundle done
Event: 1.104 loading class sun/util/resources/cldr/TimeZoneNames done
Event: 1.105 loading class sun/util/resources/cldr/TimeZoneNames_en
Event: 1.105 loading class sun/util/resources/cldr/TimeZoneNames_en done
Event: 1.105 loading class sun/util/resources/cldr/TimeZoneNames_en_US
Event: 1.105 loading class sun/util/resources/cldr/TimeZoneNames_en_US done
Event: 1.106 loading class java/util/LinkedHashMap$LinkedKeySet
Event: 1.107 loading class java/util/LinkedHashMap$LinkedKeySet done
Event: 1.231 loading class sun/net/ProgressMonitor
Event: 1.231 loading class sun/net/ProgressMonitor done
Event: 1.231 loading class sun/net/DefaultProgressMeteringPolicy
Event: 1.231 loading class sun/net/ProgressMeteringPolicy
Event: 1.231 loading class sun/net/ProgressMeteringPolicy done
Event: 1.232 loading class sun/net/DefaultProgressMeteringPolicy done
Event: 1.235 loading class jdk/internal/misc/ScopedMemoryAccess$Scope
Event: 1.235 loading class jdk/internal/misc/ScopedMemoryAccess$Scope done
Event: 1.247 Loaded shared library C:\Users\Matt\AppData\Local\Temp\lwjglMatt\3.3.1-build-7\lwjgl_stb.dll


Dynamic libraries:
0x00007ff647300000 - 0x00007ff64730e000 	C:\Java\jdk-17.0.2\bin\java.exe
0x00007ffd55f30000 - 0x00007ffd56127000 	C:\Windows\SYSTEM32\ntdll.dll
0x00007ffd54b00000 - 0x00007ffd54bbd000 	C:\Windows\System32\KERNEL32.DLL
0x00007ffd53800000 - 0x00007ffd53acd000 	C:\Windows\System32\KERNELBASE.dll
0x00007ffd2f660000 - 0x00007ffd2f678000 	C:\Java\jdk-17.0.2\bin\jli.dll
0x00007ffd53da0000 - 0x00007ffd53ea0000 	C:\Windows\System32\ucrtbase.dll
0x00007ffd1dd20000 - 0x00007ffd1dd3a000 	C:\Java\jdk-17.0.2\bin\VCRUNTIME140.dll
0x00007ffd54030000 - 0x00007ffd541d0000 	C:\Windows\System32\USER32.dll
0x00007ffd34980000 - 0x00007ffd34c1a000 	C:\Windows\WinSxS\amd64_microsoft.windows.common-controls_6595b64144ccf1df_6.0.19041.1110_none_60b5254171f9507e\COMCTL32.dll
0x00007ffd53ad0000 - 0x00007ffd53af2000 	C:\Windows\System32\win32u.dll
0x00007ffd53f90000 - 0x00007ffd5402e000 	C:\Windows\System32\msvcrt.dll
0x00007ffd557e0000 - 0x00007ffd5580a000 	C:\Windows\System32\GDI32.dll
0x00007ffd53650000 - 0x00007ffd5375b000 	C:\Windows\System32\gdi32full.dll
0x00007ffd53ef0000 - 0x00007ffd53f8d000 	C:\Windows\System32\msvcp_win.dll
0x00007ffd55920000 - 0x00007ffd55950000 	C:\Windows\System32\IMM32.DLL
0x00007ffd32750000 - 0x00007ffd3275c000 	C:\Java\jdk-17.0.2\bin\vcruntime140_1.dll
0x00007ffcf67c0000 - 0x00007ffcf684d000 	C:\Java\jdk-17.0.2\bin\msvcp140.dll
0x00007ffcd04b0000 - 0x00007ffcd1071000 	C:\Java\jdk-17.0.2\bin\server\jvm.dll
0x00007ffd55870000 - 0x00007ffd5591e000 	C:\Windows\System32\ADVAPI32.dll
0x00007ffd54c70000 - 0x00007ffd54d0c000 	C:\Windows\System32\sechost.dll
0x00007ffd54df0000 - 0x00007ffd54f15000 	C:\Windows\System32\RPCRT4.dll
0x00007ffd54af0000 - 0x00007ffd54af8000 	C:\Windows\System32\PSAPI.DLL
0x00007ffd3df80000 - 0x00007ffd3df89000 	C:\Windows\SYSTEM32\WSOCK32.dll
0x00007ffd45db0000 - 0x00007ffd45dd7000 	C:\Windows\SYSTEM32\WINMM.dll
0x00007ffd4bc60000 - 0x00007ffd4bc6a000 	C:\Windows\SYSTEM32\VERSION.dll
0x00007ffd55560000 - 0x00007ffd555cb000 	C:\Windows\System32\WS2_32.dll
0x00007ffd51530000 - 0x00007ffd51542000 	C:\Windows\SYSTEM32\kernel.appcore.dll
0x00007ffd297e0000 - 0x00007ffd297ea000 	C:\Java\jdk-17.0.2\bin\jimage.dll
0x00007ffd32420000 - 0x00007ffd32604000 	C:\Windows\SYSTEM32\DBGHELP.DLL
0x00007ffd32300000 - 0x00007ffd3232c000 	C:\Windows\SYSTEM32\dbgcore.DLL
0x00007ffd53d10000 - 0x00007ffd53d92000 	C:\Windows\System32\bcryptPrimitives.dll
0x00007ffd4eb70000 - 0x00007ffd4eb7e000 	C:\Java\jdk-17.0.2\bin\instrument.dll
0x00007ffd18fb0000 - 0x00007ffd18fd5000 	C:\Java\jdk-17.0.2\bin\java.dll
0x00007ffcdf030000 - 0x00007ffcdf106000 	C:\Java\jdk-17.0.2\bin\jsvml.dll
0x00007ffd542f0000 - 0x00007ffd54a34000 	C:\Windows\System32\SHELL32.dll
0x00007ffd51730000 - 0x00007ffd51ec4000 	C:\Windows\SYSTEM32\windows.storage.dll
0x00007ffd54fb0000 - 0x00007ffd55304000 	C:\Windows\System32\combase.dll
0x00007ffd52fd0000 - 0x00007ffd52ffc000 	C:\Windows\SYSTEM32\Wldp.dll
0x00007ffd54bc0000 - 0x00007ffd54c6d000 	C:\Windows\System32\SHCORE.dll
0x00007ffd54f20000 - 0x00007ffd54f75000 	C:\Windows\System32\shlwapi.dll
0x00007ffd53590000 - 0x00007ffd535af000 	C:\Windows\SYSTEM32\profapi.dll
0x00007ffd17fb0000 - 0x00007ffd17fc8000 	C:\Java\jdk-17.0.2\bin\zip.dll
0x00007ffd18f90000 - 0x00007ffd18fa9000 	C:\java\jdk-17.0.2\bin\net.dll
0x00007ffd4bc90000 - 0x00007ffd4bd9a000 	C:\Windows\SYSTEM32\WINHTTP.dll
0x00007ffd52db0000 - 0x00007ffd52e1a000 	C:\Windows\system32\mswsock.dll
0x00007ffd17fd0000 - 0x00007ffd17fe6000 	C:\java\jdk-17.0.2\bin\nio.dll
0x00007ffd435b0000 - 0x00007ffd435ca000 	C:\Users\Matt\AppData\Local\JetBrains\Toolbox\apps\IDEA-C\ch-0\221.5921.22\bin\breakgen64.dll
0x00007ffcdc5b0000 - 0x00007ffcdc625000 	C:\Users\Matt\AppData\Local\Temp\lwjglMatt\3.3.1-build-7\lwjgl.dll
0x00007ffcdc540000 - 0x00007ffcdc5a1000 	C:\Users\Matt\AppData\Local\Temp\lwjglMatt\3.3.1-build-7\glfw.dll
0x00007ffd344a0000 - 0x00007ffd344e5000 	C:\Windows\SYSTEM32\dinput8.dll
0x00007ffd19ff0000 - 0x00007ffd1a001000 	C:\Windows\SYSTEM32\xinput1_4.dll
0x00007ffd53ea0000 - 0x00007ffd53eee000 	C:\Windows\System32\cfgmgr32.dll
0x00007ffd53400000 - 0x00007ffd5342c000 	C:\Windows\SYSTEM32\DEVOBJ.dll
0x00007ffd51240000 - 0x00007ffd5126f000 	C:\Windows\SYSTEM32\dwmapi.dll
0x00007ffd47bf0000 - 0x00007ffd47d42000 	C:\Windows\SYSTEM32\inputhost.dll
0x00007ffd55710000 - 0x00007ffd557dd000 	C:\Windows\System32\OLEAUT32.dll
0x00007ffd4ecf0000 - 0x00007ffd4ede6000 	C:\Windows\SYSTEM32\PROPSYS.dll
0x00007ffd50b60000 - 0x00007ffd50c52000 	C:\Windows\SYSTEM32\CoreMessaging.dll
0x00007ffd4fd40000 - 0x00007ffd4fe94000 	C:\Windows\SYSTEM32\wintypes.dll
0x00007ffd506b0000 - 0x00007ffd50a0e000 	C:\Windows\SYSTEM32\CoreUIComponents.dll
0x00007ffd52310000 - 0x00007ffd52343000 	C:\Windows\SYSTEM32\ntmarta.dll
0x00007ffd51030000 - 0x00007ffd510ce000 	C:\Windows\system32\uxtheme.dll
0x00007ffd541d0000 - 0x00007ffd542e5000 	C:\Windows\System32\MSCTF.dll
0x00007ffcdc2e0000 - 0x00007ffcdc539000 	C:\Users\Matt\AppData\Local\Temp\lwjglMatt\3.3.1-build-7\jemalloc.dll
0x00007ffcf50e0000 - 0x00007ffcf5206000 	C:\Windows\SYSTEM32\opengl32.dll
0x00007ffcf8230000 - 0x00007ffcf825c000 	C:\Windows\SYSTEM32\GLU32.dll
0x00007ffd54a40000 - 0x00007ffd54ae9000 	C:\Windows\System32\clbcatq.dll
0x00007ffcb9be0000 - 0x00007ffcbc579000 	C:\Windows\System32\DriverStore\FileRepository\nv_dispi.inf_amd64_1c83a5d7cffd7bff\nvoglv64.dll
0x00007ffd55a80000 - 0x00007ffd55eef000 	C:\Windows\System32\SETUPAPI.dll
0x00007ffd537d0000 - 0x00007ffd537f7000 	C:\Windows\System32\bcrypt.dll
0x00007ffd55950000 - 0x00007ffd55a7a000 	C:\Windows\System32\ole32.dll
0x00007ffd4ef80000 - 0x00007ffd4ef94000 	C:\Windows\SYSTEM32\WTSAPI32.dll
0x00007ffd53240000 - 0x00007ffd53252000 	C:\Windows\SYSTEM32\msasn1.dll
0x00007ffd4bb80000 - 0x00007ffd4bbb1000 	C:\Windows\SYSTEM32\cryptnet.dll
0x00007ffd53b00000 - 0x00007ffd53c56000 	C:\Windows\System32\CRYPT32.dll
0x00007ffd52f40000 - 0x00007ffd52f4c000 	C:\Windows\SYSTEM32\cryptbase.dll
0x00007ffd53760000 - 0x00007ffd537c7000 	C:\Windows\System32\WINTRUST.dll
0x00007ffd4d640000 - 0x00007ffd4d67b000 	C:\Windows\SYSTEM32\dxcore.dll
0x00007ffd52b90000 - 0x00007ffd52bdb000 	C:\Windows\SYSTEM32\powrprof.dll
0x00007ffd52a50000 - 0x00007ffd52a62000 	C:\Windows\SYSTEM32\UMPDC.dll
0x00007ffd52380000 - 0x00007ffd523da000 	C:\Windows\SYSTEM32\WINSTA.dll
0x00007ffd47af0000 - 0x00007ffd47be9000 	C:\Windows\SYSTEM32\textinputframework.dll
0x00007ffcdc250000 - 0x00007ffcdc2d1000 	C:\Users\Matt\AppData\Local\Temp\lwjglMatt\3.3.1-build-7\lwjgl_stb.dll

dbghelp: loaded successfully - version: 4.0.5 - missing functions: none
symbol engine: initialized successfully - sym options: 0x614 - pdb path: .;C:\Java\jdk-17.0.2\bin;C:\Windows\SYSTEM32;C:\Windows\WinSxS\amd64_microsoft.windows.common-controls_6595b64144ccf1df_6.0.19041.1110_none_60b5254171f9507e;C:\Java\jdk-17.0.2\bin\server;C:\Users\Matt\AppData\Local\JetBrains\Toolbox\apps\IDEA-C\ch-0\221.5921.22\bin;C:\Users\Matt\AppData\Local\Temp\lwjglMatt\3.3.1-build-7;C:\Windows\System32\DriverStore\FileRepository\nv_dispi.inf_amd64_1c83a5d7cffd7bff

VM Arguments:
jvm_args: -javaagent:C:\Users\Matt\AppData\Local\JetBrains\Toolbox\apps\IDEA-C\ch-0\221.5921.22\lib\idea_rt.jar=15799:C:\Users\Matt\AppData\Local\JetBrains\Toolbox\apps\IDEA-C\ch-0\221.5921.22\bin -Dfile.encoding=UTF-8 
java_command: main.Main
java_class_path (initial): C:\Users\Matt\IdeaProjects\PVPicross\target\classes;C:\Users\Matt\.m2\repository\org\lwjgl\lwjgl\3.3.1\lwjgl-3.3.1.jar;C:\Users\Matt\.m2\repository\org\lwjgl\lwjgl-assimp\3.3.1\lwjgl-assimp-3.3.1.jar;C:\Users\Matt\.m2\repository\org\lwjgl\lwjgl-bgfx\3.3.1\lwjgl-bgfx-3.3.1.jar;C:\Users\Matt\.m2\repository\org\lwjgl\lwjgl-cuda\3.3.1\lwjgl-cuda-3.3.1.jar;C:\Users\Matt\.m2\repository\org\lwjgl\lwjgl-egl\3.3.1\lwjgl-egl-3.3.1.jar;C:\Users\Matt\.m2\repository\org\lwjgl\lwjgl-glfw\3.3.1\lwjgl-glfw-3.3.1.jar;C:\Users\Matt\.m2\repository\org\lwjgl\lwjgl-jawt\3.3.1\lwjgl-jawt-3.3.1.jar;C:\Users\Matt\.m2\repository\org\lwjgl\lwjgl-jemalloc\3.3.1\lwjgl-jemalloc-3.3.1.jar;C:\Users\Matt\.m2\repository\org\lwjgl\lwjgl-libdivide\3.3.1\lwjgl-libdivide-3.3.1.jar;C:\Users\Matt\.m2\repository\org\lwjgl\lwjgl-llvm\3.3.1\lwjgl-llvm-3.3.1.jar;C:\Users\Matt\.m2\repository\org\lwjgl\lwjgl-lmdb\3.3.1\lwjgl-lmdb-3.3.1.jar;C:\Users\Matt\.m2\repository\org\lwjgl\lwjgl-lz4\3.3.1\lwjgl-lz4-3.3.1.jar;C:\Users\Matt\.m2\repository\org\lwjgl\lwjgl-meow\3.3.1\lwjgl-meow-3.3.1.jar;C:\Users\Matt\.m2\repository\org\lwjgl\lwjgl-meshoptimizer\3.3.1\lwjgl-meshoptimizer-3.3.1.jar;C:\Users\Matt\.m2\repository\org\lwjgl\lwjgl-nanovg\3.3.1\lwjgl-nanovg-3.3.1.jar;C:\Users\Matt\.m2\repository\org\lwjgl\lwjgl-nfd\3.3.1\lwjgl-nfd-3.3.1.jar;C:\Users\Matt\.m2\repository\org\lwjgl\lwjgl-nuklear\3.3.1\lwjgl-nuklear-3.3.1.jar;C:\Users\Matt\.m2\repository\org\lwjgl\lwjgl-odbc\3.3.1\lwjgl-odbc-3.3.1.jar;C:\Users\Matt\.m2\repository\org\lwjgl\lwjgl-openal\3.3.1\lwjgl-openal-3.3.1.jar;C:\Users\Matt\.m2\repository\org\lwjgl\lwjgl-opencl\3.3.1\lwjgl-opencl-3.3.1.jar;C:\Users\Matt\.m2\repository\org\lwjgl\lwjgl-opengl\3.3.1\lwjgl-opengl-3.3.1.jar;C:\Users\Matt\.m2\repository\org\lwjgl\lwjgl-opengles\3.3.1\lwjgl-opengles-3.3.1.jar;C:\Users\Matt\.m2\repository\org\lwjgl\lwjgl-openvr\3.3.1\lwjgl-openvr-3.3.1.jar;C:\Users\Matt\.m2\repository\org\lwjgl\lwjgl-openxr\3.3.1\lwjgl-openxr-3.3.1.jar;C:\Users\
Launcher Type: SUN_STANDARD

[Global flags]
     intx CICompilerCount                          = 12                                        {product} {ergonomic}
     uint ConcGCThreads                            = 3                                         {product} {ergonomic}
     uint G1ConcRefinementThreads                  = 13                                        {product} {ergonomic}
   size_t G1HeapRegionSize                         = 2097152                                   {product} {ergonomic}
    uintx GCDrainStackTargetSize                   = 64                                        {product} {ergonomic}
   size_t InitialHeapSize                          = 268435456                                 {product} {ergonomic}
   size_t MarkStackSize                            = 4194304                                   {product} {ergonomic}
   size_t MaxHeapSize                              = 4282384384                                {product} {ergonomic}
   size_t MaxNewSize                               = 2569011200                                {product} {ergonomic}
   size_t MinHeapDeltaBytes                        = 2097152                                   {product} {ergonomic}
   size_t MinHeapSize                              = 8388608                                   {product} {ergonomic}
    uintx NonNMethodCodeHeapSize                   = 7602480                                {pd product} {ergonomic}
    uintx NonProfiledCodeHeapSize                  = 122027880                              {pd product} {ergonomic}
    uintx ProfiledCodeHeapSize                     = 122027880                              {pd product} {ergonomic}
    uintx ReservedCodeCacheSize                    = 251658240                              {pd product} {ergonomic}
     bool SegmentedCodeCache                       = true                                      {product} {ergonomic}
   size_t SoftMaxHeapSize                          = 4282384384                             {manageable} {ergonomic}
     bool UseCompressedClassPointers               = true                           {product lp64_product} {ergonomic}
     bool UseCompressedOops                        = true                           {product lp64_product} {ergonomic}
     bool UseG1GC                                  = true                                      {product} {ergonomic}
     bool UseLargePagesIndividualAllocation        = false                                  {pd product} {ergonomic}

Logging:
Log output configuration:
 #0: stdout all=warning uptime,level,tags
 #1: stderr all=off uptime,level,tags

Environment Variables:
JAVA_HOME=C:\java\jdk-17.0.2\bin
PATH=F:\Program Files\Plastic SCM\server;F:\Program Files\Plastic SCM\client;C:\Program Files (x86)\NVIDIA Corporation\PhysX\Common;C:\Program Files\ImageMagick-7.1.0-Q16-HDRI;C:\Program Files\OpenJDK\jdk-8.0.272.10-hotspot\bin;C:\Python39\Scripts\;C:\Python39\;C:\Program Files (x86)\Common Files\Oracle\Java\javapath;C:\Program Files\Oculus\Support\oculus-runtime;C:\Windows\system32;C:\Windows;C:\Windows\System32\Wbem;C:\Windows\System32\WindowsPowerShell\v1.0\;C:\Windows\System32\OpenSSH\;C:\Program Files\nodejs\;C:\ProgramData\chocolatey\bin;C:\Program Files\PuTTY\;C:\Program Files\Microsoft SQL Server\Client SDK\ODBC\110\Tools\Binn\;C:\Program Files (x86)\Microsoft SQL Server\120\Tools\Binn\;C:\Program Files\Microsoft SQL Server\120\Tools\Binn\;C:\Program Files\Microsoft SQL Server\120\DTS\Binn\;C:\Program Files (x86)\Windows Kits\8.1\Windows Performance Toolkit\;C:\Program Files\Git\cmd;C:\Program Files\dotnet\;C:\Program Files (x86)\Microsoft Visual Studio\2017\BuildTools\VC\Tools\MSVC\14.16.27023\bin\HostX86\x86;C:\Program Files (x86)\Microsoft Visual Studio\2017\BuildTools\Common7\IDE\CommonExtensions\Microsoft\TestWindow;C:\Program Files (x86)\Microsoft Visual Studio\2017\BuildTools\MSBuild\15.0\bin\Roslyn;C:\Program Files (x86)\Windows Kits\10\bin\10.0.17763.0\x86;C:\Program Files (x86)\Windows Kits\10\bin\x86;C:\Program Files (x86)\Microsoft Visual Studio\2017\BuildTools\\MSBuild\15.0\bin;C:\Windows\Microsoft.NET\Framework\v4.0.30319;C:\Program Files (x86)\Microsoft Visual Studio\2017\BuildTools\Common7\IDE\;C:\Program Files (x86)\Microsoft Visual Studio\2017\BuildTools\Common7\Tools\;C:\java\jdk-17.0.2\bin;C:\Users\;C:\Users\Matt\AppData\Local\Progr;C:\Users\Matt\AppData\Local\Programs\Microsoft VS Code\bin;C:\Program Files\JetBrains\IntelliJ IDEA Community Edition 2022.1.3\bin
USERNAME=Matt
OS=Windows_NT
PROCESSOR_IDENTIFIER=AMD64 Family 23 Model 8 Stepping 2, AuthenticAMD



---------------  S Y S T E M  ---------------

OS:
 Windows 10 , 64 bit Build 19041 (10.0.19041.1741)
OS uptime: 0 days 0:53 hours
Hyper-V role detected

CPU: total 16 (initial active 16) (16 cores per cpu, 2 threads per core) family 23 model 8 stepping 2 microcode 0x0, cx8, cmov, fxsr, ht, mmx, 3dnowpref, sse, sse2, sse3, ssse3, sse4a, sse4.1, sse4.2, popcnt, lzcnt, tsc, tscinvbit, avx, avx2, aes, clmul, bmi1, bmi2, adx, sha, fma, vzeroupper, clflush, clflushopt, hv

Memory: 4k page, system-wide physical 16333M (7306M free)
TotalPageFile size 19021M (AvailPageFile size 5541M)
current process WorkingSet (physical memory assigned to process): 97M, peak: 97M
current process commit charge ("private bytes"): 419M, peak: 419M

vm_info: OpenJDK 64-Bit Server VM (17.0.2+8-86) for windows-amd64 JRE (17.0.2+8-86), built on Dec  7 2021 21:49:10 by "mach5one" with MS VC++ 16.8 / 16.9 (VS2019)

END.
