#
# A fatal error has been detected by the Java Runtime Environment:
#
#  EXCEPTION_ACCESS_VIOLATION (0xc0000005) at pc=0x00007ffcfd8cdb50, pid=19184, tid=19392
#
# JRE version: OpenJDK Runtime Environment (17.0.2+8) (build 17.0.2+8-86)
# Java VM: OpenJDK 64-Bit Server VM (17.0.2+8-86, mixed mode, sharing, tiered, compressed oops, compressed class ptrs, g1 gc, windows-amd64)
# Problematic frame:
# C  [lwjgl_stb.dll+0xdb50]
#
# No core dump will be written. Minidumps are not enabled by default on client versions of Windows
#
# If you would like to submit a bug report, please visit:
#   https://bugreport.java.com/bugreport/crash.jsp
# The crash happened outside the Java Virtual Machine in native code.
# See problematic frame for where to report the bug.
#

---------------  S U M M A R Y ------------

Command Line: -javaagent:C:\Users\Matt\AppData\Local\JetBrains\Toolbox\apps\IDEA-C\ch-0\221.5921.22\lib\idea_rt.jar=14503:C:\Users\Matt\AppData\Local\JetBrains\Toolbox\apps\IDEA-C\ch-0\221.5921.22\bin -Dfile.encoding=UTF-8 main.Main

Host: AMD Ryzen 7 2700X Eight-Core Processor         , 16 cores, 15G,  Windows 10 , 64 bit Build 19041 (10.0.19041.1741)
Time: Sun Jul  3 10:39:29 2022 Eastern Daylight Time elapsed time: 4.210385 seconds (0d 0h 0m 4s)

---------------  T H R E A D  ---------------

Current thread (0x00000222a48dd7e0):  JavaThread "game" [_thread_in_native, id=19392, stack(0x0000002340000000,0x0000002340100000)]

Stack: [0x0000002340000000,0x0000002340100000],  sp=0x00000023400fe8b0,  free space=1018k
Native frames: (J=compiled Java code, j=interpreted, Vv=VM code, C=native code)
C  [lwjgl_stb.dll+0xdb50]

Java frames: (J=compiled Java code, j=interpreted, Vv=VM code)
j  org.lwjgl.stb.STBImage.nstbi_load_from_memory(JIJJJI)J+0
j  org.lwjgl.stb.STBImage.stbi_load_from_memory(Ljava/nio/ByteBuffer;Ljava/nio/IntBuffer;Ljava/nio/IntBuffer;Ljava/nio/IntBuffer;I)Ljava/nio/ByteBuffer;+43
j  engine.io.ImageParser.loadImage(Ljava/lang/String;)Lengine/io/ImageParser;+100
j  engine.io.Window.setIcon(Ljava/lang/String;)V+9
j  engine.io.Window.init()V+63
j  main.Main.init()V+33
j  main.Main.run()V+1
j  java.lang.Thread.run()V+11 java.base@17.0.2
v  ~StubRoutines::call_stub

siginfo: EXCEPTION_ACCESS_VIOLATION (0xc0000005), reading address 0x0000000000000010


Register to memory mapping:

RIP=0x00007ffcfd8cdb50 lwjgl_stb.dll
RAX=0x0000000000000010 is an unknown value
RBX=0x00000023400fea50 is pointing into the stack for thread: 0x00000222a48dd7e0
RCX=0x00000023400fea50 is pointing into the stack for thread: 0x00000222a48dd7e0
RDX=0x00000222a4dd80d8 points into unknown readable memory: 0x0073676e69746e69 | 69 6e 74 69 6e 67 73 00
RSP=0x00000023400fe8b0 is pointing into the stack for thread: 0x00000222a48dd7e0
RBP=0x00000222a4dd80dc points into unknown readable memory: 6e 67 73 00
RSI=0x00007ffcfd927298 lwjgl_stb.dll
RDI=0x0 is NULL
R8 =0x00000222a4dd80d4 points into unknown readable memory: 6c 20 50 61
R9 =0x00000222a4dd80dc points into unknown readable memory: 6e 67 73 00
R10=0x000002228777d5f2 is at code_begin+946 in an Interpreter codelet
method entry point (kind = native)  [0x000002228777d240, 0x000002228777dbc0]  2432 bytes
R11=0x00000023400feb38 is pointing into the stack for thread: 0x00000222a48dd7e0
R12=0x00000222a4dd80d4 points into unknown readable memory: 6c 20 50 61
R13=0x0 is NULL
R14=0x0000000000000004 is an unknown value
R15=0x0000000000000004 is an unknown value


Registers:
RAX=0x0000000000000010, RBX=0x00000023400fea50, RCX=0x00000023400fea50, RDX=0x00000222a4dd80d8
RSP=0x00000023400fe8b0, RBP=0x00000222a4dd80dc, RSI=0x00007ffcfd927298, RDI=0x0000000000000000
R8 =0x00000222a4dd80d4, R9 =0x00000222a4dd80dc, R10=0x000002228777d5f2, R11=0x00000023400feb38
R12=0x00000222a4dd80d4, R13=0x0000000000000000, R14=0x0000000000000004, R15=0x0000000000000004
RIP=0x00007ffcfd8cdb50, EFLAGS=0x0000000000010297

Top of Stack: (sp=0x00000023400fe8b0)
0x00000023400fe8b0:   00007ffcd0d63830 0000000000000000
0x00000023400fe8c0:   0000000000000000 0000000000000000
0x00000023400fe8d0:   00000023400fe9e0 00007ffcfd8c3abb
0x00000023400fe8e0:   00000023400fea50 00000222a3c96068
0x00000023400fe8f0:   0000000000000000 00000222a4000000
0x00000023400fe900:   00000023400fe8b0 0000022287796000
0x00000023400fe910:   0000000000000000 0000022287796036
0x00000023400fe920:   0000022287796400 0000000000000000
0x00000023400fe930:   0000000000000000 0000000000000000
0x00000023400fe940:   0000022287796000 0000000000010000
0x00000023400fe950:   00000023400fe8b0 00000222a4dd80dc
0x00000023400fe960:   0000000000000004 00000222a4dd80d8
0x00000023400fe970:   00000222a4dd80d4 0000000000000120
0x00000023400fe980:   00000222a3c96068 00000023400febf8
0x00000023400fe990:   00000222a40f7d68 00007ffcfd8c4d5c
0x00000023400fe9a0:   00000023400fe8b0 00000222a4dd80d8 

Instructions: (pc=0x00007ffcfd8cdb50)
0x00007ffcfd8cda50:   06 00 33 c0 4c 8d 9c 24 20 10 00 00 49 8b 5b 10
0x00007ffcfd8cda60:   49 8b 6b 18 49 8b 73 20 49 8b e3 5f c3 cc cc cc
0x00007ffcfd8cda70:   48 89 5c 24 08 48 89 6c 24 10 48 89 74 24 18 57
0x00007ffcfd8cda80:   b8 20 10 00 00 e8 b6 bb 04 00 48 2b e0 49 63 f0
0x00007ffcfd8cda90:   48 8b f9 48 8b ce 48 63 ea 49 8b d9 ff 15 be ca
0x00007ffcfd8cdaa0:   06 00 48 85 c0 74 5d 8b 94 24 50 10 00 00 48 8d
0x00007ffcfd8cdab0:   4c 24 20 48 89 44 24 40 48 03 ef 48 89 44 24 38
0x00007ffcfd8cdac0:   48 03 c6 48 89 44 24 48 48 89 7c 24 20 48 89 6c
0x00007ffcfd8cdad0:   24 28 c7 44 24 50 01 00 00 00 e8 a1 fc ff ff 85
0x00007ffcfd8cdae0:   c0 74 16 48 85 db 74 0a 8b 44 24 38 2b 44 24 40
0x00007ffcfd8cdaf0:   89 03 48 8b 44 24 40 eb 0d 48 8b 4c 24 40 ff 15
0x00007ffcfd8cdb00:   64 ca 06 00 33 c0 4c 8d 9c 24 20 10 00 00 49 8b
0x00007ffcfd8cdb10:   5b 10 49 8b 6b 18 49 8b 73 20 49 8b e3 5f c3 cc
0x00007ffcfd8cdb20:   48 89 5c 24 08 48 89 74 24 10 57 48 83 ec 20 48
0x00007ffcfd8cdb30:   8b d9 48 8d 35 5f 97 05 00 33 ff 0f 1f 44 00 00
0x00007ffcfd8cdb40:   48 8b 83 c0 00 00 00 48 3b 83 c8 00 00 00 73 0f
0x00007ffcfd8cdb50:   0f b6 08 48 ff c0 48 89 83 c0 00 00 00 eb 26 83
0x00007ffcfd8cdb60:   7b 30 00 74 1e 48 8b cb e8 73 83 ff ff 48 8b 83
0x00007ffcfd8cdb70:   c0 00 00 00 0f b6 08 48 ff c0 48 89 83 c0 00 00
0x00007ffcfd8cdb80:   00 eb 02 32 c9 3a 0c 37 75 1e 48 ff c7 48 83 ff
0x00007ffcfd8cdb90:   08 7c ad b8 01 00 00 00 48 8b 5c 24 30 48 8b 74
0x00007ffcfd8cdba0:   24 38 48 83 c4 20 5f c3 65 48 8b 04 25 58 00 00
0x00007ffcfd8cdbb0:   00 8b 0d 99 c9 06 00 48 8b 5c 24 30 48 8b 74 24
0x00007ffcfd8cdbc0:   38 ba 20 00 00 00 48 8b 0c c8 48 8d 05 ef bf 05
0x00007ffcfd8cdbd0:   00 48 89 04 0a 33 c0 48 83 c4 20 5f c3 cc cc cc
0x00007ffcfd8cdbe0:   48 89 5c 24 10 44 89 4c 24 20 55 56 57 41 54 41
0x00007ffcfd8cdbf0:   55 41 56 41 57 48 81 ec c0 00 00 00 44 8b a4 24
0x00007ffcfd8cdc00:   28 01 00 00 41 8b e8 45 33 c0 45 8b f9 83 bc 24
0x00007ffcfd8cdc10:   30 01 00 00 10 45 8b d0 48 8b da 4c 89 84 24 90
0x00007ffcfd8cdc20:   00 00 00 41 0f 94 c2 48 8b f1 41 ff c2 41 8b fa
0x00007ffcfd8cdc30:   41 0f af f9 44 8b 8c 24 20 01 00 00 44 89 4c 24
0x00007ffcfd8cdc40:   28 8b c7 41 0f af c1 89 44 24 38 48 8b 01 4c 63 


Stack slot to memory mapping:
stack at sp + 0 slots: 0x00007ffcd0d63830 jvm.dll
stack at sp + 1 slots: 0x0 is NULL
stack at sp + 2 slots: 0x0 is NULL
stack at sp + 3 slots: 0x0 is NULL
stack at sp + 4 slots: 0x00000023400fe9e0 is pointing into the stack for thread: 0x00000222a48dd7e0
stack at sp + 5 slots: 0x00007ffcfd8c3abb lwjgl_stb.dll
stack at sp + 6 slots: 0x00000023400fea50 is pointing into the stack for thread: 0x00000222a48dd7e0
stack at sp + 7 slots: 0x00000222a3c96068 is pointing into metadata


---------------  P R O C E S S  ---------------

Threads class SMR info:
_java_thread_list=0x00000222a4e1dd40, length=16, elements={
0x00000222a384ef00, 0x00000222a384fd70, 0x00000222a38679c0, 0x00000222a386a390,
0x00000222a386ad40, 0x00000222a386d700, 0x00000222a4404590, 0x00000222a386e490,
0x00000222a4417750, 0x00000222a4641400, 0x00000222a4644570, 0x00000222a4644b30,
0x00000222a4e668f0, 0x00000222a4e66dc0, 0x00000222a48dd7e0, 0x00000222ff854070
}

Java Threads: ( => current thread )
  0x00000222a384ef00 JavaThread "Reference Handler" daemon [_thread_blocked, id=19268, stack(0x000000233ef00000,0x000000233f000000)]
  0x00000222a384fd70 JavaThread "Finalizer" daemon [_thread_blocked, id=19272, stack(0x000000233f000000,0x000000233f100000)]
  0x00000222a38679c0 JavaThread "Signal Dispatcher" daemon [_thread_blocked, id=19276, stack(0x000000233f100000,0x000000233f200000)]
  0x00000222a386a390 JavaThread "Attach Listener" daemon [_thread_blocked, id=19280, stack(0x000000233f200000,0x000000233f300000)]
  0x00000222a386ad40 JavaThread "Service Thread" daemon [_thread_blocked, id=19284, stack(0x000000233f300000,0x000000233f400000)]
  0x00000222a386d700 JavaThread "Monitor Deflation Thread" daemon [_thread_blocked, id=19288, stack(0x000000233f400000,0x000000233f500000)]
  0x00000222a4404590 JavaThread "C2 CompilerThread0" daemon [_thread_blocked, id=19292, stack(0x000000233f500000,0x000000233f600000)]
  0x00000222a386e490 JavaThread "C1 CompilerThread0" daemon [_thread_blocked, id=19296, stack(0x000000233f600000,0x000000233f700000)]
  0x00000222a4417750 JavaThread "Sweeper thread" daemon [_thread_blocked, id=19300, stack(0x000000233f700000,0x000000233f800000)]
  0x00000222a4641400 JavaThread "Common-Cleaner" daemon [_thread_blocked, id=19320, stack(0x000000233f800000,0x000000233f900000)]
  0x00000222a4644570 JavaThread "C1 CompilerThread1" daemon [_thread_blocked, id=19324, stack(0x000000233f900000,0x000000233fa00000)]
  0x00000222a4644b30 JavaThread "C1 CompilerThread2" daemon [_thread_blocked, id=19328, stack(0x000000233fa00000,0x000000233fb00000)]
  0x00000222a4e668f0 JavaThread "Monitor Ctrl-Break" daemon [_thread_in_native, id=19344, stack(0x000000233fd00000,0x000000233fe00000)]
  0x00000222a4e66dc0 JavaThread "Notification Thread" daemon [_thread_blocked, id=19348, stack(0x000000233fe00000,0x000000233ff00000)]
=>0x00000222a48dd7e0 JavaThread "game" [_thread_in_native, id=19392, stack(0x0000002340000000,0x0000002340100000)]
  0x00000222ff854070 JavaThread "DestroyJavaVM" [_thread_blocked, id=19240, stack(0x000000233e800000,0x000000233e900000)]

Other Threads:
  0x00000222a384a740 VMThread "VM Thread" [stack: 0x000000233ee00000,0x000000233ef00000] [id=19264]
  0x00000222a4cb91b0 WatcherThread [stack: 0x000000233ff00000,0x0000002340000000] [id=19352]
  0x00000222ff8a5a10 GCTaskThread "GC Thread#0" [stack: 0x000000233e900000,0x000000233ea00000] [id=19244]
  0x00000222ff8b28b0 ConcurrentGCThread "G1 Main Marker" [stack: 0x000000233ea00000,0x000000233eb00000] [id=19248]
  0x00000222fdefe300 ConcurrentGCThread "G1 Conc#0" [stack: 0x000000233eb00000,0x000000233ec00000] [id=19252]
  0x00000222ff90e3b0 ConcurrentGCThread "G1 Refine#0" [stack: 0x000000233ec00000,0x000000233ed00000] [id=19256]
  0x00000222a37044f0 ConcurrentGCThread "G1 Service" [stack: 0x000000233ed00000,0x000000233ee00000] [id=19260]

Threads with active compile tasks:

VM state: not at safepoint (normal execution)

VM Mutex/Monitor currently owned by a thread: None

Heap address: 0x0000000700c00000, size: 4084 MB, Compressed Oops mode: Zero based, Oop shift amount: 3

CDS archive(s) mapped at: [0x0000000800000000-0x0000000800bc0000-0x0000000800bc0000), size 12320768, SharedBaseAddress: 0x0000000800000000, ArchiveRelocationMode: 0.
Compressed class space mapped at: 0x0000000800c00000-0x0000000840c00000, reserved size: 1073741824
Narrow klass base: 0x0000000800000000, Narrow klass shift: 0, Narrow klass range: 0x100000000

GC Precious Log:
 CPUs: 16 total, 16 available
 Memory: 16333M
 Large Page Support: Disabled
 NUMA Support: Disabled
 Compressed Oops: Enabled (Zero based)
 Heap Region Size: 2M
 Heap Min Capacity: 8M
 Heap Initial Capacity: 256M
 Heap Max Capacity: 4084M
 Pre-touch: Disabled
 Parallel Workers: 13
 Concurrent Workers: 3
 Concurrent Refinement Workers: 13
 Periodic GC: Disabled

Heap:
 garbage-first heap   total 262144K, used 18432K [0x0000000700c00000, 0x0000000800000000)
  region size 2048K, 10 young (20480K), 0 survivors (0K)
 Metaspace       used 2946K, committed 3200K, reserved 1056768K
  class space    used 210K, committed 320K, reserved 1048576K

Heap Regions: E=young(eden), S=young(survivor), O=old, HS=humongous(starts), HC=humongous(continues), CS=collection set, F=free, OA=open archive, CA=closed archive, TAMS=top-at-mark-start (previous, next)
|   0|0x0000000700c00000, 0x0000000700c00000, 0x0000000700e00000|  0%| F|  |TAMS 0x0000000700c00000, 0x0000000700c00000| Untracked 
|   1|0x0000000700e00000, 0x0000000700e00000, 0x0000000701000000|  0%| F|  |TAMS 0x0000000700e00000, 0x0000000700e00000| Untracked 
|   2|0x0000000701000000, 0x0000000701000000, 0x0000000701200000|  0%| F|  |TAMS 0x0000000701000000, 0x0000000701000000| Untracked 
|   3|0x0000000701200000, 0x0000000701200000, 0x0000000701400000|  0%| F|  |TAMS 0x0000000701200000, 0x0000000701200000| Untracked 
|   4|0x0000000701400000, 0x0000000701400000, 0x0000000701600000|  0%| F|  |TAMS 0x0000000701400000, 0x0000000701400000| Untracked 
|   5|0x0000000701600000, 0x0000000701600000, 0x0000000701800000|  0%| F|  |TAMS 0x0000000701600000, 0x0000000701600000| Untracked 
|   6|0x0000000701800000, 0x0000000701800000, 0x0000000701a00000|  0%| F|  |TAMS 0x0000000701800000, 0x0000000701800000| Untracked 
|   7|0x0000000701a00000, 0x0000000701a00000, 0x0000000701c00000|  0%| F|  |TAMS 0x0000000701a00000, 0x0000000701a00000| Untracked 
|   8|0x0000000701c00000, 0x0000000701c00000, 0x0000000701e00000|  0%| F|  |TAMS 0x0000000701c00000, 0x0000000701c00000| Untracked 
|   9|0x0000000701e00000, 0x0000000701e00000, 0x0000000702000000|  0%| F|  |TAMS 0x0000000701e00000, 0x0000000701e00000| Untracked 
|  10|0x0000000702000000, 0x0000000702000000, 0x0000000702200000|  0%| F|  |TAMS 0x0000000702000000, 0x0000000702000000| Untracked 
|  11|0x0000000702200000, 0x0000000702200000, 0x0000000702400000|  0%| F|  |TAMS 0x0000000702200000, 0x0000000702200000| Untracked 
|  12|0x0000000702400000, 0x0000000702400000, 0x0000000702600000|  0%| F|  |TAMS 0x0000000702400000, 0x0000000702400000| Untracked 
|  13|0x0000000702600000, 0x0000000702600000, 0x0000000702800000|  0%| F|  |TAMS 0x0000000702600000, 0x0000000702600000| Untracked 
|  14|0x0000000702800000, 0x0000000702800000, 0x0000000702a00000|  0%| F|  |TAMS 0x0000000702800000, 0x0000000702800000| Untracked 
|  15|0x0000000702a00000, 0x0000000702a00000, 0x0000000702c00000|  0%| F|  |TAMS 0x0000000702a00000, 0x0000000702a00000| Untracked 
|  16|0x0000000702c00000, 0x0000000702c00000, 0x0000000702e00000|  0%| F|  |TAMS 0x0000000702c00000, 0x0000000702c00000| Untracked 
|  17|0x0000000702e00000, 0x0000000702e00000, 0x0000000703000000|  0%| F|  |TAMS 0x0000000702e00000, 0x0000000702e00000| Untracked 
|  18|0x0000000703000000, 0x0000000703000000, 0x0000000703200000|  0%| F|  |TAMS 0x0000000703000000, 0x0000000703000000| Untracked 
|  19|0x0000000703200000, 0x0000000703200000, 0x0000000703400000|  0%| F|  |TAMS 0x0000000703200000, 0x0000000703200000| Untracked 
|  20|0x0000000703400000, 0x0000000703400000, 0x0000000703600000|  0%| F|  |TAMS 0x0000000703400000, 0x0000000703400000| Untracked 
|  21|0x0000000703600000, 0x0000000703600000, 0x0000000703800000|  0%| F|  |TAMS 0x0000000703600000, 0x0000000703600000| Untracked 
|  22|0x0000000703800000, 0x0000000703800000, 0x0000000703a00000|  0%| F|  |TAMS 0x0000000703800000, 0x0000000703800000| Untracked 
|  23|0x0000000703a00000, 0x0000000703a00000, 0x0000000703c00000|  0%| F|  |TAMS 0x0000000703a00000, 0x0000000703a00000| Untracked 
|  24|0x0000000703c00000, 0x0000000703c00000, 0x0000000703e00000|  0%| F|  |TAMS 0x0000000703c00000, 0x0000000703c00000| Untracked 
|  25|0x0000000703e00000, 0x0000000703e00000, 0x0000000704000000|  0%| F|  |TAMS 0x0000000703e00000, 0x0000000703e00000| Untracked 
|  26|0x0000000704000000, 0x0000000704000000, 0x0000000704200000|  0%| F|  |TAMS 0x0000000704000000, 0x0000000704000000| Untracked 
|  27|0x0000000704200000, 0x0000000704200000, 0x0000000704400000|  0%| F|  |TAMS 0x0000000704200000, 0x0000000704200000| Untracked 
|  28|0x0000000704400000, 0x0000000704400000, 0x0000000704600000|  0%| F|  |TAMS 0x0000000704400000, 0x0000000704400000| Untracked 
|  29|0x0000000704600000, 0x0000000704600000, 0x0000000704800000|  0%| F|  |TAMS 0x0000000704600000, 0x0000000704600000| Untracked 
|  30|0x0000000704800000, 0x0000000704800000, 0x0000000704a00000|  0%| F|  |TAMS 0x0000000704800000, 0x0000000704800000| Untracked 
|  31|0x0000000704a00000, 0x0000000704a00000, 0x0000000704c00000|  0%| F|  |TAMS 0x0000000704a00000, 0x0000000704a00000| Untracked 
|  32|0x0000000704c00000, 0x0000000704c00000, 0x0000000704e00000|  0%| F|  |TAMS 0x0000000704c00000, 0x0000000704c00000| Untracked 
|  33|0x0000000704e00000, 0x0000000704e00000, 0x0000000705000000|  0%| F|  |TAMS 0x0000000704e00000, 0x0000000704e00000| Untracked 
|  34|0x0000000705000000, 0x0000000705000000, 0x0000000705200000|  0%| F|  |TAMS 0x0000000705000000, 0x0000000705000000| Untracked 
|  35|0x0000000705200000, 0x0000000705200000, 0x0000000705400000|  0%| F|  |TAMS 0x0000000705200000, 0x0000000705200000| Untracked 
|  36|0x0000000705400000, 0x0000000705400000, 0x0000000705600000|  0%| F|  |TAMS 0x0000000705400000, 0x0000000705400000| Untracked 
|  37|0x0000000705600000, 0x0000000705600000, 0x0000000705800000|  0%| F|  |TAMS 0x0000000705600000, 0x0000000705600000| Untracked 
|  38|0x0000000705800000, 0x0000000705800000, 0x0000000705a00000|  0%| F|  |TAMS 0x0000000705800000, 0x0000000705800000| Untracked 
|  39|0x0000000705a00000, 0x0000000705a00000, 0x0000000705c00000|  0%| F|  |TAMS 0x0000000705a00000, 0x0000000705a00000| Untracked 
|  40|0x0000000705c00000, 0x0000000705c00000, 0x0000000705e00000|  0%| F|  |TAMS 0x0000000705c00000, 0x0000000705c00000| Untracked 
|  41|0x0000000705e00000, 0x0000000705e00000, 0x0000000706000000|  0%| F|  |TAMS 0x0000000705e00000, 0x0000000705e00000| Untracked 
|  42|0x0000000706000000, 0x0000000706000000, 0x0000000706200000|  0%| F|  |TAMS 0x0000000706000000, 0x0000000706000000| Untracked 
|  43|0x0000000706200000, 0x0000000706200000, 0x0000000706400000|  0%| F|  |TAMS 0x0000000706200000, 0x0000000706200000| Untracked 
|  44|0x0000000706400000, 0x0000000706400000, 0x0000000706600000|  0%| F|  |TAMS 0x0000000706400000, 0x0000000706400000| Untracked 
|  45|0x0000000706600000, 0x0000000706600000, 0x0000000706800000|  0%| F|  |TAMS 0x0000000706600000, 0x0000000706600000| Untracked 
|  46|0x0000000706800000, 0x0000000706800000, 0x0000000706a00000|  0%| F|  |TAMS 0x0000000706800000, 0x0000000706800000| Untracked 
|  47|0x0000000706a00000, 0x0000000706a00000, 0x0000000706c00000|  0%| F|  |TAMS 0x0000000706a00000, 0x0000000706a00000| Untracked 
|  48|0x0000000706c00000, 0x0000000706c00000, 0x0000000706e00000|  0%| F|  |TAMS 0x0000000706c00000, 0x0000000706c00000| Untracked 
|  49|0x0000000706e00000, 0x0000000706e00000, 0x0000000707000000|  0%| F|  |TAMS 0x0000000706e00000, 0x0000000706e00000| Untracked 
|  50|0x0000000707000000, 0x0000000707000000, 0x0000000707200000|  0%| F|  |TAMS 0x0000000707000000, 0x0000000707000000| Untracked 
|  51|0x0000000707200000, 0x0000000707200000, 0x0000000707400000|  0%| F|  |TAMS 0x0000000707200000, 0x0000000707200000| Untracked 
|  52|0x0000000707400000, 0x0000000707400000, 0x0000000707600000|  0%| F|  |TAMS 0x0000000707400000, 0x0000000707400000| Untracked 
|  53|0x0000000707600000, 0x0000000707600000, 0x0000000707800000|  0%| F|  |TAMS 0x0000000707600000, 0x0000000707600000| Untracked 
|  54|0x0000000707800000, 0x0000000707800000, 0x0000000707a00000|  0%| F|  |TAMS 0x0000000707800000, 0x0000000707800000| Untracked 
|  55|0x0000000707a00000, 0x0000000707a00000, 0x0000000707c00000|  0%| F|  |TAMS 0x0000000707a00000, 0x0000000707a00000| Untracked 
|  56|0x0000000707c00000, 0x0000000707c00000, 0x0000000707e00000|  0%| F|  |TAMS 0x0000000707c00000, 0x0000000707c00000| Untracked 
|  57|0x0000000707e00000, 0x0000000707e00000, 0x0000000708000000|  0%| F|  |TAMS 0x0000000707e00000, 0x0000000707e00000| Untracked 
|  58|0x0000000708000000, 0x0000000708000000, 0x0000000708200000|  0%| F|  |TAMS 0x0000000708000000, 0x0000000708000000| Untracked 
|  59|0x0000000708200000, 0x0000000708200000, 0x0000000708400000|  0%| F|  |TAMS 0x0000000708200000, 0x0000000708200000| Untracked 
|  60|0x0000000708400000, 0x0000000708400000, 0x0000000708600000|  0%| F|  |TAMS 0x0000000708400000, 0x0000000708400000| Untracked 
|  61|0x0000000708600000, 0x0000000708600000, 0x0000000708800000|  0%| F|  |TAMS 0x0000000708600000, 0x0000000708600000| Untracked 
|  62|0x0000000708800000, 0x0000000708800000, 0x0000000708a00000|  0%| F|  |TAMS 0x0000000708800000, 0x0000000708800000| Untracked 
|  63|0x0000000708a00000, 0x0000000708a00000, 0x0000000708c00000|  0%| F|  |TAMS 0x0000000708a00000, 0x0000000708a00000| Untracked 
|  64|0x0000000708c00000, 0x0000000708c00000, 0x0000000708e00000|  0%| F|  |TAMS 0x0000000708c00000, 0x0000000708c00000| Untracked 
|  65|0x0000000708e00000, 0x0000000708e00000, 0x0000000709000000|  0%| F|  |TAMS 0x0000000708e00000, 0x0000000708e00000| Untracked 
|  66|0x0000000709000000, 0x0000000709000000, 0x0000000709200000|  0%| F|  |TAMS 0x0000000709000000, 0x0000000709000000| Untracked 
|  67|0x0000000709200000, 0x0000000709200000, 0x0000000709400000|  0%| F|  |TAMS 0x0000000709200000, 0x0000000709200000| Untracked 
|  68|0x0000000709400000, 0x0000000709400000, 0x0000000709600000|  0%| F|  |TAMS 0x0000000709400000, 0x0000000709400000| Untracked 
|  69|0x0000000709600000, 0x0000000709600000, 0x0000000709800000|  0%| F|  |TAMS 0x0000000709600000, 0x0000000709600000| Untracked 
|  70|0x0000000709800000, 0x0000000709800000, 0x0000000709a00000|  0%| F|  |TAMS 0x0000000709800000, 0x0000000709800000| Untracked 
|  71|0x0000000709a00000, 0x0000000709a00000, 0x0000000709c00000|  0%| F|  |TAMS 0x0000000709a00000, 0x0000000709a00000| Untracked 
|  72|0x0000000709c00000, 0x0000000709c00000, 0x0000000709e00000|  0%| F|  |TAMS 0x0000000709c00000, 0x0000000709c00000| Untracked 
|  73|0x0000000709e00000, 0x0000000709e00000, 0x000000070a000000|  0%| F|  |TAMS 0x0000000709e00000, 0x0000000709e00000| Untracked 
|  74|0x000000070a000000, 0x000000070a000000, 0x000000070a200000|  0%| F|  |TAMS 0x000000070a000000, 0x000000070a000000| Untracked 
|  75|0x000000070a200000, 0x000000070a200000, 0x000000070a400000|  0%| F|  |TAMS 0x000000070a200000, 0x000000070a200000| Untracked 
|  76|0x000000070a400000, 0x000000070a400000, 0x000000070a600000|  0%| F|  |TAMS 0x000000070a400000, 0x000000070a400000| Untracked 
|  77|0x000000070a600000, 0x000000070a600000, 0x000000070a800000|  0%| F|  |TAMS 0x000000070a600000, 0x000000070a600000| Untracked 
|  78|0x000000070a800000, 0x000000070a800000, 0x000000070aa00000|  0%| F|  |TAMS 0x000000070a800000, 0x000000070a800000| Untracked 
|  79|0x000000070aa00000, 0x000000070aa00000, 0x000000070ac00000|  0%| F|  |TAMS 0x000000070aa00000, 0x000000070aa00000| Untracked 
|  80|0x000000070ac00000, 0x000000070ac00000, 0x000000070ae00000|  0%| F|  |TAMS 0x000000070ac00000, 0x000000070ac00000| Untracked 
|  81|0x000000070ae00000, 0x000000070ae00000, 0x000000070b000000|  0%| F|  |TAMS 0x000000070ae00000, 0x000000070ae00000| Untracked 
|  82|0x000000070b000000, 0x000000070b000000, 0x000000070b200000|  0%| F|  |TAMS 0x000000070b000000, 0x000000070b000000| Untracked 
|  83|0x000000070b200000, 0x000000070b200000, 0x000000070b400000|  0%| F|  |TAMS 0x000000070b200000, 0x000000070b200000| Untracked 
|  84|0x000000070b400000, 0x000000070b400000, 0x000000070b600000|  0%| F|  |TAMS 0x000000070b400000, 0x000000070b400000| Untracked 
|  85|0x000000070b600000, 0x000000070b600000, 0x000000070b800000|  0%| F|  |TAMS 0x000000070b600000, 0x000000070b600000| Untracked 
|  86|0x000000070b800000, 0x000000070b800000, 0x000000070ba00000|  0%| F|  |TAMS 0x000000070b800000, 0x000000070b800000| Untracked 
|  87|0x000000070ba00000, 0x000000070ba00000, 0x000000070bc00000|  0%| F|  |TAMS 0x000000070ba00000, 0x000000070ba00000| Untracked 
|  88|0x000000070bc00000, 0x000000070bc00000, 0x000000070be00000|  0%| F|  |TAMS 0x000000070bc00000, 0x000000070bc00000| Untracked 
|  89|0x000000070be00000, 0x000000070be00000, 0x000000070c000000|  0%| F|  |TAMS 0x000000070be00000, 0x000000070be00000| Untracked 
|  90|0x000000070c000000, 0x000000070c000000, 0x000000070c200000|  0%| F|  |TAMS 0x000000070c000000, 0x000000070c000000| Untracked 
|  91|0x000000070c200000, 0x000000070c200000, 0x000000070c400000|  0%| F|  |TAMS 0x000000070c200000, 0x000000070c200000| Untracked 
|  92|0x000000070c400000, 0x000000070c400000, 0x000000070c600000|  0%| F|  |TAMS 0x000000070c400000, 0x000000070c400000| Untracked 
|  93|0x000000070c600000, 0x000000070c600000, 0x000000070c800000|  0%| F|  |TAMS 0x000000070c600000, 0x000000070c600000| Untracked 
|  94|0x000000070c800000, 0x000000070c800000, 0x000000070ca00000|  0%| F|  |TAMS 0x000000070c800000, 0x000000070c800000| Untracked 
|  95|0x000000070ca00000, 0x000000070ca00000, 0x000000070cc00000|  0%| F|  |TAMS 0x000000070ca00000, 0x000000070ca00000| Untracked 
|  96|0x000000070cc00000, 0x000000070cc00000, 0x000000070ce00000|  0%| F|  |TAMS 0x000000070cc00000, 0x000000070cc00000| Untracked 
|  97|0x000000070ce00000, 0x000000070ce00000, 0x000000070d000000|  0%| F|  |TAMS 0x000000070ce00000, 0x000000070ce00000| Untracked 
|  98|0x000000070d000000, 0x000000070d000000, 0x000000070d200000|  0%| F|  |TAMS 0x000000070d000000, 0x000000070d000000| Untracked 
|  99|0x000000070d200000, 0x000000070d200000, 0x000000070d400000|  0%| F|  |TAMS 0x000000070d200000, 0x000000070d200000| Untracked 
| 100|0x000000070d400000, 0x000000070d400000, 0x000000070d600000|  0%| F|  |TAMS 0x000000070d400000, 0x000000070d400000| Untracked 
| 101|0x000000070d600000, 0x000000070d600000, 0x000000070d800000|  0%| F|  |TAMS 0x000000070d600000, 0x000000070d600000| Untracked 
| 102|0x000000070d800000, 0x000000070d800000, 0x000000070da00000|  0%| F|  |TAMS 0x000000070d800000, 0x000000070d800000| Untracked 
| 103|0x000000070da00000, 0x000000070da00000, 0x000000070dc00000|  0%| F|  |TAMS 0x000000070da00000, 0x000000070da00000| Untracked 
| 104|0x000000070dc00000, 0x000000070dc00000, 0x000000070de00000|  0%| F|  |TAMS 0x000000070dc00000, 0x000000070dc00000| Untracked 
| 105|0x000000070de00000, 0x000000070de00000, 0x000000070e000000|  0%| F|  |TAMS 0x000000070de00000, 0x000000070de00000| Untracked 
| 106|0x000000070e000000, 0x000000070e000000, 0x000000070e200000|  0%| F|  |TAMS 0x000000070e000000, 0x000000070e000000| Untracked 
| 107|0x000000070e200000, 0x000000070e200000, 0x000000070e400000|  0%| F|  |TAMS 0x000000070e200000, 0x000000070e200000| Untracked 
| 108|0x000000070e400000, 0x000000070e400000, 0x000000070e600000|  0%| F|  |TAMS 0x000000070e400000, 0x000000070e400000| Untracked 
| 109|0x000000070e600000, 0x000000070e600000, 0x000000070e800000|  0%| F|  |TAMS 0x000000070e600000, 0x000000070e600000| Untracked 
| 110|0x000000070e800000, 0x000000070e800000, 0x000000070ea00000|  0%| F|  |TAMS 0x000000070e800000, 0x000000070e800000| Untracked 
| 111|0x000000070ea00000, 0x000000070ea00000, 0x000000070ec00000|  0%| F|  |TAMS 0x000000070ea00000, 0x000000070ea00000| Untracked 
| 112|0x000000070ec00000, 0x000000070ec00000, 0x000000070ee00000|  0%| F|  |TAMS 0x000000070ec00000, 0x000000070ec00000| Untracked 
| 113|0x000000070ee00000, 0x000000070ee00000, 0x000000070f000000|  0%| F|  |TAMS 0x000000070ee00000, 0x000000070ee00000| Untracked 
| 114|0x000000070f000000, 0x000000070f000000, 0x000000070f200000|  0%| F|  |TAMS 0x000000070f000000, 0x000000070f000000| Untracked 
| 115|0x000000070f200000, 0x000000070f200000, 0x000000070f400000|  0%| F|  |TAMS 0x000000070f200000, 0x000000070f200000| Untracked 
| 116|0x000000070f400000, 0x000000070f400000, 0x000000070f600000|  0%| F|  |TAMS 0x000000070f400000, 0x000000070f400000| Untracked 
| 117|0x000000070f600000, 0x000000070f600000, 0x000000070f800000|  0%| F|  |TAMS 0x000000070f600000, 0x000000070f600000| Untracked 
| 118|0x000000070f800000, 0x000000070f871290, 0x000000070fa00000| 22%| E|  |TAMS 0x000000070f800000, 0x000000070f800000| Complete 
| 119|0x000000070fa00000, 0x000000070fc00000, 0x000000070fc00000|100%| E|CS|TAMS 0x000000070fa00000, 0x000000070fa00000| Complete 
| 120|0x000000070fc00000, 0x000000070fe00000, 0x000000070fe00000|100%| E|CS|TAMS 0x000000070fc00000, 0x000000070fc00000| Complete 
| 121|0x000000070fe00000, 0x0000000710000000, 0x0000000710000000|100%| E|CS|TAMS 0x000000070fe00000, 0x000000070fe00000| Complete 
| 122|0x0000000710000000, 0x0000000710200000, 0x0000000710200000|100%| E|CS|TAMS 0x0000000710000000, 0x0000000710000000| Complete 
| 123|0x0000000710200000, 0x0000000710400000, 0x0000000710400000|100%| E|CS|TAMS 0x0000000710200000, 0x0000000710200000| Complete 
| 124|0x0000000710400000, 0x0000000710600000, 0x0000000710600000|100%| E|CS|TAMS 0x0000000710400000, 0x0000000710400000| Complete 
| 125|0x0000000710600000, 0x0000000710800000, 0x0000000710800000|100%| E|CS|TAMS 0x0000000710600000, 0x0000000710600000| Complete 
| 126|0x0000000710800000, 0x0000000710a00000, 0x0000000710a00000|100%| E|CS|TAMS 0x0000000710800000, 0x0000000710800000| Complete 
| 127|0x0000000710a00000, 0x0000000710c00000, 0x0000000710c00000|100%| E|CS|TAMS 0x0000000710a00000, 0x0000000710a00000| Complete 

Card table byte_map: [0x0000022297900000,0x0000022298100000] _byte_map_base: 0x00000222940fa000

Marking Bits (Prev, Next): (CMBitMap*) 0x00000222ff8a6020, (CMBitMap*) 0x00000222ff8a6060
 Prev Bits: [0x0000022298900000, 0x000002229c8d0000)
 Next Bits: [0x000002229c8d0000, 0x00000222a08a0000)

Polling page: 0x00000222fdf90000

Metaspace:

Usage:
  Non-class:      2.67 MB used.
      Class:    210.28 KB used.
       Both:      2.88 MB used.

Virtual space:
  Non-class space:        8.00 MB reserved,       2.81 MB ( 35%) committed,  1 nodes.
      Class space:        1.00 GB reserved,     320.00 KB ( <1%) committed,  1 nodes.
             Both:        1.01 GB reserved,       3.12 MB ( <1%) committed. 

Chunk freelists:
   Non-Class:  2.98 MB
       Class:  3.64 MB
        Both:  6.62 MB

MaxMetaspaceSize: unlimited
CompressedClassSpaceSize: 1.00 GB
Initial GC threshold: 21.00 MB
Current GC threshold: 21.00 MB
CDS: on
MetaspaceReclaimPolicy: balanced
 - commit_granule_bytes: 65536.
 - commit_granule_words: 8192.
 - virtual_space_node_default_size: 1048576.
 - enlarge_chunks_in_place: 1.
 - new_chunks_are_fully_committed: 0.
 - uncommit_free_chunks: 1.
 - use_allocation_guard: 0.
 - handle_deallocations: 1.


Internal statistics:

num_allocs_failed_limit: 0.
num_arena_births: 64.
num_arena_deaths: 0.
num_vsnodes_births: 2.
num_vsnodes_deaths: 0.
num_space_committed: 50.
num_space_uncommitted: 0.
num_chunks_returned_to_freelist: 0.
num_chunks_taken_from_freelist: 118.
num_chunk_merges: 0.
num_chunk_splits: 79.
num_chunks_enlarged: 52.
num_purges: 0.
num_inconsistent_stats: 0.

CodeHeap 'non-profiled nmethods': size=119168Kb used=275Kb max_used=275Kb free=118892Kb
 bounds [0x000002228f310000, 0x000002228f580000, 0x0000022296770000]
CodeHeap 'profiled nmethods': size=119104Kb used=1729Kb max_used=1729Kb free=117374Kb
 bounds [0x0000022287ec0000, 0x0000022288130000, 0x000002228f310000]
CodeHeap 'non-nmethods': size=7488Kb used=2662Kb max_used=2842Kb free=4825Kb
 bounds [0x0000022287770000, 0x0000022287a40000, 0x0000022287ec0000]
 total_blobs=1844 nmethods=896 adapters=859
 compilation: enabled
              stopped_count=0, restarted_count=0
 full_count=0

Compilation events (20 events):
Event: 4.170 Thread 0x00000222a4644b30  888       3       sun.nio.fs.WindowsPathParser::isLetter (30 bytes)
Event: 4.170 Thread 0x00000222a4644570 nmethod 886 0x0000022288066290 code [0x0000022288066420, 0x0000022288066548]
Event: 4.170 Thread 0x00000222a4644570  889       3       sun.nio.fs.WindowsPathParser$Result::<init> (20 bytes)
Event: 4.170 Thread 0x00000222a4644b30 nmethod 888 0x0000022288066610 code [0x00000222880667a0, 0x0000022288066998]
Event: 4.170 Thread 0x00000222a4644570 nmethod 889 0x0000022288066a10 code [0x0000022288066bc0, 0x0000022288066e58]
Event: 4.173 Thread 0x00000222a386e490 nmethod 887 0x0000022288066f10 code [0x0000022288067620, 0x000002228806b428]
Event: 4.175 Thread 0x00000222a4404590 nmethod 885 0x000002228f353f90 code [0x000002228f354120, 0x000002228f354618]
Event: 4.197 Thread 0x00000222a386e490  890       3       sun.nio.fs.WindowsFileSystem::getPath (106 bytes)
Event: 4.197 Thread 0x00000222a4644570  891       3       sun.nio.fs.WindowsPath::parse (26 bytes)
Event: 4.197 Thread 0x00000222a4644570 nmethod 891 0x000002228806ca90 code [0x000002228806cc60, 0x000002228806d128]
Event: 4.198 Thread 0x00000222a4644570  892       3       java.util.HashMap::tableSizeFor (32 bytes)
Event: 4.198 Thread 0x00000222a4644570 nmethod 892 0x000002228806d290 code [0x000002228806d440, 0x000002228806d668]
Event: 4.198 Thread 0x00000222a386e490 nmethod 890 0x000002228806d710 code [0x000002228806d9a0, 0x000002228806e438]
Event: 4.199 Thread 0x00000222a386e490  893   !   3       java.util.zip.ZipFile$Source::readAt (39 bytes)
Event: 4.200 Thread 0x00000222a386e490 nmethod 893 0x000002228806e890 code [0x000002228806ea80, 0x000002228806ef08]
Event: 4.205 Thread 0x00000222a386e490  894       3       jdk.internal.jimage.ImageLocation::verify (218 bytes)
Event: 4.205 Thread 0x00000222a4404590  895   !   4       jdk.internal.misc.ScopedMemoryAccess::getByte (20 bytes)
Event: 4.206 Thread 0x00000222a4404590 nmethod 895 0x000002228f354890 code [0x000002228f354a00, 0x000002228f354ab8]
Event: 4.206 Thread 0x00000222a4404590  896       4       java.util.zip.ZipFile::ensureOpen (40 bytes)
Event: 4.206 Thread 0x00000222a386e490 nmethod 894 0x000002228806f210 code [0x000002228806f4c0, 0x0000022288070238]

GC Heap History (0 events):
No events

Deoptimization events (20 events):
Event: 0.372 Thread 0x00000222ff854070 DEOPT PACKING pc=0x0000022287ecbe3e sp=0x000000233e8fe160
Event: 0.372 Thread 0x00000222ff854070 DEOPT UNPACKING pc=0x00000222877c2b43 sp=0x000000233e8fd5d8 mode 0
Event: 0.380 Thread 0x00000222ff854070 Uncommon trap: trap_request=0xffffff45 fr.pc=0x000002228f32cc60 relative=0x0000000000000320
Event: 0.380 Thread 0x00000222ff854070 Uncommon trap: reason=unstable_if action=reinterpret pc=0x000002228f32cc60 method=java.util.jar.Manifest$FastInputStream.readLine([BII)I @ 106 c2
Event: 0.380 Thread 0x00000222ff854070 DEOPT PACKING pc=0x000002228f32cc60 sp=0x000000233e8fe910
Event: 0.380 Thread 0x00000222ff854070 DEOPT UNPACKING pc=0x00000222877c23a3 sp=0x000000233e8fe8a0 mode 2
Event: 0.416 Thread 0x00000222ff854070 Uncommon trap: trap_request=0xffffff45 fr.pc=0x000002228f310ff8 relative=0x0000000000000078
Event: 0.416 Thread 0x00000222ff854070 Uncommon trap: reason=unstable_if action=reinterpret pc=0x000002228f310ff8 method=java.lang.String.isLatin1()Z @ 10 c2
Event: 0.416 Thread 0x00000222ff854070 DEOPT PACKING pc=0x000002228f310ff8 sp=0x000000233e8ff200
Event: 0.416 Thread 0x00000222ff854070 DEOPT UNPACKING pc=0x00000222877c23a3 sp=0x000000233e8ff140 mode 2
Event: 0.473 Thread 0x00000222a48dd7e0 Uncommon trap: trap_request=0xffffff45 fr.pc=0x000002228f33c548 relative=0x0000000000000228
Event: 0.473 Thread 0x00000222a48dd7e0 Uncommon trap: reason=unstable_if action=reinterpret pc=0x000002228f33c548 method=java.lang.String.startsWith(Ljava/lang/String;I)Z @ 14 c2
Event: 0.473 Thread 0x00000222a48dd7e0 DEOPT PACKING pc=0x000002228f33c548 sp=0x00000023400fc770
Event: 0.473 Thread 0x00000222a48dd7e0 DEOPT UNPACKING pc=0x00000222877c23a3 sp=0x00000023400fc6d0 mode 2
Event: 0.495 Thread 0x00000222a48dd7e0 Uncommon trap: trap_request=0xffffff45 fr.pc=0x000002228f339d20 relative=0x0000000000000c80
Event: 0.495 Thread 0x00000222a48dd7e0 Uncommon trap: reason=unstable_if action=reinterpret pc=0x000002228f339d20 method=java.io.WinNTFileSystem.normalize(Ljava/lang/String;)Ljava/lang/String; @ 40 c2
Event: 0.495 Thread 0x00000222a48dd7e0 DEOPT PACKING pc=0x000002228f339d20 sp=0x00000023400fd0a0
Event: 0.495 Thread 0x00000222a48dd7e0 DEOPT UNPACKING pc=0x00000222877c23a3 sp=0x00000023400fd088 mode 2
Event: 4.170 Thread 0x00000222a48dd7e0 DEOPT PACKING pc=0x0000022287eccbe5 sp=0x00000023400fcb70
Event: 4.170 Thread 0x00000222a48dd7e0 DEOPT UNPACKING pc=0x00000222877c2b43 sp=0x00000023400fbfc0 mode 0

Classes unloaded (0 events):
No events

Classes redefined (0 events):
No events

Internal exceptions (20 events):
Event: 0.419 Thread 0x00000222a4e668f0 Exception <a 'java/lang/NoSuchMethodError'{0x000000070ff602d0}: 'java.lang.Object java.lang.invoke.DirectMethodHandle$Holder.invokeStaticInit(java.lang.Object)'> (0x000000070ff602d0) 
thrown [t:\workspace\open\src\hotspot\share\interpreter\linkResolver.cpp, line 766]
Event: 0.425 Thread 0x00000222a4e668f0 Exception <a 'java/lang/NoSuchMethodError'{0x000000070ff6dfb8}: 'void java.lang.invoke.DirectMethodHandle$Holder.invokeStatic(java.lang.Object, java.lang.Object)'> (0x000000070ff6dfb8) 
thrown [t:\workspace\open\src\hotspot\share\interpreter\linkResolver.cpp, line 766]
Event: 0.462 Thread 0x00000222a48dd7e0 Exception <a 'java/lang/NoSuchMethodError'{0x000000070fcd2d70}: 'void java.lang.invoke.DirectMethodHandle$Holder.invokeSpecial(java.lang.Object, java.lang.Object, java.lang.Object)'> (0x000000070fcd2d70) 
thrown [t:\workspace\open\src\hotspot\share\interpreter\linkResolver.cpp, line 766]
Event: 0.465 Thread 0x00000222a48dd7e0 Exception <a 'java/lang/NoSuchMethodError'{0x000000070fce5d70}: 'java.lang.Object java.lang.invoke.DirectMethodHandle$Holder.invokeStatic(java.lang.Object, java.lang.Object, int)'> (0x000000070fce5d70) 
thrown [t:\workspace\open\src\hotspot\share\interpreter\linkResolver.cpp, line 766]
Event: 0.466 Thread 0x00000222a48dd7e0 Exception <a 'java/lang/NoSuchMethodError'{0x000000070fcf1ae0}: 'void java.lang.invoke.DelegatingMethodHandle$Holder.delegate(java.lang.Object, java.lang.Object, int, java.lang.Object)'> (0x000000070fcf1ae0) 
thrown [t:\workspace\open\src\hotspot\share\interpreter\linkResolver.cpp, line 766]
Event: 0.466 Thread 0x00000222a48dd7e0 Exception <a 'java/lang/NoSuchMethodError'{0x000000070fcf5b18}: 'int java.lang.invoke.DirectMethodHandle$Holder.invokeSpecial(java.lang.Object, java.lang.Object, java.lang.Object)'> (0x000000070fcf5b18) 
thrown [t:\workspace\open\src\hotspot\share\interpreter\linkResolver.cpp, line 766]
Event: 0.499 Thread 0x00000222a48dd7e0 Exception <a 'sun/nio/fs/WindowsException'{0x000000070fd5b740}> (0x000000070fd5b740) 
thrown [t:\workspace\open\src\hotspot\share\prims\jni.cpp, line 516]
Event: 0.500 Thread 0x00000222a48dd7e0 Exception <a 'sun/nio/fs/WindowsException'{0x000000070fd5bc88}> (0x000000070fd5bc88) 
thrown [t:\workspace\open\src\hotspot\share\prims\jni.cpp, line 516]
Event: 0.581 Thread 0x00000222a48dd7e0 Exception <a 'sun/nio/fs/WindowsException'{0x000000070fd7cd78}> (0x000000070fd7cd78) 
thrown [t:\workspace\open\src\hotspot\share\prims\jni.cpp, line 516]
Event: 0.581 Thread 0x00000222a48dd7e0 Exception <a 'sun/nio/fs/WindowsException'{0x000000070fd7d0d8}> (0x000000070fd7d0d8) 
thrown [t:\workspace\open\src\hotspot\share\prims\jni.cpp, line 516]
Event: 0.589 Thread 0x00000222a48dd7e0 Exception <a 'java/lang/NoSuchMethodError'{0x000000070fdc5650}: 'int java.lang.invoke.DirectMethodHandle$Holder.invokeStaticInit(java.lang.Object, java.lang.Object, int, long)'> (0x000000070fdc5650) 
thrown [t:\workspace\open\src\hotspot\share\interpreter\linkResolver.cpp, line 766]
Event: 0.590 Thread 0x00000222a48dd7e0 Exception <a 'java/lang/NoSuchMethodError'{0x000000070fdcb1a0}: 'java.lang.Object java.lang.invoke.DirectMethodHandle$Holder.newInvokeSpecial(java.lang.Object, java.lang.Object, int)'> (0x000000070fdcb1a0) 
thrown [t:\workspace\open\src\hotspot\share\interpreter\linkResolver.cpp, line 766]
Event: 0.592 Thread 0x00000222a48dd7e0 Exception <a 'java/lang/NoSuchMethodError'{0x000000070fdd9ff8}: 'int java.lang.invoke.DirectMethodHandle$Holder.invokeStaticInit(java.lang.Object, java.lang.Object, long, long)'> (0x000000070fdd9ff8) 
thrown [t:\workspace\open\src\hotspot\share\interpreter\linkResolver.cpp, line 766]
Event: 0.592 Thread 0x00000222a48dd7e0 Exception <a 'java/lang/NoSuchMethodError'{0x000000070fde0108}: 'java.lang.Object java.lang.invoke.DirectMethodHandle$Holder.newInvokeSpecial(java.lang.Object, java.lang.Object, long)'> (0x000000070fde0108) 
thrown [t:\workspace\open\src\hotspot\share\interpreter\linkResolver.cpp, line 766]
Event: 0.593 Thread 0x00000222a48dd7e0 Exception <a 'java/lang/NoSuchMethodError'{0x000000070fde43f8}: 'java.lang.Object java.lang.invoke.Invokers$Holder.linkToTargetMethod(java.lang.Object, long, java.lang.Object)'> (0x000000070fde43f8) 
thrown [t:\workspace\open\src\hotspot\share\interpreter\linkResolver.cpp, line 766]
Event: 0.593 Thread 0x00000222a48dd7e0 Exception <a 'java/lang/NoSuchMethodError'{0x000000070fdebb10}: 'int java.lang.invoke.DirectMethodHandle$Holder.invokeStaticInit(java.lang.Object, java.lang.Object, java.lang.Object, long)'> (0x000000070fdebb10) 
thrown [t:\workspace\open\src\hotspot\share\interpreter\linkResolver.cpp, line 766]
Event: 3.790 Thread 0x00000222a48dd7e0 Exception <a 'sun/nio/fs/WindowsException'{0x000000070fab8038}> (0x000000070fab8038) 
thrown [t:\workspace\open\src\hotspot\share\prims\jni.cpp, line 516]
Event: 3.790 Thread 0x00000222a48dd7e0 Exception <a 'sun/nio/fs/WindowsException'{0x000000070fab83c8}> (0x000000070fab83c8) 
thrown [t:\workspace\open\src\hotspot\share\prims\jni.cpp, line 516]
Event: 4.203 Thread 0x00000222a48dd7e0 Exception <a 'sun/nio/fs/WindowsException'{0x000000070fbf42b0}> (0x000000070fbf42b0) 
thrown [t:\workspace\open\src\hotspot\share\prims\jni.cpp, line 516]
Event: 4.203 Thread 0x00000222a48dd7e0 Exception <a 'sun/nio/fs/WindowsException'{0x000000070fbf4628}> (0x000000070fbf4628) 
thrown [t:\workspace\open\src\hotspot\share\prims\jni.cpp, line 516]

VM Operations (14 events):
Event: 0.178 Executing VM operation: HandshakeAllThreads
Event: 0.178 Executing VM operation: HandshakeAllThreads done
Event: 0.416 Executing VM operation: HandshakeAllThreads
Event: 0.416 Executing VM operation: HandshakeAllThreads done
Event: 0.418 Executing VM operation: HandshakeAllThreads
Event: 0.418 Executing VM operation: HandshakeAllThreads done
Event: 0.465 Executing VM operation: HandshakeAllThreads
Event: 0.465 Executing VM operation: HandshakeAllThreads done
Event: 0.495 Executing VM operation: HandshakeAllThreads
Event: 0.495 Executing VM operation: HandshakeAllThreads done
Event: 0.586 Executing VM operation: HandshakeAllThreads
Event: 0.586 Executing VM operation: HandshakeAllThreads done
Event: 1.586 Executing VM operation: Cleanup
Event: 1.586 Executing VM operation: Cleanup done

Events (20 events):
Event: 3.810 loading class sun/util/resources/TimeZoneNamesBundle
Event: 3.810 loading class sun/util/resources/OpenListResourceBundle
Event: 3.810 loading class sun/util/resources/OpenListResourceBundle done
Event: 3.810 loading class sun/util/resources/TimeZoneNamesBundle done
Event: 3.810 loading class sun/util/resources/cldr/TimeZoneNames done
Event: 3.811 loading class sun/util/resources/cldr/TimeZoneNames_en
Event: 3.811 loading class sun/util/resources/cldr/TimeZoneNames_en done
Event: 3.811 loading class sun/util/resources/cldr/TimeZoneNames_en_US
Event: 3.811 loading class sun/util/resources/cldr/TimeZoneNames_en_US done
Event: 3.812 loading class java/util/LinkedHashMap$LinkedKeySet
Event: 3.812 loading class java/util/LinkedHashMap$LinkedKeySet done
Event: 4.166 loading class sun/net/ProgressMonitor
Event: 4.166 loading class sun/net/ProgressMonitor done
Event: 4.166 loading class sun/net/DefaultProgressMeteringPolicy
Event: 4.166 loading class sun/net/ProgressMeteringPolicy
Event: 4.166 loading class sun/net/ProgressMeteringPolicy done
Event: 4.166 loading class sun/net/DefaultProgressMeteringPolicy done
Event: 4.170 loading class jdk/internal/misc/ScopedMemoryAccess$Scope
Event: 4.170 loading class jdk/internal/misc/ScopedMemoryAccess$Scope done
Event: 4.205 Loaded shared library C:\Users\Matt\AppData\Local\Temp\lwjglMatt\3.3.1-build-7\lwjgl_stb.dll


Dynamic libraries:
0x00007ff647300000 - 0x00007ff64730e000 	C:\Java\jdk-17.0.2\bin\java.exe
0x00007ffd55f30000 - 0x00007ffd56127000 	C:\Windows\SYSTEM32\ntdll.dll
0x00007ffd54b00000 - 0x00007ffd54bbd000 	C:\Windows\System32\KERNEL32.DLL
0x00007ffd53800000 - 0x00007ffd53acd000 	C:\Windows\System32\KERNELBASE.dll
0x00007ffd53da0000 - 0x00007ffd53ea0000 	C:\Windows\System32\ucrtbase.dll
0x00007ffd2f660000 - 0x00007ffd2f678000 	C:\Java\jdk-17.0.2\bin\jli.dll
0x00007ffd1dd20000 - 0x00007ffd1dd3a000 	C:\Java\jdk-17.0.2\bin\VCRUNTIME140.dll
0x00007ffd54030000 - 0x00007ffd541d0000 	C:\Windows\System32\USER32.dll
0x00007ffd53ad0000 - 0x00007ffd53af2000 	C:\Windows\System32\win32u.dll
0x00007ffd34980000 - 0x00007ffd34c1a000 	C:\Windows\WinSxS\amd64_microsoft.windows.common-controls_6595b64144ccf1df_6.0.19041.1110_none_60b5254171f9507e\COMCTL32.dll
0x00007ffd557e0000 - 0x00007ffd5580a000 	C:\Windows\System32\GDI32.dll
0x00007ffd53f90000 - 0x00007ffd5402e000 	C:\Windows\System32\msvcrt.dll
0x00007ffd53650000 - 0x00007ffd5375b000 	C:\Windows\System32\gdi32full.dll
0x00007ffd53ef0000 - 0x00007ffd53f8d000 	C:\Windows\System32\msvcp_win.dll
0x00007ffd55920000 - 0x00007ffd55950000 	C:\Windows\System32\IMM32.DLL
0x00007ffd32750000 - 0x00007ffd3275c000 	C:\Java\jdk-17.0.2\bin\vcruntime140_1.dll
0x00007ffcf67c0000 - 0x00007ffcf684d000 	C:\Java\jdk-17.0.2\bin\msvcp140.dll
0x00007ffcd04b0000 - 0x00007ffcd1071000 	C:\Java\jdk-17.0.2\bin\server\jvm.dll
0x00007ffd55870000 - 0x00007ffd5591e000 	C:\Windows\System32\ADVAPI32.dll
0x00007ffd54c70000 - 0x00007ffd54d0c000 	C:\Windows\System32\sechost.dll
0x00007ffd54df0000 - 0x00007ffd54f15000 	C:\Windows\System32\RPCRT4.dll
0x00007ffd54af0000 - 0x00007ffd54af8000 	C:\Windows\System32\PSAPI.DLL
0x00007ffd45db0000 - 0x00007ffd45dd7000 	C:\Windows\SYSTEM32\WINMM.dll
0x00007ffd3df80000 - 0x00007ffd3df89000 	C:\Windows\SYSTEM32\WSOCK32.dll
0x00007ffd4bc60000 - 0x00007ffd4bc6a000 	C:\Windows\SYSTEM32\VERSION.dll
0x00007ffd55560000 - 0x00007ffd555cb000 	C:\Windows\System32\WS2_32.dll
0x00007ffd51530000 - 0x00007ffd51542000 	C:\Windows\SYSTEM32\kernel.appcore.dll
0x00007ffd297e0000 - 0x00007ffd297ea000 	C:\Java\jdk-17.0.2\bin\jimage.dll
0x00007ffd32420000 - 0x00007ffd32604000 	C:\Windows\SYSTEM32\DBGHELP.DLL
0x00007ffd32300000 - 0x00007ffd3232c000 	C:\Windows\SYSTEM32\dbgcore.DLL
0x00007ffd53d10000 - 0x00007ffd53d92000 	C:\Windows\System32\bcryptPrimitives.dll
0x00007ffd4c4a0000 - 0x00007ffd4c4ae000 	C:\Java\jdk-17.0.2\bin\instrument.dll
0x00007ffd18fb0000 - 0x00007ffd18fd5000 	C:\Java\jdk-17.0.2\bin\java.dll
0x00007ffcdf030000 - 0x00007ffcdf106000 	C:\Java\jdk-17.0.2\bin\jsvml.dll
0x00007ffd542f0000 - 0x00007ffd54a34000 	C:\Windows\System32\SHELL32.dll
0x00007ffd51730000 - 0x00007ffd51ec4000 	C:\Windows\SYSTEM32\windows.storage.dll
0x00007ffd54fb0000 - 0x00007ffd55304000 	C:\Windows\System32\combase.dll
0x00007ffd52fd0000 - 0x00007ffd52ffc000 	C:\Windows\SYSTEM32\Wldp.dll
0x00007ffd54bc0000 - 0x00007ffd54c6d000 	C:\Windows\System32\SHCORE.dll
0x00007ffd54f20000 - 0x00007ffd54f75000 	C:\Windows\System32\shlwapi.dll
0x00007ffd53590000 - 0x00007ffd535af000 	C:\Windows\SYSTEM32\profapi.dll
0x00007ffd17fb0000 - 0x00007ffd17fc8000 	C:\Java\jdk-17.0.2\bin\zip.dll
0x00007ffd18f90000 - 0x00007ffd18fa9000 	C:\java\jdk-17.0.2\bin\net.dll
0x00007ffd4bc90000 - 0x00007ffd4bd9a000 	C:\Windows\SYSTEM32\WINHTTP.dll
0x00007ffd52db0000 - 0x00007ffd52e1a000 	C:\Windows\system32\mswsock.dll
0x00007ffd17fd0000 - 0x00007ffd17fe6000 	C:\java\jdk-17.0.2\bin\nio.dll
0x00007ffd4c480000 - 0x00007ffd4c49a000 	C:\Users\Matt\AppData\Local\JetBrains\Toolbox\apps\IDEA-C\ch-0\221.5921.22\bin\breakgen64.dll
0x00007ffd1df20000 - 0x00007ffd1df95000 	C:\Users\Matt\AppData\Local\Temp\lwjglMatt\3.3.1-build-7\lwjgl.dll
0x00007ffd185b0000 - 0x00007ffd18611000 	C:\Users\Matt\AppData\Local\Temp\lwjglMatt\3.3.1-build-7\glfw.dll
0x00007ffd280d0000 - 0x00007ffd28115000 	C:\Windows\SYSTEM32\dinput8.dll
0x00007ffd19ff0000 - 0x00007ffd1a001000 	C:\Windows\SYSTEM32\xinput1_4.dll
0x00007ffd53ea0000 - 0x00007ffd53eee000 	C:\Windows\System32\cfgmgr32.dll
0x00007ffd53400000 - 0x00007ffd5342c000 	C:\Windows\SYSTEM32\DEVOBJ.dll
0x00007ffd51240000 - 0x00007ffd5126f000 	C:\Windows\SYSTEM32\dwmapi.dll
0x00007ffd47bf0000 - 0x00007ffd47d42000 	C:\Windows\SYSTEM32\inputhost.dll
0x00007ffd55710000 - 0x00007ffd557dd000 	C:\Windows\System32\OLEAUT32.dll
0x00007ffd50b60000 - 0x00007ffd50c52000 	C:\Windows\SYSTEM32\CoreMessaging.dll
0x00007ffd4ecf0000 - 0x00007ffd4ede6000 	C:\Windows\SYSTEM32\PROPSYS.dll
0x00007ffd4fd40000 - 0x00007ffd4fe94000 	C:\Windows\SYSTEM32\wintypes.dll
0x00007ffd506b0000 - 0x00007ffd50a0e000 	C:\Windows\SYSTEM32\CoreUIComponents.dll
0x00007ffd52310000 - 0x00007ffd52343000 	C:\Windows\SYSTEM32\ntmarta.dll
0x00007ffd51030000 - 0x00007ffd510ce000 	C:\Windows\system32\uxtheme.dll
0x00007ffd541d0000 - 0x00007ffd542e5000 	C:\Windows\System32\MSCTF.dll
0x00007ffcdc220000 - 0x00007ffcdc479000 	C:\Users\Matt\AppData\Local\Temp\lwjglMatt\3.3.1-build-7\jemalloc.dll
0x00007ffcf50e0000 - 0x00007ffcf5206000 	C:\Windows\SYSTEM32\opengl32.dll
0x00007ffcf8230000 - 0x00007ffcf825c000 	C:\Windows\SYSTEM32\GLU32.dll
0x00007ffd54a40000 - 0x00007ffd54ae9000 	C:\Windows\System32\clbcatq.dll
0x00007ffcc0b70000 - 0x00007ffcc3509000 	C:\Windows\System32\DriverStore\FileRepository\nv_dispi.inf_amd64_1c83a5d7cffd7bff\nvoglv64.dll
0x00007ffd55a80000 - 0x00007ffd55eef000 	C:\Windows\System32\SETUPAPI.dll
0x00007ffd537d0000 - 0x00007ffd537f7000 	C:\Windows\System32\bcrypt.dll
0x00007ffd55950000 - 0x00007ffd55a7a000 	C:\Windows\System32\ole32.dll
0x00007ffd4ef80000 - 0x00007ffd4ef94000 	C:\Windows\SYSTEM32\WTSAPI32.dll
0x00007ffd53240000 - 0x00007ffd53252000 	C:\Windows\SYSTEM32\msasn1.dll
0x00007ffd4bb80000 - 0x00007ffd4bbb1000 	C:\Windows\SYSTEM32\cryptnet.dll
0x00007ffd53b00000 - 0x00007ffd53c56000 	C:\Windows\System32\CRYPT32.dll
0x00007ffd52f40000 - 0x00007ffd52f4c000 	C:\Windows\SYSTEM32\cryptbase.dll
0x00007ffd53760000 - 0x00007ffd537c7000 	C:\Windows\System32\WINTRUST.dll
0x00007ffd4d640000 - 0x00007ffd4d67b000 	C:\Windows\SYSTEM32\dxcore.dll
0x00007ffd52b90000 - 0x00007ffd52bdb000 	C:\Windows\SYSTEM32\powrprof.dll
0x00007ffd52a50000 - 0x00007ffd52a62000 	C:\Windows\SYSTEM32\UMPDC.dll
0x00007ffd52380000 - 0x00007ffd523da000 	C:\Windows\SYSTEM32\WINSTA.dll
0x00007ffd47af0000 - 0x00007ffd47be9000 	C:\Windows\SYSTEM32\textinputframework.dll
0x00007ffcfd8c0000 - 0x00007ffcfd941000 	C:\Users\Matt\AppData\Local\Temp\lwjglMatt\3.3.1-build-7\lwjgl_stb.dll

dbghelp: loaded successfully - version: 4.0.5 - missing functions: none
symbol engine: initialized successfully - sym options: 0x614 - pdb path: .;C:\Java\jdk-17.0.2\bin;C:\Windows\SYSTEM32;C:\Windows\WinSxS\amd64_microsoft.windows.common-controls_6595b64144ccf1df_6.0.19041.1110_none_60b5254171f9507e;C:\Java\jdk-17.0.2\bin\server;C:\Users\Matt\AppData\Local\JetBrains\Toolbox\apps\IDEA-C\ch-0\221.5921.22\bin;C:\Users\Matt\AppData\Local\Temp\lwjglMatt\3.3.1-build-7;C:\Windows\System32\DriverStore\FileRepository\nv_dispi.inf_amd64_1c83a5d7cffd7bff

VM Arguments:
jvm_args: -javaagent:C:\Users\Matt\AppData\Local\JetBrains\Toolbox\apps\IDEA-C\ch-0\221.5921.22\lib\idea_rt.jar=14503:C:\Users\Matt\AppData\Local\JetBrains\Toolbox\apps\IDEA-C\ch-0\221.5921.22\bin -Dfile.encoding=UTF-8 
java_command: main.Main
java_class_path (initial): C:\Users\Matt\IdeaProjects\PVPicross\target\classes;C:\Users\Matt\.m2\repository\org\lwjgl\lwjgl\3.3.1\lwjgl-3.3.1.jar;C:\Users\Matt\.m2\repository\org\lwjgl\lwjgl-assimp\3.3.1\lwjgl-assimp-3.3.1.jar;C:\Users\Matt\.m2\repository\org\lwjgl\lwjgl-bgfx\3.3.1\lwjgl-bgfx-3.3.1.jar;C:\Users\Matt\.m2\repository\org\lwjgl\lwjgl-cuda\3.3.1\lwjgl-cuda-3.3.1.jar;C:\Users\Matt\.m2\repository\org\lwjgl\lwjgl-egl\3.3.1\lwjgl-egl-3.3.1.jar;C:\Users\Matt\.m2\repository\org\lwjgl\lwjgl-glfw\3.3.1\lwjgl-glfw-3.3.1.jar;C:\Users\Matt\.m2\repository\org\lwjgl\lwjgl-jawt\3.3.1\lwjgl-jawt-3.3.1.jar;C:\Users\Matt\.m2\repository\org\lwjgl\lwjgl-jemalloc\3.3.1\lwjgl-jemalloc-3.3.1.jar;C:\Users\Matt\.m2\repository\org\lwjgl\lwjgl-libdivide\3.3.1\lwjgl-libdivide-3.3.1.jar;C:\Users\Matt\.m2\repository\org\lwjgl\lwjgl-llvm\3.3.1\lwjgl-llvm-3.3.1.jar;C:\Users\Matt\.m2\repository\org\lwjgl\lwjgl-lmdb\3.3.1\lwjgl-lmdb-3.3.1.jar;C:\Users\Matt\.m2\repository\org\lwjgl\lwjgl-lz4\3.3.1\lwjgl-lz4-3.3.1.jar;C:\Users\Matt\.m2\repository\org\lwjgl\lwjgl-meow\3.3.1\lwjgl-meow-3.3.1.jar;C:\Users\Matt\.m2\repository\org\lwjgl\lwjgl-meshoptimizer\3.3.1\lwjgl-meshoptimizer-3.3.1.jar;C:\Users\Matt\.m2\repository\org\lwjgl\lwjgl-nanovg\3.3.1\lwjgl-nanovg-3.3.1.jar;C:\Users\Matt\.m2\repository\org\lwjgl\lwjgl-nfd\3.3.1\lwjgl-nfd-3.3.1.jar;C:\Users\Matt\.m2\repository\org\lwjgl\lwjgl-nuklear\3.3.1\lwjgl-nuklear-3.3.1.jar;C:\Users\Matt\.m2\repository\org\lwjgl\lwjgl-odbc\3.3.1\lwjgl-odbc-3.3.1.jar;C:\Users\Matt\.m2\repository\org\lwjgl\lwjgl-openal\3.3.1\lwjgl-openal-3.3.1.jar;C:\Users\Matt\.m2\repository\org\lwjgl\lwjgl-opencl\3.3.1\lwjgl-opencl-3.3.1.jar;C:\Users\Matt\.m2\repository\org\lwjgl\lwjgl-opengl\3.3.1\lwjgl-opengl-3.3.1.jar;C:\Users\Matt\.m2\repository\org\lwjgl\lwjgl-opengles\3.3.1\lwjgl-opengles-3.3.1.jar;C:\Users\Matt\.m2\repository\org\lwjgl\lwjgl-openvr\3.3.1\lwjgl-openvr-3.3.1.jar;C:\Users\Matt\.m2\repository\org\lwjgl\lwjgl-openxr\3.3.1\lwjgl-openxr-3.3.1.jar;C:\Users\
Launcher Type: SUN_STANDARD

[Global flags]
     intx CICompilerCount                          = 12                                        {product} {ergonomic}
     uint ConcGCThreads                            = 3                                         {product} {ergonomic}
     uint G1ConcRefinementThreads                  = 13                                        {product} {ergonomic}
   size_t G1HeapRegionSize                         = 2097152                                   {product} {ergonomic}
    uintx GCDrainStackTargetSize                   = 64                                        {product} {ergonomic}
   size_t InitialHeapSize                          = 268435456                                 {product} {ergonomic}
   size_t MarkStackSize                            = 4194304                                   {product} {ergonomic}
   size_t MaxHeapSize                              = 4282384384                                {product} {ergonomic}
   size_t MaxNewSize                               = 2569011200                                {product} {ergonomic}
   size_t MinHeapDeltaBytes                        = 2097152                                   {product} {ergonomic}
   size_t MinHeapSize                              = 8388608                                   {product} {ergonomic}
    uintx NonNMethodCodeHeapSize                   = 7602480                                {pd product} {ergonomic}
    uintx NonProfiledCodeHeapSize                  = 122027880                              {pd product} {ergonomic}
    uintx ProfiledCodeHeapSize                     = 122027880                              {pd product} {ergonomic}
    uintx ReservedCodeCacheSize                    = 251658240                              {pd product} {ergonomic}
     bool SegmentedCodeCache                       = true                                      {product} {ergonomic}
   size_t SoftMaxHeapSize                          = 4282384384                             {manageable} {ergonomic}
     bool UseCompressedClassPointers               = true                           {product lp64_product} {ergonomic}
     bool UseCompressedOops                        = true                           {product lp64_product} {ergonomic}
     bool UseG1GC                                  = true                                      {product} {ergonomic}
     bool UseLargePagesIndividualAllocation        = false                                  {pd product} {ergonomic}

Logging:
Log output configuration:
 #0: stdout all=warning uptime,level,tags
 #1: stderr all=off uptime,level,tags

Environment Variables:
JAVA_HOME=C:\java\jdk-17.0.2\bin
PATH=F:\Program Files\Plastic SCM\server;F:\Program Files\Plastic SCM\client;C:\Program Files (x86)\NVIDIA Corporation\PhysX\Common;C:\Program Files\ImageMagick-7.1.0-Q16-HDRI;C:\Program Files\OpenJDK\jdk-8.0.272.10-hotspot\bin;C:\Python39\Scripts\;C:\Python39\;C:\Program Files (x86)\Common Files\Oracle\Java\javapath;C:\Program Files\Oculus\Support\oculus-runtime;C:\Windows\system32;C:\Windows;C:\Windows\System32\Wbem;C:\Windows\System32\WindowsPowerShell\v1.0\;C:\Windows\System32\OpenSSH\;C:\Program Files\nodejs\;C:\ProgramData\chocolatey\bin;C:\Program Files\PuTTY\;C:\Program Files\Microsoft SQL Server\Client SDK\ODBC\110\Tools\Binn\;C:\Program Files (x86)\Microsoft SQL Server\120\Tools\Binn\;C:\Program Files\Microsoft SQL Server\120\Tools\Binn\;C:\Program Files\Microsoft SQL Server\120\DTS\Binn\;C:\Program Files (x86)\Windows Kits\8.1\Windows Performance Toolkit\;C:\Program Files\Git\cmd;C:\Program Files\dotnet\;C:\Program Files (x86)\Microsoft Visual Studio\2017\BuildTools\VC\Tools\MSVC\14.16.27023\bin\HostX86\x86;C:\Program Files (x86)\Microsoft Visual Studio\2017\BuildTools\Common7\IDE\CommonExtensions\Microsoft\TestWindow;C:\Program Files (x86)\Microsoft Visual Studio\2017\BuildTools\MSBuild\15.0\bin\Roslyn;C:\Program Files (x86)\Windows Kits\10\bin\10.0.17763.0\x86;C:\Program Files (x86)\Windows Kits\10\bin\x86;C:\Program Files (x86)\Microsoft Visual Studio\2017\BuildTools\\MSBuild\15.0\bin;C:\Windows\Microsoft.NET\Framework\v4.0.30319;C:\Program Files (x86)\Microsoft Visual Studio\2017\BuildTools\Common7\IDE\;C:\Program Files (x86)\Microsoft Visual Studio\2017\BuildTools\Common7\Tools\;C:\java\jdk-17.0.2\bin;C:\Users\;C:\Users\Matt\AppData\Local\Progr;C:\Users\Matt\AppData\Local\Programs\Microsoft VS Code\bin;C:\Program Files\JetBrains\IntelliJ IDEA Community Edition 2022.1.3\bin
USERNAME=Matt
OS=Windows_NT
PROCESSOR_IDENTIFIER=AMD64 Family 23 Model 8 Stepping 2, AuthenticAMD



---------------  S Y S T E M  ---------------

OS:
 Windows 10 , 64 bit Build 19041 (10.0.19041.1741)
OS uptime: 0 days 0:31 hours
Hyper-V role detected

CPU: total 16 (initial active 16) (16 cores per cpu, 2 threads per core) family 23 model 8 stepping 2 microcode 0x0, cx8, cmov, fxsr, ht, mmx, 3dnowpref, sse, sse2, sse3, ssse3, sse4a, sse4.1, sse4.2, popcnt, lzcnt, tsc, tscinvbit, avx, avx2, aes, clmul, bmi1, bmi2, adx, sha, fma, vzeroupper, clflush, clflushopt, hv

Memory: 4k page, system-wide physical 16333M (8036M free)
TotalPageFile size 19021M (AvailPageFile size 6863M)
current process WorkingSet (physical memory assigned to process): 97M, peak: 97M
current process commit charge ("private bytes"): 419M, peak: 419M

vm_info: OpenJDK 64-Bit Server VM (17.0.2+8-86) for windows-amd64 JRE (17.0.2+8-86), built on Dec  7 2021 21:49:10 by "mach5one" with MS VC++ 16.8 / 16.9 (VS2019)

END.
