#
# A fatal error has been detected by the Java Runtime Environment:
#
#  EXCEPTION_ACCESS_VIOLATION (0xc0000005) at pc=0x00007ffc2176db50, pid=19368, tid=2440
#
# JRE version: OpenJDK Runtime Environment (17.0.2+8) (build 17.0.2+8-86)
# Java VM: OpenJDK 64-Bit Server VM (17.0.2+8-86, mixed mode, sharing, tiered, compressed oops, compressed class ptrs, g1 gc, windows-amd64)
# Problematic frame:
# C  [lwjgl_stb.dll+0xdb50]
#
# No core dump will be written. Minidumps are not enabled by default on client versions of Windows
#
# If you would like to submit a bug report, please visit:
#   https://bugreport.java.com/bugreport/crash.jsp
# The crash happened outside the Java Virtual Machine in native code.
# See problematic frame for where to report the bug.
#

---------------  S U M M A R Y ------------

Command Line: -javaagent:C:\Users\Matt\AppData\Local\JetBrains\Toolbox\apps\IDEA-C\ch-0\221.5921.22\lib\idea_rt.jar=19290:C:\Users\Matt\AppData\Local\JetBrains\Toolbox\apps\IDEA-C\ch-0\221.5921.22\bin -Dfile.encoding=UTF-8 main.Main

Host: AMD Ryzen 7 2700X Eight-Core Processor         , 16 cores, 15G,  Windows 10 , 64 bit Build 19041 (10.0.19041.1806)
Time: Mon Jul 25 22:18:23 2022 Eastern Daylight Time elapsed time: 7.477765 seconds (0d 0h 0m 7s)

---------------  T H R E A D  ---------------

Current thread (0x00000243dfe93bd0):  JavaThread "game" [_thread_in_native, id=2440, stack(0x0000008237400000,0x0000008237500000)]

Stack: [0x0000008237400000,0x0000008237500000],  sp=0x00000082374fed00,  free space=1019k
Native frames: (J=compiled Java code, j=interpreted, Vv=VM code, C=native code)
C  [lwjgl_stb.dll+0xdb50]

Java frames: (J=compiled Java code, j=interpreted, Vv=VM code)
j  org.lwjgl.stb.STBImage.nstbi_load_from_memory(JIJJJI)J+0
j  org.lwjgl.stb.STBImage.stbi_load_from_memory(Ljava/nio/ByteBuffer;Ljava/nio/IntBuffer;Ljava/nio/IntBuffer;Ljava/nio/IntBuffer;I)Ljava/nio/ByteBuffer;+43
j  engine.io.ImageParser.loadImage(Ljava/lang/String;)Lengine/io/ImageParser;+100
j  engine.io.Window.setIcon(Ljava/lang/String;)V+9
j  engine.io.Window.init()V+63
j  main.Main.init()V+33
j  main.Main.run()V+1
j  java.lang.Thread.run()V+11 java.base@17.0.2
v  ~StubRoutines::call_stub

siginfo: EXCEPTION_ACCESS_VIOLATION (0xc0000005), reading address 0x0000000000000010


Register to memory mapping:

RIP=0x00007ffc2176db50 lwjgl_stb.dll
RAX=0x0000000000000010 is an unknown value
RBX=0x00000082374feea0 is pointing into the stack for thread: 0x00000243dfe93bd0
RCX=0x00000082374feea0 is pointing into the stack for thread: 0x00000243dfe93bd0
RDX=0x00000243e008dbc8 points into unknown readable memory: 0x0073676e69746e69 | 69 6e 74 69 6e 67 73 00
RSP=0x00000082374fed00 is pointing into the stack for thread: 0x00000243dfe93bd0
RBP=0x00000243e008dbcc points into unknown readable memory: 6e 67 73 00
RSI=0x00007ffc217c7298 lwjgl_stb.dll
RDI=0x0 is NULL
R8 =0x00000243e008dbc4 points into unknown readable memory: 6c 20 50 61
R9 =0x00000243e008dbcc points into unknown readable memory: 6e 67 73 00
R10=0x00000243c279d5f2 is at code_begin+946 in an Interpreter codelet
method entry point (kind = native)  [0x00000243c279d240, 0x00000243c279dbc0]  2432 bytes
R11=0x00000082374fef88 is pointing into the stack for thread: 0x00000243dfe93bd0
R12=0x00000243e008dbc4 points into unknown readable memory: 6c 20 50 61
R13=0x0 is NULL
R14=0x0000000000000004 is an unknown value
R15=0x0000000000000004 is an unknown value


Registers:
RAX=0x0000000000000010, RBX=0x00000082374feea0, RCX=0x00000082374feea0, RDX=0x00000243e008dbc8
RSP=0x00000082374fed00, RBP=0x00000243e008dbcc, RSI=0x00007ffc217c7298, RDI=0x0000000000000000
R8 =0x00000243e008dbc4, R9 =0x00000243e008dbcc, R10=0x00000243c279d5f2, R11=0x00000082374fef88
R12=0x00000243e008dbc4, R13=0x0000000000000000, R14=0x0000000000000004, R15=0x0000000000000004
RIP=0x00007ffc2176db50, EFLAGS=0x0000000000010297

Top of Stack: (sp=0x00000082374fed00)
0x00000082374fed00:   00007ffbde723830 0000000000000000
0x00000082374fed10:   0000000000000000 0000000000000000
0x00000082374fed20:   00000082374fee30 00007ffc21763abb
0x00000082374fed30:   00000082374feea0 00000243decbeaf8
0x00000082374fed40:   0000000000000000 00000243df000000
0x00000082374fed50:   00000082374fed00 00000243c27b6000
0x00000082374fed60:   0000000000000000 00000243c27b6036
0x00000082374fed70:   00000243c27b6400 0000000000000000
0x00000082374fed80:   0000000000000000 0000000000000000
0x00000082374fed90:   00000243c27b6000 0000000000010000
0x00000082374feda0:   00000082374fed00 00000243e008dbcc
0x00000082374fedb0:   0000000000000004 00000243e008dbc8
0x00000082374fedc0:   00000243e008dbc4 0000000000000120
0x00000082374fedd0:   00000243decbeaf8 00000082374ff048
0x00000082374fede0:   00000243df0f74f8 00007ffc21764d5c
0x00000082374fedf0:   00000082374fed00 00000243e008dbc8 

Instructions: (pc=0x00007ffc2176db50)
0x00007ffc2176da50:   06 00 33 c0 4c 8d 9c 24 20 10 00 00 49 8b 5b 10
0x00007ffc2176da60:   49 8b 6b 18 49 8b 73 20 49 8b e3 5f c3 cc cc cc
0x00007ffc2176da70:   48 89 5c 24 08 48 89 6c 24 10 48 89 74 24 18 57
0x00007ffc2176da80:   b8 20 10 00 00 e8 b6 bb 04 00 48 2b e0 49 63 f0
0x00007ffc2176da90:   48 8b f9 48 8b ce 48 63 ea 49 8b d9 ff 15 be ca
0x00007ffc2176daa0:   06 00 48 85 c0 74 5d 8b 94 24 50 10 00 00 48 8d
0x00007ffc2176dab0:   4c 24 20 48 89 44 24 40 48 03 ef 48 89 44 24 38
0x00007ffc2176dac0:   48 03 c6 48 89 44 24 48 48 89 7c 24 20 48 89 6c
0x00007ffc2176dad0:   24 28 c7 44 24 50 01 00 00 00 e8 a1 fc ff ff 85
0x00007ffc2176dae0:   c0 74 16 48 85 db 74 0a 8b 44 24 38 2b 44 24 40
0x00007ffc2176daf0:   89 03 48 8b 44 24 40 eb 0d 48 8b 4c 24 40 ff 15
0x00007ffc2176db00:   64 ca 06 00 33 c0 4c 8d 9c 24 20 10 00 00 49 8b
0x00007ffc2176db10:   5b 10 49 8b 6b 18 49 8b 73 20 49 8b e3 5f c3 cc
0x00007ffc2176db20:   48 89 5c 24 08 48 89 74 24 10 57 48 83 ec 20 48
0x00007ffc2176db30:   8b d9 48 8d 35 5f 97 05 00 33 ff 0f 1f 44 00 00
0x00007ffc2176db40:   48 8b 83 c0 00 00 00 48 3b 83 c8 00 00 00 73 0f
0x00007ffc2176db50:   0f b6 08 48 ff c0 48 89 83 c0 00 00 00 eb 26 83
0x00007ffc2176db60:   7b 30 00 74 1e 48 8b cb e8 73 83 ff ff 48 8b 83
0x00007ffc2176db70:   c0 00 00 00 0f b6 08 48 ff c0 48 89 83 c0 00 00
0x00007ffc2176db80:   00 eb 02 32 c9 3a 0c 37 75 1e 48 ff c7 48 83 ff
0x00007ffc2176db90:   08 7c ad b8 01 00 00 00 48 8b 5c 24 30 48 8b 74
0x00007ffc2176dba0:   24 38 48 83 c4 20 5f c3 65 48 8b 04 25 58 00 00
0x00007ffc2176dbb0:   00 8b 0d 99 c9 06 00 48 8b 5c 24 30 48 8b 74 24
0x00007ffc2176dbc0:   38 ba 20 00 00 00 48 8b 0c c8 48 8d 05 ef bf 05
0x00007ffc2176dbd0:   00 48 89 04 0a 33 c0 48 83 c4 20 5f c3 cc cc cc
0x00007ffc2176dbe0:   48 89 5c 24 10 44 89 4c 24 20 55 56 57 41 54 41
0x00007ffc2176dbf0:   55 41 56 41 57 48 81 ec c0 00 00 00 44 8b a4 24
0x00007ffc2176dc00:   28 01 00 00 41 8b e8 45 33 c0 45 8b f9 83 bc 24
0x00007ffc2176dc10:   30 01 00 00 10 45 8b d0 48 8b da 4c 89 84 24 90
0x00007ffc2176dc20:   00 00 00 41 0f 94 c2 48 8b f1 41 ff c2 41 8b fa
0x00007ffc2176dc30:   41 0f af f9 44 8b 8c 24 20 01 00 00 44 89 4c 24
0x00007ffc2176dc40:   28 8b c7 41 0f af c1 89 44 24 38 48 8b 01 4c 63 


Stack slot to memory mapping:
stack at sp + 0 slots: 0x00007ffbde723830 jvm.dll
stack at sp + 1 slots: 0x0 is NULL
stack at sp + 2 slots: 0x0 is NULL
stack at sp + 3 slots: 0x0 is NULL
stack at sp + 4 slots: 0x00000082374fee30 is pointing into the stack for thread: 0x00000243dfe93bd0
stack at sp + 5 slots: 0x00007ffc21763abb lwjgl_stb.dll
stack at sp + 6 slots: 0x00000082374feea0 is pointing into the stack for thread: 0x00000243dfe93bd0
stack at sp + 7 slots: 0x00000243decbeaf8 is pointing into metadata


---------------  P R O C E S S  ---------------

Threads class SMR info:
_java_thread_list=0x00000243dffd28c0, length=16, elements={
0x00000243de84d380, 0x00000243de84e990, 0x00000243de85f900, 0x00000243de8622c0,
0x00000243de863410, 0x00000243de863dc0, 0x00000243de868ee0, 0x00000243de86d990,
0x00000243df4380a0, 0x00000243de8381e0, 0x00000243dfe9d690, 0x00000243dfe9dd50,
0x00000243dfd852b0, 0x00000243dfd85780, 0x00000243dfe93bd0, 0x00000243baf5e540
}

Java Threads: ( => current thread )
  0x00000243de84d380 JavaThread "Reference Handler" daemon [_thread_blocked, id=12496, stack(0x0000008236500000,0x0000008236600000)]
  0x00000243de84e990 JavaThread "Finalizer" daemon [_thread_blocked, id=9120, stack(0x0000008236600000,0x0000008236700000)]
  0x00000243de85f900 JavaThread "Signal Dispatcher" daemon [_thread_blocked, id=17220, stack(0x0000008236700000,0x0000008236800000)]
  0x00000243de8622c0 JavaThread "Attach Listener" daemon [_thread_blocked, id=13812, stack(0x0000008236800000,0x0000008236900000)]
  0x00000243de863410 JavaThread "Service Thread" daemon [_thread_blocked, id=21056, stack(0x0000008236900000,0x0000008236a00000)]
  0x00000243de863dc0 JavaThread "Monitor Deflation Thread" daemon [_thread_blocked, id=19696, stack(0x0000008236a00000,0x0000008236b00000)]
  0x00000243de868ee0 JavaThread "C2 CompilerThread0" daemon [_thread_blocked, id=7504, stack(0x0000008236b00000,0x0000008236c00000)]
  0x00000243de86d990 JavaThread "C1 CompilerThread0" daemon [_thread_blocked, id=21408, stack(0x0000008236c00000,0x0000008236d00000)]
  0x00000243df4380a0 JavaThread "Sweeper thread" daemon [_thread_blocked, id=11068, stack(0x0000008236d00000,0x0000008236e00000)]
  0x00000243de8381e0 JavaThread "Common-Cleaner" daemon [_thread_blocked, id=21940, stack(0x0000008236e00000,0x0000008236f00000)]
  0x00000243dfe9d690 JavaThread "C1 CompilerThread1" daemon [_thread_blocked, id=21464, stack(0x0000008236f00000,0x0000008237000000)]
  0x00000243dfe9dd50 JavaThread "C1 CompilerThread2" daemon [_thread_blocked, id=22520, stack(0x0000008237000000,0x0000008237100000)]
  0x00000243dfd852b0 JavaThread "Monitor Ctrl-Break" daemon [_thread_in_native, id=11260, stack(0x0000008237100000,0x0000008237200000)]
  0x00000243dfd85780 JavaThread "Notification Thread" daemon [_thread_blocked, id=22260, stack(0x0000008237200000,0x0000008237300000)]
=>0x00000243dfe93bd0 JavaThread "game" [_thread_in_native, id=2440, stack(0x0000008237400000,0x0000008237500000)]
  0x00000243baf5e540 JavaThread "DestroyJavaVM" [_thread_blocked, id=21440, stack(0x0000008235e00000,0x0000008235f00000)]

Other Threads:
  0x00000243de845bd0 VMThread "VM Thread" [stack: 0x0000008236400000,0x0000008236500000] [id=1320]
  0x00000243dfde35b0 WatcherThread [stack: 0x0000008237300000,0x0000008237400000] [id=22276]
  0x00000243bafb62f0 GCTaskThread "GC Thread#0" [stack: 0x0000008235f00000,0x0000008236000000] [id=5024]
  0x00000243bafc7170 ConcurrentGCThread "G1 Main Marker" [stack: 0x0000008236000000,0x0000008236100000] [id=16312]
  0x00000243bafcb350 ConcurrentGCThread "G1 Conc#0" [stack: 0x0000008236100000,0x0000008236200000] [id=3860]
  0x00000243bb01de30 ConcurrentGCThread "G1 Refine#0" [stack: 0x0000008236200000,0x0000008236300000] [id=19904]
  0x00000243bb01e850 ConcurrentGCThread "G1 Service" [stack: 0x0000008236300000,0x0000008236400000] [id=19688]

Threads with active compile tasks:

VM state: not at safepoint (normal execution)

VM Mutex/Monitor currently owned by a thread: None

Heap address: 0x0000000700c00000, size: 4084 MB, Compressed Oops mode: Zero based, Oop shift amount: 3

CDS archive(s) mapped at: [0x0000000800000000-0x0000000800bc0000-0x0000000800bc0000), size 12320768, SharedBaseAddress: 0x0000000800000000, ArchiveRelocationMode: 0.
Compressed class space mapped at: 0x0000000800c00000-0x0000000840c00000, reserved size: 1073741824
Narrow klass base: 0x0000000800000000, Narrow klass shift: 0, Narrow klass range: 0x100000000

GC Precious Log:
 CPUs: 16 total, 16 available
 Memory: 16333M
 Large Page Support: Disabled
 NUMA Support: Disabled
 Compressed Oops: Enabled (Zero based)
 Heap Region Size: 2M
 Heap Min Capacity: 8M
 Heap Initial Capacity: 256M
 Heap Max Capacity: 4084M
 Pre-touch: Disabled
 Parallel Workers: 13
 Concurrent Workers: 3
 Concurrent Refinement Workers: 13
 Periodic GC: Disabled

Heap:
 garbage-first heap   total 262144K, used 16384K [0x0000000700c00000, 0x0000000800000000)
  region size 2048K, 10 young (20480K), 0 survivors (0K)
 Metaspace       used 2907K, committed 3072K, reserved 1056768K
  class space    used 208K, committed 256K, reserved 1048576K

Heap Regions: E=young(eden), S=young(survivor), O=old, HS=humongous(starts), HC=humongous(continues), CS=collection set, F=free, OA=open archive, CA=closed archive, TAMS=top-at-mark-start (previous, next)
|   0|0x0000000700c00000, 0x0000000700c00000, 0x0000000700e00000|  0%| F|  |TAMS 0x0000000700c00000, 0x0000000700c00000| Untracked 
|   1|0x0000000700e00000, 0x0000000700e00000, 0x0000000701000000|  0%| F|  |TAMS 0x0000000700e00000, 0x0000000700e00000| Untracked 
|   2|0x0000000701000000, 0x0000000701000000, 0x0000000701200000|  0%| F|  |TAMS 0x0000000701000000, 0x0000000701000000| Untracked 
|   3|0x0000000701200000, 0x0000000701200000, 0x0000000701400000|  0%| F|  |TAMS 0x0000000701200000, 0x0000000701200000| Untracked 
|   4|0x0000000701400000, 0x0000000701400000, 0x0000000701600000|  0%| F|  |TAMS 0x0000000701400000, 0x0000000701400000| Untracked 
|   5|0x0000000701600000, 0x0000000701600000, 0x0000000701800000|  0%| F|  |TAMS 0x0000000701600000, 0x0000000701600000| Untracked 
|   6|0x0000000701800000, 0x0000000701800000, 0x0000000701a00000|  0%| F|  |TAMS 0x0000000701800000, 0x0000000701800000| Untracked 
|   7|0x0000000701a00000, 0x0000000701a00000, 0x0000000701c00000|  0%| F|  |TAMS 0x0000000701a00000, 0x0000000701a00000| Untracked 
|   8|0x0000000701c00000, 0x0000000701c00000, 0x0000000701e00000|  0%| F|  |TAMS 0x0000000701c00000, 0x0000000701c00000| Untracked 
|   9|0x0000000701e00000, 0x0000000701e00000, 0x0000000702000000|  0%| F|  |TAMS 0x0000000701e00000, 0x0000000701e00000| Untracked 
|  10|0x0000000702000000, 0x0000000702000000, 0x0000000702200000|  0%| F|  |TAMS 0x0000000702000000, 0x0000000702000000| Untracked 
|  11|0x0000000702200000, 0x0000000702200000, 0x0000000702400000|  0%| F|  |TAMS 0x0000000702200000, 0x0000000702200000| Untracked 
|  12|0x0000000702400000, 0x0000000702400000, 0x0000000702600000|  0%| F|  |TAMS 0x0000000702400000, 0x0000000702400000| Untracked 
|  13|0x0000000702600000, 0x0000000702600000, 0x0000000702800000|  0%| F|  |TAMS 0x0000000702600000, 0x0000000702600000| Untracked 
|  14|0x0000000702800000, 0x0000000702800000, 0x0000000702a00000|  0%| F|  |TAMS 0x0000000702800000, 0x0000000702800000| Untracked 
|  15|0x0000000702a00000, 0x0000000702a00000, 0x0000000702c00000|  0%| F|  |TAMS 0x0000000702a00000, 0x0000000702a00000| Untracked 
|  16|0x0000000702c00000, 0x0000000702c00000, 0x0000000702e00000|  0%| F|  |TAMS 0x0000000702c00000, 0x0000000702c00000| Untracked 
|  17|0x0000000702e00000, 0x0000000702e00000, 0x0000000703000000|  0%| F|  |TAMS 0x0000000702e00000, 0x0000000702e00000| Untracked 
|  18|0x0000000703000000, 0x0000000703000000, 0x0000000703200000|  0%| F|  |TAMS 0x0000000703000000, 0x0000000703000000| Untracked 
|  19|0x0000000703200000, 0x0000000703200000, 0x0000000703400000|  0%| F|  |TAMS 0x0000000703200000, 0x0000000703200000| Untracked 
|  20|0x0000000703400000, 0x0000000703400000, 0x0000000703600000|  0%| F|  |TAMS 0x0000000703400000, 0x0000000703400000| Untracked 
|  21|0x0000000703600000, 0x0000000703600000, 0x0000000703800000|  0%| F|  |TAMS 0x0000000703600000, 0x0000000703600000| Untracked 
|  22|0x0000000703800000, 0x0000000703800000, 0x0000000703a00000|  0%| F|  |TAMS 0x0000000703800000, 0x0000000703800000| Untracked 
|  23|0x0000000703a00000, 0x0000000703a00000, 0x0000000703c00000|  0%| F|  |TAMS 0x0000000703a00000, 0x0000000703a00000| Untracked 
|  24|0x0000000703c00000, 0x0000000703c00000, 0x0000000703e00000|  0%| F|  |TAMS 0x0000000703c00000, 0x0000000703c00000| Untracked 
|  25|0x0000000703e00000, 0x0000000703e00000, 0x0000000704000000|  0%| F|  |TAMS 0x0000000703e00000, 0x0000000703e00000| Untracked 
|  26|0x0000000704000000, 0x0000000704000000, 0x0000000704200000|  0%| F|  |TAMS 0x0000000704000000, 0x0000000704000000| Untracked 
|  27|0x0000000704200000, 0x0000000704200000, 0x0000000704400000|  0%| F|  |TAMS 0x0000000704200000, 0x0000000704200000| Untracked 
|  28|0x0000000704400000, 0x0000000704400000, 0x0000000704600000|  0%| F|  |TAMS 0x0000000704400000, 0x0000000704400000| Untracked 
|  29|0x0000000704600000, 0x0000000704600000, 0x0000000704800000|  0%| F|  |TAMS 0x0000000704600000, 0x0000000704600000| Untracked 
|  30|0x0000000704800000, 0x0000000704800000, 0x0000000704a00000|  0%| F|  |TAMS 0x0000000704800000, 0x0000000704800000| Untracked 
|  31|0x0000000704a00000, 0x0000000704a00000, 0x0000000704c00000|  0%| F|  |TAMS 0x0000000704a00000, 0x0000000704a00000| Untracked 
|  32|0x0000000704c00000, 0x0000000704c00000, 0x0000000704e00000|  0%| F|  |TAMS 0x0000000704c00000, 0x0000000704c00000| Untracked 
|  33|0x0000000704e00000, 0x0000000704e00000, 0x0000000705000000|  0%| F|  |TAMS 0x0000000704e00000, 0x0000000704e00000| Untracked 
|  34|0x0000000705000000, 0x0000000705000000, 0x0000000705200000|  0%| F|  |TAMS 0x0000000705000000, 0x0000000705000000| Untracked 
|  35|0x0000000705200000, 0x0000000705200000, 0x0000000705400000|  0%| F|  |TAMS 0x0000000705200000, 0x0000000705200000| Untracked 
|  36|0x0000000705400000, 0x0000000705400000, 0x0000000705600000|  0%| F|  |TAMS 0x0000000705400000, 0x0000000705400000| Untracked 
|  37|0x0000000705600000, 0x0000000705600000, 0x0000000705800000|  0%| F|  |TAMS 0x0000000705600000, 0x0000000705600000| Untracked 
|  38|0x0000000705800000, 0x0000000705800000, 0x0000000705a00000|  0%| F|  |TAMS 0x0000000705800000, 0x0000000705800000| Untracked 
|  39|0x0000000705a00000, 0x0000000705a00000, 0x0000000705c00000|  0%| F|  |TAMS 0x0000000705a00000, 0x0000000705a00000| Untracked 
|  40|0x0000000705c00000, 0x0000000705c00000, 0x0000000705e00000|  0%| F|  |TAMS 0x0000000705c00000, 0x0000000705c00000| Untracked 
|  41|0x0000000705e00000, 0x0000000705e00000, 0x0000000706000000|  0%| F|  |TAMS 0x0000000705e00000, 0x0000000705e00000| Untracked 
|  42|0x0000000706000000, 0x0000000706000000, 0x0000000706200000|  0%| F|  |TAMS 0x0000000706000000, 0x0000000706000000| Untracked 
|  43|0x0000000706200000, 0x0000000706200000, 0x0000000706400000|  0%| F|  |TAMS 0x0000000706200000, 0x0000000706200000| Untracked 
|  44|0x0000000706400000, 0x0000000706400000, 0x0000000706600000|  0%| F|  |TAMS 0x0000000706400000, 0x0000000706400000| Untracked 
|  45|0x0000000706600000, 0x0000000706600000, 0x0000000706800000|  0%| F|  |TAMS 0x0000000706600000, 0x0000000706600000| Untracked 
|  46|0x0000000706800000, 0x0000000706800000, 0x0000000706a00000|  0%| F|  |TAMS 0x0000000706800000, 0x0000000706800000| Untracked 
|  47|0x0000000706a00000, 0x0000000706a00000, 0x0000000706c00000|  0%| F|  |TAMS 0x0000000706a00000, 0x0000000706a00000| Untracked 
|  48|0x0000000706c00000, 0x0000000706c00000, 0x0000000706e00000|  0%| F|  |TAMS 0x0000000706c00000, 0x0000000706c00000| Untracked 
|  49|0x0000000706e00000, 0x0000000706e00000, 0x0000000707000000|  0%| F|  |TAMS 0x0000000706e00000, 0x0000000706e00000| Untracked 
|  50|0x0000000707000000, 0x0000000707000000, 0x0000000707200000|  0%| F|  |TAMS 0x0000000707000000, 0x0000000707000000| Untracked 
|  51|0x0000000707200000, 0x0000000707200000, 0x0000000707400000|  0%| F|  |TAMS 0x0000000707200000, 0x0000000707200000| Untracked 
|  52|0x0000000707400000, 0x0000000707400000, 0x0000000707600000|  0%| F|  |TAMS 0x0000000707400000, 0x0000000707400000| Untracked 
|  53|0x0000000707600000, 0x0000000707600000, 0x0000000707800000|  0%| F|  |TAMS 0x0000000707600000, 0x0000000707600000| Untracked 
|  54|0x0000000707800000, 0x0000000707800000, 0x0000000707a00000|  0%| F|  |TAMS 0x0000000707800000, 0x0000000707800000| Untracked 
|  55|0x0000000707a00000, 0x0000000707a00000, 0x0000000707c00000|  0%| F|  |TAMS 0x0000000707a00000, 0x0000000707a00000| Untracked 
|  56|0x0000000707c00000, 0x0000000707c00000, 0x0000000707e00000|  0%| F|  |TAMS 0x0000000707c00000, 0x0000000707c00000| Untracked 
|  57|0x0000000707e00000, 0x0000000707e00000, 0x0000000708000000|  0%| F|  |TAMS 0x0000000707e00000, 0x0000000707e00000| Untracked 
|  58|0x0000000708000000, 0x0000000708000000, 0x0000000708200000|  0%| F|  |TAMS 0x0000000708000000, 0x0000000708000000| Untracked 
|  59|0x0000000708200000, 0x0000000708200000, 0x0000000708400000|  0%| F|  |TAMS 0x0000000708200000, 0x0000000708200000| Untracked 
|  60|0x0000000708400000, 0x0000000708400000, 0x0000000708600000|  0%| F|  |TAMS 0x0000000708400000, 0x0000000708400000| Untracked 
|  61|0x0000000708600000, 0x0000000708600000, 0x0000000708800000|  0%| F|  |TAMS 0x0000000708600000, 0x0000000708600000| Untracked 
|  62|0x0000000708800000, 0x0000000708800000, 0x0000000708a00000|  0%| F|  |TAMS 0x0000000708800000, 0x0000000708800000| Untracked 
|  63|0x0000000708a00000, 0x0000000708a00000, 0x0000000708c00000|  0%| F|  |TAMS 0x0000000708a00000, 0x0000000708a00000| Untracked 
|  64|0x0000000708c00000, 0x0000000708c00000, 0x0000000708e00000|  0%| F|  |TAMS 0x0000000708c00000, 0x0000000708c00000| Untracked 
|  65|0x0000000708e00000, 0x0000000708e00000, 0x0000000709000000|  0%| F|  |TAMS 0x0000000708e00000, 0x0000000708e00000| Untracked 
|  66|0x0000000709000000, 0x0000000709000000, 0x0000000709200000|  0%| F|  |TAMS 0x0000000709000000, 0x0000000709000000| Untracked 
|  67|0x0000000709200000, 0x0000000709200000, 0x0000000709400000|  0%| F|  |TAMS 0x0000000709200000, 0x0000000709200000| Untracked 
|  68|0x0000000709400000, 0x0000000709400000, 0x0000000709600000|  0%| F|  |TAMS 0x0000000709400000, 0x0000000709400000| Untracked 
|  69|0x0000000709600000, 0x0000000709600000, 0x0000000709800000|  0%| F|  |TAMS 0x0000000709600000, 0x0000000709600000| Untracked 
|  70|0x0000000709800000, 0x0000000709800000, 0x0000000709a00000|  0%| F|  |TAMS 0x0000000709800000, 0x0000000709800000| Untracked 
|  71|0x0000000709a00000, 0x0000000709a00000, 0x0000000709c00000|  0%| F|  |TAMS 0x0000000709a00000, 0x0000000709a00000| Untracked 
|  72|0x0000000709c00000, 0x0000000709c00000, 0x0000000709e00000|  0%| F|  |TAMS 0x0000000709c00000, 0x0000000709c00000| Untracked 
|  73|0x0000000709e00000, 0x0000000709e00000, 0x000000070a000000|  0%| F|  |TAMS 0x0000000709e00000, 0x0000000709e00000| Untracked 
|  74|0x000000070a000000, 0x000000070a000000, 0x000000070a200000|  0%| F|  |TAMS 0x000000070a000000, 0x000000070a000000| Untracked 
|  75|0x000000070a200000, 0x000000070a200000, 0x000000070a400000|  0%| F|  |TAMS 0x000000070a200000, 0x000000070a200000| Untracked 
|  76|0x000000070a400000, 0x000000070a400000, 0x000000070a600000|  0%| F|  |TAMS 0x000000070a400000, 0x000000070a400000| Untracked 
|  77|0x000000070a600000, 0x000000070a600000, 0x000000070a800000|  0%| F|  |TAMS 0x000000070a600000, 0x000000070a600000| Untracked 
|  78|0x000000070a800000, 0x000000070a800000, 0x000000070aa00000|  0%| F|  |TAMS 0x000000070a800000, 0x000000070a800000| Untracked 
|  79|0x000000070aa00000, 0x000000070aa00000, 0x000000070ac00000|  0%| F|  |TAMS 0x000000070aa00000, 0x000000070aa00000| Untracked 
|  80|0x000000070ac00000, 0x000000070ac00000, 0x000000070ae00000|  0%| F|  |TAMS 0x000000070ac00000, 0x000000070ac00000| Untracked 
|  81|0x000000070ae00000, 0x000000070ae00000, 0x000000070b000000|  0%| F|  |TAMS 0x000000070ae00000, 0x000000070ae00000| Untracked 
|  82|0x000000070b000000, 0x000000070b000000, 0x000000070b200000|  0%| F|  |TAMS 0x000000070b000000, 0x000000070b000000| Untracked 
|  83|0x000000070b200000, 0x000000070b200000, 0x000000070b400000|  0%| F|  |TAMS 0x000000070b200000, 0x000000070b200000| Untracked 
|  84|0x000000070b400000, 0x000000070b400000, 0x000000070b600000|  0%| F|  |TAMS 0x000000070b400000, 0x000000070b400000| Untracked 
|  85|0x000000070b600000, 0x000000070b600000, 0x000000070b800000|  0%| F|  |TAMS 0x000000070b600000, 0x000000070b600000| Untracked 
|  86|0x000000070b800000, 0x000000070b800000, 0x000000070ba00000|  0%| F|  |TAMS 0x000000070b800000, 0x000000070b800000| Untracked 
|  87|0x000000070ba00000, 0x000000070ba00000, 0x000000070bc00000|  0%| F|  |TAMS 0x000000070ba00000, 0x000000070ba00000| Untracked 
|  88|0x000000070bc00000, 0x000000070bc00000, 0x000000070be00000|  0%| F|  |TAMS 0x000000070bc00000, 0x000000070bc00000| Untracked 
|  89|0x000000070be00000, 0x000000070be00000, 0x000000070c000000|  0%| F|  |TAMS 0x000000070be00000, 0x000000070be00000| Untracked 
|  90|0x000000070c000000, 0x000000070c000000, 0x000000070c200000|  0%| F|  |TAMS 0x000000070c000000, 0x000000070c000000| Untracked 
|  91|0x000000070c200000, 0x000000070c200000, 0x000000070c400000|  0%| F|  |TAMS 0x000000070c200000, 0x000000070c200000| Untracked 
|  92|0x000000070c400000, 0x000000070c400000, 0x000000070c600000|  0%| F|  |TAMS 0x000000070c400000, 0x000000070c400000| Untracked 
|  93|0x000000070c600000, 0x000000070c600000, 0x000000070c800000|  0%| F|  |TAMS 0x000000070c600000, 0x000000070c600000| Untracked 
|  94|0x000000070c800000, 0x000000070c800000, 0x000000070ca00000|  0%| F|  |TAMS 0x000000070c800000, 0x000000070c800000| Untracked 
|  95|0x000000070ca00000, 0x000000070ca00000, 0x000000070cc00000|  0%| F|  |TAMS 0x000000070ca00000, 0x000000070ca00000| Untracked 
|  96|0x000000070cc00000, 0x000000070cc00000, 0x000000070ce00000|  0%| F|  |TAMS 0x000000070cc00000, 0x000000070cc00000| Untracked 
|  97|0x000000070ce00000, 0x000000070ce00000, 0x000000070d000000|  0%| F|  |TAMS 0x000000070ce00000, 0x000000070ce00000| Untracked 
|  98|0x000000070d000000, 0x000000070d000000, 0x000000070d200000|  0%| F|  |TAMS 0x000000070d000000, 0x000000070d000000| Untracked 
|  99|0x000000070d200000, 0x000000070d200000, 0x000000070d400000|  0%| F|  |TAMS 0x000000070d200000, 0x000000070d200000| Untracked 
| 100|0x000000070d400000, 0x000000070d400000, 0x000000070d600000|  0%| F|  |TAMS 0x000000070d400000, 0x000000070d400000| Untracked 
| 101|0x000000070d600000, 0x000000070d600000, 0x000000070d800000|  0%| F|  |TAMS 0x000000070d600000, 0x000000070d600000| Untracked 
| 102|0x000000070d800000, 0x000000070d800000, 0x000000070da00000|  0%| F|  |TAMS 0x000000070d800000, 0x000000070d800000| Untracked 
| 103|0x000000070da00000, 0x000000070da00000, 0x000000070dc00000|  0%| F|  |TAMS 0x000000070da00000, 0x000000070da00000| Untracked 
| 104|0x000000070dc00000, 0x000000070dc00000, 0x000000070de00000|  0%| F|  |TAMS 0x000000070dc00000, 0x000000070dc00000| Untracked 
| 105|0x000000070de00000, 0x000000070de00000, 0x000000070e000000|  0%| F|  |TAMS 0x000000070de00000, 0x000000070de00000| Untracked 
| 106|0x000000070e000000, 0x000000070e000000, 0x000000070e200000|  0%| F|  |TAMS 0x000000070e000000, 0x000000070e000000| Untracked 
| 107|0x000000070e200000, 0x000000070e200000, 0x000000070e400000|  0%| F|  |TAMS 0x000000070e200000, 0x000000070e200000| Untracked 
| 108|0x000000070e400000, 0x000000070e400000, 0x000000070e600000|  0%| F|  |TAMS 0x000000070e400000, 0x000000070e400000| Untracked 
| 109|0x000000070e600000, 0x000000070e600000, 0x000000070e800000|  0%| F|  |TAMS 0x000000070e600000, 0x000000070e600000| Untracked 
| 110|0x000000070e800000, 0x000000070e800000, 0x000000070ea00000|  0%| F|  |TAMS 0x000000070e800000, 0x000000070e800000| Untracked 
| 111|0x000000070ea00000, 0x000000070ea00000, 0x000000070ec00000|  0%| F|  |TAMS 0x000000070ea00000, 0x000000070ea00000| Untracked 
| 112|0x000000070ec00000, 0x000000070ec00000, 0x000000070ee00000|  0%| F|  |TAMS 0x000000070ec00000, 0x000000070ec00000| Untracked 
| 113|0x000000070ee00000, 0x000000070ee00000, 0x000000070f000000|  0%| F|  |TAMS 0x000000070ee00000, 0x000000070ee00000| Untracked 
| 114|0x000000070f000000, 0x000000070f000000, 0x000000070f200000|  0%| F|  |TAMS 0x000000070f000000, 0x000000070f000000| Untracked 
| 115|0x000000070f200000, 0x000000070f200000, 0x000000070f400000|  0%| F|  |TAMS 0x000000070f200000, 0x000000070f200000| Untracked 
| 116|0x000000070f400000, 0x000000070f400000, 0x000000070f600000|  0%| F|  |TAMS 0x000000070f400000, 0x000000070f400000| Untracked 
| 117|0x000000070f600000, 0x000000070f600000, 0x000000070f800000|  0%| F|  |TAMS 0x000000070f600000, 0x000000070f600000| Untracked 
| 118|0x000000070f800000, 0x000000070f872a60, 0x000000070fa00000| 22%| E|  |TAMS 0x000000070f800000, 0x000000070f800000| Complete 
| 119|0x000000070fa00000, 0x000000070fc00000, 0x000000070fc00000|100%| E|CS|TAMS 0x000000070fa00000, 0x000000070fa00000| Complete 
| 120|0x000000070fc00000, 0x000000070fe00000, 0x000000070fe00000|100%| E|CS|TAMS 0x000000070fc00000, 0x000000070fc00000| Complete 
| 121|0x000000070fe00000, 0x0000000710000000, 0x0000000710000000|100%| E|CS|TAMS 0x000000070fe00000, 0x000000070fe00000| Complete 
| 122|0x0000000710000000, 0x0000000710200000, 0x0000000710200000|100%| E|CS|TAMS 0x0000000710000000, 0x0000000710000000| Complete 
| 123|0x0000000710200000, 0x0000000710400000, 0x0000000710400000|100%| E|CS|TAMS 0x0000000710200000, 0x0000000710200000| Complete 
| 124|0x0000000710400000, 0x0000000710600000, 0x0000000710600000|100%| E|CS|TAMS 0x0000000710400000, 0x0000000710400000| Complete 
| 125|0x0000000710600000, 0x0000000710800000, 0x0000000710800000|100%| E|  |TAMS 0x0000000710600000, 0x0000000710600000| Complete 
| 126|0x0000000710800000, 0x0000000710a00000, 0x0000000710a00000|100%| E|CS|TAMS 0x0000000710800000, 0x0000000710800000| Complete 
| 127|0x0000000710a00000, 0x0000000710c00000, 0x0000000710c00000|100%| E|CS|TAMS 0x0000000710a00000, 0x0000000710a00000| Complete 

Card table byte_map: [0x00000243d2820000,0x00000243d3020000] _byte_map_base: 0x00000243cf01a000

Marking Bits (Prev, Next): (CMBitMap*) 0x00000243bafb6900, (CMBitMap*) 0x00000243bafb6940
 Prev Bits: [0x00000243d3820000, 0x00000243d77f0000)
 Next Bits: [0x00000243d77f0000, 0x00000243db7c0000)

Polling page: 0x00000243b8ed0000

Metaspace:

Usage:
  Non-class:      2.64 MB used.
      Class:    208.31 KB used.
       Both:      2.84 MB used.

Virtual space:
  Non-class space:        8.00 MB reserved,       2.75 MB ( 34%) committed,  1 nodes.
      Class space:        1.00 GB reserved,     256.00 KB ( <1%) committed,  1 nodes.
             Both:        1.01 GB reserved,       3.00 MB ( <1%) committed. 

Chunk freelists:
   Non-Class:  2.98 MB
       Class:  3.64 MB
        Both:  6.62 MB

MaxMetaspaceSize: unlimited
CompressedClassSpaceSize: 1.00 GB
Initial GC threshold: 21.00 MB
Current GC threshold: 21.00 MB
CDS: on
MetaspaceReclaimPolicy: balanced
 - commit_granule_bytes: 65536.
 - commit_granule_words: 8192.
 - virtual_space_node_default_size: 1048576.
 - enlarge_chunks_in_place: 1.
 - new_chunks_are_fully_committed: 0.
 - uncommit_free_chunks: 1.
 - use_allocation_guard: 0.
 - handle_deallocations: 1.


Internal statistics:

num_allocs_failed_limit: 0.
num_arena_births: 64.
num_arena_deaths: 0.
num_vsnodes_births: 2.
num_vsnodes_deaths: 0.
num_space_committed: 48.
num_space_uncommitted: 0.
num_chunks_returned_to_freelist: 0.
num_chunks_taken_from_freelist: 119.
num_chunk_merges: 0.
num_chunk_splits: 79.
num_chunks_enlarged: 53.
num_purges: 0.
num_inconsistent_stats: 0.

CodeHeap 'non-profiled nmethods': size=119168Kb used=274Kb max_used=274Kb free=118893Kb
 bounds [0x00000243ca330000, 0x00000243ca5a0000, 0x00000243d1790000]
CodeHeap 'profiled nmethods': size=119104Kb used=1731Kb max_used=1731Kb free=117372Kb
 bounds [0x00000243c2ee0000, 0x00000243c3150000, 0x00000243ca330000]
CodeHeap 'non-nmethods': size=7488Kb used=2660Kb max_used=2674Kb free=4827Kb
 bounds [0x00000243c2790000, 0x00000243c2a30000, 0x00000243c2ee0000]
 total_blobs=1846 nmethods=899 adapters=858
 compilation: enabled
              stopped_count=0, restarted_count=0
 full_count=0

Compilation events (20 events):
Event: 7.433 Thread 0x00000243de86d990  891       3       java.util.HashMap::tableSizeFor (32 bytes)
Event: 7.433 Thread 0x00000243dfe9d690 nmethod 890 0x00000243c3086590 code [0x00000243c3086740, 0x00000243c30869d8]
Event: 7.433 Thread 0x00000243de86d990 nmethod 891 0x00000243c3086a90 code [0x00000243c3086c40, 0x00000243c3086e68]
Event: 7.435 Thread 0x00000243dfe9dd50 nmethod 888 0x00000243c3086f10 code [0x00000243c3087620, 0x00000243c308b428]
Event: 7.437 Thread 0x00000243dfe9dd50  892   !   3       java.util.zip.ZipFile$Source::readAt (39 bytes)
Event: 7.438 Thread 0x00000243dfe9dd50 nmethod 892 0x00000243c308ca90 code [0x00000243c308cc80, 0x00000243c308d108]
Event: 7.438 Thread 0x00000243dfe9dd50  893       3       java.nio.MappedByteBuffer::limit (8 bytes)
Event: 7.438 Thread 0x00000243dfe9dd50 nmethod 893 0x00000243c308d410 code [0x00000243c308d5c0, 0x00000243c308d768]
Event: 7.439 Thread 0x00000243dfe9dd50  894   !   3       java.util.zip.Inflater::setInput (69 bytes)
Event: 7.439 Thread 0x00000243dfe9dd50 nmethod 894 0x00000243c308d810 code [0x00000243c308d9c0, 0x00000243c308dd88]
Event: 7.465 Thread 0x00000243dfe9dd50  895       3       sun.nio.fs.WindowsFileSystem::getPath (106 bytes)
Event: 7.465 Thread 0x00000243de86d990  896       3       sun.nio.fs.WindowsPath::parse (26 bytes)
Event: 7.466 Thread 0x00000243de86d990 nmethod 896 0x00000243c308df10 code [0x00000243c308e0e0, 0x00000243c308e5a8]
Event: 7.466 Thread 0x00000243dfe9dd50 nmethod 895 0x00000243c308e710 code [0x00000243c308e9a0, 0x00000243c308f438]
Event: 7.470 Thread 0x00000243dfe9dd50  897       3       jdk.internal.jimage.ImageLocation::verify (218 bytes)
Event: 7.470 Thread 0x00000243de868ee0  898   !   4       jdk.internal.misc.ScopedMemoryAccess::getByte (20 bytes)
Event: 7.470 Thread 0x00000243de868ee0 nmethod 898 0x00000243ca374390 code [0x00000243ca374500, 0x00000243ca3745b8]
Event: 7.470 Thread 0x00000243de868ee0  899       4       java.nio.Buffer::scope (17 bytes)
Event: 7.471 Thread 0x00000243dfe9dd50 nmethod 897 0x00000243c308f890 code [0x00000243c308fb40, 0x00000243c30908b8]
Event: 7.471 Thread 0x00000243de868ee0 nmethod 899 0x00000243ca374690 code [0x00000243ca374800, 0x00000243ca374898]

GC Heap History (0 events):
No events

Deoptimization events (20 events):
Event: 6.727 Thread 0x00000243baf5e540 DEOPT PACKING pc=0x00000243ca3524e0 sp=0x0000008235efe590
Event: 6.727 Thread 0x00000243baf5e540 DEOPT UNPACKING pc=0x00000243c27e23a3 sp=0x0000008235efe520 mode 2
Event: 6.758 Thread 0x00000243baf5e540 Uncommon trap: trap_request=0xffffff45 fr.pc=0x00000243ca330ff8 relative=0x0000000000000078
Event: 6.758 Thread 0x00000243baf5e540 Uncommon trap: reason=unstable_if action=reinterpret pc=0x00000243ca330ff8 method=java.lang.String.isLatin1()Z @ 10 c2
Event: 6.758 Thread 0x00000243baf5e540 DEOPT PACKING pc=0x00000243ca330ff8 sp=0x0000008235efee80
Event: 6.758 Thread 0x00000243baf5e540 DEOPT UNPACKING pc=0x00000243c27e23a3 sp=0x0000008235efedc0 mode 2
Event: 6.825 Thread 0x00000243dfe93bd0 Uncommon trap: trap_request=0xffffff45 fr.pc=0x00000243ca358634 relative=0x0000000000000c94
Event: 6.825 Thread 0x00000243dfe93bd0 Uncommon trap: reason=unstable_if action=reinterpret pc=0x00000243ca358634 method=java.io.WinNTFileSystem.normalize(Ljava/lang/String;)Ljava/lang/String; @ 40 c2
Event: 6.825 Thread 0x00000243dfe93bd0 DEOPT PACKING pc=0x00000243ca358634 sp=0x00000082374fd4f0
Event: 6.825 Thread 0x00000243dfe93bd0 DEOPT UNPACKING pc=0x00000243c27e23a3 sp=0x00000082374fd4d8 mode 2
Event: 6.825 Thread 0x00000243dfe93bd0 Uncommon trap: trap_request=0xffffffde fr.pc=0x00000243ca35e3c8 relative=0x0000000000000388
Event: 6.825 Thread 0x00000243dfe93bd0 Uncommon trap: reason=class_check action=maybe_recompile pc=0x00000243ca35e3c8 method=java.util.HashMap.getNode(Ljava/lang/Object;)Ljava/util/HashMap$Node; @ 63 c2
Event: 6.825 Thread 0x00000243dfe93bd0 DEOPT PACKING pc=0x00000243ca35e3c8 sp=0x00000082374fd2d0
Event: 6.825 Thread 0x00000243dfe93bd0 DEOPT UNPACKING pc=0x00000243c27e23a3 sp=0x00000082374fd248 mode 2
Event: 6.883 Thread 0x00000243dfe93bd0 Uncommon trap: trap_request=0xffffffde fr.pc=0x00000243ca35e408 relative=0x00000000000003c8
Event: 6.883 Thread 0x00000243dfe93bd0 Uncommon trap: reason=class_check action=maybe_recompile pc=0x00000243ca35e408 method=java.util.HashMap.getNode(Ljava/lang/Object;)Ljava/util/HashMap$Node; @ 128 c2
Event: 6.883 Thread 0x00000243dfe93bd0 DEOPT PACKING pc=0x00000243ca35e408 sp=0x00000082374fde30
Event: 6.883 Thread 0x00000243dfe93bd0 DEOPT UNPACKING pc=0x00000243c27e23a3 sp=0x00000082374fdda8 mode 2
Event: 6.958 Thread 0x00000243dfe93bd0 DEOPT PACKING pc=0x00000243c2eeef65 sp=0x00000082374faaa0
Event: 6.958 Thread 0x00000243dfe93bd0 DEOPT UNPACKING pc=0x00000243c27e2b43 sp=0x00000082374f9ef0 mode 0

Classes unloaded (0 events):
No events

Classes redefined (0 events):
No events

Internal exceptions (20 events):
Event: 6.890 Thread 0x00000243dfe93bd0 Exception <a 'sun/nio/fs/WindowsException'{0x000000070facbb20}> (0x000000070facbb20) 
thrown [t:\workspace\open\src\hotspot\share\prims\jni.cpp, line 516]
Event: 6.890 Thread 0x00000243dfe93bd0 Exception <a 'sun/nio/fs/WindowsException'{0x000000070facbe80}> (0x000000070facbe80) 
thrown [t:\workspace\open\src\hotspot\share\prims\jni.cpp, line 516]
Event: 6.900 Thread 0x00000243dfe93bd0 Exception <a 'java/lang/NoSuchMethodError'{0x000000070fb14a50}: 'int java.lang.invoke.DirectMethodHandle$Holder.invokeStaticInit(java.lang.Object, java.lang.Object, int, long)'> (0x000000070fb14a50) 
thrown [t:\workspace\open\src\hotspot\share\interpreter\linkResolver.cpp, line 766]
Event: 6.900 Thread 0x00000243dfe93bd0 Exception <a 'java/lang/NoSuchMethodError'{0x000000070fb1a318}: 'java.lang.Object java.lang.invoke.DirectMethodHandle$Holder.newInvokeSpecial(java.lang.Object, java.lang.Object, int)'> (0x000000070fb1a318) 
thrown [t:\workspace\open\src\hotspot\share\interpreter\linkResolver.cpp, line 766]
Event: 6.902 Thread 0x00000243dfe93bd0 Exception <a 'java/lang/NoSuchMethodError'{0x000000070fb29170}: 'int java.lang.invoke.DirectMethodHandle$Holder.invokeStaticInit(java.lang.Object, java.lang.Object, long, long)'> (0x000000070fb29170) 
thrown [t:\workspace\open\src\hotspot\share\interpreter\linkResolver.cpp, line 766]
Event: 6.903 Thread 0x00000243dfe93bd0 Exception <a 'java/lang/NoSuchMethodError'{0x000000070fb2f280}: 'java.lang.Object java.lang.invoke.DirectMethodHandle$Holder.newInvokeSpecial(java.lang.Object, java.lang.Object, long)'> (0x000000070fb2f280) 
thrown [t:\workspace\open\src\hotspot\share\interpreter\linkResolver.cpp, line 766]
Event: 6.903 Thread 0x00000243dfe93bd0 Exception <a 'java/lang/NoSuchMethodError'{0x000000070fb335d8}: 'java.lang.Object java.lang.invoke.Invokers$Holder.linkToTargetMethod(java.lang.Object, long, java.lang.Object)'> (0x000000070fb335d8) 
thrown [t:\workspace\open\src\hotspot\share\interpreter\linkResolver.cpp, line 766]
Event: 6.904 Thread 0x00000243dfe93bd0 Exception <a 'java/lang/NoSuchMethodError'{0x000000070fb3acf0}: 'int java.lang.invoke.DirectMethodHandle$Holder.invokeStaticInit(java.lang.Object, java.lang.Object, java.lang.Object, long)'> (0x000000070fb3acf0) 
thrown [t:\workspace\open\src\hotspot\share\interpreter\linkResolver.cpp, line 766]
Event: 6.970 Thread 0x00000243dfe93bd0 Exception <a 'sun/nio/fs/WindowsException'{0x000000070fbfa600}> (0x000000070fbfa600) 
thrown [t:\workspace\open\src\hotspot\share\prims\jni.cpp, line 516]
Event: 6.970 Thread 0x00000243dfe93bd0 Exception <a 'sun/nio/fs/WindowsException'{0x000000070fbfa8d0}> (0x000000070fbfa8d0) 
thrown [t:\workspace\open\src\hotspot\share\prims\jni.cpp, line 516]
Event: 6.970 Thread 0x00000243dfe93bd0 Exception <a 'sun/nio/fs/WindowsException'{0x000000070fbfb258}> (0x000000070fbfb258) 
thrown [t:\workspace\open\src\hotspot\share\prims\jni.cpp, line 516]
Event: 6.971 Thread 0x00000243dfe93bd0 Exception <a 'sun/nio/fs/WindowsException'{0x000000070f802138}> (0x000000070f802138) 
thrown [t:\workspace\open\src\hotspot\share\prims\jni.cpp, line 516]
Event: 6.998 Thread 0x00000243dfe93bd0 Exception <a 'sun/nio/fs/WindowsException'{0x000000070f804ee8}> (0x000000070f804ee8) 
thrown [t:\workspace\open\src\hotspot\share\prims\jni.cpp, line 516]
Event: 6.998 Thread 0x00000243dfe93bd0 Exception <a 'sun/nio/fs/WindowsException'{0x000000070f805278}> (0x000000070f805278) 
thrown [t:\workspace\open\src\hotspot\share\prims\jni.cpp, line 516]
Event: 7.432 Thread 0x00000243dfe93bd0 Exception <a 'sun/nio/fs/WindowsException'{0x000000070f8537c0}> (0x000000070f8537c0) 
thrown [t:\workspace\open\src\hotspot\share\prims\jni.cpp, line 516]
Event: 7.432 Thread 0x00000243dfe93bd0 Exception <a 'sun/nio/fs/WindowsException'{0x000000070f853a90}> (0x000000070f853a90) 
thrown [t:\workspace\open\src\hotspot\share\prims\jni.cpp, line 516]
Event: 7.432 Thread 0x00000243dfe93bd0 Exception <a 'sun/nio/fs/WindowsException'{0x000000070f8543f8}> (0x000000070f8543f8) 
thrown [t:\workspace\open\src\hotspot\share\prims\jni.cpp, line 516]
Event: 7.433 Thread 0x00000243dfe93bd0 Exception <a 'sun/nio/fs/WindowsException'{0x000000070f85afb0}> (0x000000070f85afb0) 
thrown [t:\workspace\open\src\hotspot\share\prims\jni.cpp, line 516]
Event: 7.466 Thread 0x00000243dfe93bd0 Exception <a 'sun/nio/fs/WindowsException'{0x000000070f85dd28}> (0x000000070f85dd28) 
thrown [t:\workspace\open\src\hotspot\share\prims\jni.cpp, line 516]
Event: 7.466 Thread 0x00000243dfe93bd0 Exception <a 'sun/nio/fs/WindowsException'{0x000000070f85e0a0}> (0x000000070f85e0a0) 
thrown [t:\workspace\open\src\hotspot\share\prims\jni.cpp, line 516]

VM Operations (20 events):
Event: 1.242 Executing VM operation: Cleanup
Event: 1.243 Executing VM operation: Cleanup done
Event: 2.244 Executing VM operation: Cleanup
Event: 2.245 Executing VM operation: Cleanup done
Event: 3.256 Executing VM operation: Cleanup
Event: 3.256 Executing VM operation: Cleanup done
Event: 5.269 Executing VM operation: Cleanup
Event: 5.270 Executing VM operation: Cleanup done
Event: 6.280 Executing VM operation: Cleanup
Event: 6.281 Executing VM operation: Cleanup done
Event: 6.758 Executing VM operation: HandshakeAllThreads
Event: 6.758 Executing VM operation: HandshakeAllThreads done
Event: 6.759 Executing VM operation: HandshakeAllThreads
Event: 6.759 Executing VM operation: HandshakeAllThreads done
Event: 6.806 Executing VM operation: HandshakeAllThreads
Event: 6.806 Executing VM operation: HandshakeAllThreads done
Event: 6.825 Executing VM operation: HandshakeAllThreads
Event: 6.825 Executing VM operation: HandshakeAllThreads done
Event: 6.897 Executing VM operation: HandshakeAllThreads
Event: 6.897 Executing VM operation: HandshakeAllThreads done

Events (20 events):
Event: 6.898 loading class jdk/internal/reflect/UnsafeQualifiedStaticObjectFieldAccessorImpl done
Event: 6.899 loading class java/util/function/LongPredicate
Event: 6.899 loading class java/util/function/LongPredicate done
Event: 6.901 loading class jdk/internal/access/foreign/MemorySegmentProxy
Event: 6.901 loading class jdk/internal/access/foreign/MemorySegmentProxy done
Event: 6.905 loading class java/nio/InvalidMarkException
Event: 6.906 loading class java/nio/InvalidMarkException done
Event: 6.906 loading class java/nio/BufferUnderflowException
Event: 6.906 loading class java/nio/BufferUnderflowException done
Event: 6.908 loading class java/lang/IndexOutOfBoundsException
Event: 6.908 loading class java/lang/IndexOutOfBoundsException done
Event: 7.426 loading class sun/net/ProgressMonitor
Event: 7.427 loading class sun/net/ProgressMonitor done
Event: 7.427 loading class sun/net/DefaultProgressMeteringPolicy
Event: 7.427 loading class sun/net/ProgressMeteringPolicy
Event: 7.427 loading class sun/net/ProgressMeteringPolicy done
Event: 7.427 loading class sun/net/DefaultProgressMeteringPolicy done
Event: 7.470 Loaded shared library C:\Users\Matt\AppData\Local\Temp\lwjglMatt\3.3.1-build-7\lwjgl_stb.dll
Event: 7.470 loading class jdk/internal/misc/ScopedMemoryAccess$Scope
Event: 7.470 loading class jdk/internal/misc/ScopedMemoryAccess$Scope done


Dynamic libraries:
0x00007ff601af0000 - 0x00007ff601afe000 	C:\Java\jdk-17.0.2\bin\java.exe
0x00007ffc63090000 - 0x00007ffc63288000 	C:\Windows\SYSTEM32\ntdll.dll
0x00007ffc62e40000 - 0x00007ffc62efd000 	C:\Windows\System32\KERNEL32.DLL
0x00007ffc607b0000 - 0x00007ffc60a7e000 	C:\Windows\System32\KERNELBASE.dll
0x00007ffc60ff0000 - 0x00007ffc610f0000 	C:\Windows\System32\ucrtbase.dll
0x00007ffc30020000 - 0x00007ffc30038000 	C:\Java\jdk-17.0.2\bin\jli.dll
0x00007ffc31380000 - 0x00007ffc3139a000 	C:\Java\jdk-17.0.2\bin\VCRUNTIME140.dll
0x00007ffc62a80000 - 0x00007ffc62c20000 	C:\Windows\System32\USER32.dll
0x00007ffc60eb0000 - 0x00007ffc60ed2000 	C:\Windows\System32\win32u.dll
0x00007ffc42930000 - 0x00007ffc42bca000 	C:\Windows\WinSxS\amd64_microsoft.windows.common-controls_6595b64144ccf1df_6.0.19041.1110_none_60b5254171f9507e\COMCTL32.dll
0x00007ffc627f0000 - 0x00007ffc6281a000 	C:\Windows\System32\GDI32.dll
0x00007ffc621f0000 - 0x00007ffc6228e000 	C:\Windows\System32\msvcrt.dll
0x00007ffc60cc0000 - 0x00007ffc60dcb000 	C:\Windows\System32\gdi32full.dll
0x00007ffc60f50000 - 0x00007ffc60fed000 	C:\Windows\System32\msvcp_win.dll
0x00007ffc627c0000 - 0x00007ffc627f0000 	C:\Windows\System32\IMM32.DLL
0x00007ffc54580000 - 0x00007ffc5458c000 	C:\Java\jdk-17.0.2\bin\vcruntime140_1.dll
0x00007ffc257f0000 - 0x00007ffc2587d000 	C:\Java\jdk-17.0.2\bin\msvcp140.dll
0x00007ffbdde70000 - 0x00007ffbdea31000 	C:\Java\jdk-17.0.2\bin\server\jvm.dll
0x00007ffc62370000 - 0x00007ffc6241e000 	C:\Windows\System32\ADVAPI32.dll
0x00007ffc61570000 - 0x00007ffc6160c000 	C:\Windows\System32\sechost.dll
0x00007ffc61d60000 - 0x00007ffc61e85000 	C:\Windows\System32\RPCRT4.dll
0x00007ffc61560000 - 0x00007ffc61568000 	C:\Windows\System32\PSAPI.DLL
0x00007ffc4fc90000 - 0x00007ffc4fc99000 	C:\Windows\SYSTEM32\WSOCK32.dll
0x00007ffc52a50000 - 0x00007ffc52a77000 	C:\Windows\SYSTEM32\WINMM.dll
0x00007ffc595e0000 - 0x00007ffc595ea000 	C:\Windows\SYSTEM32\VERSION.dll
0x00007ffc62c20000 - 0x00007ffc62c8b000 	C:\Windows\System32\WS2_32.dll
0x00007ffc5e690000 - 0x00007ffc5e6a2000 	C:\Windows\SYSTEM32\kernel.appcore.dll
0x00007ffc51640000 - 0x00007ffc5164a000 	C:\Java\jdk-17.0.2\bin\jimage.dll
0x00007ffc40280000 - 0x00007ffc40464000 	C:\Windows\SYSTEM32\DBGHELP.DLL
0x00007ffc40190000 - 0x00007ffc401bc000 	C:\Windows\SYSTEM32\dbgcore.DLL
0x00007ffc60dd0000 - 0x00007ffc60e52000 	C:\Windows\System32\bcryptPrimitives.dll
0x00007ffc36ea0000 - 0x00007ffc36eae000 	C:\Java\jdk-17.0.2\bin\instrument.dll
0x00007ffc2d670000 - 0x00007ffc2d695000 	C:\Java\jdk-17.0.2\bin\java.dll
0x00007ffc23e30000 - 0x00007ffc23f06000 	C:\Java\jdk-17.0.2\bin\jsvml.dll
0x00007ffc61610000 - 0x00007ffc61d54000 	C:\Windows\System32\SHELL32.dll
0x00007ffc5e890000 - 0x00007ffc5f024000 	C:\Windows\SYSTEM32\windows.storage.dll
0x00007ffc61e90000 - 0x00007ffc621e4000 	C:\Windows\System32\combase.dll
0x00007ffc60130000 - 0x00007ffc60160000 	C:\Windows\SYSTEM32\Wldp.dll
0x00007ffc62880000 - 0x00007ffc6292d000 	C:\Windows\System32\SHCORE.dll
0x00007ffc62750000 - 0x00007ffc627a5000 	C:\Windows\System32\shlwapi.dll
0x00007ffc606f0000 - 0x00007ffc6070f000 	C:\Windows\SYSTEM32\profapi.dll
0x00007ffc29eb0000 - 0x00007ffc29ec8000 	C:\Java\jdk-17.0.2\bin\zip.dll
0x00007ffc2b4b0000 - 0x00007ffc2b4c9000 	C:\java\jdk-17.0.2\bin\net.dll
0x00007ffc545e0000 - 0x00007ffc546ea000 	C:\Windows\SYSTEM32\WINHTTP.dll
0x00007ffc5ff10000 - 0x00007ffc5ff7a000 	C:\Windows\system32\mswsock.dll
0x00007ffc2b490000 - 0x00007ffc2b4a6000 	C:\java\jdk-17.0.2\bin\nio.dll
0x00007ffc29e90000 - 0x00007ffc29eaa000 	C:\Users\Matt\AppData\Local\JetBrains\Toolbox\apps\IDEA-C\ch-0\221.5921.22\bin\breakgen64.dll
0x00007ffc21d40000 - 0x00007ffc21db5000 	C:\Users\Matt\AppData\Local\Temp\lwjglMatt\3.3.1-build-7\lwjgl.dll
0x00007ffc21bd0000 - 0x00007ffc21c31000 	C:\Users\Matt\AppData\Local\Temp\lwjglMatt\3.3.1-build-7\glfw.dll
0x00007ffc257a0000 - 0x00007ffc257e5000 	C:\Windows\SYSTEM32\dinput8.dll
0x00007ffc357c0000 - 0x00007ffc357d1000 	C:\Windows\SYSTEM32\xinput1_4.dll
0x00007ffc60e60000 - 0x00007ffc60eae000 	C:\Windows\System32\cfgmgr32.dll
0x00007ffc60560000 - 0x00007ffc6058c000 	C:\Windows\SYSTEM32\DEVOBJ.dll
0x00007ffc5e3a0000 - 0x00007ffc5e3cf000 	C:\Windows\SYSTEM32\dwmapi.dll
0x00007ffc4fb30000 - 0x00007ffc4fc82000 	C:\Windows\SYSTEM32\inputhost.dll
0x00007ffc62f00000 - 0x00007ffc62fcd000 	C:\Windows\System32\OLEAUT32.dll
0x00007ffc5dcc0000 - 0x00007ffc5ddb2000 	C:\Windows\SYSTEM32\CoreMessaging.dll
0x00007ffc5bc50000 - 0x00007ffc5bd46000 	C:\Windows\SYSTEM32\PROPSYS.dll
0x00007ffc5d290000 - 0x00007ffc5d3e4000 	C:\Windows\SYSTEM32\wintypes.dll
0x00007ffc5d960000 - 0x00007ffc5dcbe000 	C:\Windows\SYSTEM32\CoreUIComponents.dll
0x00007ffc5f470000 - 0x00007ffc5f4a3000 	C:\Windows\SYSTEM32\ntmarta.dll
0x00007ffc5e180000 - 0x00007ffc5e21e000 	C:\Windows\system32\uxtheme.dll
0x00007ffc62960000 - 0x00007ffc62a75000 	C:\Windows\System32\MSCTF.dll
0x00007ffbf4f30000 - 0x00007ffbf5189000 	C:\Users\Matt\AppData\Local\Temp\lwjglMatt\3.3.1-build-7\jemalloc.dll
0x00007ffc16240000 - 0x00007ffc16367000 	C:\Windows\SYSTEM32\opengl32.dll
0x00007ffc1ae50000 - 0x00007ffc1ae7c000 	C:\Windows\SYSTEM32\GLU32.dll
0x00007ffc62550000 - 0x00007ffc625f9000 	C:\Windows\System32\clbcatq.dll
0x00007ffbce6c0000 - 0x00007ffbd1059000 	C:\Windows\System32\DriverStore\FileRepository\nv_dispi.inf_amd64_1c83a5d7cffd7bff\nvoglv64.dll
0x00007ffc610f0000 - 0x00007ffc6155f000 	C:\Windows\System32\SETUPAPI.dll
0x00007ffc60be0000 - 0x00007ffc60c07000 	C:\Windows\System32\bcrypt.dll
0x00007ffc62420000 - 0x00007ffc6254a000 	C:\Windows\System32\ole32.dll
0x00007ffc5c0c0000 - 0x00007ffc5c0d4000 	C:\Windows\SYSTEM32\WTSAPI32.dll
0x00007ffc603a0000 - 0x00007ffc603b2000 	C:\Windows\SYSTEM32\msasn1.dll
0x00007ffc57f90000 - 0x00007ffc57fc1000 	C:\Windows\SYSTEM32\cryptnet.dll
0x00007ffc60a80000 - 0x00007ffc60bd6000 	C:\Windows\System32\CRYPT32.dll
0x00007ffc600a0000 - 0x00007ffc600ac000 	C:\Windows\SYSTEM32\cryptbase.dll
0x00007ffc60ee0000 - 0x00007ffc60f47000 	C:\Windows\System32\WINTRUST.dll
0x00007ffc59f90000 - 0x00007ffc59fcb000 	C:\Windows\SYSTEM32\dxcore.dll
0x00007ffc5fcf0000 - 0x00007ffc5fd3b000 	C:\Windows\SYSTEM32\powrprof.dll
0x00007ffc5fbb0000 - 0x00007ffc5fbc2000 	C:\Windows\SYSTEM32\UMPDC.dll
0x00007ffc5f4e0000 - 0x00007ffc5f53a000 	C:\Windows\SYSTEM32\WINSTA.dll
0x00007ffc51170000 - 0x00007ffc51269000 	C:\Windows\SYSTEM32\textinputframework.dll
0x00007ffc21760000 - 0x00007ffc217e1000 	C:\Users\Matt\AppData\Local\Temp\lwjglMatt\3.3.1-build-7\lwjgl_stb.dll

dbghelp: loaded successfully - version: 4.0.5 - missing functions: none
symbol engine: initialized successfully - sym options: 0x614 - pdb path: .;C:\Java\jdk-17.0.2\bin;C:\Windows\SYSTEM32;C:\Windows\WinSxS\amd64_microsoft.windows.common-controls_6595b64144ccf1df_6.0.19041.1110_none_60b5254171f9507e;C:\Java\jdk-17.0.2\bin\server;C:\Users\Matt\AppData\Local\JetBrains\Toolbox\apps\IDEA-C\ch-0\221.5921.22\bin;C:\Users\Matt\AppData\Local\Temp\lwjglMatt\3.3.1-build-7;C:\Windows\System32\DriverStore\FileRepository\nv_dispi.inf_amd64_1c83a5d7cffd7bff

VM Arguments:
jvm_args: -javaagent:C:\Users\Matt\AppData\Local\JetBrains\Toolbox\apps\IDEA-C\ch-0\221.5921.22\lib\idea_rt.jar=19290:C:\Users\Matt\AppData\Local\JetBrains\Toolbox\apps\IDEA-C\ch-0\221.5921.22\bin -Dfile.encoding=UTF-8 
java_command: main.Main
java_class_path (initial): C:\Users\Matt\IdeaProjects\PVPicross\target\classes;C:\Users\Matt\.m2\repository\org\lwjgl\lwjgl\3.3.1\lwjgl-3.3.1.jar;C:\Users\Matt\.m2\repository\org\lwjgl\lwjgl-assimp\3.3.1\lwjgl-assimp-3.3.1.jar;C:\Users\Matt\.m2\repository\org\lwjgl\lwjgl-bgfx\3.3.1\lwjgl-bgfx-3.3.1.jar;C:\Users\Matt\.m2\repository\org\lwjgl\lwjgl-cuda\3.3.1\lwjgl-cuda-3.3.1.jar;C:\Users\Matt\.m2\repository\org\lwjgl\lwjgl-egl\3.3.1\lwjgl-egl-3.3.1.jar;C:\Users\Matt\.m2\repository\org\lwjgl\lwjgl-glfw\3.3.1\lwjgl-glfw-3.3.1.jar;C:\Users\Matt\.m2\repository\org\lwjgl\lwjgl-jawt\3.3.1\lwjgl-jawt-3.3.1.jar;C:\Users\Matt\.m2\repository\org\lwjgl\lwjgl-jemalloc\3.3.1\lwjgl-jemalloc-3.3.1.jar;C:\Users\Matt\.m2\repository\org\lwjgl\lwjgl-libdivide\3.3.1\lwjgl-libdivide-3.3.1.jar;C:\Users\Matt\.m2\repository\org\lwjgl\lwjgl-llvm\3.3.1\lwjgl-llvm-3.3.1.jar;C:\Users\Matt\.m2\repository\org\lwjgl\lwjgl-lmdb\3.3.1\lwjgl-lmdb-3.3.1.jar;C:\Users\Matt\.m2\repository\org\lwjgl\lwjgl-lz4\3.3.1\lwjgl-lz4-3.3.1.jar;C:\Users\Matt\.m2\repository\org\lwjgl\lwjgl-meow\3.3.1\lwjgl-meow-3.3.1.jar;C:\Users\Matt\.m2\repository\org\lwjgl\lwjgl-meshoptimizer\3.3.1\lwjgl-meshoptimizer-3.3.1.jar;C:\Users\Matt\.m2\repository\org\lwjgl\lwjgl-nanovg\3.3.1\lwjgl-nanovg-3.3.1.jar;C:\Users\Matt\.m2\repository\org\lwjgl\lwjgl-nfd\3.3.1\lwjgl-nfd-3.3.1.jar;C:\Users\Matt\.m2\repository\org\lwjgl\lwjgl-nuklear\3.3.1\lwjgl-nuklear-3.3.1.jar;C:\Users\Matt\.m2\repository\org\lwjgl\lwjgl-odbc\3.3.1\lwjgl-odbc-3.3.1.jar;C:\Users\Matt\.m2\repository\org\lwjgl\lwjgl-openal\3.3.1\lwjgl-openal-3.3.1.jar;C:\Users\Matt\.m2\repository\org\lwjgl\lwjgl-opencl\3.3.1\lwjgl-opencl-3.3.1.jar;C:\Users\Matt\.m2\repository\org\lwjgl\lwjgl-opengl\3.3.1\lwjgl-opengl-3.3.1.jar;C:\Users\Matt\.m2\repository\org\lwjgl\lwjgl-opengles\3.3.1\lwjgl-opengles-3.3.1.jar;C:\Users\Matt\.m2\repository\org\lwjgl\lwjgl-openvr\3.3.1\lwjgl-openvr-3.3.1.jar;C:\Users\Matt\.m2\repository\org\lwjgl\lwjgl-openxr\3.3.1\lwjgl-openxr-3.3.1.jar;C:\Users\
Launcher Type: SUN_STANDARD

[Global flags]
     intx CICompilerCount                          = 12                                        {product} {ergonomic}
     uint ConcGCThreads                            = 3                                         {product} {ergonomic}
     uint G1ConcRefinementThreads                  = 13                                        {product} {ergonomic}
   size_t G1HeapRegionSize                         = 2097152                                   {product} {ergonomic}
    uintx GCDrainStackTargetSize                   = 64                                        {product} {ergonomic}
   size_t InitialHeapSize                          = 268435456                                 {product} {ergonomic}
   size_t MarkStackSize                            = 4194304                                   {product} {ergonomic}
   size_t MaxHeapSize                              = 4282384384                                {product} {ergonomic}
   size_t MaxNewSize                               = 2569011200                                {product} {ergonomic}
   size_t MinHeapDeltaBytes                        = 2097152                                   {product} {ergonomic}
   size_t MinHeapSize                              = 8388608                                   {product} {ergonomic}
    uintx NonNMethodCodeHeapSize                   = 7602480                                {pd product} {ergonomic}
    uintx NonProfiledCodeHeapSize                  = 122027880                              {pd product} {ergonomic}
    uintx ProfiledCodeHeapSize                     = 122027880                              {pd product} {ergonomic}
    uintx ReservedCodeCacheSize                    = 251658240                              {pd product} {ergonomic}
     bool SegmentedCodeCache                       = true                                      {product} {ergonomic}
   size_t SoftMaxHeapSize                          = 4282384384                             {manageable} {ergonomic}
     bool UseCompressedClassPointers               = true                           {product lp64_product} {ergonomic}
     bool UseCompressedOops                        = true                           {product lp64_product} {ergonomic}
     bool UseG1GC                                  = true                                      {product} {ergonomic}
     bool UseLargePagesIndividualAllocation        = false                                  {pd product} {ergonomic}

Logging:
Log output configuration:
 #0: stdout all=warning uptime,level,tags
 #1: stderr all=off uptime,level,tags

Environment Variables:
JAVA_HOME=C:\java\jdk-17.0.2\bin
PATH=F:\Program Files\Plastic SCM\server;F:\Program Files\Plastic SCM\client;C:\Program Files (x86)\NVIDIA Corporation\PhysX\Common;C:\Program Files\ImageMagick-7.1.0-Q16-HDRI;C:\Program Files\OpenJDK\jdk-8.0.272.10-hotspot\bin;C:\Python39\Scripts\;C:\Python39\;C:\Program Files (x86)\Common Files\Oracle\Java\javapath;C:\Program Files\Oculus\Support\oculus-runtime;C:\Windows\system32;C:\Windows;C:\Windows\System32\Wbem;C:\Windows\System32\WindowsPowerShell\v1.0\;C:\Windows\System32\OpenSSH\;C:\Program Files\nodejs\;C:\ProgramData\chocolatey\bin;C:\Program Files\PuTTY\;C:\Program Files\Microsoft SQL Server\Client SDK\ODBC\110\Tools\Binn\;C:\Program Files (x86)\Microsoft SQL Server\120\Tools\Binn\;C:\Program Files\Microsoft SQL Server\120\Tools\Binn\;C:\Program Files\Microsoft SQL Server\120\DTS\Binn\;C:\Program Files (x86)\Windows Kits\8.1\Windows Performance Toolkit\;C:\Program Files\Git\cmd;C:\Program Files\dotnet\;C:\Python39\Scripts\;C:\Python39\;C:\Program Files (x86)\Microsoft Visual Studio\2017\BuildTools\VC\Tools\MSVC\14.16.27023\bin\HostX86\x86;C:\Program Files (x86)\Microsoft Visual Studio\2017\BuildTools\Common7\IDE\CommonExtensions\Microsoft\TestWindow;C:\Program Files (x86)\Microsoft Visual Studio\2017\BuildTools\MSBuild\15.0\bin\Roslyn;C:\Program Files (x86)\Windows Kits\10\bin\10.0.17763.0\x86;C:\Program Files (x86)\Windows Kits\10\bin\x86;C:\Program Files (x86)\Microsoft Visual Studio\2017\BuildTools\\MSBuild\15.0\bin;C:\Windows\Microsoft.NET\Framework\v4.0.30319;C:\Program Files (x86)\Microsoft Visual Studio\2017\BuildTools\Common7\IDE\;C:\Program Files (x86)\Microsoft Visual Studio\2017\BuildTools\Common7\Tools\;C:\Program Files (x86)\NVIDIA Corporation\PhysX\Common;C:\java\jdk-17.0.2\bin;C:\Program Files\Oculus\Support\oculus-runtime;C:\Windows\system32;C:\Windows;C:\Windows\System32\Wbem;C:\Windows\System32\WindowsPowerShell\v1.0\;C:\Windows\System32\OpenSSH\;C:\Users\;C:\Users\Matt\AppData\Local\Progr;C:\Users\Matt\AppData\Local\Programs\Microsoft VS
USERNAME=Matt
OS=Windows_NT
PROCESSOR_IDENTIFIER=AMD64 Family 23 Model 8 Stepping 2, AuthenticAMD



---------------  S Y S T E M  ---------------

OS:
 Windows 10 , 64 bit Build 19041 (10.0.19041.1806)
OS uptime: 3 days 5:54 hours
Hyper-V role detected

CPU: total 16 (initial active 16) (16 cores per cpu, 2 threads per core) family 23 model 8 stepping 2 microcode 0x0, cx8, cmov, fxsr, ht, mmx, 3dnowpref, sse, sse2, sse3, ssse3, sse4a, sse4.1, sse4.2, popcnt, lzcnt, tsc, tscinvbit, avx, avx2, aes, clmul, bmi1, bmi2, adx, sha, fma, vzeroupper, clflush, clflushopt, hv

Memory: 4k page, system-wide physical 16333M (8722M free)
TotalPageFile size 20429M (AvailPageFile size 8124M)
current process WorkingSet (physical memory assigned to process): 97M, peak: 97M
current process commit charge ("private bytes"): 418M, peak: 418M

vm_info: OpenJDK 64-Bit Server VM (17.0.2+8-86) for windows-amd64 JRE (17.0.2+8-86), built on Dec  7 2021 21:49:10 by "mach5one" with MS VC++ 16.8 / 16.9 (VS2019)

END.
