#
# A fatal error has been detected by the Java Runtime Environment:
#
#  EXCEPTION_ACCESS_VIOLATION (0xc0000005) at pc=0x00007ffdd608db50, pid=4664, tid=20796
#
# JRE version: OpenJDK Runtime Environment (17.0.2+8) (build 17.0.2+8-86)
# Java VM: OpenJDK 64-Bit Server VM (17.0.2+8-86, mixed mode, sharing, tiered, compressed oops, compressed class ptrs, g1 gc, windows-amd64)
# Problematic frame:
# C  [lwjgl_stb.dll+0xdb50]
#
# No core dump will be written. Minidumps are not enabled by default on client versions of Windows
#
# If you would like to submit a bug report, please visit:
#   https://bugreport.java.com/bugreport/crash.jsp
# The crash happened outside the Java Virtual Machine in native code.
# See problematic frame for where to report the bug.
#

---------------  S U M M A R Y ------------

Command Line: -javaagent:C:\Users\Matt\AppData\Local\JetBrains\Toolbox\apps\IDEA-C\ch-0\221.5591.52\lib\idea_rt.jar=1313:C:\Users\Matt\AppData\Local\JetBrains\Toolbox\apps\IDEA-C\ch-0\221.5591.52\bin -Dfile.encoding=UTF-8 main.Main

Host: AMD Ryzen 7 2700X Eight-Core Processor         , 16 cores, 15G,  Windows 10 , 64 bit Build 19041 (10.0.19041.1741)
Time: Fri Jun 17 20:38:17 2022 Eastern Daylight Time elapsed time: 0.791213 seconds (0d 0h 0m 0s)

---------------  T H R E A D  ---------------

Current thread (0x000002cd233b2870):  JavaThread "game" [_thread_in_native, id=20796, stack(0x000000d9ec300000,0x000000d9ec400000)]

Stack: [0x000000d9ec300000,0x000000d9ec400000],  sp=0x000000d9ec3fec90,  free space=1019k
Native frames: (J=compiled Java code, j=interpreted, Vv=VM code, C=native code)
C  [lwjgl_stb.dll+0xdb50]

Java frames: (J=compiled Java code, j=interpreted, Vv=VM code)
j  org.lwjgl.stb.STBImage.nstbi_load_from_memory(JIJJJI)J+0
j  org.lwjgl.stb.STBImage.stbi_load_from_memory(Ljava/nio/ByteBuffer;Ljava/nio/IntBuffer;Ljava/nio/IntBuffer;Ljava/nio/IntBuffer;I)Ljava/nio/ByteBuffer;+43
j  engine.io.ImageParser.loadImage(Ljava/lang/String;)Lengine/io/ImageParser;+54
j  engine.io.Window.setIcon(Ljava/lang/String;)V+7
j  engine.io.Window.init()V+63
j  main.Main.init()V+33
j  main.Main.run()V+1
j  java.lang.Thread.run()V+11 java.base@17.0.2
v  ~StubRoutines::call_stub

siginfo: EXCEPTION_ACCESS_VIOLATION (0xc0000005), reading address 0x0000000000000010


Register to memory mapping:

RIP=0x00007ffdd608db50 lwjgl_stb.dll
RAX=0x0000000000000010 is an unknown value
RBX=0x000000d9ec3fee30 is pointing into the stack for thread: 0x000002cd233b2870
RCX=0x000000d9ec3fee30 is pointing into the stack for thread: 0x000002cd233b2870
RDX=0x000002cd236b6fa8 points into unknown readable memory: 0x0073676e69746e69 | 69 6e 74 69 6e 67 73 00
RSP=0x000000d9ec3fec90 is pointing into the stack for thread: 0x000002cd233b2870
RBP=0x000002cd236b6fac points into unknown readable memory: 6e 67 73 00
RSI=0x00007ffdd60e7298 lwjgl_stb.dll
RDI=0x0 is NULL
R8 =0x000002cd236b6fa4 points into unknown readable memory: 6c 20 50 61
R9 =0x000002cd236b6fac points into unknown readable memory: 6e 67 73 00
R10=0x000002cd0777d5f2 is at code_begin+946 in an Interpreter codelet
method entry point (kind = native)  [0x000002cd0777d240, 0x000002cd0777dbc0]  2432 bytes
R11=0x000000d9ec3fef18 is pointing into the stack for thread: 0x000002cd233b2870
R12=0x000002cd236b6fa4 points into unknown readable memory: 6c 20 50 61
R13=0x0 is NULL
R14=0x0000000000000004 is an unknown value
R15=0x0000000000000004 is an unknown value


Registers:
RAX=0x0000000000000010, RBX=0x000000d9ec3fee30, RCX=0x000000d9ec3fee30, RDX=0x000002cd236b6fa8
RSP=0x000000d9ec3fec90, RBP=0x000002cd236b6fac, RSI=0x00007ffdd60e7298, RDI=0x0000000000000000
R8 =0x000002cd236b6fa4, R9 =0x000002cd236b6fac, R10=0x000002cd0777d5f2, R11=0x000000d9ec3fef18
R12=0x000002cd236b6fa4, R13=0x0000000000000000, R14=0x0000000000000004, R15=0x0000000000000004
RIP=0x00007ffdd608db50, EFLAGS=0x0000000000010297

Top of Stack: (sp=0x000000d9ec3fec90)
0x000000d9ec3fec90:   00007ffda64c3830 0000000000000000
0x000000d9ec3feca0:   0000000000000000 0000000000000000
0x000000d9ec3fecb0:   000000d9ec3fedc0 00007ffdd6083abb
0x000000d9ec3fecc0:   000000d9ec3fee30 000002cd229564e8
0x000000d9ec3fecd0:   0000000000000000 000002cd23000000
0x000000d9ec3fece0:   000000d9ec3fec90 000002cd07796000
0x000000d9ec3fecf0:   0000000000000000 000002cd07796036
0x000000d9ec3fed00:   000002cd07796400 0000000000000000
0x000000d9ec3fed10:   0000000000000000 0000000000000000
0x000000d9ec3fed20:   000002cd07796000 0000000000010000
0x000000d9ec3fed30:   000000d9ec3fec90 000002cd236b6fac
0x000000d9ec3fed40:   0000000000000004 000002cd236b6fa8
0x000000d9ec3fed50:   000002cd236b6fa4 0000000000000120
0x000000d9ec3fed60:   000002cd229564e8 000000d9ec3fefd8
0x000000d9ec3fed70:   000002cd22cf5c18 00007ffdd6084d5c
0x000000d9ec3fed80:   000000d9ec3fec90 000002cd236b6fa8 

Instructions: (pc=0x00007ffdd608db50)
0x00007ffdd608da50:   06 00 33 c0 4c 8d 9c 24 20 10 00 00 49 8b 5b 10
0x00007ffdd608da60:   49 8b 6b 18 49 8b 73 20 49 8b e3 5f c3 cc cc cc
0x00007ffdd608da70:   48 89 5c 24 08 48 89 6c 24 10 48 89 74 24 18 57
0x00007ffdd608da80:   b8 20 10 00 00 e8 b6 bb 04 00 48 2b e0 49 63 f0
0x00007ffdd608da90:   48 8b f9 48 8b ce 48 63 ea 49 8b d9 ff 15 be ca
0x00007ffdd608daa0:   06 00 48 85 c0 74 5d 8b 94 24 50 10 00 00 48 8d
0x00007ffdd608dab0:   4c 24 20 48 89 44 24 40 48 03 ef 48 89 44 24 38
0x00007ffdd608dac0:   48 03 c6 48 89 44 24 48 48 89 7c 24 20 48 89 6c
0x00007ffdd608dad0:   24 28 c7 44 24 50 01 00 00 00 e8 a1 fc ff ff 85
0x00007ffdd608dae0:   c0 74 16 48 85 db 74 0a 8b 44 24 38 2b 44 24 40
0x00007ffdd608daf0:   89 03 48 8b 44 24 40 eb 0d 48 8b 4c 24 40 ff 15
0x00007ffdd608db00:   64 ca 06 00 33 c0 4c 8d 9c 24 20 10 00 00 49 8b
0x00007ffdd608db10:   5b 10 49 8b 6b 18 49 8b 73 20 49 8b e3 5f c3 cc
0x00007ffdd608db20:   48 89 5c 24 08 48 89 74 24 10 57 48 83 ec 20 48
0x00007ffdd608db30:   8b d9 48 8d 35 5f 97 05 00 33 ff 0f 1f 44 00 00
0x00007ffdd608db40:   48 8b 83 c0 00 00 00 48 3b 83 c8 00 00 00 73 0f
0x00007ffdd608db50:   0f b6 08 48 ff c0 48 89 83 c0 00 00 00 eb 26 83
0x00007ffdd608db60:   7b 30 00 74 1e 48 8b cb e8 73 83 ff ff 48 8b 83
0x00007ffdd608db70:   c0 00 00 00 0f b6 08 48 ff c0 48 89 83 c0 00 00
0x00007ffdd608db80:   00 eb 02 32 c9 3a 0c 37 75 1e 48 ff c7 48 83 ff
0x00007ffdd608db90:   08 7c ad b8 01 00 00 00 48 8b 5c 24 30 48 8b 74
0x00007ffdd608dba0:   24 38 48 83 c4 20 5f c3 65 48 8b 04 25 58 00 00
0x00007ffdd608dbb0:   00 8b 0d 99 c9 06 00 48 8b 5c 24 30 48 8b 74 24
0x00007ffdd608dbc0:   38 ba 20 00 00 00 48 8b 0c c8 48 8d 05 ef bf 05
0x00007ffdd608dbd0:   00 48 89 04 0a 33 c0 48 83 c4 20 5f c3 cc cc cc
0x00007ffdd608dbe0:   48 89 5c 24 10 44 89 4c 24 20 55 56 57 41 54 41
0x00007ffdd608dbf0:   55 41 56 41 57 48 81 ec c0 00 00 00 44 8b a4 24
0x00007ffdd608dc00:   28 01 00 00 41 8b e8 45 33 c0 45 8b f9 83 bc 24
0x00007ffdd608dc10:   30 01 00 00 10 45 8b d0 48 8b da 4c 89 84 24 90
0x00007ffdd608dc20:   00 00 00 41 0f 94 c2 48 8b f1 41 ff c2 41 8b fa
0x00007ffdd608dc30:   41 0f af f9 44 8b 8c 24 20 01 00 00 44 89 4c 24
0x00007ffdd608dc40:   28 8b c7 41 0f af c1 89 44 24 38 48 8b 01 4c 63 


Stack slot to memory mapping:
stack at sp + 0 slots: 0x00007ffda64c3830 jvm.dll
stack at sp + 1 slots: 0x0 is NULL
stack at sp + 2 slots: 0x0 is NULL
stack at sp + 3 slots: 0x0 is NULL
stack at sp + 4 slots: 0x000000d9ec3fedc0 is pointing into the stack for thread: 0x000002cd233b2870
stack at sp + 5 slots: 0x00007ffdd6083abb lwjgl_stb.dll
stack at sp + 6 slots: 0x000000d9ec3fee30 is pointing into the stack for thread: 0x000002cd233b2870
stack at sp + 7 slots: 0x000002cd229564e8 is pointing into metadata


---------------  P R O C E S S  ---------------

Threads class SMR info:
_java_thread_list=0x000002cd29698a90, length=16, elements={
0x000002cd2248d9a0, 0x000002cd2248e810, 0x000002cd224a2540, 0x000002cd224a4f10,
0x000002cd224a58c0, 0x000002cd224a6270, 0x000002cd224acd20, 0x000002cd224aeb20,
0x000002cd23008480, 0x000002cd230e5e10, 0x000002cd230e9a50, 0x000002cd230f2360,
0x000002cd233b34e0, 0x000002cd234dd970, 0x000002cd233b2870, 0x000002cd7ec7b6b0
}

Java Threads: ( => current thread )
  0x000002cd2248d9a0 JavaThread "Reference Handler" daemon [_thread_blocked, id=17592, stack(0x000000d9eb300000,0x000000d9eb400000)]
  0x000002cd2248e810 JavaThread "Finalizer" daemon [_thread_blocked, id=20496, stack(0x000000d9eb400000,0x000000d9eb500000)]
  0x000002cd224a2540 JavaThread "Signal Dispatcher" daemon [_thread_blocked, id=21268, stack(0x000000d9eb500000,0x000000d9eb600000)]
  0x000002cd224a4f10 JavaThread "Attach Listener" daemon [_thread_blocked, id=21420, stack(0x000000d9eb600000,0x000000d9eb700000)]
  0x000002cd224a58c0 JavaThread "Service Thread" daemon [_thread_blocked, id=19140, stack(0x000000d9eb700000,0x000000d9eb800000)]
  0x000002cd224a6270 JavaThread "Monitor Deflation Thread" daemon [_thread_blocked, id=20752, stack(0x000000d9eb800000,0x000000d9eb900000)]
  0x000002cd224acd20 JavaThread "C2 CompilerThread0" daemon [_thread_blocked, id=21440, stack(0x000000d9eb900000,0x000000d9eba00000)]
  0x000002cd224aeb20 JavaThread "C1 CompilerThread0" daemon [_thread_blocked, id=17132, stack(0x000000d9eba00000,0x000000d9ebb00000)]
  0x000002cd23008480 JavaThread "Sweeper thread" daemon [_thread_blocked, id=17536, stack(0x000000d9ebb00000,0x000000d9ebc00000)]
  0x000002cd230e5e10 JavaThread "Common-Cleaner" daemon [_thread_blocked, id=7816, stack(0x000000d9ebc00000,0x000000d9ebd00000)]
  0x000002cd230e9a50 JavaThread "C1 CompilerThread1" daemon [_thread_blocked, id=20544, stack(0x000000d9ebd00000,0x000000d9ebe00000)]
  0x000002cd230f2360 JavaThread "C1 CompilerThread2" daemon [_thread_blocked, id=19888, stack(0x000000d9ebe00000,0x000000d9ebf00000)]
  0x000002cd233b34e0 JavaThread "Monitor Ctrl-Break" daemon [_thread_in_native, id=16952, stack(0x000000d9ec000000,0x000000d9ec100000)]
  0x000002cd234dd970 JavaThread "Notification Thread" daemon [_thread_blocked, id=3436, stack(0x000000d9ec100000,0x000000d9ec200000)]
=>0x000002cd233b2870 JavaThread "game" [_thread_in_native, id=20796, stack(0x000000d9ec300000,0x000000d9ec400000)]
  0x000002cd7ec7b6b0 JavaThread "DestroyJavaVM" [_thread_blocked, id=9356, stack(0x000000d9eac00000,0x000000d9ead00000)]

Other Threads:
  0x000002cd22486d90 VMThread "VM Thread" [stack: 0x000000d9eb200000,0x000000d9eb300000] [id=10460]
  0x000002cd23422ca0 WatcherThread [stack: 0x000000d9ec200000,0x000000d9ec300000] [id=9484]
  0x000002cd7ecd1ee0 GCTaskThread "GC Thread#0" [stack: 0x000000d9ead00000,0x000000d9eae00000] [id=16756]
  0x000002cd7ece2d60 ConcurrentGCThread "G1 Main Marker" [stack: 0x000000d9eae00000,0x000000d9eaf00000] [id=17092]
  0x000002cd7ece5790 ConcurrentGCThread "G1 Conc#0" [stack: 0x000000d9eaf00000,0x000000d9eb000000] [id=17288]
  0x000002cd7ed4dcf0 ConcurrentGCThread "G1 Refine#0" [stack: 0x000000d9eb000000,0x000000d9eb100000] [id=10748]
  0x000002cd7ed4e710 ConcurrentGCThread "G1 Service" [stack: 0x000000d9eb100000,0x000000d9eb200000] [id=9888]

Threads with active compile tasks:

VM state: not at safepoint (normal execution)

VM Mutex/Monitor currently owned by a thread: None

Heap address: 0x0000000700c00000, size: 4084 MB, Compressed Oops mode: Zero based, Oop shift amount: 3

CDS archive(s) mapped at: [0x0000000800000000-0x0000000800bc0000-0x0000000800bc0000), size 12320768, SharedBaseAddress: 0x0000000800000000, ArchiveRelocationMode: 0.
Compressed class space mapped at: 0x0000000800c00000-0x0000000840c00000, reserved size: 1073741824
Narrow klass base: 0x0000000800000000, Narrow klass shift: 0, Narrow klass range: 0x100000000

GC Precious Log:
 CPUs: 16 total, 16 available
 Memory: 16333M
 Large Page Support: Disabled
 NUMA Support: Disabled
 Compressed Oops: Enabled (Zero based)
 Heap Region Size: 2M
 Heap Min Capacity: 8M
 Heap Initial Capacity: 256M
 Heap Max Capacity: 4084M
 Pre-touch: Disabled
 Parallel Workers: 13
 Concurrent Workers: 3
 Concurrent Refinement Workers: 13
 Periodic GC: Disabled

Heap:
 garbage-first heap   total 262144K, used 10240K [0x0000000700c00000, 0x0000000800000000)
  region size 2048K, 6 young (12288K), 0 survivors (0K)
 Metaspace       used 2618K, committed 2816K, reserved 1056768K
  class space    used 195K, committed 256K, reserved 1048576K

Heap Regions: E=young(eden), S=young(survivor), O=old, HS=humongous(starts), HC=humongous(continues), CS=collection set, F=free, OA=open archive, CA=closed archive, TAMS=top-at-mark-start (previous, next)
|   0|0x0000000700c00000, 0x0000000700c00000, 0x0000000700e00000|  0%| F|  |TAMS 0x0000000700c00000, 0x0000000700c00000| Untracked 
|   1|0x0000000700e00000, 0x0000000700e00000, 0x0000000701000000|  0%| F|  |TAMS 0x0000000700e00000, 0x0000000700e00000| Untracked 
|   2|0x0000000701000000, 0x0000000701000000, 0x0000000701200000|  0%| F|  |TAMS 0x0000000701000000, 0x0000000701000000| Untracked 
|   3|0x0000000701200000, 0x0000000701200000, 0x0000000701400000|  0%| F|  |TAMS 0x0000000701200000, 0x0000000701200000| Untracked 
|   4|0x0000000701400000, 0x0000000701400000, 0x0000000701600000|  0%| F|  |TAMS 0x0000000701400000, 0x0000000701400000| Untracked 
|   5|0x0000000701600000, 0x0000000701600000, 0x0000000701800000|  0%| F|  |TAMS 0x0000000701600000, 0x0000000701600000| Untracked 
|   6|0x0000000701800000, 0x0000000701800000, 0x0000000701a00000|  0%| F|  |TAMS 0x0000000701800000, 0x0000000701800000| Untracked 
|   7|0x0000000701a00000, 0x0000000701a00000, 0x0000000701c00000|  0%| F|  |TAMS 0x0000000701a00000, 0x0000000701a00000| Untracked 
|   8|0x0000000701c00000, 0x0000000701c00000, 0x0000000701e00000|  0%| F|  |TAMS 0x0000000701c00000, 0x0000000701c00000| Untracked 
|   9|0x0000000701e00000, 0x0000000701e00000, 0x0000000702000000|  0%| F|  |TAMS 0x0000000701e00000, 0x0000000701e00000| Untracked 
|  10|0x0000000702000000, 0x0000000702000000, 0x0000000702200000|  0%| F|  |TAMS 0x0000000702000000, 0x0000000702000000| Untracked 
|  11|0x0000000702200000, 0x0000000702200000, 0x0000000702400000|  0%| F|  |TAMS 0x0000000702200000, 0x0000000702200000| Untracked 
|  12|0x0000000702400000, 0x0000000702400000, 0x0000000702600000|  0%| F|  |TAMS 0x0000000702400000, 0x0000000702400000| Untracked 
|  13|0x0000000702600000, 0x0000000702600000, 0x0000000702800000|  0%| F|  |TAMS 0x0000000702600000, 0x0000000702600000| Untracked 
|  14|0x0000000702800000, 0x0000000702800000, 0x0000000702a00000|  0%| F|  |TAMS 0x0000000702800000, 0x0000000702800000| Untracked 
|  15|0x0000000702a00000, 0x0000000702a00000, 0x0000000702c00000|  0%| F|  |TAMS 0x0000000702a00000, 0x0000000702a00000| Untracked 
|  16|0x0000000702c00000, 0x0000000702c00000, 0x0000000702e00000|  0%| F|  |TAMS 0x0000000702c00000, 0x0000000702c00000| Untracked 
|  17|0x0000000702e00000, 0x0000000702e00000, 0x0000000703000000|  0%| F|  |TAMS 0x0000000702e00000, 0x0000000702e00000| Untracked 
|  18|0x0000000703000000, 0x0000000703000000, 0x0000000703200000|  0%| F|  |TAMS 0x0000000703000000, 0x0000000703000000| Untracked 
|  19|0x0000000703200000, 0x0000000703200000, 0x0000000703400000|  0%| F|  |TAMS 0x0000000703200000, 0x0000000703200000| Untracked 
|  20|0x0000000703400000, 0x0000000703400000, 0x0000000703600000|  0%| F|  |TAMS 0x0000000703400000, 0x0000000703400000| Untracked 
|  21|0x0000000703600000, 0x0000000703600000, 0x0000000703800000|  0%| F|  |TAMS 0x0000000703600000, 0x0000000703600000| Untracked 
|  22|0x0000000703800000, 0x0000000703800000, 0x0000000703a00000|  0%| F|  |TAMS 0x0000000703800000, 0x0000000703800000| Untracked 
|  23|0x0000000703a00000, 0x0000000703a00000, 0x0000000703c00000|  0%| F|  |TAMS 0x0000000703a00000, 0x0000000703a00000| Untracked 
|  24|0x0000000703c00000, 0x0000000703c00000, 0x0000000703e00000|  0%| F|  |TAMS 0x0000000703c00000, 0x0000000703c00000| Untracked 
|  25|0x0000000703e00000, 0x0000000703e00000, 0x0000000704000000|  0%| F|  |TAMS 0x0000000703e00000, 0x0000000703e00000| Untracked 
|  26|0x0000000704000000, 0x0000000704000000, 0x0000000704200000|  0%| F|  |TAMS 0x0000000704000000, 0x0000000704000000| Untracked 
|  27|0x0000000704200000, 0x0000000704200000, 0x0000000704400000|  0%| F|  |TAMS 0x0000000704200000, 0x0000000704200000| Untracked 
|  28|0x0000000704400000, 0x0000000704400000, 0x0000000704600000|  0%| F|  |TAMS 0x0000000704400000, 0x0000000704400000| Untracked 
|  29|0x0000000704600000, 0x0000000704600000, 0x0000000704800000|  0%| F|  |TAMS 0x0000000704600000, 0x0000000704600000| Untracked 
|  30|0x0000000704800000, 0x0000000704800000, 0x0000000704a00000|  0%| F|  |TAMS 0x0000000704800000, 0x0000000704800000| Untracked 
|  31|0x0000000704a00000, 0x0000000704a00000, 0x0000000704c00000|  0%| F|  |TAMS 0x0000000704a00000, 0x0000000704a00000| Untracked 
|  32|0x0000000704c00000, 0x0000000704c00000, 0x0000000704e00000|  0%| F|  |TAMS 0x0000000704c00000, 0x0000000704c00000| Untracked 
|  33|0x0000000704e00000, 0x0000000704e00000, 0x0000000705000000|  0%| F|  |TAMS 0x0000000704e00000, 0x0000000704e00000| Untracked 
|  34|0x0000000705000000, 0x0000000705000000, 0x0000000705200000|  0%| F|  |TAMS 0x0000000705000000, 0x0000000705000000| Untracked 
|  35|0x0000000705200000, 0x0000000705200000, 0x0000000705400000|  0%| F|  |TAMS 0x0000000705200000, 0x0000000705200000| Untracked 
|  36|0x0000000705400000, 0x0000000705400000, 0x0000000705600000|  0%| F|  |TAMS 0x0000000705400000, 0x0000000705400000| Untracked 
|  37|0x0000000705600000, 0x0000000705600000, 0x0000000705800000|  0%| F|  |TAMS 0x0000000705600000, 0x0000000705600000| Untracked 
|  38|0x0000000705800000, 0x0000000705800000, 0x0000000705a00000|  0%| F|  |TAMS 0x0000000705800000, 0x0000000705800000| Untracked 
|  39|0x0000000705a00000, 0x0000000705a00000, 0x0000000705c00000|  0%| F|  |TAMS 0x0000000705a00000, 0x0000000705a00000| Untracked 
|  40|0x0000000705c00000, 0x0000000705c00000, 0x0000000705e00000|  0%| F|  |TAMS 0x0000000705c00000, 0x0000000705c00000| Untracked 
|  41|0x0000000705e00000, 0x0000000705e00000, 0x0000000706000000|  0%| F|  |TAMS 0x0000000705e00000, 0x0000000705e00000| Untracked 
|  42|0x0000000706000000, 0x0000000706000000, 0x0000000706200000|  0%| F|  |TAMS 0x0000000706000000, 0x0000000706000000| Untracked 
|  43|0x0000000706200000, 0x0000000706200000, 0x0000000706400000|  0%| F|  |TAMS 0x0000000706200000, 0x0000000706200000| Untracked 
|  44|0x0000000706400000, 0x0000000706400000, 0x0000000706600000|  0%| F|  |TAMS 0x0000000706400000, 0x0000000706400000| Untracked 
|  45|0x0000000706600000, 0x0000000706600000, 0x0000000706800000|  0%| F|  |TAMS 0x0000000706600000, 0x0000000706600000| Untracked 
|  46|0x0000000706800000, 0x0000000706800000, 0x0000000706a00000|  0%| F|  |TAMS 0x0000000706800000, 0x0000000706800000| Untracked 
|  47|0x0000000706a00000, 0x0000000706a00000, 0x0000000706c00000|  0%| F|  |TAMS 0x0000000706a00000, 0x0000000706a00000| Untracked 
|  48|0x0000000706c00000, 0x0000000706c00000, 0x0000000706e00000|  0%| F|  |TAMS 0x0000000706c00000, 0x0000000706c00000| Untracked 
|  49|0x0000000706e00000, 0x0000000706e00000, 0x0000000707000000|  0%| F|  |TAMS 0x0000000706e00000, 0x0000000706e00000| Untracked 
|  50|0x0000000707000000, 0x0000000707000000, 0x0000000707200000|  0%| F|  |TAMS 0x0000000707000000, 0x0000000707000000| Untracked 
|  51|0x0000000707200000, 0x0000000707200000, 0x0000000707400000|  0%| F|  |TAMS 0x0000000707200000, 0x0000000707200000| Untracked 
|  52|0x0000000707400000, 0x0000000707400000, 0x0000000707600000|  0%| F|  |TAMS 0x0000000707400000, 0x0000000707400000| Untracked 
|  53|0x0000000707600000, 0x0000000707600000, 0x0000000707800000|  0%| F|  |TAMS 0x0000000707600000, 0x0000000707600000| Untracked 
|  54|0x0000000707800000, 0x0000000707800000, 0x0000000707a00000|  0%| F|  |TAMS 0x0000000707800000, 0x0000000707800000| Untracked 
|  55|0x0000000707a00000, 0x0000000707a00000, 0x0000000707c00000|  0%| F|  |TAMS 0x0000000707a00000, 0x0000000707a00000| Untracked 
|  56|0x0000000707c00000, 0x0000000707c00000, 0x0000000707e00000|  0%| F|  |TAMS 0x0000000707c00000, 0x0000000707c00000| Untracked 
|  57|0x0000000707e00000, 0x0000000707e00000, 0x0000000708000000|  0%| F|  |TAMS 0x0000000707e00000, 0x0000000707e00000| Untracked 
|  58|0x0000000708000000, 0x0000000708000000, 0x0000000708200000|  0%| F|  |TAMS 0x0000000708000000, 0x0000000708000000| Untracked 
|  59|0x0000000708200000, 0x0000000708200000, 0x0000000708400000|  0%| F|  |TAMS 0x0000000708200000, 0x0000000708200000| Untracked 
|  60|0x0000000708400000, 0x0000000708400000, 0x0000000708600000|  0%| F|  |TAMS 0x0000000708400000, 0x0000000708400000| Untracked 
|  61|0x0000000708600000, 0x0000000708600000, 0x0000000708800000|  0%| F|  |TAMS 0x0000000708600000, 0x0000000708600000| Untracked 
|  62|0x0000000708800000, 0x0000000708800000, 0x0000000708a00000|  0%| F|  |TAMS 0x0000000708800000, 0x0000000708800000| Untracked 
|  63|0x0000000708a00000, 0x0000000708a00000, 0x0000000708c00000|  0%| F|  |TAMS 0x0000000708a00000, 0x0000000708a00000| Untracked 
|  64|0x0000000708c00000, 0x0000000708c00000, 0x0000000708e00000|  0%| F|  |TAMS 0x0000000708c00000, 0x0000000708c00000| Untracked 
|  65|0x0000000708e00000, 0x0000000708e00000, 0x0000000709000000|  0%| F|  |TAMS 0x0000000708e00000, 0x0000000708e00000| Untracked 
|  66|0x0000000709000000, 0x0000000709000000, 0x0000000709200000|  0%| F|  |TAMS 0x0000000709000000, 0x0000000709000000| Untracked 
|  67|0x0000000709200000, 0x0000000709200000, 0x0000000709400000|  0%| F|  |TAMS 0x0000000709200000, 0x0000000709200000| Untracked 
|  68|0x0000000709400000, 0x0000000709400000, 0x0000000709600000|  0%| F|  |TAMS 0x0000000709400000, 0x0000000709400000| Untracked 
|  69|0x0000000709600000, 0x0000000709600000, 0x0000000709800000|  0%| F|  |TAMS 0x0000000709600000, 0x0000000709600000| Untracked 
|  70|0x0000000709800000, 0x0000000709800000, 0x0000000709a00000|  0%| F|  |TAMS 0x0000000709800000, 0x0000000709800000| Untracked 
|  71|0x0000000709a00000, 0x0000000709a00000, 0x0000000709c00000|  0%| F|  |TAMS 0x0000000709a00000, 0x0000000709a00000| Untracked 
|  72|0x0000000709c00000, 0x0000000709c00000, 0x0000000709e00000|  0%| F|  |TAMS 0x0000000709c00000, 0x0000000709c00000| Untracked 
|  73|0x0000000709e00000, 0x0000000709e00000, 0x000000070a000000|  0%| F|  |TAMS 0x0000000709e00000, 0x0000000709e00000| Untracked 
|  74|0x000000070a000000, 0x000000070a000000, 0x000000070a200000|  0%| F|  |TAMS 0x000000070a000000, 0x000000070a000000| Untracked 
|  75|0x000000070a200000, 0x000000070a200000, 0x000000070a400000|  0%| F|  |TAMS 0x000000070a200000, 0x000000070a200000| Untracked 
|  76|0x000000070a400000, 0x000000070a400000, 0x000000070a600000|  0%| F|  |TAMS 0x000000070a400000, 0x000000070a400000| Untracked 
|  77|0x000000070a600000, 0x000000070a600000, 0x000000070a800000|  0%| F|  |TAMS 0x000000070a600000, 0x000000070a600000| Untracked 
|  78|0x000000070a800000, 0x000000070a800000, 0x000000070aa00000|  0%| F|  |TAMS 0x000000070a800000, 0x000000070a800000| Untracked 
|  79|0x000000070aa00000, 0x000000070aa00000, 0x000000070ac00000|  0%| F|  |TAMS 0x000000070aa00000, 0x000000070aa00000| Untracked 
|  80|0x000000070ac00000, 0x000000070ac00000, 0x000000070ae00000|  0%| F|  |TAMS 0x000000070ac00000, 0x000000070ac00000| Untracked 
|  81|0x000000070ae00000, 0x000000070ae00000, 0x000000070b000000|  0%| F|  |TAMS 0x000000070ae00000, 0x000000070ae00000| Untracked 
|  82|0x000000070b000000, 0x000000070b000000, 0x000000070b200000|  0%| F|  |TAMS 0x000000070b000000, 0x000000070b000000| Untracked 
|  83|0x000000070b200000, 0x000000070b200000, 0x000000070b400000|  0%| F|  |TAMS 0x000000070b200000, 0x000000070b200000| Untracked 
|  84|0x000000070b400000, 0x000000070b400000, 0x000000070b600000|  0%| F|  |TAMS 0x000000070b400000, 0x000000070b400000| Untracked 
|  85|0x000000070b600000, 0x000000070b600000, 0x000000070b800000|  0%| F|  |TAMS 0x000000070b600000, 0x000000070b600000| Untracked 
|  86|0x000000070b800000, 0x000000070b800000, 0x000000070ba00000|  0%| F|  |TAMS 0x000000070b800000, 0x000000070b800000| Untracked 
|  87|0x000000070ba00000, 0x000000070ba00000, 0x000000070bc00000|  0%| F|  |TAMS 0x000000070ba00000, 0x000000070ba00000| Untracked 
|  88|0x000000070bc00000, 0x000000070bc00000, 0x000000070be00000|  0%| F|  |TAMS 0x000000070bc00000, 0x000000070bc00000| Untracked 
|  89|0x000000070be00000, 0x000000070be00000, 0x000000070c000000|  0%| F|  |TAMS 0x000000070be00000, 0x000000070be00000| Untracked 
|  90|0x000000070c000000, 0x000000070c000000, 0x000000070c200000|  0%| F|  |TAMS 0x000000070c000000, 0x000000070c000000| Untracked 
|  91|0x000000070c200000, 0x000000070c200000, 0x000000070c400000|  0%| F|  |TAMS 0x000000070c200000, 0x000000070c200000| Untracked 
|  92|0x000000070c400000, 0x000000070c400000, 0x000000070c600000|  0%| F|  |TAMS 0x000000070c400000, 0x000000070c400000| Untracked 
|  93|0x000000070c600000, 0x000000070c600000, 0x000000070c800000|  0%| F|  |TAMS 0x000000070c600000, 0x000000070c600000| Untracked 
|  94|0x000000070c800000, 0x000000070c800000, 0x000000070ca00000|  0%| F|  |TAMS 0x000000070c800000, 0x000000070c800000| Untracked 
|  95|0x000000070ca00000, 0x000000070ca00000, 0x000000070cc00000|  0%| F|  |TAMS 0x000000070ca00000, 0x000000070ca00000| Untracked 
|  96|0x000000070cc00000, 0x000000070cc00000, 0x000000070ce00000|  0%| F|  |TAMS 0x000000070cc00000, 0x000000070cc00000| Untracked 
|  97|0x000000070ce00000, 0x000000070ce00000, 0x000000070d000000|  0%| F|  |TAMS 0x000000070ce00000, 0x000000070ce00000| Untracked 
|  98|0x000000070d000000, 0x000000070d000000, 0x000000070d200000|  0%| F|  |TAMS 0x000000070d000000, 0x000000070d000000| Untracked 
|  99|0x000000070d200000, 0x000000070d200000, 0x000000070d400000|  0%| F|  |TAMS 0x000000070d200000, 0x000000070d200000| Untracked 
| 100|0x000000070d400000, 0x000000070d400000, 0x000000070d600000|  0%| F|  |TAMS 0x000000070d400000, 0x000000070d400000| Untracked 
| 101|0x000000070d600000, 0x000000070d600000, 0x000000070d800000|  0%| F|  |TAMS 0x000000070d600000, 0x000000070d600000| Untracked 
| 102|0x000000070d800000, 0x000000070d800000, 0x000000070da00000|  0%| F|  |TAMS 0x000000070d800000, 0x000000070d800000| Untracked 
| 103|0x000000070da00000, 0x000000070da00000, 0x000000070dc00000|  0%| F|  |TAMS 0x000000070da00000, 0x000000070da00000| Untracked 
| 104|0x000000070dc00000, 0x000000070dc00000, 0x000000070de00000|  0%| F|  |TAMS 0x000000070dc00000, 0x000000070dc00000| Untracked 
| 105|0x000000070de00000, 0x000000070de00000, 0x000000070e000000|  0%| F|  |TAMS 0x000000070de00000, 0x000000070de00000| Untracked 
| 106|0x000000070e000000, 0x000000070e000000, 0x000000070e200000|  0%| F|  |TAMS 0x000000070e000000, 0x000000070e000000| Untracked 
| 107|0x000000070e200000, 0x000000070e200000, 0x000000070e400000|  0%| F|  |TAMS 0x000000070e200000, 0x000000070e200000| Untracked 
| 108|0x000000070e400000, 0x000000070e400000, 0x000000070e600000|  0%| F|  |TAMS 0x000000070e400000, 0x000000070e400000| Untracked 
| 109|0x000000070e600000, 0x000000070e600000, 0x000000070e800000|  0%| F|  |TAMS 0x000000070e600000, 0x000000070e600000| Untracked 
| 110|0x000000070e800000, 0x000000070e800000, 0x000000070ea00000|  0%| F|  |TAMS 0x000000070e800000, 0x000000070e800000| Untracked 
| 111|0x000000070ea00000, 0x000000070ea00000, 0x000000070ec00000|  0%| F|  |TAMS 0x000000070ea00000, 0x000000070ea00000| Untracked 
| 112|0x000000070ec00000, 0x000000070ec00000, 0x000000070ee00000|  0%| F|  |TAMS 0x000000070ec00000, 0x000000070ec00000| Untracked 
| 113|0x000000070ee00000, 0x000000070ee00000, 0x000000070f000000|  0%| F|  |TAMS 0x000000070ee00000, 0x000000070ee00000| Untracked 
| 114|0x000000070f000000, 0x000000070f000000, 0x000000070f200000|  0%| F|  |TAMS 0x000000070f000000, 0x000000070f000000| Untracked 
| 115|0x000000070f200000, 0x000000070f200000, 0x000000070f400000|  0%| F|  |TAMS 0x000000070f200000, 0x000000070f200000| Untracked 
| 116|0x000000070f400000, 0x000000070f400000, 0x000000070f600000|  0%| F|  |TAMS 0x000000070f400000, 0x000000070f400000| Untracked 
| 117|0x000000070f600000, 0x000000070f600000, 0x000000070f800000|  0%| F|  |TAMS 0x000000070f600000, 0x000000070f600000| Untracked 
| 118|0x000000070f800000, 0x000000070f800000, 0x000000070fa00000|  0%| F|  |TAMS 0x000000070f800000, 0x000000070f800000| Untracked 
| 119|0x000000070fa00000, 0x000000070fa00000, 0x000000070fc00000|  0%| F|  |TAMS 0x000000070fa00000, 0x000000070fa00000| Untracked 
| 120|0x000000070fc00000, 0x000000070fc00000, 0x000000070fe00000|  0%| F|  |TAMS 0x000000070fc00000, 0x000000070fc00000| Untracked 
| 121|0x000000070fe00000, 0x000000070fe00000, 0x0000000710000000|  0%| F|  |TAMS 0x000000070fe00000, 0x000000070fe00000| Untracked 
| 122|0x0000000710000000, 0x00000007100eeb20, 0x0000000710200000| 46%| E|  |TAMS 0x0000000710000000, 0x0000000710000000| Complete 
| 123|0x0000000710200000, 0x0000000710400000, 0x0000000710400000|100%| E|CS|TAMS 0x0000000710200000, 0x0000000710200000| Complete 
| 124|0x0000000710400000, 0x0000000710600000, 0x0000000710600000|100%| E|CS|TAMS 0x0000000710400000, 0x0000000710400000| Complete 
| 125|0x0000000710600000, 0x0000000710800000, 0x0000000710800000|100%| E|CS|TAMS 0x0000000710600000, 0x0000000710600000| Complete 
| 126|0x0000000710800000, 0x0000000710a00000, 0x0000000710a00000|100%| E|CS|TAMS 0x0000000710800000, 0x0000000710800000| Complete 
| 127|0x0000000710a00000, 0x0000000710c00000, 0x0000000710c00000|100%| E|CS|TAMS 0x0000000710a00000, 0x0000000710a00000| Complete 

Card table byte_map: [0x000002cd16770000,0x000002cd16f70000] _byte_map_base: 0x000002cd12f6a000

Marking Bits (Prev, Next): (CMBitMap*) 0x000002cd7ecd24f0, (CMBitMap*) 0x000002cd7ecd2530
 Prev Bits: [0x000002cd17770000, 0x000002cd1b740000)
 Next Bits: [0x000002cd1b740000, 0x000002cd1f710000)

Polling page: 0x000002cd7cc60000

Metaspace:

Usage:
  Non-class:      2.37 MB used.
      Class:    195.40 KB used.
       Both:      2.56 MB used.

Virtual space:
  Non-class space:        8.00 MB reserved,       2.50 MB ( 31%) committed,  1 nodes.
      Class space:        1.00 GB reserved,     256.00 KB ( <1%) committed,  1 nodes.
             Both:        1.01 GB reserved,       2.75 MB ( <1%) committed. 

Chunk freelists:
   Non-Class:  3.00 MB
       Class:  3.66 MB
        Both:  6.66 MB

MaxMetaspaceSize: unlimited
CompressedClassSpaceSize: 1.00 GB
Initial GC threshold: 21.00 MB
Current GC threshold: 21.00 MB
CDS: on
MetaspaceReclaimPolicy: balanced
 - commit_granule_bytes: 65536.
 - commit_granule_words: 8192.
 - virtual_space_node_default_size: 1048576.
 - enlarge_chunks_in_place: 1.
 - new_chunks_are_fully_committed: 0.
 - uncommit_free_chunks: 1.
 - use_allocation_guard: 0.
 - handle_deallocations: 1.


Internal statistics:

num_allocs_failed_limit: 0.
num_arena_births: 62.
num_arena_deaths: 0.
num_vsnodes_births: 2.
num_vsnodes_deaths: 0.
num_space_committed: 44.
num_space_uncommitted: 0.
num_chunks_returned_to_freelist: 0.
num_chunks_taken_from_freelist: 113.
num_chunk_merges: 0.
num_chunk_splits: 76.
num_chunks_enlarged: 52.
num_purges: 0.
num_inconsistent_stats: 0.

CodeHeap 'non-profiled nmethods': size=119168Kb used=203Kb max_used=203Kb free=118964Kb
 bounds [0x000002cd0f310000, 0x000002cd0f580000, 0x000002cd16770000]
CodeHeap 'profiled nmethods': size=119104Kb used=1089Kb max_used=1089Kb free=118015Kb
 bounds [0x000002cd07ec0000, 0x000002cd08130000, 0x000002cd0f310000]
CodeHeap 'non-nmethods': size=7488Kb used=2658Kb max_used=2673Kb free=4829Kb
 bounds [0x000002cd07770000, 0x000002cd07a10000, 0x000002cd07ec0000]
 total_blobs=1629 nmethods=684 adapters=856
 compilation: enabled
              stopped_count=0, restarted_count=0
 full_count=0

Compilation events (20 events):
Event: 0.770 Thread 0x000002cd230e9a50 nmethod 675 0x000002cd07fbb690 code [0x000002cd07fbb840, 0x000002cd07fbbbf8]
Event: 0.773 Thread 0x000002cd230e9a50  676       3       jdk.internal.misc.Unsafe::checkSize (32 bytes)
Event: 0.773 Thread 0x000002cd230e9a50 nmethod 676 0x000002cd07fbbd10 code [0x000002cd07fbbec0, 0x000002cd07fbc148]
Event: 0.773 Thread 0x000002cd230e9a50  677       3       jdk.internal.misc.Unsafe::copyMemory (33 bytes)
Event: 0.774 Thread 0x000002cd230e9a50 nmethod 677 0x000002cd07fbc290 code [0x000002cd07fbc540, 0x000002cd07fbd298]
Event: 0.774 Thread 0x000002cd230e9a50  678       3       jdk.internal.misc.Unsafe::copyMemoryChecks (21 bytes)
Event: 0.774 Thread 0x000002cd230f2360  679       3       jdk.internal.misc.Unsafe::checkOffset (32 bytes)
Event: 0.775 Thread 0x000002cd230f2360 nmethod 679 0x000002cd07fbd890 code [0x000002cd07fbda40, 0x000002cd07fbdcc8]
Event: 0.775 Thread 0x000002cd224acd20 nmethod 668 0x000002cd0f341c10 code [0x000002cd0f341dc0, 0x000002cd0f3422a8]
Event: 0.775 Thread 0x000002cd224acd20  673   !   4       java.nio.DirectByteBuffer::get (34 bytes)
Event: 0.775 Thread 0x000002cd230e9a50 nmethod 678 0x000002cd07fbde10 code [0x000002cd07fbe0c0, 0x000002cd07fbee28]
Event: 0.776 Thread 0x000002cd224acd20 nmethod 673 0x000002cd0f342590 code [0x000002cd0f342720, 0x000002cd0f342838]
Event: 0.779 Thread 0x000002cd230e9a50  681       3       java.lang.ref.SoftReference::get (29 bytes)
Event: 0.779 Thread 0x000002cd230e9a50 nmethod 681 0x000002cd07fbf390 code [0x000002cd07fbf520, 0x000002cd07fbf6f8]
Event: 0.780 Thread 0x000002cd230e9a50  682       3       jdk.internal.jimage.ImageLocation::verify (218 bytes)
Event: 0.780 Thread 0x000002cd224acd20  683   !   4       jdk.internal.misc.ScopedMemoryAccess::getByte (20 bytes)
Event: 0.781 Thread 0x000002cd230e9a50 nmethod 682 0x000002cd07fbf790 code [0x000002cd07fbfa40, 0x000002cd07fc07b8]
Event: 0.781 Thread 0x000002cd224acd20 nmethod 683 0x000002cd0f342990 code [0x000002cd0f342b00, 0x000002cd0f342bb8]
Event: 0.781 Thread 0x000002cd224acd20  684       4       java.nio.Buffer::scope (17 bytes)
Event: 0.781 Thread 0x000002cd224acd20 nmethod 684 0x000002cd0f342c90 code [0x000002cd0f342e00, 0x000002cd0f342e98]

GC Heap History (0 events):
No events

Deoptimization events (20 events):
Event: 0.220 Thread 0x000002cd7ec7b6b0 Uncommon trap: trap_request=0xffffff45 fr.pc=0x000002cd0f326cb0 relative=0x0000000000000190
Event: 0.220 Thread 0x000002cd7ec7b6b0 Uncommon trap: reason=unstable_if action=reinterpret pc=0x000002cd0f326cb0 method=java.util.zip.ZipFile$Source.isMetaName([BII)Z @ 57 c2
Event: 0.220 Thread 0x000002cd7ec7b6b0 DEOPT PACKING pc=0x000002cd0f326cb0 sp=0x000000d9eacfe340
Event: 0.220 Thread 0x000002cd7ec7b6b0 DEOPT UNPACKING pc=0x000002cd077c23a3 sp=0x000000d9eacfe2e8 mode 2
Event: 0.259 Thread 0x000002cd7ec7b6b0 Uncommon trap: trap_request=0xffffff45 fr.pc=0x000002cd0f32135c relative=0x000000000000005c
Event: 0.259 Thread 0x000002cd7ec7b6b0 Uncommon trap: reason=unstable_if action=reinterpret pc=0x000002cd0f32135c method=java.lang.String.isLatin1()Z @ 10 c2
Event: 0.259 Thread 0x000002cd7ec7b6b0 DEOPT PACKING pc=0x000002cd0f32135c sp=0x000000d9eacfe780
Event: 0.259 Thread 0x000002cd7ec7b6b0 DEOPT UNPACKING pc=0x000002cd077c23a3 sp=0x000000d9eacfe710 mode 2
Event: 0.259 Thread 0x000002cd7ec7b6b0 Uncommon trap: trap_request=0xffffff45 fr.pc=0x000002cd0f3112f8 relative=0x0000000000000078
Event: 0.259 Thread 0x000002cd7ec7b6b0 Uncommon trap: reason=unstable_if action=reinterpret pc=0x000002cd0f3112f8 method=java.lang.String.isLatin1()Z @ 10 c2
Event: 0.259 Thread 0x000002cd7ec7b6b0 DEOPT PACKING pc=0x000002cd0f3112f8 sp=0x000000d9eacff170
Event: 0.259 Thread 0x000002cd7ec7b6b0 DEOPT UNPACKING pc=0x000002cd077c23a3 sp=0x000000d9eacff0b0 mode 2
Event: 0.341 Thread 0x000002cd233b2870 Uncommon trap: trap_request=0xffffff45 fr.pc=0x000002cd0f323fe4 relative=0x0000000000000064
Event: 0.341 Thread 0x000002cd233b2870 Uncommon trap: reason=unstable_if action=reinterpret pc=0x000002cd0f323fe4 method=java.io.WinNTFileSystem.isSlash(C)Z @ 9 c2
Event: 0.341 Thread 0x000002cd233b2870 DEOPT PACKING pc=0x000002cd0f323fe4 sp=0x000000d9ec3fd280
Event: 0.341 Thread 0x000002cd233b2870 DEOPT UNPACKING pc=0x000002cd077c23a3 sp=0x000000d9ec3fd208 mode 2
Event: 0.345 Thread 0x000002cd233b2870 Uncommon trap: trap_request=0xffffff45 fr.pc=0x000002cd0f328940 relative=0x0000000000000040
Event: 0.345 Thread 0x000002cd233b2870 Uncommon trap: reason=unstable_if action=reinterpret pc=0x000002cd0f328940 method=sun.nio.fs.WindowsPathParser.isSlash(C)Z @ 9 c2
Event: 0.345 Thread 0x000002cd233b2870 DEOPT PACKING pc=0x000002cd0f328940 sp=0x000000d9ec3fd3f0
Event: 0.345 Thread 0x000002cd233b2870 DEOPT UNPACKING pc=0x000002cd077c23a3 sp=0x000000d9ec3fd378 mode 2

Classes unloaded (0 events):
No events

Classes redefined (0 events):
No events

Internal exceptions (20 events):
Event: 0.262 Thread 0x000002cd233b34e0 Exception <a 'java/lang/NoSuchMethodError'{0x00000007104ed870}: 'java.lang.Object java.lang.invoke.DirectMethodHandle$Holder.invokeStaticInit(java.lang.Object)'> (0x00000007104ed870) 
thrown [t:\workspace\open\src\hotspot\share\interpreter\linkResolver.cpp, line 766]
Event: 0.267 Thread 0x000002cd233b34e0 Exception <a 'java/lang/NoSuchMethodError'{0x00000007104fb558}: 'void java.lang.invoke.DirectMethodHandle$Holder.invokeStatic(java.lang.Object, java.lang.Object)'> (0x00000007104fb558) 
thrown [t:\workspace\open\src\hotspot\share\interpreter\linkResolver.cpp, line 766]
Event: 0.314 Thread 0x000002cd233b2870 Exception <a 'java/lang/NoSuchMethodError'{0x000000071029f488}: 'void java.lang.invoke.DirectMethodHandle$Holder.invokeSpecial(java.lang.Object, java.lang.Object, java.lang.Object)'> (0x000000071029f488) 
thrown [t:\workspace\open\src\hotspot\share\interpreter\linkResolver.cpp, line 766]
Event: 0.316 Thread 0x000002cd233b2870 Exception <a 'java/lang/NoSuchMethodError'{0x00000007102b2220}: 'java.lang.Object java.lang.invoke.DirectMethodHandle$Holder.invokeStatic(java.lang.Object, java.lang.Object, int)'> (0x00000007102b2220) 
thrown [t:\workspace\open\src\hotspot\share\interpreter\linkResolver.cpp, line 766]
Event: 0.318 Thread 0x000002cd233b2870 Exception <a 'java/lang/NoSuchMethodError'{0x00000007102be0c8}: 'void java.lang.invoke.DelegatingMethodHandle$Holder.delegate(java.lang.Object, java.lang.Object, int, java.lang.Object)'> (0x00000007102be0c8) 
thrown [t:\workspace\open\src\hotspot\share\interpreter\linkResolver.cpp, line 766]
Event: 0.318 Thread 0x000002cd233b2870 Exception <a 'java/lang/NoSuchMethodError'{0x00000007102c2100}: 'int java.lang.invoke.DirectMethodHandle$Holder.invokeSpecial(java.lang.Object, java.lang.Object, java.lang.Object)'> (0x00000007102c2100) 
thrown [t:\workspace\open\src\hotspot\share\interpreter\linkResolver.cpp, line 766]
Event: 0.346 Thread 0x000002cd233b2870 Exception <a 'sun/nio/fs/WindowsException'{0x00000007103277d0}> (0x00000007103277d0) 
thrown [t:\workspace\open\src\hotspot\share\prims\jni.cpp, line 516]
Event: 0.346 Thread 0x000002cd233b2870 Exception <a 'sun/nio/fs/WindowsException'{0x0000000710327d18}> (0x0000000710327d18) 
thrown [t:\workspace\open\src\hotspot\share\prims\jni.cpp, line 516]
Event: 0.356 Thread 0x000002cd233b2870 Exception <a 'sun/nio/fs/WindowsException'{0x00000007103440f0}> (0x00000007103440f0) 
thrown [t:\workspace\open\src\hotspot\share\prims\jni.cpp, line 516]
Event: 0.356 Thread 0x000002cd233b2870 Exception <a 'sun/nio/fs/WindowsException'{0x0000000710344450}> (0x0000000710344450) 
thrown [t:\workspace\open\src\hotspot\share\prims\jni.cpp, line 516]
Event: 0.366 Thread 0x000002cd233b2870 Exception <a 'java/lang/NoSuchMethodError'{0x000000071038d588}: 'int java.lang.invoke.DirectMethodHandle$Holder.invokeStaticInit(java.lang.Object, java.lang.Object, int, long)'> (0x000000071038d588) 
thrown [t:\workspace\open\src\hotspot\share\interpreter\linkResolver.cpp, line 766]
Event: 0.367 Thread 0x000002cd233b2870 Exception <a 'java/lang/NoSuchMethodError'{0x0000000710392e50}: 'java.lang.Object java.lang.invoke.DirectMethodHandle$Holder.newInvokeSpecial(java.lang.Object, java.lang.Object, int)'> (0x0000000710392e50) 
thrown [t:\workspace\open\src\hotspot\share\interpreter\linkResolver.cpp, line 766]
Event: 0.369 Thread 0x000002cd233b2870 Exception <a 'java/lang/NoSuchMethodError'{0x00000007103a1ca8}: 'int java.lang.invoke.DirectMethodHandle$Holder.invokeStaticInit(java.lang.Object, java.lang.Object, long, long)'> (0x00000007103a1ca8) 
thrown [t:\workspace\open\src\hotspot\share\interpreter\linkResolver.cpp, line 766]
Event: 0.370 Thread 0x000002cd233b2870 Exception <a 'java/lang/NoSuchMethodError'{0x00000007103a7db8}: 'java.lang.Object java.lang.invoke.DirectMethodHandle$Holder.newInvokeSpecial(java.lang.Object, java.lang.Object, long)'> (0x00000007103a7db8) 
thrown [t:\workspace\open\src\hotspot\share\interpreter\linkResolver.cpp, line 766]
Event: 0.370 Thread 0x000002cd233b2870 Exception <a 'java/lang/NoSuchMethodError'{0x00000007103ac0a8}: 'java.lang.Object java.lang.invoke.Invokers$Holder.linkToTargetMethod(java.lang.Object, long, java.lang.Object)'> (0x00000007103ac0a8) 
thrown [t:\workspace\open\src\hotspot\share\interpreter\linkResolver.cpp, line 766]
Event: 0.372 Thread 0x000002cd233b2870 Exception <a 'java/lang/NoSuchMethodError'{0x00000007103b37c0}: 'int java.lang.invoke.DirectMethodHandle$Holder.invokeStaticInit(java.lang.Object, java.lang.Object, java.lang.Object, long)'> (0x00000007103b37c0) 
thrown [t:\workspace\open\src\hotspot\share\interpreter\linkResolver.cpp, line 766]
Event: 0.440 Thread 0x000002cd233b2870 Exception <a 'sun/nio/fs/WindowsException'{0x000000071007bf48}> (0x000000071007bf48) 
thrown [t:\workspace\open\src\hotspot\share\prims\jni.cpp, line 516]
Event: 0.440 Thread 0x000002cd233b2870 Exception <a 'sun/nio/fs/WindowsException'{0x000000071007c2d8}> (0x000000071007c2d8) 
thrown [t:\workspace\open\src\hotspot\share\prims\jni.cpp, line 516]
Event: 0.775 Thread 0x000002cd233b2870 Exception <a 'sun/nio/fs/WindowsException'{0x00000007100cd4a8}> (0x00000007100cd4a8) 
thrown [t:\workspace\open\src\hotspot\share\prims\jni.cpp, line 516]
Event: 0.775 Thread 0x000002cd233b2870 Exception <a 'sun/nio/fs/WindowsException'{0x00000007100cd820}> (0x00000007100cd820) 
thrown [t:\workspace\open\src\hotspot\share\prims\jni.cpp, line 516]

VM Operations (8 events):
Event: 0.140 Executing VM operation: HandshakeAllThreads
Event: 0.140 Executing VM operation: HandshakeAllThreads done
Event: 0.261 Executing VM operation: HandshakeAllThreads
Event: 0.261 Executing VM operation: HandshakeAllThreads done
Event: 0.316 Executing VM operation: HandshakeAllThreads
Event: 0.316 Executing VM operation: HandshakeAllThreads done
Event: 0.341 Executing VM operation: HandshakeAllThreads
Event: 0.341 Executing VM operation: HandshakeAllThreads done

Events (20 events):
Event: 0.365 loading class java/util/function/LongPredicate
Event: 0.365 loading class java/util/function/LongPredicate done
Event: 0.367 loading class jdk/internal/access/foreign/MemorySegmentProxy
Event: 0.368 loading class jdk/internal/access/foreign/MemorySegmentProxy done
Event: 0.374 loading class java/nio/InvalidMarkException
Event: 0.374 loading class java/nio/InvalidMarkException done
Event: 0.374 loading class java/nio/BufferUnderflowException
Event: 0.374 loading class java/nio/BufferUnderflowException done
Event: 0.375 loading class java/lang/IndexOutOfBoundsException
Event: 0.375 loading class java/lang/IndexOutOfBoundsException done
Event: 0.740 Thread 0x000002cd23142af0 Thread exited: 0x000002cd23142af0
Event: 0.759 loading class sun/net/ProgressMonitor
Event: 0.760 loading class sun/net/ProgressMonitor done
Event: 0.760 loading class sun/net/DefaultProgressMeteringPolicy
Event: 0.760 loading class sun/net/ProgressMeteringPolicy
Event: 0.760 loading class sun/net/ProgressMeteringPolicy done
Event: 0.760 loading class sun/net/DefaultProgressMeteringPolicy done
Event: 0.779 Loaded shared library C:\Users\Matt\AppData\Local\Temp\lwjglMatt\3.3.1-build-7\lwjgl_stb.dll
Event: 0.780 loading class jdk/internal/misc/ScopedMemoryAccess$Scope
Event: 0.780 loading class jdk/internal/misc/ScopedMemoryAccess$Scope done


Dynamic libraries:
0x00007ff63fd90000 - 0x00007ff63fd9e000 	C:\Java\jdk-17.0.2\bin\java.exe
0x00007ffe23db0000 - 0x00007ffe23fa7000 	C:\Windows\SYSTEM32\ntdll.dll
0x00007ffe235e0000 - 0x00007ffe2369d000 	C:\Windows\System32\KERNEL32.DLL
0x00007ffe215d0000 - 0x00007ffe2189d000 	C:\Windows\System32\KERNELBASE.dll
0x00007ffe07380000 - 0x00007ffe07398000 	C:\Java\jdk-17.0.2\bin\jli.dll
0x00007ffe214d0000 - 0x00007ffe215d0000 	C:\Windows\System32\ucrtbase.dll
0x00007ffdfd1c0000 - 0x00007ffdfd1da000 	C:\Java\jdk-17.0.2\bin\VCRUNTIME140.dll
0x00007ffe23bd0000 - 0x00007ffe23d70000 	C:\Windows\System32\USER32.dll
0x00007ffe21a60000 - 0x00007ffe21a82000 	C:\Windows\System32\win32u.dll
0x00007ffe0c4c0000 - 0x00007ffe0c75a000 	C:\Windows\WinSxS\amd64_microsoft.windows.common-controls_6595b64144ccf1df_6.0.19041.1110_none_60b5254171f9507e\COMCTL32.dll
0x00007ffe22700000 - 0x00007ffe2272a000 	C:\Windows\System32\GDI32.dll
0x00007ffe218a0000 - 0x00007ffe219ab000 	C:\Windows\System32\gdi32full.dll
0x00007ffe22dd0000 - 0x00007ffe22e6e000 	C:\Windows\System32\msvcrt.dll
0x00007ffe21cd0000 - 0x00007ffe21d6d000 	C:\Windows\System32\msvcp_win.dll
0x00007ffe21e70000 - 0x00007ffe21ea0000 	C:\Windows\System32\IMM32.DLL
0x00007ffe0b070000 - 0x00007ffe0b07c000 	C:\Java\jdk-17.0.2\bin\vcruntime140_1.dll
0x00007ffde3480000 - 0x00007ffde350d000 	C:\Java\jdk-17.0.2\bin\msvcp140.dll
0x00007ffda5c10000 - 0x00007ffda67d1000 	C:\Java\jdk-17.0.2\bin\server\jvm.dll
0x00007ffe23ac0000 - 0x00007ffe23b6e000 	C:\Windows\System32\ADVAPI32.dll
0x00007ffe22740000 - 0x00007ffe227dc000 	C:\Windows\System32\sechost.dll
0x00007ffe22e70000 - 0x00007ffe22f95000 	C:\Windows\System32\RPCRT4.dll
0x00007ffe23150000 - 0x00007ffe23158000 	C:\Windows\System32\PSAPI.DLL
0x00007ffe15a10000 - 0x00007ffe15a19000 	C:\Windows\SYSTEM32\WSOCK32.dll
0x00007ffe0c810000 - 0x00007ffe0c837000 	C:\Windows\SYSTEM32\WINMM.dll
0x00007ffe1ab60000 - 0x00007ffe1ab6a000 	C:\Windows\SYSTEM32\VERSION.dll
0x00007ffe22fa0000 - 0x00007ffe2300b000 	C:\Windows\System32\WS2_32.dll
0x00007ffe1f2d0000 - 0x00007ffe1f2e2000 	C:\Windows\SYSTEM32\kernel.appcore.dll
0x00007ffe07ac0000 - 0x00007ffe07aca000 	C:\Java\jdk-17.0.2\bin\jimage.dll
0x00007ffe19250000 - 0x00007ffe19434000 	C:\Windows\SYSTEM32\DBGHELP.DLL
0x00007ffe18d70000 - 0x00007ffe18d9c000 	C:\Windows\SYSTEM32\dbgcore.DLL
0x00007ffe21c40000 - 0x00007ffe21cc2000 	C:\Windows\System32\bcryptPrimitives.dll
0x00007ffe059b0000 - 0x00007ffe059be000 	C:\Java\jdk-17.0.2\bin\instrument.dll
0x00007ffdfce80000 - 0x00007ffdfcea5000 	C:\Java\jdk-17.0.2\bin\java.dll
0x00007ffdd8c20000 - 0x00007ffdd8cf6000 	C:\Java\jdk-17.0.2\bin\jsvml.dll
0x00007ffe21fb0000 - 0x00007ffe226f4000 	C:\Windows\System32\SHELL32.dll
0x00007ffe1f5b0000 - 0x00007ffe1fd44000 	C:\Windows\SYSTEM32\windows.storage.dll
0x00007ffe23160000 - 0x00007ffe234b4000 	C:\Windows\System32\combase.dll
0x00007ffe20e50000 - 0x00007ffe20e7c000 	C:\Windows\SYSTEM32\Wldp.dll
0x00007ffe230a0000 - 0x00007ffe2314d000 	C:\Windows\System32\SHCORE.dll
0x00007ffe21f50000 - 0x00007ffe21fa5000 	C:\Windows\System32\shlwapi.dll
0x00007ffe21410000 - 0x00007ffe2142f000 	C:\Windows\SYSTEM32\profapi.dll
0x00007ffdf3430000 - 0x00007ffdf3448000 	C:\Java\jdk-17.0.2\bin\zip.dll
0x00007ffdf98f0000 - 0x00007ffdf9909000 	C:\java\jdk-17.0.2\bin\net.dll
0x00007ffe1a200000 - 0x00007ffe1a30a000 	C:\Windows\SYSTEM32\WINHTTP.dll
0x00007ffe20c30000 - 0x00007ffe20c9a000 	C:\Windows\system32\mswsock.dll
0x00007ffdf45c0000 - 0x00007ffdf45d6000 	C:\java\jdk-17.0.2\bin\nio.dll
0x00007ffdef000000 - 0x00007ffdef01a000 	C:\Users\Matt\AppData\Local\JetBrains\Toolbox\apps\IDEA-C\ch-0\221.5591.52\bin\breakgen64.dll
0x00007ffdd7c10000 - 0x00007ffdd7c85000 	C:\Users\Matt\AppData\Local\Temp\lwjglMatt\3.3.1-build-7\lwjgl.dll
0x00007ffdd7ba0000 - 0x00007ffdd7c01000 	C:\Users\Matt\AppData\Local\Temp\lwjglMatt\3.3.1-build-7\glfw.dll
0x00007ffdd6740000 - 0x00007ffdd6785000 	C:\Windows\SYSTEM32\dinput8.dll
0x00007ffe16ca0000 - 0x00007ffe16cb1000 	C:\Windows\SYSTEM32\xinput1_4.dll
0x00007ffe21bf0000 - 0x00007ffe21c3e000 	C:\Windows\System32\cfgmgr32.dll
0x00007ffe21280000 - 0x00007ffe212ac000 	C:\Windows\SYSTEM32\DEVOBJ.dll
0x00007ffe1f2a0000 - 0x00007ffe1f2cf000 	C:\Windows\SYSTEM32\dwmapi.dll
0x00007ffdfb160000 - 0x00007ffdfb2b2000 	C:\Windows\SYSTEM32\inputhost.dll
0x00007ffe227e0000 - 0x00007ffe228ad000 	C:\Windows\System32\OLEAUT32.dll
0x00007ffe1cee0000 - 0x00007ffe1cfd6000 	C:\Windows\SYSTEM32\PROPSYS.dll
0x00007ffe1dad0000 - 0x00007ffe1dc24000 	C:\Windows\SYSTEM32\wintypes.dll
0x00007ffe1eac0000 - 0x00007ffe1ebb2000 	C:\Windows\SYSTEM32\CoreMessaging.dll
0x00007ffe1e760000 - 0x00007ffe1eabe000 	C:\Windows\SYSTEM32\CoreUIComponents.dll
0x00007ffe20190000 - 0x00007ffe201c3000 	C:\Windows\SYSTEM32\ntmarta.dll
0x00007ffe1eed0000 - 0x00007ffe1ef6e000 	C:\Windows\system32\uxtheme.dll
0x00007ffe234c0000 - 0x00007ffe235d5000 	C:\Windows\System32\MSCTF.dll
0x00007ffdc6a20000 - 0x00007ffdc6c79000 	C:\Users\Matt\AppData\Local\Temp\lwjglMatt\3.3.1-build-7\jemalloc.dll
0x00007ffde0940000 - 0x00007ffde0a66000 	C:\Windows\SYSTEM32\opengl32.dll
0x00007ffde1f00000 - 0x00007ffde1f2c000 	C:\Windows\SYSTEM32\GLU32.dll
0x00007ffe21ea0000 - 0x00007ffe21f49000 	C:\Windows\System32\clbcatq.dll
0x00007ffd8af90000 - 0x00007ffd8d929000 	C:\Windows\System32\DriverStore\FileRepository\nv_dispi.inf_amd64_1c83a5d7cffd7bff\nvoglv64.dll
0x00007ffe22940000 - 0x00007ffe22daf000 	C:\Windows\System32\SETUPAPI.dll
0x00007ffe21d70000 - 0x00007ffe21d97000 	C:\Windows\System32\bcrypt.dll
0x00007ffe237e0000 - 0x00007ffe2390a000 	C:\Windows\System32\ole32.dll
0x00007ffe1ce10000 - 0x00007ffe1ce24000 	C:\Windows\SYSTEM32\WTSAPI32.dll
0x00007ffe210c0000 - 0x00007ffe210d2000 	C:\Windows\SYSTEM32\msasn1.dll
0x00007ffe1ab20000 - 0x00007ffe1ab51000 	C:\Windows\SYSTEM32\cryptnet.dll
0x00007ffe21a90000 - 0x00007ffe21be6000 	C:\Windows\System32\CRYPT32.dll
0x00007ffe20dc0000 - 0x00007ffe20dcc000 	C:\Windows\SYSTEM32\cryptbase.dll
0x00007ffe21da0000 - 0x00007ffe21e07000 	C:\Windows\System32\WINTRUST.dll
0x00007ffe1c200000 - 0x00007ffe1c23b000 	C:\Windows\SYSTEM32\dxcore.dll
0x00007ffe20a60000 - 0x00007ffe20aab000 	C:\Windows\SYSTEM32\powrprof.dll
0x00007ffe208d0000 - 0x00007ffe208e2000 	C:\Windows\SYSTEM32\UMPDC.dll
0x00007ffe20200000 - 0x00007ffe2025a000 	C:\Windows\SYSTEM32\WINSTA.dll
0x00007ffdfc090000 - 0x00007ffdfc189000 	C:\Windows\SYSTEM32\textinputframework.dll
0x00007ffdd6080000 - 0x00007ffdd6101000 	C:\Users\Matt\AppData\Local\Temp\lwjglMatt\3.3.1-build-7\lwjgl_stb.dll

dbghelp: loaded successfully - version: 4.0.5 - missing functions: none
symbol engine: initialized successfully - sym options: 0x614 - pdb path: .;C:\Java\jdk-17.0.2\bin;C:\Windows\SYSTEM32;C:\Windows\WinSxS\amd64_microsoft.windows.common-controls_6595b64144ccf1df_6.0.19041.1110_none_60b5254171f9507e;C:\Java\jdk-17.0.2\bin\server;C:\Users\Matt\AppData\Local\JetBrains\Toolbox\apps\IDEA-C\ch-0\221.5591.52\bin;C:\Users\Matt\AppData\Local\Temp\lwjglMatt\3.3.1-build-7;C:\Windows\System32\DriverStore\FileRepository\nv_dispi.inf_amd64_1c83a5d7cffd7bff

VM Arguments:
jvm_args: -javaagent:C:\Users\Matt\AppData\Local\JetBrains\Toolbox\apps\IDEA-C\ch-0\221.5591.52\lib\idea_rt.jar=1313:C:\Users\Matt\AppData\Local\JetBrains\Toolbox\apps\IDEA-C\ch-0\221.5591.52\bin -Dfile.encoding=UTF-8 
java_command: main.Main
java_class_path (initial): C:\Users\Matt\IdeaProjects\PVPicross\target\classes;C:\Users\Matt\IdeaProjects\PVPicross\lib\slick-util3.jar;C:\Users\Matt\.m2\repository\org\lwjgl\lwjgl\3.3.1\lwjgl-3.3.1.jar;C:\Users\Matt\.m2\repository\org\lwjgl\lwjgl-assimp\3.3.1\lwjgl-assimp-3.3.1.jar;C:\Users\Matt\.m2\repository\org\lwjgl\lwjgl-bgfx\3.3.1\lwjgl-bgfx-3.3.1.jar;C:\Users\Matt\.m2\repository\org\lwjgl\lwjgl-cuda\3.3.1\lwjgl-cuda-3.3.1.jar;C:\Users\Matt\.m2\repository\org\lwjgl\lwjgl-egl\3.3.1\lwjgl-egl-3.3.1.jar;C:\Users\Matt\.m2\repository\org\lwjgl\lwjgl-glfw\3.3.1\lwjgl-glfw-3.3.1.jar;C:\Users\Matt\.m2\repository\org\lwjgl\lwjgl-jawt\3.3.1\lwjgl-jawt-3.3.1.jar;C:\Users\Matt\.m2\repository\org\lwjgl\lwjgl-jemalloc\3.3.1\lwjgl-jemalloc-3.3.1.jar;C:\Users\Matt\.m2\repository\org\lwjgl\lwjgl-libdivide\3.3.1\lwjgl-libdivide-3.3.1.jar;C:\Users\Matt\.m2\repository\org\lwjgl\lwjgl-llvm\3.3.1\lwjgl-llvm-3.3.1.jar;C:\Users\Matt\.m2\repository\org\lwjgl\lwjgl-lmdb\3.3.1\lwjgl-lmdb-3.3.1.jar;C:\Users\Matt\.m2\repository\org\lwjgl\lwjgl-lz4\3.3.1\lwjgl-lz4-3.3.1.jar;C:\Users\Matt\.m2\repository\org\lwjgl\lwjgl-meow\3.3.1\lwjgl-meow-3.3.1.jar;C:\Users\Matt\.m2\repository\org\lwjgl\lwjgl-meshoptimizer\3.3.1\lwjgl-meshoptimizer-3.3.1.jar;C:\Users\Matt\.m2\repository\org\lwjgl\lwjgl-nanovg\3.3.1\lwjgl-nanovg-3.3.1.jar;C:\Users\Matt\.m2\repository\org\lwjgl\lwjgl-nfd\3.3.1\lwjgl-nfd-3.3.1.jar;C:\Users\Matt\.m2\repository\org\lwjgl\lwjgl-nuklear\3.3.1\lwjgl-nuklear-3.3.1.jar;C:\Users\Matt\.m2\repository\org\lwjgl\lwjgl-odbc\3.3.1\lwjgl-odbc-3.3.1.jar;C:\Users\Matt\.m2\repository\org\lwjgl\lwjgl-openal\3.3.1\lwjgl-openal-3.3.1.jar;C:\Users\Matt\.m2\repository\org\lwjgl\lwjgl-opencl\3.3.1\lwjgl-opencl-3.3.1.jar;C:\Users\Matt\.m2\repository\org\lwjgl\lwjgl-opengl\3.3.1\lwjgl-opengl-3.3.1.jar;C:\Users\Matt\.m2\repository\org\lwjgl\lwjgl-opengles\3.3.1\lwjgl-opengles-3.3.1.jar;C:\Users\Matt\.m2\repository\org\lwjgl\lwjgl-openvr\3.3.1\lwjgl-openvr-3.3.1.jar;C:\Users\Matt\.m2\repository\org\
Launcher Type: SUN_STANDARD

[Global flags]
     intx CICompilerCount                          = 12                                        {product} {ergonomic}
     uint ConcGCThreads                            = 3                                         {product} {ergonomic}
     uint G1ConcRefinementThreads                  = 13                                        {product} {ergonomic}
   size_t G1HeapRegionSize                         = 2097152                                   {product} {ergonomic}
    uintx GCDrainStackTargetSize                   = 64                                        {product} {ergonomic}
   size_t InitialHeapSize                          = 268435456                                 {product} {ergonomic}
   size_t MarkStackSize                            = 4194304                                   {product} {ergonomic}
   size_t MaxHeapSize                              = 4282384384                                {product} {ergonomic}
   size_t MaxNewSize                               = 2569011200                                {product} {ergonomic}
   size_t MinHeapDeltaBytes                        = 2097152                                   {product} {ergonomic}
   size_t MinHeapSize                              = 8388608                                   {product} {ergonomic}
    uintx NonNMethodCodeHeapSize                   = 7602480                                {pd product} {ergonomic}
    uintx NonProfiledCodeHeapSize                  = 122027880                              {pd product} {ergonomic}
    uintx ProfiledCodeHeapSize                     = 122027880                              {pd product} {ergonomic}
    uintx ReservedCodeCacheSize                    = 251658240                              {pd product} {ergonomic}
     bool SegmentedCodeCache                       = true                                      {product} {ergonomic}
   size_t SoftMaxHeapSize                          = 4282384384                             {manageable} {ergonomic}
     bool UseCompressedClassPointers               = true                           {product lp64_product} {ergonomic}
     bool UseCompressedOops                        = true                           {product lp64_product} {ergonomic}
     bool UseG1GC                                  = true                                      {product} {ergonomic}
     bool UseLargePagesIndividualAllocation        = false                                  {pd product} {ergonomic}

Logging:
Log output configuration:
 #0: stdout all=warning uptime,level,tags
 #1: stderr all=off uptime,level,tags

Environment Variables:
JAVA_HOME=C:\java\jdk-17.0.2\bin
PATH=F:\Program Files\Plastic SCM\server;F:\Program Files\Plastic SCM\client;C:\Program Files (x86)\NVIDIA Corporation\PhysX\Common;C:\Program Files\ImageMagick-7.1.0-Q16-HDRI;C:\Program Files\OpenJDK\jdk-8.0.272.10-hotspot\bin;C:\Python39\Scripts\;C:\Python39\;C:\Program Files (x86)\Common Files\Oracle\Java\javapath;C:\Program Files\Oculus\Support\oculus-runtime;C:\Windows\system32;C:\Windows;C:\Windows\System32\Wbem;C:\Windows\System32\WindowsPowerShell\v1.0\;C:\Windows\System32\OpenSSH\;C:\Program Files\nodejs\;C:\ProgramData\chocolatey\bin;C:\Program Files\PuTTY\;C:\Program Files\Microsoft SQL Server\Client SDK\ODBC\110\Tools\Binn\;C:\Program Files (x86)\Microsoft SQL Server\120\Tools\Binn\;C:\Program Files\Microsoft SQL Server\120\Tools\Binn\;C:\Program Files\Microsoft SQL Server\120\DTS\Binn\;C:\Program Files (x86)\Windows Kits\8.1\Windows Performance Toolkit\;C:\Program Files\Git\cmd;C:\Program Files\dotnet\;C:\Python39\Scripts\;C:\Python39\;C:\Program Files (x86)\Microsoft Visual Studio\2017\BuildTools\VC\Tools\MSVC\14.16.27023\bin\HostX86\x86;C:\Program Files (x86)\Microsoft Visual Studio\2017\BuildTools\Common7\IDE\CommonExtensions\Microsoft\TestWindow;C:\Program Files (x86)\Microsoft Visual Studio\2017\BuildTools\MSBuild\15.0\bin\Roslyn;C:\Program Files (x86)\Windows Kits\10\bin\10.0.17763.0\x86;C:\Program Files (x86)\Windows Kits\10\bin\x86;C:\Program Files (x86)\Microsoft Visual Studio\2017\BuildTools\\MSBuild\15.0\bin;C:\Windows\Microsoft.NET\Framework\v4.0.30319;C:\Program Files (x86)\Microsoft Visual Studio\2017\BuildTools\Common7\IDE\;C:\Program Files (x86)\Microsoft Visual Studio\2017\BuildTools\Common7\Tools\;C:\Program Files (x86)\NVIDIA Corporation\PhysX\Common;C:\java\jdk-17.0.2\bin;C:\Program Files\Oculus\Support\oculus-runtime;C:\Windows\system32;C:\Windows;C:\Windows\System32\Wbem;C:\Windows\System32\WindowsPowerShell\v1.0\;C:\Windows\System32\OpenSSH\;C:\Users\;C:\Users\Matt\AppData\Local\Progr
USERNAME=Matt
OS=Windows_NT
PROCESSOR_IDENTIFIER=AMD64 Family 23 Model 8 Stepping 2, AuthenticAMD



---------------  S Y S T E M  ---------------

OS:
 Windows 10 , 64 bit Build 19041 (10.0.19041.1741)
OS uptime: 2 days 16:18 hours
Hyper-V role detected

CPU: total 16 (initial active 16) (16 cores per cpu, 2 threads per core) family 23 model 8 stepping 2 microcode 0x0, cx8, cmov, fxsr, ht, mmx, 3dnowpref, sse, sse2, sse3, ssse3, sse4a, sse4.1, sse4.2, popcnt, lzcnt, tsc, tscinvbit, avx, avx2, aes, clmul, bmi1, bmi2, adx, sha, fma, vzeroupper, clflush, clflushopt, hv

Memory: 4k page, system-wide physical 16333M (5721M free)
TotalPageFile size 19149M (AvailPageFile size 2756M)
current process WorkingSet (physical memory assigned to process): 85M, peak: 85M
current process commit charge ("private bytes"): 414M, peak: 414M

vm_info: OpenJDK 64-Bit Server VM (17.0.2+8-86) for windows-amd64 JRE (17.0.2+8-86), built on Dec  7 2021 21:49:10 by "mach5one" with MS VC++ 16.8 / 16.9 (VS2019)

END.
